running egg_info
creating ../../../build/ucsd_robocar_path2_pkg/ucsd_robocar_path2_pkg.egg-info
writing ../../../build/ucsd_robocar_path2_pkg/ucsd_robocar_path2_pkg.egg-info/PKG-INFO
writing dependency_links to ../../../build/ucsd_robocar_path2_pkg/ucsd_robocar_path2_pkg.egg-info/dependency_links.txt
writing entry points to ../../../build/ucsd_robocar_path2_pkg/ucsd_robocar_path2_pkg.egg-info/entry_points.txt
writing requirements to ../../../build/ucsd_robocar_path2_pkg/ucsd_robocar_path2_pkg.egg-info/requires.txt
writing top-level names to ../../../build/ucsd_robocar_path2_pkg/ucsd_robocar_path2_pkg.egg-info/top_level.txt
writing manifest file '../../../build/ucsd_robocar_path2_pkg/ucsd_robocar_path2_pkg.egg-info/SOURCES.txt'
reading manifest file '../../../build/ucsd_robocar_path2_pkg/ucsd_robocar_path2_pkg.egg-info/SOURCES.txt'
writing manifest file '../../../build/ucsd_robocar_path2_pkg/ucsd_robocar_path2_pkg.egg-info/SOURCES.txt'
running build
running build_py
creating /home/projects/ros2_ws/build/ucsd_robocar_path2_pkg/build
creating /home/projects/ros2_ws/build/ucsd_robocar_path2_pkg/build/lib
creating /home/projects/ros2_ws/build/ucsd_robocar_path2_pkg/build/lib/ucsd_robocar_path2_pkg
copying ucsd_robocar_path2_pkg/__init__.py -> /home/projects/ros2_ws/build/ucsd_robocar_path2_pkg/build/lib/ucsd_robocar_path2_pkg
copying ucsd_robocar_path2_pkg/gps_path_provider_node.py -> /home/projects/ros2_ws/build/ucsd_robocar_path2_pkg/build/lib/ucsd_robocar_path2_pkg
copying ucsd_robocar_path2_pkg/gps_error_node.py -> /home/projects/ros2_ws/build/ucsd_robocar_path2_pkg/build/lib/ucsd_robocar_path2_pkg
copying ucsd_robocar_path2_pkg/curve_localizer_node.py -> /home/projects/ros2_ws/build/ucsd_robocar_path2_pkg/build/lib/ucsd_robocar_path2_pkg
copying ucsd_robocar_path2_pkg/test.py -> /home/projects/ros2_ws/build/ucsd_robocar_path2_pkg/build/lib/ucsd_robocar_path2_pkg
copying ucsd_robocar_path2_pkg/tube_follower_node.py -> /home/projects/ros2_ws/build/ucsd_robocar_path2_pkg/build/lib/ucsd_robocar_path2_pkg
copying ucsd_robocar_path2_pkg/path_provider_node.py -> /home/projects/ros2_ws/build/ucsd_robocar_path2_pkg/build/lib/ucsd_robocar_path2_pkg
creating /home/projects/ros2_ws/build/ucsd_robocar_path2_pkg/build/lib/ucsd_robocar_path2_pkg/path_submodule
copying ucsd_robocar_path2_pkg/path_submodule/__init__.py -> /home/projects/ros2_ws/build/ucsd_robocar_path2_pkg/build/lib/ucsd_robocar_path2_pkg/path_submodule
copying ucsd_robocar_path2_pkg/path_submodule/CurveLocalizer.py -> /home/projects/ros2_ws/build/ucsd_robocar_path2_pkg/build/lib/ucsd_robocar_path2_pkg/path_submodule
running install
running install_lib
creating /home/projects/ros2_ws/install/ucsd_robocar_path2_pkg/lib/python3.8/site-packages/ucsd_robocar_path2_pkg
copying /home/projects/ros2_ws/build/ucsd_robocar_path2_pkg/build/lib/ucsd_robocar_path2_pkg/__init__.py -> /home/projects/ros2_ws/install/ucsd_robocar_path2_pkg/lib/python3.8/site-packages/ucsd_robocar_path2_pkg
copying /home/projects/ros2_ws/build/ucsd_robocar_path2_pkg/build/lib/ucsd_robocar_path2_pkg/curve_localizer_node.py -> /home/projects/ros2_ws/install/ucsd_robocar_path2_pkg/lib/python3.8/site-packages/ucsd_robocar_path2_pkg
copying /home/projects/ros2_ws/build/ucsd_robocar_path2_pkg/build/lib/ucsd_robocar_path2_pkg/gps_path_provider_node.py -> /home/projects/ros2_ws/install/ucsd_robocar_path2_pkg/lib/python3.8/site-packages/ucsd_robocar_path2_pkg
copying /home/projects/ros2_ws/build/ucsd_robocar_path2_pkg/build/lib/ucsd_robocar_path2_pkg/test.py -> /home/projects/ros2_ws/install/ucsd_robocar_path2_pkg/lib/python3.8/site-packages/ucsd_robocar_path2_pkg
copying /home/projects/ros2_ws/build/ucsd_robocar_path2_pkg/build/lib/ucsd_robocar_path2_pkg/tube_follower_node.py -> /home/projects/ros2_ws/install/ucsd_robocar_path2_pkg/lib/python3.8/site-packages/ucsd_robocar_path2_pkg
creating /home/projects/ros2_ws/install/ucsd_robocar_path2_pkg/lib/python3.8/site-packages/ucsd_robocar_path2_pkg/path_submodule
copying /home/projects/ros2_ws/build/ucsd_robocar_path2_pkg/build/lib/ucsd_robocar_path2_pkg/path_submodule/__init__.py -> /home/projects/ros2_ws/install/ucsd_robocar_path2_pkg/lib/python3.8/site-packages/ucsd_robocar_path2_pkg/path_submodule
copying /home/projects/ros2_ws/build/ucsd_robocar_path2_pkg/build/lib/ucsd_robocar_path2_pkg/path_submodule/CurveLocalizer.py -> /home/projects/ros2_ws/install/ucsd_robocar_path2_pkg/lib/python3.8/site-packages/ucsd_robocar_path2_pkg/path_submodule
copying /home/projects/ros2_ws/build/ucsd_robocar_path2_pkg/build/lib/ucsd_robocar_path2_pkg/gps_error_node.py -> /home/projects/ros2_ws/install/ucsd_robocar_path2_pkg/lib/python3.8/site-packages/ucsd_robocar_path2_pkg
copying /home/projects/ros2_ws/build/ucsd_robocar_path2_pkg/build/lib/ucsd_robocar_path2_pkg/path_provider_node.py -> /home/projects/ros2_ws/install/ucsd_robocar_path2_pkg/lib/python3.8/site-packages/ucsd_robocar_path2_pkg
byte-compiling /home/projects/ros2_ws/install/ucsd_robocar_path2_pkg/lib/python3.8/site-packages/ucsd_robocar_path2_pkg/__init__.py to __init__.cpython-38.pyc
byte-compiling /home/projects/ros2_ws/install/ucsd_robocar_path2_pkg/lib/python3.8/site-packages/ucsd_robocar_path2_pkg/curve_localizer_node.py to curve_localizer_node.cpython-38.pyc
byte-compiling /home/projects/ros2_ws/install/ucsd_robocar_path2_pkg/lib/python3.8/site-packages/ucsd_robocar_path2_pkg/gps_path_provider_node.py to gps_path_provider_node.cpython-38.pyc
byte-compiling /home/projects/ros2_ws/install/ucsd_robocar_path2_pkg/lib/python3.8/site-packages/ucsd_robocar_path2_pkg/test.py to test.cpython-38.pyc
byte-compiling /home/projects/ros2_ws/install/ucsd_robocar_path2_pkg/lib/python3.8/site-packages/ucsd_robocar_path2_pkg/tube_follower_node.py to tube_follower_node.cpython-38.pyc
byte-compiling /home/projects/ros2_ws/install/ucsd_robocar_path2_pkg/lib/python3.8/site-packages/ucsd_robocar_path2_pkg/path_submodule/__init__.py to __init__.cpython-38.pyc
byte-compiling /home/projects/ros2_ws/install/ucsd_robocar_path2_pkg/lib/python3.8/site-packages/ucsd_robocar_path2_pkg/path_submodule/CurveLocalizer.py to CurveLocalizer.cpython-38.pyc
byte-compiling /home/projects/ros2_ws/install/ucsd_robocar_path2_pkg/lib/python3.8/site-packages/ucsd_robocar_path2_pkg/gps_error_node.py to gps_error_node.cpython-38.pyc
byte-compiling /home/projects/ros2_ws/install/ucsd_robocar_path2_pkg/lib/python3.8/site-packages/ucsd_robocar_path2_pkg/path_provider_node.py to path_provider_node.cpython-38.pyc
running install_data
creating /home/projects/ros2_ws/install/ucsd_robocar_path2_pkg/share/ament_index
creating /home/projects/ros2_ws/install/ucsd_robocar_path2_pkg/share/ament_index/resource_index
creating /home/projects/ros2_ws/install/ucsd_robocar_path2_pkg/share/ament_index/resource_index/packages
copying resource/ucsd_robocar_path2_pkg -> /home/projects/ros2_ws/install/ucsd_robocar_path2_pkg/share/ament_index/resource_index/packages
copying package.xml -> /home/projects/ros2_ws/install/ucsd_robocar_path2_pkg/share/ucsd_robocar_path2_pkg
creating /home/projects/ros2_ws/install/ucsd_robocar_path2_pkg/share/ucsd_robocar_path2_pkg/launch
copying launch/path_provider.launch.py -> /home/projects/ros2_ws/install/ucsd_robocar_path2_pkg/share/ucsd_robocar_path2_pkg/launch
copying launch/gps_nav.launch.py -> /home/projects/ros2_ws/install/ucsd_robocar_path2_pkg/share/ucsd_robocar_path2_pkg/launch
copying launch/curve_localizer_launch.launch.py -> /home/projects/ros2_ws/install/ucsd_robocar_path2_pkg/share/ucsd_robocar_path2_pkg/launch
copying launch/f1_tenth_sim_launch.launch.py -> /home/projects/ros2_ws/install/ucsd_robocar_path2_pkg/share/ucsd_robocar_path2_pkg/launch
copying launch/tube_follower_launch.launch.py -> /home/projects/ros2_ws/install/ucsd_robocar_path2_pkg/share/ucsd_robocar_path2_pkg/launch
creating /home/projects/ros2_ws/install/ucsd_robocar_path2_pkg/share/ucsd_robocar_path2_pkg/param
copying param/path_provider.yaml -> /home/projects/ros2_ws/install/ucsd_robocar_path2_pkg/share/ucsd_robocar_path2_pkg/param
creating /home/projects/ros2_ws/install/ucsd_robocar_path2_pkg/share/ucsd_robocar_path2_pkg/paths
copying paths/path_from_trajectory.csv -> /home/projects/ros2_ws/install/ucsd_robocar_path2_pkg/share/ucsd_robocar_path2_pkg/paths
copying paths/path_from_poses.csv -> /home/projects/ros2_ws/install/ucsd_robocar_path2_pkg/share/ucsd_robocar_path2_pkg/paths
copying paths/pool_donut_poses.csv -> /home/projects/ros2_ws/install/ucsd_robocar_path2_pkg/share/ucsd_robocar_path2_pkg/paths
copying paths/pool_donut_trajectory.csv -> /home/projects/ros2_ws/install/ucsd_robocar_path2_pkg/share/ucsd_robocar_path2_pkg/paths
creating /home/projects/ros2_ws/install/ucsd_robocar_path2_pkg/share/ucsd_robocar_path2_pkg/config
copying config/tube_follower.yaml -> /home/projects/ros2_ws/install/ucsd_robocar_path2_pkg/share/ucsd_robocar_path2_pkg/config
copying config/gps_path_provider.yaml -> /home/projects/ros2_ws/install/ucsd_robocar_path2_pkg/share/ucsd_robocar_path2_pkg/config
copying config/f1_tenth_sim.yaml -> /home/projects/ros2_ws/install/ucsd_robocar_path2_pkg/share/ucsd_robocar_path2_pkg/config
copying config/curve_localizer.yaml -> /home/projects/ros2_ws/install/ucsd_robocar_path2_pkg/share/ucsd_robocar_path2_pkg/config
creating /home/projects/ros2_ws/install/ucsd_robocar_path2_pkg/share/ucsd_robocar_path2_pkg/path_submodule
running install_egg_info
Copying ../../../build/ucsd_robocar_path2_pkg/ucsd_robocar_path2_pkg.egg-info to /home/projects/ros2_ws/install/ucsd_robocar_path2_pkg/lib/python3.8/site-packages/ucsd_robocar_path2_pkg-0.0.0-py3.8.egg-info
running install_scripts
Installing curve_localizer_node script to /home/projects/ros2_ws/install/ucsd_robocar_path2_pkg/lib/ucsd_robocar_path2_pkg
Installing gps_error_node script to /home/projects/ros2_ws/install/ucsd_robocar_path2_pkg/lib/ucsd_robocar_path2_pkg
Installing gps_path_provider_node script to /home/projects/ros2_ws/install/ucsd_robocar_path2_pkg/lib/ucsd_robocar_path2_pkg
Installing path_provider_node script to /home/projects/ros2_ws/install/ucsd_robocar_path2_pkg/lib/ucsd_robocar_path2_pkg
Installing tube_follower_node script to /home/projects/ros2_ws/install/ucsd_robocar_path2_pkg/lib/ucsd_robocar_path2_pkg
writing list of installed files to '/home/projects/ros2_ws/build/ucsd_robocar_path2_pkg/install.log'
