[0.765s] DEBUG:colcon:Command line arguments: ['/usr/bin/colcon', 'build']
[0.765s] DEBUG:colcon:Parsed command line arguments: Namespace(allow_overriding=[], ament_cmake_args=None, base_paths=['.'], build_base='build', catkin_cmake_args=None, catkin_skip_building_tests=False, cmake_args=None, cmake_clean_cache=False, cmake_clean_first=False, cmake_force_configure=False, cmake_target=None, cmake_target_skip_unavailable=False, continue_on_error=False, event_handlers=None, executor='parallel', ignore_user_meta=False, install_base='install', log_base=None, log_level=None, main=<bound method BuildVerb.main of <colcon_core.verb.build.BuildVerb object at 0x7f882dd2e0>>, merge_install=False, metas=['./colcon.meta'], mixin=None, mixin_files=None, mixin_verb=('build',), packages_above=None, packages_above_and_dependencies=None, packages_above_depth=None, packages_end=None, packages_ignore=None, packages_ignore_regex=None, packages_select=None, packages_select_build_failed=False, packages_select_by_dep=None, packages_select_regex=None, packages_select_test_failures=False, packages_skip=None, packages_skip_build_finished=False, packages_skip_by_dep=None, packages_skip_regex=None, packages_skip_test_passed=False, packages_skip_up_to=None, packages_start=None, packages_up_to=None, packages_up_to_regex=None, parallel_workers=6, paths=None, symlink_install=False, test_result_base=None, verb_extension=<colcon_core.verb.build.BuildVerb object at 0x7f882dd2e0>, verb_name='build', verb_parser=<colcon_mixin.mixin.mixin_argument.MixinArgumentDecorator object at 0x7f882dd940>)
[0.787s] Level 1:colcon.colcon_core.package_discovery:discover_packages(colcon_meta) check parameters
[0.789s] INFO:colcon.colcon_metadata.package_discovery.colcon_meta:Using configuration from '/root/.colcon/metadata/default/Gazebo.meta'
[0.791s] INFO:colcon.colcon_metadata.package_discovery.colcon_meta:Using configuration from '/root/.colcon/metadata/default/fastrtps.meta'
[0.792s] Level 1:colcon.colcon_core.package_discovery:discover_packages(recursive) check parameters
[0.792s] Level 1:colcon.colcon_core.package_discovery:discover_packages(ignore) check parameters
[0.792s] Level 1:colcon.colcon_core.package_discovery:discover_packages(path) check parameters
[0.792s] Level 1:colcon.colcon_core.package_discovery:discover_packages(colcon_meta) discover
[0.793s] Level 1:colcon.colcon_core.package_discovery:discover_packages(recursive) discover
[0.793s] INFO:colcon.colcon_core.package_discovery:Crawling recursively for packages in '/home/projects/sensor2_ws/src/cameras/oakd'
[0.793s] Level 1:colcon.colcon_core.package_identification:_identify(.) by extensions ['ignore', 'ignore_ament_install']
[0.794s] Level 1:colcon.colcon_core.package_identification:_identify(.) by extension 'ignore'
[0.794s] Level 1:colcon.colcon_core.package_identification:_identify(.) by extension 'ignore_ament_install'
[0.794s] Level 1:colcon.colcon_core.package_identification:_identify(.) by extensions ['colcon_pkg']
[0.794s] Level 1:colcon.colcon_core.package_identification:_identify(.) by extension 'colcon_pkg'
[0.794s] Level 1:colcon.colcon_core.package_identification:_identify(.) by extensions ['colcon_meta']
[0.795s] Level 1:colcon.colcon_core.package_identification:_identify(.) by extension 'colcon_meta'
[0.795s] Level 1:colcon.colcon_core.package_identification:_identify(.) by extensions ['ros']
[0.795s] Level 1:colcon.colcon_core.package_identification:_identify(.) by extension 'ros'
[0.847s] Level 1:colcon.colcon_core.package_identification:_identify(.) by extensions ['cmake', 'python']
[0.848s] Level 1:colcon.colcon_core.package_identification:_identify(.) by extension 'cmake'
[0.848s] Level 1:colcon.colcon_core.package_identification:_identify(.) by extension 'python'
[0.848s] Level 1:colcon.colcon_core.package_identification:_identify(.) by extensions ['python_setup_py']
[0.848s] Level 1:colcon.colcon_core.package_identification:_identify(.) by extension 'python_setup_py'
[0.849s] Level 1:colcon.colcon_core.package_identification:_identify(build) by extensions ['ignore', 'ignore_ament_install']
[0.849s] Level 1:colcon.colcon_core.package_identification:_identify(build) by extension 'ignore'
[0.849s] Level 1:colcon.colcon_core.package_identification:_identify(build) ignored
[0.850s] Level 1:colcon.colcon_core.package_identification:_identify(install) by extensions ['ignore', 'ignore_ament_install']
[0.850s] Level 1:colcon.colcon_core.package_identification:_identify(install) by extension 'ignore'
[0.850s] Level 1:colcon.colcon_core.package_identification:_identify(install) ignored
[0.851s] Level 1:colcon.colcon_core.package_identification:_identify(log) by extensions ['ignore', 'ignore_ament_install']
[0.851s] Level 1:colcon.colcon_core.package_identification:_identify(log) by extension 'ignore'
[0.851s] Level 1:colcon.colcon_core.package_identification:_identify(log) ignored
[0.852s] Level 1:colcon.colcon_core.package_identification:_identify(src) by extensions ['ignore', 'ignore_ament_install']
[0.852s] Level 1:colcon.colcon_core.package_identification:_identify(src) by extension 'ignore'
[0.852s] Level 1:colcon.colcon_core.package_identification:_identify(src) by extension 'ignore_ament_install'
[0.853s] Level 1:colcon.colcon_core.package_identification:_identify(src) by extensions ['colcon_pkg']
[0.853s] Level 1:colcon.colcon_core.package_identification:_identify(src) by extension 'colcon_pkg'
[0.853s] Level 1:colcon.colcon_core.package_identification:_identify(src) by extensions ['colcon_meta']
[0.853s] Level 1:colcon.colcon_core.package_identification:_identify(src) by extension 'colcon_meta'
[0.853s] Level 1:colcon.colcon_core.package_identification:_identify(src) by extensions ['ros']
[0.853s] Level 1:colcon.colcon_core.package_identification:_identify(src) by extension 'ros'
[0.854s] Level 1:colcon.colcon_core.package_identification:_identify(src) by extensions ['cmake', 'python']
[0.854s] Level 1:colcon.colcon_core.package_identification:_identify(src) by extension 'cmake'
[0.854s] Level 1:colcon.colcon_core.package_identification:_identify(src) by extension 'python'
[0.854s] Level 1:colcon.colcon_core.package_identification:_identify(src) by extensions ['python_setup_py']
[0.854s] Level 1:colcon.colcon_core.package_identification:_identify(src) by extension 'python_setup_py'
[0.855s] Level 1:colcon.colcon_core.package_identification:_identify(src/multi_cam_oak_lite) by extensions ['ignore', 'ignore_ament_install']
[0.855s] Level 1:colcon.colcon_core.package_identification:_identify(src/multi_cam_oak_lite) by extension 'ignore'
[0.855s] Level 1:colcon.colcon_core.package_identification:_identify(src/multi_cam_oak_lite) by extension 'ignore_ament_install'
[0.856s] Level 1:colcon.colcon_core.package_identification:_identify(src/multi_cam_oak_lite) by extensions ['colcon_pkg']
[0.856s] Level 1:colcon.colcon_core.package_identification:_identify(src/multi_cam_oak_lite) by extension 'colcon_pkg'
[0.856s] Level 1:colcon.colcon_core.package_identification:_identify(src/multi_cam_oak_lite) by extensions ['colcon_meta']
[0.856s] Level 1:colcon.colcon_core.package_identification:_identify(src/multi_cam_oak_lite) by extension 'colcon_meta'
[0.856s] Level 1:colcon.colcon_core.package_identification:_identify(src/multi_cam_oak_lite) by extensions ['ros']
[0.857s] Level 1:colcon.colcon_core.package_identification:_identify(src/multi_cam_oak_lite) by extension 'ros'
[0.865s] DEBUG:colcon.colcon_core.package_identification:Package 'src/multi_cam_oak_lite' with type 'ros.ament_python' and name 'multi_cam'
[0.866s] Level 1:colcon.colcon_core.package_discovery:discover_packages(recursive) using defaults
[0.866s] Level 1:colcon.colcon_core.package_discovery:discover_packages(ignore) discover
[0.866s] Level 1:colcon.colcon_core.package_discovery:discover_packages(ignore) using defaults
[0.866s] Level 1:colcon.colcon_core.package_discovery:discover_packages(path) discover
[0.866s] Level 1:colcon.colcon_core.package_discovery:discover_packages(path) using defaults
[0.943s] Level 5:colcon.colcon_core.verb:set package 'multi_cam' build argument 'cmake_args' from command line to 'None'
[0.943s] Level 5:colcon.colcon_core.verb:set package 'multi_cam' build argument 'cmake_target' from command line to 'None'
[0.943s] Level 5:colcon.colcon_core.verb:set package 'multi_cam' build argument 'cmake_target_skip_unavailable' from command line to 'False'
[0.943s] Level 5:colcon.colcon_core.verb:set package 'multi_cam' build argument 'cmake_clean_cache' from command line to 'False'
[0.943s] Level 5:colcon.colcon_core.verb:set package 'multi_cam' build argument 'cmake_clean_first' from command line to 'False'
[0.944s] Level 5:colcon.colcon_core.verb:set package 'multi_cam' build argument 'cmake_force_configure' from command line to 'False'
[0.944s] Level 5:colcon.colcon_core.verb:set package 'multi_cam' build argument 'ament_cmake_args' from command line to 'None'
[0.944s] Level 5:colcon.colcon_core.verb:set package 'multi_cam' build argument 'catkin_cmake_args' from command line to 'None'
[0.944s] Level 5:colcon.colcon_core.verb:set package 'multi_cam' build argument 'catkin_skip_building_tests' from command line to 'False'
[0.944s] DEBUG:colcon.colcon_core.verb:Building package 'multi_cam' with the following arguments: {'ament_cmake_args': None, 'build_base': '/home/projects/sensor2_ws/src/cameras/oakd/build/multi_cam', 'catkin_cmake_args': None, 'catkin_skip_building_tests': False, 'cmake_args': None, 'cmake_clean_cache': False, 'cmake_clean_first': False, 'cmake_force_configure': False, 'cmake_target': None, 'cmake_target_skip_unavailable': False, 'install_base': '/home/projects/sensor2_ws/src/cameras/oakd/install/multi_cam', 'merge_install': False, 'path': '/home/projects/sensor2_ws/src/cameras/oakd/src/multi_cam_oak_lite', 'symlink_install': False, 'test_result_base': None}
[0.949s] WARNING:colcon.colcon_ros.prefix_path.ament:The path '/home/projects/sensor2_ws/src/cameras/oakd/install/multi_cam' in the environment variable AMENT_PREFIX_PATH doesn't exist
[0.979s] INFO:colcon.colcon_core.executor:Executing jobs using 'parallel' executor
[0.990s] DEBUG:colcon.colcon_parallel_executor.executor.parallel:run_until_complete
[0.992s] INFO:colcon.colcon_ros.task.ament_python.build:Building ROS package in '/home/projects/sensor2_ws/src/cameras/oakd/src/multi_cam_oak_lite' with build type 'ament_python'
[0.993s] Level 1:colcon.colcon_core.shell:create_environment_hook('multi_cam', 'ament_prefix_path')
[1.011s] INFO:colcon.colcon_core.plugin_system:Skipping extension 'colcon_core.shell.bat': Not used on non-Windows systems
[1.012s] INFO:colcon.colcon_core.shell:Creating environment hook '/home/projects/sensor2_ws/src/cameras/oakd/install/multi_cam/share/multi_cam/hook/ament_prefix_path.ps1'
[1.018s] INFO:colcon.colcon_core.shell:Creating environment descriptor '/home/projects/sensor2_ws/src/cameras/oakd/install/multi_cam/share/multi_cam/hook/ament_prefix_path.dsv'
[1.021s] INFO:colcon.colcon_core.shell:Creating environment hook '/home/projects/sensor2_ws/src/cameras/oakd/install/multi_cam/share/multi_cam/hook/ament_prefix_path.sh'
[1.026s] INFO:colcon.colcon_core.shell:Skip shell extension 'powershell' for command environment: Not usable outside of PowerShell
[1.027s] DEBUG:colcon.colcon_core.shell:Skip shell extension 'dsv' for command environment
[2.152s] INFO:colcon.colcon_core.task.python.build:Building Python package in '/home/projects/sensor2_ws/src/cameras/oakd/src/multi_cam_oak_lite'
[2.157s] INFO:colcon.colcon_core.shell:Skip shell extension 'powershell' for command environment: Not usable outside of PowerShell
[2.157s] DEBUG:colcon.colcon_core.shell:Skip shell extension 'dsv' for command environment
[4.064s] DEBUG:colcon.colcon_core.event_handler.log_command:Invoking command in '/home/projects/sensor2_ws/src/cameras/oakd/src/multi_cam_oak_lite': PYTHONPATH=/home/projects/sensor2_ws/src/cameras/oakd/install/multi_cam/lib/python3.8/site-packages:${PYTHONPATH} /usr/bin/python3 setup.py egg_info --egg-base ../../build/multi_cam build --build-base /home/projects/sensor2_ws/src/cameras/oakd/build/multi_cam/build install --prefix /home/projects/sensor2_ws/src/cameras/oakd/install/multi_cam --record /home/projects/sensor2_ws/src/cameras/oakd/build/multi_cam/install.log --single-version-externally-managed
[5.469s] DEBUG:colcon.colcon_core.event_handler.log_command:Invoked command in '/home/projects/sensor2_ws/src/cameras/oakd/src/multi_cam_oak_lite' returned '0': PYTHONPATH=/home/projects/sensor2_ws/src/cameras/oakd/install/multi_cam/lib/python3.8/site-packages:${PYTHONPATH} /usr/bin/python3 setup.py egg_info --egg-base ../../build/multi_cam build --build-base /home/projects/sensor2_ws/src/cameras/oakd/build/multi_cam/build install --prefix /home/projects/sensor2_ws/src/cameras/oakd/install/multi_cam --record /home/projects/sensor2_ws/src/cameras/oakd/build/multi_cam/install.log --single-version-externally-managed
[5.484s] Level 1:colcon.colcon_core.environment:checking '/home/projects/sensor2_ws/src/cameras/oakd/install/multi_cam' for CMake module files
[5.487s] Level 1:colcon.colcon_core.environment:checking '/home/projects/sensor2_ws/src/cameras/oakd/install/multi_cam' for CMake config files
[5.490s] Level 1:colcon.colcon_core.environment:checking '/home/projects/sensor2_ws/src/cameras/oakd/install/multi_cam/lib'
[5.491s] Level 1:colcon.colcon_core.environment:checking '/home/projects/sensor2_ws/src/cameras/oakd/install/multi_cam/bin'
[5.491s] Level 1:colcon.colcon_core.environment:checking '/home/projects/sensor2_ws/src/cameras/oakd/install/multi_cam/lib/pkgconfig/multi_cam.pc'
[5.492s] Level 1:colcon.colcon_core.environment:checking '/home/projects/sensor2_ws/src/cameras/oakd/install/multi_cam/lib/python3.8/site-packages'
[5.492s] Level 1:colcon.colcon_core.shell:create_environment_hook('multi_cam', 'pythonpath')
[5.495s] INFO:colcon.colcon_core.shell:Creating environment hook '/home/projects/sensor2_ws/src/cameras/oakd/install/multi_cam/share/multi_cam/hook/pythonpath.ps1'
[5.496s] INFO:colcon.colcon_core.shell:Creating environment descriptor '/home/projects/sensor2_ws/src/cameras/oakd/install/multi_cam/share/multi_cam/hook/pythonpath.dsv'
[5.498s] INFO:colcon.colcon_core.shell:Creating environment hook '/home/projects/sensor2_ws/src/cameras/oakd/install/multi_cam/share/multi_cam/hook/pythonpath.sh'
[5.499s] Level 1:colcon.colcon_core.environment:create_environment_scripts_only(multi_cam)
[5.502s] INFO:colcon.colcon_core.shell:Creating package script '/home/projects/sensor2_ws/src/cameras/oakd/install/multi_cam/share/multi_cam/package.ps1'
[5.505s] INFO:colcon.colcon_core.shell:Creating package descriptor '/home/projects/sensor2_ws/src/cameras/oakd/install/multi_cam/share/multi_cam/package.dsv'
[5.507s] INFO:colcon.colcon_core.shell:Creating package script '/home/projects/sensor2_ws/src/cameras/oakd/install/multi_cam/share/multi_cam/package.sh'
[5.510s] INFO:colcon.colcon_core.shell:Creating package script '/home/projects/sensor2_ws/src/cameras/oakd/install/multi_cam/share/multi_cam/package.bash'
[5.512s] INFO:colcon.colcon_core.shell:Creating package script '/home/projects/sensor2_ws/src/cameras/oakd/install/multi_cam/share/multi_cam/package.zsh'
[5.514s] Level 1:colcon.colcon_core.environment:create_file_with_runtime_dependencies(/home/projects/sensor2_ws/src/cameras/oakd/install/multi_cam/share/colcon-core/packages/multi_cam)
[5.516s] DEBUG:colcon.colcon_parallel_executor.executor.parallel:closing loop
[5.518s] DEBUG:colcon.colcon_parallel_executor.executor.parallel:loop closed
[5.519s] DEBUG:colcon.colcon_parallel_executor.executor.parallel:run_until_complete finished with '0'
[5.520s] DEBUG:colcon.colcon_core.event_reactor:joining thread
[5.593s] INFO:colcon.colcon_core.plugin_system:Skipping extension 'colcon_notification.desktop_notification.notify_send': Could not find 'notify-send'
[5.593s] INFO:colcon.colcon_core.plugin_system:Skipping extension 'colcon_notification.desktop_notification.terminal_notifier': Not used on non-Darwin systems
[5.594s] INFO:colcon.colcon_core.plugin_system:Skipping extension 'colcon_notification.desktop_notification.win32': Not used on non-Windows systems
[5.594s] INFO:colcon.colcon_notification.desktop_notification:Sending desktop notification using 'notify2'
[5.610s] DEBUG:colcon.colcon_notification.desktop_notification.notify2:Failed to initialize notify2: org.freedesktop.DBus.Error.ServiceUnknown: The name org.freedesktop.Notifications was not provided by any .service files
[5.612s] DEBUG:colcon.colcon_core.event_reactor:joined thread
[5.617s] INFO:colcon.colcon_core.shell:Creating prefix script '/home/projects/sensor2_ws/src/cameras/oakd/install/local_setup.ps1'
[5.622s] INFO:colcon.colcon_core.shell:Creating prefix util module '/home/projects/sensor2_ws/src/cameras/oakd/install/_local_setup_util_ps1.py'
[5.627s] INFO:colcon.colcon_core.shell:Creating prefix chain script '/home/projects/sensor2_ws/src/cameras/oakd/install/setup.ps1'
[5.636s] INFO:colcon.colcon_core.shell:Creating prefix script '/home/projects/sensor2_ws/src/cameras/oakd/install/local_setup.sh'
[5.638s] INFO:colcon.colcon_core.shell:Creating prefix util module '/home/projects/sensor2_ws/src/cameras/oakd/install/_local_setup_util_sh.py'
[5.640s] INFO:colcon.colcon_core.shell:Creating prefix chain script '/home/projects/sensor2_ws/src/cameras/oakd/install/setup.sh'
[5.650s] INFO:colcon.colcon_core.shell:Creating prefix script '/home/projects/sensor2_ws/src/cameras/oakd/install/local_setup.bash'
[5.652s] INFO:colcon.colcon_core.shell:Creating prefix chain script '/home/projects/sensor2_ws/src/cameras/oakd/install/setup.bash'
[5.660s] INFO:colcon.colcon_core.shell:Creating prefix script '/home/projects/sensor2_ws/src/cameras/oakd/install/local_setup.zsh'
[5.662s] INFO:colcon.colcon_core.shell:Creating prefix chain script '/home/projects/sensor2_ws/src/cameras/oakd/install/setup.zsh'
