-- The C compiler identification is GNU 9.3.0
-- The CXX compiler identification is GNU 9.3.0
-- Check for working C compiler: /usr/bin/cc
-- Check for working C compiler: /usr/bin/cc -- works
-- Detecting C compiler ABI info
-- Detecting C compiler ABI info - done
-- Detecting C compile features
-- Detecting C compile features - done
-- Check for working CXX compiler: /usr/bin/c++
-- Check for working CXX compiler: /usr/bin/c++ -- works
-- Detecting CXX compiler ABI info
-- Detecting CXX compiler ABI info - done
-- Detecting CXX compile features
-- Detecting CXX compile features - done
-- Found ament_cmake_auto: 0.9.9 (/opt/ros/foxy/share/ament_cmake_auto/cmake)
-- Found PythonInterp: /usr/bin/python3 (found suitable version "3.8.10", minimum required is "3") 
-- Using PYTHON_EXECUTABLE: /usr/bin/python3
-- Configuring done
-- Generating done
-- Build files have been written to: /home/projects/sensor2_ws/src/vesc/build/vesc
-- Install configuration: ""
-- Installing: /home/projects/sensor2_ws/src/vesc/install/vesc/share/ament_index/resource_index/package_run_dependencies/vesc
-- Installing: /home/projects/sensor2_ws/src/vesc/install/vesc/share/ament_index/resource_index/parent_prefix_path/vesc
-- Installing: /home/projects/sensor2_ws/src/vesc/install/vesc/share/vesc/environment/ament_prefix_path.sh
-- Installing: /home/projects/sensor2_ws/src/vesc/install/vesc/share/vesc/environment/ament_prefix_path.dsv
-- Installing: /home/projects/sensor2_ws/src/vesc/install/vesc/share/vesc/environment/path.sh
-- Installing: /home/projects/sensor2_ws/src/vesc/install/vesc/share/vesc/environment/path.dsv
-- Installing: /home/projects/sensor2_ws/src/vesc/install/vesc/share/vesc/local_setup.bash
-- Installing: /home/projects/sensor2_ws/src/vesc/install/vesc/share/vesc/local_setup.sh
-- Installing: /home/projects/sensor2_ws/src/vesc/install/vesc/share/vesc/local_setup.zsh
-- Installing: /home/projects/sensor2_ws/src/vesc/install/vesc/share/vesc/local_setup.dsv
-- Installing: /home/projects/sensor2_ws/src/vesc/install/vesc/share/vesc/package.dsv
-- Installing: /home/projects/sensor2_ws/src/vesc/install/vesc/share/ament_index/resource_index/packages/vesc
-- Installing: /home/projects/sensor2_ws/src/vesc/install/vesc/share/vesc/cmake/vescConfig.cmake
-- Installing: /home/projects/sensor2_ws/src/vesc/install/vesc/share/vesc/cmake/vescConfig-version.cmake
-- Installing: /home/projects/sensor2_ws/src/vesc/install/vesc/share/vesc/package.xml
