[01m[K/home/projects/localization_ws/src/csm/sm/csm/hsm/hsm.c:[m[K In function ‘[01m[Khsm_match[m[K’:
[01m[K/home/projects/localization_ws/src/csm/sm/csm/hsm/hsm.c:191:10:[m[K [01;35m[Kwarning: [m[Kvariable ‘[01m[Kmult[m[K’ set but not used [[01;35m[K-Wunused-but-set-variable[m[K]
  191 |   double [01;35m[Kmult[m[K[b1->num_angular_cells];
      |          [01;35m[K^~~~[m[K
[01m[K/home/projects/localization_ws/src/csm/sm/csm/hsm/hsm.c:[m[K In function ‘[01m[Khsm_match[m[K’:
[01m[K/home/projects/localization_ws/src/csm/sm/csm/hsm/hsm.c:191:10:[m[K [01;35m[Kwarning: [m[Kvariable ‘[01m[Kmult[m[K’ set but not used [[01;35m[K-Wunused-but-set-variable[m[K]
  191 |   double [01;35m[Kmult[m[K[b1->num_angular_cells];
      |          [01;35m[K^~~~[m[K
[01m[K/home/projects/localization_ws/src/csm/sm/lib/json-c/debug.c:[m[K In function ‘[01m[Kmc_abort[m[K’:
[01m[K/home/projects/localization_ws/src/csm/sm/lib/json-c/debug.c:50:4:[m[K [01;35m[Kwarning: [m[Kimplicit declaration of function ‘[01m[Kvsyslog[m[K’; did you mean ‘[01m[Ksyslog[m[K’? [[01;35m[K-Wimplicit-function-declaration[m[K]
   50 |    [01;35m[Kvsyslog[m[K(LOG_ERR, msg, ap);
      |    [01;35m[K^~~~~~~[m[K
      |    [32m[Ksyslog[m[K
[01m[K/home/projects/localization_ws/src/csm/sm/lib/json-c/debug.c:[m[K In function ‘[01m[Kmc_abort[m[K’:
[01m[K/home/projects/localization_ws/src/csm/sm/lib/json-c/debug.c:50:4:[m[K [01;35m[Kwarning: [m[Kimplicit declaration of function ‘[01m[Kvsyslog[m[K’; did you mean ‘[01m[Ksyslog[m[K’? [[01;35m[K-Wimplicit-function-declaration[m[K]
   50 |    [01;35m[Kvsyslog[m[K(LOG_ERR, msg, ap);
      |    [01;35m[K^~~~~~~[m[K
      |    [32m[Ksyslog[m[K
In file included from [01m[K/home/projects/localization_ws/src/csm/sm/lib/json-c/json_more_utils.c:8[m[K:
[01m[K/home/projects/localization_ws/src/csm/sm/lib/json-c/json_more_utils.c:[m[K In function ‘[01m[Kjson_tokener_parse_len[m[K’:
[01m[K/home/projects/localization_ws/src/csm/sm/lib/json-c/bits.h:24:27:[m[K [01;35m[Kwarning: [m[Kcast to pointer from integer of different size [[01;35m[K-Wint-to-pointer-cast[m[K]
   24 | #define error_ptr(error) ([01;35m[K([m[Kvoid*)error)
      |                           [01;35m[K^[m[K
[01m[K/home/projects/localization_ws/src/csm/sm/lib/json-c/json_more_utils.c:108:11:[m[K [01;36m[Knote: [m[Kin expansion of macro ‘[01m[Kerror_ptr[m[K’
  108 |     obj = [01;36m[Kerror_ptr[m[K(-tok->err);
      |           [01;36m[K^~~~~~~~~[m[K
In file included from [01m[K/home/projects/localization_ws/src/csm/sm/lib/json-c/json_more_utils.c:8[m[K:
[01m[K/home/projects/localization_ws/src/csm/sm/lib/json-c/json_more_utils.c:[m[K In function ‘[01m[Kjson_tokener_parse_len[m[K’:
[01m[K/home/projects/localization_ws/src/csm/sm/lib/json-c/bits.h:24:27:[m[K [01;35m[Kwarning: [m[Kcast to pointer from integer of different size [[01;35m[K-Wint-to-pointer-cast[m[K]
   24 | #define error_ptr(error) ([01;35m[K([m[Kvoid*)error)
      |                           [01;35m[K^[m[K
[01m[K/home/projects/localization_ws/src/csm/sm/lib/json-c/json_more_utils.c:108:11:[m[K [01;36m[Knote: [m[Kin expansion of macro ‘[01m[Kerror_ptr[m[K’
  108 |     obj = [01;36m[Kerror_ptr[m[K(-tok->err);
      |           [01;36m[K^~~~~~~~~[m[K
[01m[K/home/projects/localization_ws/src/csm/sm/lib/json-c/json_object.c:[m[K In function ‘[01m[Kjson_object_object_add[m[K’:
[01m[K/home/projects/localization_ws/src/csm/sm/lib/json-c/json_object.c:274:37:[m[K [01;35m[Kwarning: [m[Kimplicit declaration of function ‘[01m[Kstrdup[m[K’; did you mean ‘[01m[Kstrcmp[m[K’? [[01;35m[K-Wimplicit-function-declaration[m[K]
  274 |   lh_table_insert(this->o.c_object, [01;35m[Kstrdup[m[K(key), val);
      |                                     [01;35m[K^~~~~~[m[K
      |                                     [32m[Kstrcmp[m[K
[01m[K/home/projects/localization_ws/src/csm/sm/lib/json-c/json_object.c:274:37:[m[K [01;35m[Kwarning: [m[Kpassing argument 2 of ‘[01m[Klh_table_insert[m[K’ makes pointer from integer without a cast [[01;35m[K-Wint-conversion[m[K]
  274 |   lh_table_insert(this->o.c_object, [01;35m[Kstrdup(key)[m[K, val);
      |                                     [01;35m[K^~~~~~~~~~~[m[K
      |                                     [01;35m[K|[m[K
      |                                     [01;35m[Kint[m[K
In file included from [01m[K/home/projects/localization_ws/src/csm/sm/lib/json-c/json_object.c:28[m[K:
[01m[K/home/projects/localization_ws/src/csm/sm/lib/json-c/linkhash.h:217:54:[m[K [01;36m[Knote: [m[Kexpected ‘[01m[Kvoid *[m[K’ but argument is of type ‘[01m[Kint[m[K’
  217 | extern int lh_table_insert(struct lh_table *t, [01;36m[Kvoid *k[m[K, void *v);
      |                                                [01;36m[K~~~~~~^[m[K
[01m[K/home/projects/localization_ws/src/csm/sm/lib/json-c/json_object.c:[m[K In function ‘[01m[Kjson_object_get_string[m[K’:
[01m[K/home/projects/localization_ws/src/csm/sm/lib/json-c/json_object.c:459:12:[m[K [01;35m[Kwarning: [m[Kreturn discards ‘[01m[Kconst[m[K’ qualifier from pointer target type [[01;35m[K-Wdiscarded-qualifiers[m[K]
  459 |     return [01;35m[Kjson_object_to_json_string(this)[m[K;
      |            [01;35m[K^~~~~~~~~~~~~~~~~~~~~~~~~~~~~~~~[m[K
[01m[K/home/projects/localization_ws/src/csm/sm/lib/json-c/json_object.c:[m[K In function ‘[01m[Kjson_object_object_add[m[K’:
[01m[K/home/projects/localization_ws/src/csm/sm/lib/json-c/json_object.c:274:37:[m[K [01;35m[Kwarning: [m[Kimplicit declaration of function ‘[01m[Kstrdup[m[K’; did you mean ‘[01m[Kstrcmp[m[K’? [[01;35m[K-Wimplicit-function-declaration[m[K]
  274 |   lh_table_insert(this->o.c_object, [01;35m[Kstrdup[m[K(key), val);
      |                                     [01;35m[K^~~~~~[m[K
      |                                     [32m[Kstrcmp[m[K
[01m[K/home/projects/localization_ws/src/csm/sm/lib/json-c/json_object.c:274:37:[m[K [01;35m[Kwarning: [m[Kpassing argument 2 of ‘[01m[Klh_table_insert[m[K’ makes pointer from integer without a cast [[01;35m[K-Wint-conversion[m[K]
  274 |   lh_table_insert(this->o.c_object, [01;35m[Kstrdup(key)[m[K, val);
      |                                     [01;35m[K^~~~~~~~~~~[m[K
      |                                     [01;35m[K|[m[K
      |                                     [01;35m[Kint[m[K
In file included from [01m[K/home/projects/localization_ws/src/csm/sm/lib/json-c/json_object.c:28[m[K:
[01m[K/home/projects/localization_ws/src/csm/sm/lib/json-c/linkhash.h:217:54:[m[K [01;36m[Knote: [m[Kexpected ‘[01m[Kvoid *[m[K’ but argument is of type ‘[01m[Kint[m[K’
  217 | extern int lh_table_insert(struct lh_table *t, [01;36m[Kvoid *k[m[K, void *v);
      |                                                [01;36m[K~~~~~~^[m[K
[01m[K/home/projects/localization_ws/src/csm/sm/lib/json-c/json_object.c:[m[K In function ‘[01m[Kjson_object_get_string[m[K’:
[01m[K/home/projects/localization_ws/src/csm/sm/lib/json-c/json_object.c:459:12:[m[K [01;35m[Kwarning: [m[Kreturn discards ‘[01m[Kconst[m[K’ qualifier from pointer target type [[01;35m[K-Wdiscarded-qualifiers[m[K]
  459 |     return [01;35m[Kjson_object_to_json_string(this)[m[K;
      |            [01;35m[K^~~~~~~~~~~~~~~~~~~~~~~~~~~~~~~~[m[K
In file included from [01m[K/home/projects/localization_ws/src/csm/sm/lib/json-c/json_tokener.c:20[m[K:
[01m[K/home/projects/localization_ws/src/csm/sm/lib/json-c/json_tokener.c:[m[K In function ‘[01m[Kjson_tokener_parse[m[K’:
[01m[K/home/projects/localization_ws/src/csm/sm/lib/json-c/bits.h:24:27:[m[K [01;35m[Kwarning: [m[Kcast to pointer from integer of different size [[01;35m[K-Wint-to-pointer-cast[m[K]
   24 | #define error_ptr(error) ([01;35m[K([m[Kvoid*)error)
      |                           [01;35m[K^[m[K
[01m[K/home/projects/localization_ws/src/csm/sm/lib/json-c/json_tokener.c:100:11:[m[K [01;36m[Knote: [m[Kin expansion of macro ‘[01m[Kerror_ptr[m[K’
  100 |     obj = [01;36m[Kerror_ptr[m[K(-tok->err);
      |           [01;36m[K^~~~~~~~~[m[K
In file included from [01m[K/home/projects/localization_ws/src/csm/sm/lib/json-c/json_tokener.c:20[m[K:
[01m[K/home/projects/localization_ws/src/csm/sm/lib/json-c/json_tokener.c:[m[K In function ‘[01m[Kjson_tokener_parse[m[K’:
[01m[K/home/projects/localization_ws/src/csm/sm/lib/json-c/bits.h:24:27:[m[K [01;35m[Kwarning: [m[Kcast to pointer from integer of different size [[01;35m[K-Wint-to-pointer-cast[m[K]
   24 | #define error_ptr(error) ([01;35m[K([m[Kvoid*)error)
      |                           [01;35m[K^[m[K
[01m[K/home/projects/localization_ws/src/csm/sm/lib/json-c/json_tokener.c:100:11:[m[K [01;36m[Knote: [m[Kin expansion of macro ‘[01m[Kerror_ptr[m[K’
  100 |     obj = [01;36m[Kerror_ptr[m[K(-tok->err);
      |           [01;36m[K^~~~~~~~~[m[K
[01m[K/home/projects/localization_ws/src/csm/sm/lib/json-c/json_tokener.c:[m[K In function ‘[01m[Kjson_tokener_parse_ex[m[K’:
[01m[K/home/projects/localization_ws/src/csm/sm/lib/json-c/json_tokener.c:451:19:[m[K [01;35m[Kwarning: [m[Kimplicit declaration of function ‘[01m[Kstrdup[m[K’; did you mean ‘[01m[Kstrcmp[m[K’? [[01;35m[K-Wimplicit-function-declaration[m[K]
  451 |  obj_field_name = [01;35m[Kstrdup[m[K(tok->pb->buf);
      |                   [01;35m[K^~~~~~[m[K
      |                   [32m[Kstrcmp[m[K
[01m[K/home/projects/localization_ws/src/csm/sm/lib/json-c/json_tokener.c:451:17:[m[K [01;35m[Kwarning: [m[Kassignment to ‘[01m[Kchar *[m[K’ from ‘[01m[Kint[m[K’ makes pointer from integer without a cast [[01;35m[K-Wint-conversion[m[K]
  451 |  obj_field_name [01;35m[K=[m[K strdup(tok->pb->buf);
      |                 [01;35m[K^[m[K
[01m[K/home/projects/localization_ws/src/csm/sm/lib/json-c/json_tokener.c:[m[K In function ‘[01m[Kjson_tokener_parse_ex[m[K’:
[01m[K/home/projects/localization_ws/src/csm/sm/lib/json-c/json_tokener.c:451:19:[m[K [01;35m[Kwarning: [m[Kimplicit declaration of function ‘[01m[Kstrdup[m[K’; did you mean ‘[01m[Kstrcmp[m[K’? [[01;35m[K-Wimplicit-function-declaration[m[K]
  451 |  obj_field_name = [01;35m[Kstrdup[m[K(tok->pb->buf);
      |                   [01;35m[K^~~~~~[m[K
      |                   [32m[Kstrcmp[m[K
[01m[K/home/projects/localization_ws/src/csm/sm/lib/json-c/json_tokener.c:451:17:[m[K [01;35m[Kwarning: [m[Kassignment to ‘[01m[Kchar *[m[K’ from ‘[01m[Kint[m[K’ makes pointer from integer without a cast [[01;35m[K-Wint-conversion[m[K]
  451 |  obj_field_name [01;35m[K=[m[K strdup(tok->pb->buf);
      |                 [01;35m[K^[m[K
[01m[K/home/projects/localization_ws/src/csm/sm/lib/json-c/json_util.c:[m[K In function ‘[01m[Kjson_object_to_file[m[K’:
[01m[K/home/projects/localization_ws/src/csm/sm/lib/json-c/json_util.c:102:17:[m[K [01;35m[Kwarning: [m[Kassignment discards ‘[01m[Kconst[m[K’ qualifier from pointer target type [[01;35m[K-Wdiscarded-qualifiers[m[K]
  102 |   if(!(json_str [01;35m[K=[m[K json_object_to_json_string(obj))) { return -1; }
      |                 [01;35m[K^[m[K
[01m[K/home/projects/localization_ws/src/csm/sm/lib/json-c/json_util.c:[m[K In function ‘[01m[Kjson_object_to_file[m[K’:
[01m[K/home/projects/localization_ws/src/csm/sm/lib/json-c/json_util.c:102:17:[m[K [01;35m[Kwarning: [m[Kassignment discards ‘[01m[Kconst[m[K’ qualifier from pointer target type [[01;35m[K-Wdiscarded-qualifiers[m[K]
  102 |   if(!(json_str [01;35m[K=[m[K json_object_to_json_string(obj))) { return -1; }
      |                 [01;35m[K^[m[K
[01m[K/home/projects/localization_ws/src/csm/sm/lib/json-c/printbuf.c:[m[K In function ‘[01m[Ksprintbuf[m[K’:
[01m[K/home/projects/localization_ws/src/csm/sm/lib/json-c/printbuf.c:122:16:[m[K [01;35m[Kwarning: [m[Kimplicit declaration of function ‘[01m[Kvasprintf[m[K’; did you mean ‘[01m[Kvsprintf[m[K’? [[01;35m[K-Wimplicit-function-declaration[m[K]
  122 |     if((size = [01;35m[Kvasprintf[m[K(&t, msg, ap)) == -1) return -1;
      |                [01;35m[K^~~~~~~~~[m[K
      |                [32m[Kvsprintf[m[K
[01m[K/home/projects/localization_ws/src/csm/sm/lib/json-c/printbuf.c:[m[K In function ‘[01m[Ksprintbuf[m[K’:
[01m[K/home/projects/localization_ws/src/csm/sm/lib/json-c/printbuf.c:122:16:[m[K [01;35m[Kwarning: [m[Kimplicit declaration of function ‘[01m[Kvasprintf[m[K’; did you mean ‘[01m[Kvsprintf[m[K’? [[01;35m[K-Wimplicit-function-declaration[m[K]
  122 |     if((size = [01;35m[Kvasprintf[m[K(&t, msg, ap)) == -1) return -1;
      |                [01;35m[K^~~~~~~~~[m[K
      |                [32m[Kvsprintf[m[K
[01m[K/home/projects/localization_ws/src/csm/sm/lib/json-c/debug.c:[m[K In function ‘[01m[Kmc_abort[m[K’:
[01m[K/home/projects/localization_ws/src/csm/sm/lib/json-c/debug.c:50:4:[m[K [01;35m[Kwarning: [m[Kimplicit declaration of function ‘[01m[Kvsyslog[m[K’; did you mean ‘[01m[Ksyslog[m[K’? [[01;35m[K-Wimplicit-function-declaration[m[K]
   50 |    [01;35m[Kvsyslog[m[K(LOG_ERR, msg, ap);
      |    [01;35m[K^~~~~~~[m[K
      |    [32m[Ksyslog[m[K
[01m[K/home/projects/localization_ws/src/csm/sm/lib/json-c/json_object.c:[m[K In function ‘[01m[Kjson_object_object_add[m[K’:
[01m[K/home/projects/localization_ws/src/csm/sm/lib/json-c/json_object.c:274:37:[m[K [01;35m[Kwarning: [m[Kimplicit declaration of function ‘[01m[Kstrdup[m[K’; did you mean ‘[01m[Kstrcmp[m[K’? [[01;35m[K-Wimplicit-function-declaration[m[K]
  274 |   lh_table_insert(this->o.c_object, [01;35m[Kstrdup[m[K(key), val);
      |                                     [01;35m[K^~~~~~[m[K
      |                                     [32m[Kstrcmp[m[K
[01m[K/home/projects/localization_ws/src/csm/sm/lib/json-c/json_object.c:274:37:[m[K [01;35m[Kwarning: [m[Kpassing argument 2 of ‘[01m[Klh_table_insert[m[K’ makes pointer from integer without a cast [[01;35m[K-Wint-conversion[m[K]
  274 |   lh_table_insert(this->o.c_object, [01;35m[Kstrdup(key)[m[K, val);
      |                                     [01;35m[K^~~~~~~~~~~[m[K
      |                                     [01;35m[K|[m[K
      |                                     [01;35m[Kint[m[K
In file included from [01m[K/home/projects/localization_ws/src/csm/sm/lib/json-c/json_object.c:28[m[K:
[01m[K/home/projects/localization_ws/src/csm/sm/lib/json-c/linkhash.h:217:54:[m[K [01;36m[Knote: [m[Kexpected ‘[01m[Kvoid *[m[K’ but argument is of type ‘[01m[Kint[m[K’
  217 | extern int lh_table_insert(struct lh_table *t, [01;36m[Kvoid *k[m[K, void *v);
      |                                                [01;36m[K~~~~~~^[m[K
[01m[K/home/projects/localization_ws/src/csm/sm/lib/json-c/json_object.c:[m[K In function ‘[01m[Kjson_object_get_string[m[K’:
[01m[K/home/projects/localization_ws/src/csm/sm/lib/json-c/json_object.c:459:12:[m[K [01;35m[Kwarning: [m[Kreturn discards ‘[01m[Kconst[m[K’ qualifier from pointer target type [[01;35m[K-Wdiscarded-qualifiers[m[K]
  459 |     return [01;35m[Kjson_object_to_json_string(this)[m[K;
      |            [01;35m[K^~~~~~~~~~~~~~~~~~~~~~~~~~~~~~~~[m[K
In file included from [01m[K/home/projects/localization_ws/src/csm/sm/lib/json-c/json_tokener.c:20[m[K:
[01m[K/home/projects/localization_ws/src/csm/sm/lib/json-c/json_tokener.c:[m[K In function ‘[01m[Kjson_tokener_parse[m[K’:
[01m[K/home/projects/localization_ws/src/csm/sm/lib/json-c/bits.h:24:27:[m[K [01;35m[Kwarning: [m[Kcast to pointer from integer of different size [[01;35m[K-Wint-to-pointer-cast[m[K]
   24 | #define error_ptr(error) ([01;35m[K([m[Kvoid*)error)
      |                           [01;35m[K^[m[K
[01m[K/home/projects/localization_ws/src/csm/sm/lib/json-c/json_tokener.c:100:11:[m[K [01;36m[Knote: [m[Kin expansion of macro ‘[01m[Kerror_ptr[m[K’
  100 |     obj = [01;36m[Kerror_ptr[m[K(-tok->err);
      |           [01;36m[K^~~~~~~~~[m[K
[01m[K/home/projects/localization_ws/src/csm/sm/lib/json-c/json_tokener.c:[m[K In function ‘[01m[Kjson_tokener_parse_ex[m[K’:
[01m[K/home/projects/localization_ws/src/csm/sm/lib/json-c/json_tokener.c:451:19:[m[K [01;35m[Kwarning: [m[Kimplicit declaration of function ‘[01m[Kstrdup[m[K’; did you mean ‘[01m[Kstrcmp[m[K’? [[01;35m[K-Wimplicit-function-declaration[m[K]
  451 |  obj_field_name = [01;35m[Kstrdup[m[K(tok->pb->buf);
      |                   [01;35m[K^~~~~~[m[K
      |                   [32m[Kstrcmp[m[K
[01m[K/home/projects/localization_ws/src/csm/sm/lib/json-c/json_tokener.c:451:17:[m[K [01;35m[Kwarning: [m[Kassignment to ‘[01m[Kchar *[m[K’ from ‘[01m[Kint[m[K’ makes pointer from integer without a cast [[01;35m[K-Wint-conversion[m[K]
  451 |  obj_field_name [01;35m[K=[m[K strdup(tok->pb->buf);
      |                 [01;35m[K^[m[K
[01m[K/home/projects/localization_ws/src/csm/sm/lib/json-c/json_util.c:[m[K In function ‘[01m[Kjson_object_to_file[m[K’:
[01m[K/home/projects/localization_ws/src/csm/sm/lib/json-c/json_util.c:102:17:[m[K [01;35m[Kwarning: [m[Kassignment discards ‘[01m[Kconst[m[K’ qualifier from pointer target type [[01;35m[K-Wdiscarded-qualifiers[m[K]
  102 |   if(!(json_str [01;35m[K=[m[K json_object_to_json_string(obj))) { return -1; }
      |                 [01;35m[K^[m[K
[01m[K/home/projects/localization_ws/src/csm/sm/lib/json-c/printbuf.c:[m[K In function ‘[01m[Ksprintbuf[m[K’:
[01m[K/home/projects/localization_ws/src/csm/sm/lib/json-c/printbuf.c:122:16:[m[K [01;35m[Kwarning: [m[Kimplicit declaration of function ‘[01m[Kvasprintf[m[K’; did you mean ‘[01m[Kvsprintf[m[K’? [[01;35m[K-Wimplicit-function-declaration[m[K]
  122 |     if((size = [01;35m[Kvasprintf[m[K(&t, msg, ap)) == -1) return -1;
      |                [01;35m[K^~~~~~~~~[m[K
      |                [32m[Kvsprintf[m[K
In file included from [01m[K/home/projects/localization_ws/src/csm/sm/lib/json-c/json_more_utils.c:8[m[K:
[01m[K/home/projects/localization_ws/src/csm/sm/lib/json-c/json_more_utils.c:[m[K In function ‘[01m[Kjson_tokener_parse_len[m[K’:
[01m[K/home/projects/localization_ws/src/csm/sm/lib/json-c/bits.h:24:27:[m[K [01;35m[Kwarning: [m[Kcast to pointer from integer of different size [[01;35m[K-Wint-to-pointer-cast[m[K]
   24 | #define error_ptr(error) ([01;35m[K([m[Kvoid*)error)
      |                           [01;35m[K^[m[K
[01m[K/home/projects/localization_ws/src/csm/sm/lib/json-c/json_more_utils.c:108:11:[m[K [01;36m[Knote: [m[Kin expansion of macro ‘[01m[Kerror_ptr[m[K’
  108 |     obj = [01;36m[Kerror_ptr[m[K(-tok->err);
      |           [01;36m[K^~~~~~~~~[m[K
[01m[K/home/projects/localization_ws/src/csm/sm/apps/ld_cluster_curv.c:[m[K In function ‘[01m[Kcluster_convolve[m[K’:
[01m[K/home/projects/localization_ws/src/csm/sm/apps/ld_cluster_curv.c:63:4:[m[K [01;35m[Kwarning: [m[Kthis ‘[01m[Kif[m[K’ clause does not guard... [[01;35m[K-Wmisleading-indentation[m[K]
   63 |    [01;35m[Kif[m[K(i2<0) i2=0; if(i2>=n) i2=n-1;
      |    [01;35m[K^~[m[K
[01m[K/home/projects/localization_ws/src/csm/sm/apps/ld_cluster_curv.c:63:19:[m[K [01;36m[Knote: [m[K...this statement, but the latter is misleadingly indented as if it were guarded by the ‘[01m[Kif[m[K’
   63 |    if(i2<0) i2=0; [01;36m[Kif[m[K(i2>=n) i2=n-1;
      |                   [01;36m[K^~[m[K
[01m[K/home/projects/localization_ws/src/csm/sm/apps/ld_exp_tro1.c:[m[K In function ‘[01m[Kmain[m[K’:
[01m[K/home/projects/localization_ws/src/csm/sm/apps/ld_exp_tro1.c:76:8:[m[K [01;35m[Kwarning: [m[K‘[01m[Kout2[m[K’ may be used uninitialized in this function [[01;35m[K-Wmaybe-uninitialized[m[K]
   76 |   [01;35m[Kout1 = out2[m[K;
      |   [01;35m[K~~~~~^~~~~~[m[K
[01m[K/home/projects/localization_ws/src/csm/sm/apps/sm1.c:[m[K In function ‘[01m[Kmain[m[K’:
[01m[K/home/projects/localization_ws/src/csm/sm/apps/sm1.c:152:28:[m[K [01;35m[Kwarning: [m[K‘[01m[K.config[m[K’ directive writing 7 bytes into a region of size between 1 and 256 [[01;35m[K-Wformat-overflow=[m[K]
  152 |    sprintf(file_config, "%s[01;35m[K.config[m[K", casename);
      |                            [01;35m[K^~~~~~~[m[K
[01m[K/home/projects/localization_ws/src/csm/sm/apps/sm1.c:152:4:[m[K [01;36m[Knote: [m[K‘[01m[Ksprintf[m[K’ output between 8 and 263 bytes into a destination of size 256
  152 |    [01;36m[Ksprintf(file_config, "%s.config", casename)[m[K;
      |    [01;36m[K^~~~~~~~~~~~~~~~~~~~~~~~~~~~~~~~~~~~~~~~~~~[m[K
[01m[K/home/projects/localization_ws/src/csm/sm/apps/sm1.c:153:22:[m[K [01;35m[Kwarning: [m[K‘[01m[K_laser_ref.json[m[K’ directive writing 15 bytes into a region of size between 1 and 256 [[01;35m[K-Wformat-overflow=[m[K]
  153 |    sprintf(file1, "%s[01;35m[K_laser_ref.json[m[K", casename);
      |                      [01;35m[K^~~~~~~~~~~~~~~[m[K
[01m[K/home/projects/localization_ws/src/csm/sm/apps/sm1.c:153:4:[m[K [01;36m[Knote: [m[K‘[01m[Ksprintf[m[K’ output between 16 and 271 bytes into a destination of size 256
  153 |    [01;36m[Ksprintf(file1, "%s_laser_ref.json", casename)[m[K;
      |    [01;36m[K^~~~~~~~~~~~~~~~~~~~~~~~~~~~~~~~~~~~~~~~~~~~~[m[K
[01m[K/home/projects/localization_ws/src/csm/sm/apps/sm1.c:154:22:[m[K [01;35m[Kwarning: [m[K‘[01m[K_laser_sens.json[m[K’ directive writing 16 bytes into a region of size between 1 and 256 [[01;35m[K-Wformat-overflow=[m[K]
  154 |    sprintf(file2, "%s[01;35m[K_laser_sens.json[m[K", casename);
      |                      [01;35m[K^~~~~~~~~~~~~~~~[m[K
[01m[K/home/projects/localization_ws/src/csm/sm/apps/sm1.c:154:4:[m[K [01;36m[Knote: [m[K‘[01m[Ksprintf[m[K’ output between 17 and 272 bytes into a destination of size 256
  154 |    [01;36m[Ksprintf(file2, "%s_laser_sens.json", casename)[m[K;
      |    [01;36m[K^~~~~~~~~~~~~~~~~~~~~~~~~~~~~~~~~~~~~~~~~~~~~~[m[K
[01m[K/home/projects/localization_ws/src/csm/sm/apps/sm1.c:155:24:[m[K [01;35m[Kwarning: [m[K‘[01m[K.journal[m[K’ directive writing 8 bytes into a region of size between 1 and 256 [[01;35m[K-Wformat-overflow=[m[K]
  155 |    sprintf(file_jj, "%s[01;35m[K.journal[m[K", casename);
      |                        [01;35m[K^~~~~~~~[m[K
[01m[K/home/projects/localization_ws/src/csm/sm/apps/sm1.c:155:4:[m[K [01;36m[Knote: [m[K‘[01m[Ksprintf[m[K’ output between 9 and 264 bytes into a destination of size 256
  155 |    [01;36m[Ksprintf(file_jj, "%s.journal", casename)[m[K;
      |    [01;36m[K^~~~~~~~~~~~~~~~~~~~~~~~~~~~~~~~~~~~~~~~[m[K
[01m[K/home/projects/localization_ws/src/csm/sm/apps/sm1.c:156:23:[m[K [01;35m[Kwarning: [m[K‘[01m[K.sh[m[K’ directive writing 3 bytes into a region of size between 1 and 256 [[01;35m[K-Wformat-overflow=[m[K]
  156 |    sprintf(script, "%s[01;35m[K.sh[m[K", casename);
      |                       [01;35m[K^~~[m[K
[01m[K/home/projects/localization_ws/src/csm/sm/apps/sm1.c:156:4:[m[K [01;36m[Knote: [m[K‘[01m[Ksprintf[m[K’ output between 4 and 259 bytes into a destination of size 256
  156 |    [01;36m[Ksprintf(script, "%s.sh", casename)[m[K;
      |    [01;36m[K^~~~~~~~~~~~~~~~~~~~~~~~~~~~~~~~~~[m[K
[01m[K/home/projects/localization_ws/src/csm/sm/apps/ld_smooth.c:[m[K In function ‘[01m[Kconvolve[m[K’:
[01m[K/home/projects/localization_ws/src/csm/sm/apps/ld_smooth.c:64:4:[m[K [01;35m[Kwarning: [m[Kthis ‘[01m[Kif[m[K’ clause does not guard... [[01;35m[K-Wmisleading-indentation[m[K]
   64 |    [01;35m[Kif[m[K(i2<0) i2=0; if(i2>=n) i2=n-1;
      |    [01;35m[K^~[m[K
[01m[K/home/projects/localization_ws/src/csm/sm/apps/ld_smooth.c:64:19:[m[K [01;36m[Knote: [m[K...this statement, but the latter is misleadingly indented as if it were guarded by the ‘[01m[Kif[m[K’
   64 |    if(i2<0) i2=0; [01;36m[Kif[m[K(i2>=n) i2=n-1;
      |                   [01;36m[K^~[m[K
[01m[K/home/projects/localization_ws/src/csm/sm/apps/ld_remove_doubles.c:[m[K In function ‘[01m[Kmain[m[K’:
[01m[K/home/projects/localization_ws/src/csm/sm/apps/ld_remove_doubles.c:25:2:[m[K [01;35m[Kwarning: [m[K‘[01m[Kdebug[m[K’ may be used uninitialized in this function [[01;35m[K-Wmaybe-uninitialized[m[K]
   25 |  [01;35m[Ksm_debug_write(debug)[m[K;
      |  [01;35m[K^~~~~~~~~~~~~~~~~~~~~[m[K
