[0.090s] Invoking command in '/home/projects/sensor2_ws/src/vesc/build/vesc_driver': AMENT_PREFIX_PATH=/home/projects/sensor2_ws/src/vesc/install/vesc_msgs:${AMENT_PREFIX_PATH} CMAKE_PREFIX_PATH=/home/projects/sensor2_ws/src/vesc/install/vesc_msgs:/home/projects/sensor2_ws/src/lidars/ld06/ros2/install/ldlidar:/home/projects/ros2_ws/install/ucsd_robocar_sensor2_pkg:/home/projects/ros2_ws/install/ucsd_robocar_path2_pkg:/home/projects/ros2_ws/install/ucsd_robocar_nav2_pkg:/home/projects/ros2_ws/install/ucsd_robocar_lane_detection2_pkg:/home/projects/ros2_ws/install/ucsd_robocar_control2_pkg:/home/projects/ros2_ws/install/ucsd_robocar_actuator2_pkg:/home/projects/rosboard_ws/install/rosboard:/home/projects/sensor2_ws/src/imu/artemis_openlog/install/razor_imu_9dof:/opt/ros/foxy LD_LIBRARY_PATH=/home/projects/sensor2_ws/src/vesc/install/vesc_msgs/lib:${LD_LIBRARY_PATH} PYTHONPATH=/home/projects/sensor2_ws/src/vesc/install/vesc_msgs/lib/python3.8/site-packages:${PYTHONPATH} /usr/bin/cmake /home/projects/sensor2_ws/src/vesc/src/vesc/vesc_driver -DCMAKE_INSTALL_PREFIX=/home/projects/sensor2_ws/src/vesc/install/vesc_driver
[0.360s] -- The C compiler identification is GNU 9.3.0
[0.639s] -- The CXX compiler identification is GNU 9.3.0
[0.667s] -- Check for working C compiler: /usr/bin/cc
[0.965s] -- Check for working C compiler: /usr/bin/cc -- works
[0.971s] -- Detecting C compiler ABI info
[1.410s] -- Detecting C compiler ABI info - done
[1.469s] -- Detecting C compile features
[1.471s] -- Detecting C compile features - done
[1.483s] -- Check for working CXX compiler: /usr/bin/c++
[1.808s] -- Check for working CXX compiler: /usr/bin/c++ -- works
[1.813s] -- Detecting CXX compiler ABI info
[2.154s] -- Detecting CXX compiler ABI info - done
[2.214s] -- Detecting CXX compile features
[2.216s] -- Detecting CXX compile features - done
[2.233s] -- Found ament_cmake_auto: 0.9.9 (/opt/ros/foxy/share/ament_cmake_auto/cmake)
[2.383s] -- Found PythonInterp: /usr/bin/python3 (found suitable version "3.8.10", minimum required is "3") 
[2.389s] -- Using PYTHON_EXECUTABLE: /usr/bin/python3
[4.031s] -- Using all available rosidl_typesupport_c: rosidl_typesupport_fastrtps_c;rosidl_typesupport_introspection_c
[4.077s] -- Found rosidl_adapter: 1.2.1 (/opt/ros/foxy/share/rosidl_adapter/cmake)
[4.462s] -- Found OpenSSL: /usr/lib/aarch64-linux-gnu/libcrypto.so (found version "1.1.1f")  
[4.612s] -- Found FastRTPS: /opt/ros/foxy/include  
[5.029s] -- Using all available rosidl_typesupport_cpp: rosidl_typesupport_fastrtps_cpp;rosidl_typesupport_introspection_cpp
[5.323s] -- Found rmw_implementation_cmake: 1.0.3 (/opt/ros/foxy/share/rmw_implementation_cmake/cmake)
[5.331s] -- Using RMW implementation 'rmw_fastrtps_cpp' as default
[5.335s] -- Looking for pthread.h
[5.624s] -- Looking for pthread.h - found
[5.625s] -- Performing Test CMAKE_HAVE_LIBC_PTHREAD
[5.918s] -- Performing Test CMAKE_HAVE_LIBC_PTHREAD - Failed
[5.919s] -- Looking for pthread_create in pthreads
[6.160s] -- Looking for pthread_create in pthreads - not found
[6.160s] -- Looking for pthread_create in pthread
[6.445s] -- Looking for pthread_create in pthread - found
[6.451s] -- Found Threads: TRUE  
[9.949s] -- Found ament_lint_auto: 0.9.6 (/opt/ros/foxy/share/ament_lint_auto/cmake)
[10.092s] -- Added test 'copyright' to check source files copyright and LICENSE
[10.099s] -- Added test 'cppcheck' to perform static code analysis on C / C++ code
[10.101s] -- Configured cppcheck include dirs: /home/projects/sensor2_ws/src/vesc/src/vesc/vesc_driver/include
[10.101s] -- Configured cppcheck exclude dirs and/or files: 
[10.107s] -- Added test 'cpplint' to check C / C++ code against the Google style
[10.107s] -- Configured cpplint exclude dirs and/or files: 
[10.111s] -- Added test 'flake8' to check Python code syntax and style conventions
[10.115s] -- Added test 'lint_cmake' to check CMake code style
[10.118s] -- Added test 'pep257' to check Python code against some of the style conventions in PEP 257
[10.124s] -- Added test 'uncrustify' to check C / C++ code style
[10.125s] -- Configured uncrustify additional arguments: 
[10.127s] -- Added test 'xmllint' to check XML markup files
[10.157s] -- Configuring done
[10.412s] -- Generating done
[10.422s] -- Build files have been written to: /home/projects/sensor2_ws/src/vesc/build/vesc_driver
[10.461s] Invoked command in '/home/projects/sensor2_ws/src/vesc/build/vesc_driver' returned '0': AMENT_PREFIX_PATH=/home/projects/sensor2_ws/src/vesc/install/vesc_msgs:${AMENT_PREFIX_PATH} CMAKE_PREFIX_PATH=/home/projects/sensor2_ws/src/vesc/install/vesc_msgs:/home/projects/sensor2_ws/src/lidars/ld06/ros2/install/ldlidar:/home/projects/ros2_ws/install/ucsd_robocar_sensor2_pkg:/home/projects/ros2_ws/install/ucsd_robocar_path2_pkg:/home/projects/ros2_ws/install/ucsd_robocar_nav2_pkg:/home/projects/ros2_ws/install/ucsd_robocar_lane_detection2_pkg:/home/projects/ros2_ws/install/ucsd_robocar_control2_pkg:/home/projects/ros2_ws/install/ucsd_robocar_actuator2_pkg:/home/projects/rosboard_ws/install/rosboard:/home/projects/sensor2_ws/src/imu/artemis_openlog/install/razor_imu_9dof:/opt/ros/foxy LD_LIBRARY_PATH=/home/projects/sensor2_ws/src/vesc/install/vesc_msgs/lib:${LD_LIBRARY_PATH} PYTHONPATH=/home/projects/sensor2_ws/src/vesc/install/vesc_msgs/lib/python3.8/site-packages:${PYTHONPATH} /usr/bin/cmake /home/projects/sensor2_ws/src/vesc/src/vesc/vesc_driver -DCMAKE_INSTALL_PREFIX=/home/projects/sensor2_ws/src/vesc/install/vesc_driver
[10.473s] Invoking command in '/home/projects/sensor2_ws/src/vesc/build/vesc_driver': AMENT_PREFIX_PATH=/home/projects/sensor2_ws/src/vesc/install/vesc_msgs:${AMENT_PREFIX_PATH} CMAKE_PREFIX_PATH=/home/projects/sensor2_ws/src/vesc/install/vesc_msgs:/home/projects/sensor2_ws/src/lidars/ld06/ros2/install/ldlidar:/home/projects/ros2_ws/install/ucsd_robocar_sensor2_pkg:/home/projects/ros2_ws/install/ucsd_robocar_path2_pkg:/home/projects/ros2_ws/install/ucsd_robocar_nav2_pkg:/home/projects/ros2_ws/install/ucsd_robocar_lane_detection2_pkg:/home/projects/ros2_ws/install/ucsd_robocar_control2_pkg:/home/projects/ros2_ws/install/ucsd_robocar_actuator2_pkg:/home/projects/rosboard_ws/install/rosboard:/home/projects/sensor2_ws/src/imu/artemis_openlog/install/razor_imu_9dof:/opt/ros/foxy LD_LIBRARY_PATH=/home/projects/sensor2_ws/src/vesc/install/vesc_msgs/lib:${LD_LIBRARY_PATH} PYTHONPATH=/home/projects/sensor2_ws/src/vesc/install/vesc_msgs/lib/python3.8/site-packages:${PYTHONPATH} /usr/bin/cmake --build /home/projects/sensor2_ws/src/vesc/build/vesc_driver -- -j6 -l6
[10.715s] [35m[1mScanning dependencies of target vesc_driver_node[0m
[10.750s] [35m[1mScanning dependencies of target vesc_driver[0m
[10.941s] [ 10%] [32mBuilding CXX object CMakeFiles/vesc_driver_node.dir/rclcpp_components/node_main_vesc_driver_node.cpp.o[0m
[11.374s] [ 20%] [32mBuilding CXX object CMakeFiles/vesc_driver.dir/src/vesc_driver.cpp.o[0m
[11.380s] [ 30%] [32mBuilding CXX object CMakeFiles/vesc_driver.dir/src/vesc_interface.cpp.o[0m
[11.400s] [ 40%] [32mBuilding CXX object CMakeFiles/vesc_driver.dir/src/vesc_packet.cpp.o[0m
[11.421s] [ 50%] [32mBuilding CXX object CMakeFiles/vesc_driver.dir/src/vesc_packet_factory.cpp.o[0m
[25.850s] [ 60%] [32m[1mLinking CXX executable vesc_driver_node[0m
[26.374s] [ 60%] Built target vesc_driver_node
[45.915s] [ 70%] [32m[1mLinking CXX shared library libvesc_driver.so[0m
[47.828s] [ 70%] Built target vesc_driver
[47.868s] [35m[1mScanning dependencies of target vesc_device_namer[0m
[47.918s] [ 80%] [32mBuilding CXX object CMakeFiles/vesc_device_namer.dir/src/vesc_device_namer.cpp.o[0m
[47.921s] [ 90%] [32mBuilding CXX object CMakeFiles/vesc_device_namer.dir/src/vesc_device_uuid_lookup.cpp.o[0m
[50.604s] [100%] [32m[1mLinking CXX executable vesc_device_namer[0m
[51.440s] [100%] Built target vesc_device_namer
[51.481s] Invoked command in '/home/projects/sensor2_ws/src/vesc/build/vesc_driver' returned '0': AMENT_PREFIX_PATH=/home/projects/sensor2_ws/src/vesc/install/vesc_msgs:${AMENT_PREFIX_PATH} CMAKE_PREFIX_PATH=/home/projects/sensor2_ws/src/vesc/install/vesc_msgs:/home/projects/sensor2_ws/src/lidars/ld06/ros2/install/ldlidar:/home/projects/ros2_ws/install/ucsd_robocar_sensor2_pkg:/home/projects/ros2_ws/install/ucsd_robocar_path2_pkg:/home/projects/ros2_ws/install/ucsd_robocar_nav2_pkg:/home/projects/ros2_ws/install/ucsd_robocar_lane_detection2_pkg:/home/projects/ros2_ws/install/ucsd_robocar_control2_pkg:/home/projects/ros2_ws/install/ucsd_robocar_actuator2_pkg:/home/projects/rosboard_ws/install/rosboard:/home/projects/sensor2_ws/src/imu/artemis_openlog/install/razor_imu_9dof:/opt/ros/foxy LD_LIBRARY_PATH=/home/projects/sensor2_ws/src/vesc/install/vesc_msgs/lib:${LD_LIBRARY_PATH} PYTHONPATH=/home/projects/sensor2_ws/src/vesc/install/vesc_msgs/lib/python3.8/site-packages:${PYTHONPATH} /usr/bin/cmake --build /home/projects/sensor2_ws/src/vesc/build/vesc_driver -- -j6 -l6
[51.636s] Invoking command in '/home/projects/sensor2_ws/src/vesc/build/vesc_driver': AMENT_PREFIX_PATH=/home/projects/sensor2_ws/src/vesc/install/vesc_msgs:${AMENT_PREFIX_PATH} CMAKE_PREFIX_PATH=/home/projects/sensor2_ws/src/vesc/install/vesc_msgs:/home/projects/sensor2_ws/src/lidars/ld06/ros2/install/ldlidar:/home/projects/ros2_ws/install/ucsd_robocar_sensor2_pkg:/home/projects/ros2_ws/install/ucsd_robocar_path2_pkg:/home/projects/ros2_ws/install/ucsd_robocar_nav2_pkg:/home/projects/ros2_ws/install/ucsd_robocar_lane_detection2_pkg:/home/projects/ros2_ws/install/ucsd_robocar_control2_pkg:/home/projects/ros2_ws/install/ucsd_robocar_actuator2_pkg:/home/projects/rosboard_ws/install/rosboard:/home/projects/sensor2_ws/src/imu/artemis_openlog/install/razor_imu_9dof:/opt/ros/foxy LD_LIBRARY_PATH=/home/projects/sensor2_ws/src/vesc/install/vesc_msgs/lib:${LD_LIBRARY_PATH} PYTHONPATH=/home/projects/sensor2_ws/src/vesc/install/vesc_msgs/lib/python3.8/site-packages:${PYTHONPATH} /usr/bin/cmake --install /home/projects/sensor2_ws/src/vesc/build/vesc_driver
[51.670s] -- Install configuration: ""
[51.671s] -- Installing: /home/projects/sensor2_ws/src/vesc/install/vesc_driver/lib/vesc_driver/vesc_driver_node
[51.675s] -- Set runtime path of "/home/projects/sensor2_ws/src/vesc/install/vesc_driver/lib/vesc_driver/vesc_driver_node" to ""
[51.676s] -- Installing: /home/projects/sensor2_ws/src/vesc/install/vesc_driver/include
[51.677s] -- Installing: /home/projects/sensor2_ws/src/vesc/install/vesc_driver/include/vesc_driver
[51.677s] -- Installing: /home/projects/sensor2_ws/src/vesc/install/vesc_driver/include/vesc_driver/vesc_device_uuid_lookup.hpp
[51.678s] -- Installing: /home/projects/sensor2_ws/src/vesc/install/vesc_driver/include/vesc_driver/vesc_packet.hpp
[51.679s] -- Installing: /home/projects/sensor2_ws/src/vesc/install/vesc_driver/include/vesc_driver/vesc_interface.hpp
[51.679s] -- Installing: /home/projects/sensor2_ws/src/vesc/install/vesc_driver/include/vesc_driver/vesc_packet_factory.hpp
[51.680s] -- Installing: /home/projects/sensor2_ws/src/vesc/install/vesc_driver/include/vesc_driver/datatypes.hpp
[51.680s] -- Installing: /home/projects/sensor2_ws/src/vesc/install/vesc_driver/include/vesc_driver/crc.hpp
[51.681s] -- Installing: /home/projects/sensor2_ws/src/vesc/install/vesc_driver/include/vesc_driver/vesc_driver.hpp
[51.682s] -- Installing: /home/projects/sensor2_ws/src/vesc/install/vesc_driver/share/vesc_driver/environment/library_path.sh
[51.682s] -- Installing: /home/projects/sensor2_ws/src/vesc/install/vesc_driver/share/vesc_driver/environment/library_path.dsv
[51.682s] -- Installing: /home/projects/sensor2_ws/src/vesc/install/vesc_driver/lib/libvesc_driver.so
[51.712s] -- Set runtime path of "/home/projects/sensor2_ws/src/vesc/install/vesc_driver/lib/libvesc_driver.so" to ""
[51.713s] -- Installing: /home/projects/sensor2_ws/src/vesc/install/vesc_driver/lib/vesc_driver/vesc_device_namer
[51.715s] -- Set runtime path of "/home/projects/sensor2_ws/src/vesc/install/vesc_driver/lib/vesc_driver/vesc_device_namer" to ""
[51.715s] -- Installing: /home/projects/sensor2_ws/src/vesc/install/vesc_driver/share/vesc_driver/launch
[51.716s] -- Installing: /home/projects/sensor2_ws/src/vesc/install/vesc_driver/share/vesc_driver/launch/vesc_driver_node.launch.py
[51.717s] -- Installing: /home/projects/sensor2_ws/src/vesc/install/vesc_driver/share/vesc_driver/params
[51.717s] -- Installing: /home/projects/sensor2_ws/src/vesc/install/vesc_driver/share/vesc_driver/params/vesc_config.yaml
[51.718s] -- Installing: /home/projects/sensor2_ws/src/vesc/install/vesc_driver/share/ament_index/resource_index/package_run_dependencies/vesc_driver
[51.718s] -- Installing: /home/projects/sensor2_ws/src/vesc/install/vesc_driver/share/ament_index/resource_index/parent_prefix_path/vesc_driver
[51.718s] -- Installing: /home/projects/sensor2_ws/src/vesc/install/vesc_driver/share/vesc_driver/environment/ament_prefix_path.sh
[51.719s] -- Installing: /home/projects/sensor2_ws/src/vesc/install/vesc_driver/share/vesc_driver/environment/ament_prefix_path.dsv
[51.720s] -- Installing: /home/projects/sensor2_ws/src/vesc/install/vesc_driver/share/vesc_driver/environment/path.sh
[51.722s] -- Installing: /home/projects/sensor2_ws/src/vesc/install/vesc_driver/share/vesc_driver/environment/path.dsv
[51.723s] -- Installing: /home/projects/sensor2_ws/src/vesc/install/vesc_driver/share/vesc_driver/local_setup.bash
[51.723s] -- Installing: /home/projects/sensor2_ws/src/vesc/install/vesc_driver/share/vesc_driver/local_setup.sh
[51.724s] -- Installing: /home/projects/sensor2_ws/src/vesc/install/vesc_driver/share/vesc_driver/local_setup.zsh
[51.725s] -- Installing: /home/projects/sensor2_ws/src/vesc/install/vesc_driver/share/vesc_driver/local_setup.dsv
[51.725s] -- Installing: /home/projects/sensor2_ws/src/vesc/install/vesc_driver/share/vesc_driver/package.dsv
[51.725s] -- Installing: /home/projects/sensor2_ws/src/vesc/install/vesc_driver/share/ament_index/resource_index/packages/vesc_driver
[51.726s] -- Installing: /home/projects/sensor2_ws/src/vesc/install/vesc_driver/share/ament_index/resource_index/rclcpp_components/vesc_driver
[51.726s] -- Installing: /home/projects/sensor2_ws/src/vesc/install/vesc_driver/share/vesc_driver/cmake/ament_cmake_export_dependencies-extras.cmake
[51.726s] -- Installing: /home/projects/sensor2_ws/src/vesc/install/vesc_driver/share/vesc_driver/cmake/ament_cmake_export_include_directories-extras.cmake
[51.727s] -- Installing: /home/projects/sensor2_ws/src/vesc/install/vesc_driver/share/vesc_driver/cmake/ament_cmake_export_libraries-extras.cmake
[51.727s] -- Installing: /home/projects/sensor2_ws/src/vesc/install/vesc_driver/share/vesc_driver/cmake/vesc_driverConfig.cmake
[51.728s] -- Installing: /home/projects/sensor2_ws/src/vesc/install/vesc_driver/share/vesc_driver/cmake/vesc_driverConfig-version.cmake
[51.728s] -- Installing: /home/projects/sensor2_ws/src/vesc/install/vesc_driver/share/vesc_driver/package.xml
[51.743s] Invoked command in '/home/projects/sensor2_ws/src/vesc/build/vesc_driver' returned '0': AMENT_PREFIX_PATH=/home/projects/sensor2_ws/src/vesc/install/vesc_msgs:${AMENT_PREFIX_PATH} CMAKE_PREFIX_PATH=/home/projects/sensor2_ws/src/vesc/install/vesc_msgs:/home/projects/sensor2_ws/src/lidars/ld06/ros2/install/ldlidar:/home/projects/ros2_ws/install/ucsd_robocar_sensor2_pkg:/home/projects/ros2_ws/install/ucsd_robocar_path2_pkg:/home/projects/ros2_ws/install/ucsd_robocar_nav2_pkg:/home/projects/ros2_ws/install/ucsd_robocar_lane_detection2_pkg:/home/projects/ros2_ws/install/ucsd_robocar_control2_pkg:/home/projects/ros2_ws/install/ucsd_robocar_actuator2_pkg:/home/projects/rosboard_ws/install/rosboard:/home/projects/sensor2_ws/src/imu/artemis_openlog/install/razor_imu_9dof:/opt/ros/foxy LD_LIBRARY_PATH=/home/projects/sensor2_ws/src/vesc/install/vesc_msgs/lib:${LD_LIBRARY_PATH} PYTHONPATH=/home/projects/sensor2_ws/src/vesc/install/vesc_msgs/lib/python3.8/site-packages:${PYTHONPATH} /usr/bin/cmake --install /home/projects/sensor2_ws/src/vesc/build/vesc_driver
