[4.693s] Invoking command in '/home/projects/sensor2_ws/src/vesc/src/teleop_tools/mouse_teleop': PYTHONPATH=/home/projects/sensor2_ws/src/vesc/install/mouse_teleop/lib/python3.8/site-packages:${PYTHONPATH} /usr/bin/python3 setup.py egg_info --egg-base ../../../build/mouse_teleop build --build-base /home/projects/sensor2_ws/src/vesc/build/mouse_teleop/build install --prefix /home/projects/sensor2_ws/src/vesc/install/mouse_teleop --record /home/projects/sensor2_ws/src/vesc/build/mouse_teleop/install.log --single-version-externally-managed
[5.836s] running egg_info
[5.839s] creating ../../../build/mouse_teleop/mouse_teleop.egg-info
[5.840s] writing ../../../build/mouse_teleop/mouse_teleop.egg-info/PKG-INFO
[5.841s] writing dependency_links to ../../../build/mouse_teleop/mouse_teleop.egg-info/dependency_links.txt
[5.842s] writing entry points to ../../../build/mouse_teleop/mouse_teleop.egg-info/entry_points.txt
[5.843s] writing requirements to ../../../build/mouse_teleop/mouse_teleop.egg-info/requires.txt
[5.843s] writing top-level names to ../../../build/mouse_teleop/mouse_teleop.egg-info/top_level.txt
[5.848s] writing manifest file '../../../build/mouse_teleop/mouse_teleop.egg-info/SOURCES.txt'
[6.012s] reading manifest file '../../../build/mouse_teleop/mouse_teleop.egg-info/SOURCES.txt'
[6.017s] writing manifest file '../../../build/mouse_teleop/mouse_teleop.egg-info/SOURCES.txt'
[6.018s] running build
[6.018s] running build_py
[6.019s] creating /home/projects/sensor2_ws/src/vesc/build/mouse_teleop/build
[6.019s] creating /home/projects/sensor2_ws/src/vesc/build/mouse_teleop/build/lib
[6.019s] creating /home/projects/sensor2_ws/src/vesc/build/mouse_teleop/build/lib/mouse_teleop
[6.020s] copying mouse_teleop/mouse_teleop.py -> /home/projects/sensor2_ws/src/vesc/build/mouse_teleop/build/lib/mouse_teleop
[6.020s] copying mouse_teleop/__init__.py -> /home/projects/sensor2_ws/src/vesc/build/mouse_teleop/build/lib/mouse_teleop
[6.021s] running install
[6.023s] running install_lib
[6.027s] creating /home/projects/sensor2_ws/src/vesc/install/mouse_teleop/lib/python3.8/site-packages/mouse_teleop
[6.028s] copying /home/projects/sensor2_ws/src/vesc/build/mouse_teleop/build/lib/mouse_teleop/mouse_teleop.py -> /home/projects/sensor2_ws/src/vesc/install/mouse_teleop/lib/python3.8/site-packages/mouse_teleop
[6.029s] copying /home/projects/sensor2_ws/src/vesc/build/mouse_teleop/build/lib/mouse_teleop/__init__.py -> /home/projects/sensor2_ws/src/vesc/install/mouse_teleop/lib/python3.8/site-packages/mouse_teleop
[6.030s] byte-compiling /home/projects/sensor2_ws/src/vesc/install/mouse_teleop/lib/python3.8/site-packages/mouse_teleop/mouse_teleop.py to mouse_teleop.cpython-38.pyc
[6.042s] byte-compiling /home/projects/sensor2_ws/src/vesc/install/mouse_teleop/lib/python3.8/site-packages/mouse_teleop/__init__.py to __init__.cpython-38.pyc
[6.043s] running install_data
[6.045s] copying package.xml -> /home/projects/sensor2_ws/src/vesc/install/mouse_teleop/share/mouse_teleop
[6.046s] creating /home/projects/sensor2_ws/src/vesc/install/mouse_teleop/share/mouse_teleop/config
[6.047s] copying config/mouse_teleop.yaml -> /home/projects/sensor2_ws/src/vesc/install/mouse_teleop/share/mouse_teleop/config
[6.048s] creating /home/projects/sensor2_ws/src/vesc/install/mouse_teleop/share/mouse_teleop/launch
[6.048s] copying launch/mouse_teleop.launch.py -> /home/projects/sensor2_ws/src/vesc/install/mouse_teleop/share/mouse_teleop/launch
[6.048s] creating /home/projects/sensor2_ws/src/vesc/install/mouse_teleop/share/ament_index
[6.049s] creating /home/projects/sensor2_ws/src/vesc/install/mouse_teleop/share/ament_index/resource_index
[6.049s] creating /home/projects/sensor2_ws/src/vesc/install/mouse_teleop/share/ament_index/resource_index/packages
[6.049s] copying resource/mouse_teleop -> /home/projects/sensor2_ws/src/vesc/install/mouse_teleop/share/ament_index/resource_index/packages
[6.050s] running install_egg_info
[6.055s] Copying ../../../build/mouse_teleop/mouse_teleop.egg-info to /home/projects/sensor2_ws/src/vesc/install/mouse_teleop/lib/python3.8/site-packages/mouse_teleop-0.3.0-py3.8.egg-info
[6.061s] running install_scripts
[6.144s] Installing mouse_teleop script to /home/projects/sensor2_ws/src/vesc/install/mouse_teleop/lib/mouse_teleop
[6.145s] writing list of installed files to '/home/projects/sensor2_ws/src/vesc/build/mouse_teleop/install.log'
[6.268s] Invoked command in '/home/projects/sensor2_ws/src/vesc/src/teleop_tools/mouse_teleop' returned '0': PYTHONPATH=/home/projects/sensor2_ws/src/vesc/install/mouse_teleop/lib/python3.8/site-packages:${PYTHONPATH} /usr/bin/python3 setup.py egg_info --egg-base ../../../build/mouse_teleop build --build-base /home/projects/sensor2_ws/src/vesc/build/mouse_teleop/build install --prefix /home/projects/sensor2_ws/src/vesc/install/mouse_teleop --record /home/projects/sensor2_ws/src/vesc/build/mouse_teleop/install.log --single-version-externally-managed
