[0.877s] DEBUG:colcon:Command line arguments: ['/usr/bin/colcon', 'build']
[0.878s] DEBUG:colcon:Parsed command line arguments: Namespace(ament_cmake_args=None, base_paths=['.'], build_base='build', catkin_cmake_args=None, catkin_skip_building_tests=False, cmake_args=None, cmake_clean_cache=False, cmake_clean_first=False, cmake_force_configure=False, cmake_target=None, cmake_target_skip_unavailable=False, continue_on_error=False, event_handlers=None, executor='parallel', ignore_user_meta=False, install_base='install', log_base=None, log_level=None, main=<bound method BuildVerb.main of <colcon_core.verb.build.BuildVerb object at 0x7f9f7a2b50>>, merge_install=False, metas=['./colcon.meta'], mixin=None, mixin_files=None, mixin_verb=('build',), packages_above=None, packages_above_and_dependencies=None, packages_above_depth=None, packages_end=None, packages_ignore=None, packages_ignore_regex=None, packages_select=None, packages_select_build_failed=False, packages_select_by_dep=None, packages_select_regex=None, packages_select_test_failures=False, packages_skip=None, packages_skip_build_finished=False, packages_skip_by_dep=None, packages_skip_regex=None, packages_skip_test_passed=False, packages_skip_up_to=None, packages_start=None, packages_up_to=None, packages_up_to_regex=None, parallel_workers=8, paths=None, symlink_install=False, test_result_base=None, verb_extension=<colcon_core.verb.build.BuildVerb object at 0x7f9f7a2b50>, verb_name='build', verb_parser=<colcon_mixin.mixin.mixin_argument.MixinArgumentDecorator object at 0x7f9f72d160>)
[0.894s] Level 1:colcon.colcon_core.package_discovery:discover_packages(colcon_meta) check parameters
[0.896s] INFO:colcon.colcon_metadata.package_discovery.colcon_meta:Using configuration from '/root/.colcon/metadata/default/Gazebo.meta'
[0.898s] INFO:colcon.colcon_metadata.package_discovery.colcon_meta:Using configuration from '/root/.colcon/metadata/default/fastrtps.meta'
[0.898s] Level 1:colcon.colcon_core.package_discovery:discover_packages(recursive) check parameters
[0.898s] Level 1:colcon.colcon_core.package_discovery:discover_packages(ignore) check parameters
[0.898s] Level 1:colcon.colcon_core.package_discovery:discover_packages(path) check parameters
[0.898s] Level 1:colcon.colcon_core.package_discovery:discover_packages(colcon_meta) discover
[0.898s] Level 1:colcon.colcon_core.package_discovery:discover_packages(recursive) discover
[0.898s] INFO:colcon.colcon_core.package_discovery:Crawling recursively for packages in '/home/projects/sensor_ws/src/lidars/livox'
[0.899s] Level 1:colcon.colcon_core.package_identification:_identify(.) by extensions ['ignore', 'ignore_ament_install']
[0.899s] Level 1:colcon.colcon_core.package_identification:_identify(.) by extension 'ignore'
[0.899s] Level 1:colcon.colcon_core.package_identification:_identify(.) by extension 'ignore_ament_install'
[0.899s] Level 1:colcon.colcon_core.package_identification:_identify(.) by extensions ['colcon_pkg']
[0.900s] Level 1:colcon.colcon_core.package_identification:_identify(.) by extension 'colcon_pkg'
[0.900s] Level 1:colcon.colcon_core.package_identification:_identify(.) by extensions ['colcon_meta']
[0.900s] Level 1:colcon.colcon_core.package_identification:_identify(.) by extension 'colcon_meta'
[0.900s] Level 1:colcon.colcon_core.package_identification:_identify(.) by extensions ['ros']
[0.900s] Level 1:colcon.colcon_core.package_identification:_identify(.) by extension 'ros'
[0.938s] Level 1:colcon.colcon_core.package_identification:_identify(.) by extensions ['cmake', 'python']
[0.938s] Level 1:colcon.colcon_core.package_identification:_identify(.) by extension 'cmake'
[0.939s] Level 1:colcon.colcon_core.package_identification:_identify(.) by extension 'python'
[0.939s] Level 1:colcon.colcon_core.package_identification:_identify(.) by extensions ['python_setup_py']
[0.939s] Level 1:colcon.colcon_core.package_identification:_identify(.) by extension 'python_setup_py'
[0.939s] Level 1:colcon.colcon_core.package_identification:_identify(build) by extensions ['ignore', 'ignore_ament_install']
[0.939s] Level 1:colcon.colcon_core.package_identification:_identify(build) by extension 'ignore'
[0.940s] Level 1:colcon.colcon_core.package_identification:_identify(build) ignored
[0.940s] Level 1:colcon.colcon_core.package_identification:_identify(install) by extensions ['ignore', 'ignore_ament_install']
[0.940s] Level 1:colcon.colcon_core.package_identification:_identify(install) by extension 'ignore'
[0.941s] Level 1:colcon.colcon_core.package_identification:_identify(install) ignored
[0.941s] Level 1:colcon.colcon_core.package_identification:_identify(log) by extensions ['ignore', 'ignore_ament_install']
[0.941s] Level 1:colcon.colcon_core.package_identification:_identify(log) by extension 'ignore'
[0.941s] Level 1:colcon.colcon_core.package_identification:_identify(log) ignored
[0.942s] Level 1:colcon.colcon_core.package_identification:_identify(src) by extensions ['ignore', 'ignore_ament_install']
[0.942s] Level 1:colcon.colcon_core.package_identification:_identify(src) by extension 'ignore'
[0.942s] Level 1:colcon.colcon_core.package_identification:_identify(src) by extension 'ignore_ament_install'
[0.942s] Level 1:colcon.colcon_core.package_identification:_identify(src) by extensions ['colcon_pkg']
[0.943s] Level 1:colcon.colcon_core.package_identification:_identify(src) by extension 'colcon_pkg'
[0.943s] Level 1:colcon.colcon_core.package_identification:_identify(src) by extensions ['colcon_meta']
[0.943s] Level 1:colcon.colcon_core.package_identification:_identify(src) by extension 'colcon_meta'
[0.943s] Level 1:colcon.colcon_core.package_identification:_identify(src) by extensions ['ros']
[0.943s] Level 1:colcon.colcon_core.package_identification:_identify(src) by extension 'ros'
[0.943s] Level 1:colcon.colcon_core.package_identification:_identify(src) by extensions ['cmake', 'python']
[0.944s] Level 1:colcon.colcon_core.package_identification:_identify(src) by extension 'cmake'
[0.944s] Level 1:colcon.colcon_core.package_identification:_identify(src) by extension 'python'
[0.944s] Level 1:colcon.colcon_core.package_identification:_identify(src) by extensions ['python_setup_py']
[0.944s] Level 1:colcon.colcon_core.package_identification:_identify(src) by extension 'python_setup_py'
[0.944s] Level 1:colcon.colcon_core.package_identification:_identify(src/livox_ros2_driver) by extensions ['ignore', 'ignore_ament_install']
[0.945s] Level 1:colcon.colcon_core.package_identification:_identify(src/livox_ros2_driver) by extension 'ignore'
[0.945s] Level 1:colcon.colcon_core.package_identification:_identify(src/livox_ros2_driver) by extension 'ignore_ament_install'
[0.945s] Level 1:colcon.colcon_core.package_identification:_identify(src/livox_ros2_driver) by extensions ['colcon_pkg']
[0.945s] Level 1:colcon.colcon_core.package_identification:_identify(src/livox_ros2_driver) by extension 'colcon_pkg'
[0.945s] Level 1:colcon.colcon_core.package_identification:_identify(src/livox_ros2_driver) by extensions ['colcon_meta']
[0.945s] Level 1:colcon.colcon_core.package_identification:_identify(src/livox_ros2_driver) by extension 'colcon_meta'
[0.945s] Level 1:colcon.colcon_core.package_identification:_identify(src/livox_ros2_driver) by extensions ['ros']
[0.946s] Level 1:colcon.colcon_core.package_identification:_identify(src/livox_ros2_driver) by extension 'ros'
[0.946s] Level 1:colcon.colcon_core.package_identification:_identify(src/livox_ros2_driver) by extensions ['cmake', 'python']
[0.946s] Level 1:colcon.colcon_core.package_identification:_identify(src/livox_ros2_driver) by extension 'cmake'
[0.946s] Level 1:colcon.colcon_core.package_identification:_identify(src/livox_ros2_driver) by extension 'python'
[0.946s] Level 1:colcon.colcon_core.package_identification:_identify(src/livox_ros2_driver) by extensions ['python_setup_py']
[0.946s] Level 1:colcon.colcon_core.package_identification:_identify(src/livox_ros2_driver) by extension 'python_setup_py'
[0.947s] Level 1:colcon.colcon_core.package_identification:_identify(src/livox_ros2_driver/images) by extensions ['ignore', 'ignore_ament_install']
[0.947s] Level 1:colcon.colcon_core.package_identification:_identify(src/livox_ros2_driver/images) by extension 'ignore'
[0.947s] Level 1:colcon.colcon_core.package_identification:_identify(src/livox_ros2_driver/images) by extension 'ignore_ament_install'
[0.947s] Level 1:colcon.colcon_core.package_identification:_identify(src/livox_ros2_driver/images) by extensions ['colcon_pkg']
[0.947s] Level 1:colcon.colcon_core.package_identification:_identify(src/livox_ros2_driver/images) by extension 'colcon_pkg'
[0.947s] Level 1:colcon.colcon_core.package_identification:_identify(src/livox_ros2_driver/images) by extensions ['colcon_meta']
[0.948s] Level 1:colcon.colcon_core.package_identification:_identify(src/livox_ros2_driver/images) by extension 'colcon_meta'
[0.948s] Level 1:colcon.colcon_core.package_identification:_identify(src/livox_ros2_driver/images) by extensions ['ros']
[0.948s] Level 1:colcon.colcon_core.package_identification:_identify(src/livox_ros2_driver/images) by extension 'ros'
[0.948s] Level 1:colcon.colcon_core.package_identification:_identify(src/livox_ros2_driver/images) by extensions ['cmake', 'python']
[0.948s] Level 1:colcon.colcon_core.package_identification:_identify(src/livox_ros2_driver/images) by extension 'cmake'
[0.948s] Level 1:colcon.colcon_core.package_identification:_identify(src/livox_ros2_driver/images) by extension 'python'
[0.948s] Level 1:colcon.colcon_core.package_identification:_identify(src/livox_ros2_driver/images) by extensions ['python_setup_py']
[0.949s] Level 1:colcon.colcon_core.package_identification:_identify(src/livox_ros2_driver/images) by extension 'python_setup_py'
[0.949s] Level 1:colcon.colcon_core.package_identification:_identify(src/livox_ros2_driver/livox_interfaces) by extensions ['ignore', 'ignore_ament_install']
[0.949s] Level 1:colcon.colcon_core.package_identification:_identify(src/livox_ros2_driver/livox_interfaces) by extension 'ignore'
[0.949s] Level 1:colcon.colcon_core.package_identification:_identify(src/livox_ros2_driver/livox_interfaces) by extension 'ignore_ament_install'
[0.949s] Level 1:colcon.colcon_core.package_identification:_identify(src/livox_ros2_driver/livox_interfaces) by extensions ['colcon_pkg']
[0.950s] Level 1:colcon.colcon_core.package_identification:_identify(src/livox_ros2_driver/livox_interfaces) by extension 'colcon_pkg'
[0.950s] Level 1:colcon.colcon_core.package_identification:_identify(src/livox_ros2_driver/livox_interfaces) by extensions ['colcon_meta']
[0.950s] Level 1:colcon.colcon_core.package_identification:_identify(src/livox_ros2_driver/livox_interfaces) by extension 'colcon_meta'
[0.950s] Level 1:colcon.colcon_core.package_identification:_identify(src/livox_ros2_driver/livox_interfaces) by extensions ['ros']
[0.950s] Level 1:colcon.colcon_core.package_identification:_identify(src/livox_ros2_driver/livox_interfaces) by extension 'ros'
[0.957s] DEBUG:colcon.colcon_core.package_identification:Package 'src/livox_ros2_driver/livox_interfaces' with type 'ros.ament_cmake' and name 'livox_interfaces'
[0.957s] Level 1:colcon.colcon_core.package_identification:_identify(src/livox_ros2_driver/livox_ros2_driver) by extensions ['ignore', 'ignore_ament_install']
[0.958s] Level 1:colcon.colcon_core.package_identification:_identify(src/livox_ros2_driver/livox_ros2_driver) by extension 'ignore'
[0.958s] Level 1:colcon.colcon_core.package_identification:_identify(src/livox_ros2_driver/livox_ros2_driver) by extension 'ignore_ament_install'
[0.958s] Level 1:colcon.colcon_core.package_identification:_identify(src/livox_ros2_driver/livox_ros2_driver) by extensions ['colcon_pkg']
[0.958s] Level 1:colcon.colcon_core.package_identification:_identify(src/livox_ros2_driver/livox_ros2_driver) by extension 'colcon_pkg'
[0.958s] Level 1:colcon.colcon_core.package_identification:_identify(src/livox_ros2_driver/livox_ros2_driver) by extensions ['colcon_meta']
[0.958s] Level 1:colcon.colcon_core.package_identification:_identify(src/livox_ros2_driver/livox_ros2_driver) by extension 'colcon_meta'
[0.959s] Level 1:colcon.colcon_core.package_identification:_identify(src/livox_ros2_driver/livox_ros2_driver) by extensions ['ros']
[0.959s] Level 1:colcon.colcon_core.package_identification:_identify(src/livox_ros2_driver/livox_ros2_driver) by extension 'ros'
[0.966s] DEBUG:colcon.colcon_core.package_identification:Package 'src/livox_ros2_driver/livox_ros2_driver' with type 'ros.ament_cmake' and name 'livox_ros2_driver'
[0.966s] Level 1:colcon.colcon_core.package_identification:_identify(src/livox_ros2_driver/livox_sdk_vendor) by extensions ['ignore', 'ignore_ament_install']
[0.967s] Level 1:colcon.colcon_core.package_identification:_identify(src/livox_ros2_driver/livox_sdk_vendor) by extension 'ignore'
[0.967s] Level 1:colcon.colcon_core.package_identification:_identify(src/livox_ros2_driver/livox_sdk_vendor) by extension 'ignore_ament_install'
[0.967s] Level 1:colcon.colcon_core.package_identification:_identify(src/livox_ros2_driver/livox_sdk_vendor) by extensions ['colcon_pkg']
[0.967s] Level 1:colcon.colcon_core.package_identification:_identify(src/livox_ros2_driver/livox_sdk_vendor) by extension 'colcon_pkg'
[0.967s] Level 1:colcon.colcon_core.package_identification:_identify(src/livox_ros2_driver/livox_sdk_vendor) by extensions ['colcon_meta']
[0.968s] Level 1:colcon.colcon_core.package_identification:_identify(src/livox_ros2_driver/livox_sdk_vendor) by extension 'colcon_meta'
[0.968s] Level 1:colcon.colcon_core.package_identification:_identify(src/livox_ros2_driver/livox_sdk_vendor) by extensions ['ros']
[0.968s] Level 1:colcon.colcon_core.package_identification:_identify(src/livox_ros2_driver/livox_sdk_vendor) by extension 'ros'
[0.970s] DEBUG:colcon.colcon_core.package_identification:Package 'src/livox_ros2_driver/livox_sdk_vendor' with type 'ros.ament_cmake' and name 'livox_sdk_vendor'
[0.970s] Level 1:colcon.colcon_core.package_discovery:discover_packages(recursive) using defaults
[0.970s] Level 1:colcon.colcon_core.package_discovery:discover_packages(ignore) discover
[0.970s] Level 1:colcon.colcon_core.package_discovery:discover_packages(ignore) using defaults
[0.970s] Level 1:colcon.colcon_core.package_discovery:discover_packages(path) discover
[0.970s] Level 1:colcon.colcon_core.package_discovery:discover_packages(path) using defaults
[1.036s] Level 5:colcon.colcon_core.verb:set package 'livox_interfaces' build argument 'cmake_args' from command line to 'None'
[1.036s] Level 5:colcon.colcon_core.verb:set package 'livox_interfaces' build argument 'cmake_target' from command line to 'None'
[1.036s] Level 5:colcon.colcon_core.verb:set package 'livox_interfaces' build argument 'cmake_target_skip_unavailable' from command line to 'False'
[1.036s] Level 5:colcon.colcon_core.verb:set package 'livox_interfaces' build argument 'cmake_clean_cache' from command line to 'False'
[1.036s] Level 5:colcon.colcon_core.verb:set package 'livox_interfaces' build argument 'cmake_clean_first' from command line to 'False'
[1.037s] Level 5:colcon.colcon_core.verb:set package 'livox_interfaces' build argument 'cmake_force_configure' from command line to 'False'
[1.037s] Level 5:colcon.colcon_core.verb:set package 'livox_interfaces' build argument 'ament_cmake_args' from command line to 'None'
[1.037s] Level 5:colcon.colcon_core.verb:set package 'livox_interfaces' build argument 'catkin_cmake_args' from command line to 'None'
[1.037s] Level 5:colcon.colcon_core.verb:set package 'livox_interfaces' build argument 'catkin_skip_building_tests' from command line to 'False'
[1.037s] DEBUG:colcon.colcon_core.verb:Building package 'livox_interfaces' with the following arguments: {'ament_cmake_args': None, 'build_base': '/home/projects/sensor_ws/src/lidars/livox/build/livox_interfaces', 'catkin_cmake_args': None, 'catkin_skip_building_tests': False, 'cmake_args': None, 'cmake_clean_cache': False, 'cmake_clean_first': False, 'cmake_force_configure': False, 'cmake_target': None, 'cmake_target_skip_unavailable': False, 'install_base': '/home/projects/sensor_ws/src/lidars/livox/install/livox_interfaces', 'merge_install': False, 'path': '/home/projects/sensor_ws/src/lidars/livox/src/livox_ros2_driver/livox_interfaces', 'symlink_install': False, 'test_result_base': None}
[1.044s] Level 5:colcon.colcon_core.verb:set package 'livox_sdk_vendor' build argument 'cmake_args' from command line to 'None'
[1.044s] Level 5:colcon.colcon_core.verb:set package 'livox_sdk_vendor' build argument 'cmake_target' from command line to 'None'
[1.044s] Level 5:colcon.colcon_core.verb:set package 'livox_sdk_vendor' build argument 'cmake_target_skip_unavailable' from command line to 'False'
[1.044s] Level 5:colcon.colcon_core.verb:set package 'livox_sdk_vendor' build argument 'cmake_clean_cache' from command line to 'False'
[1.044s] Level 5:colcon.colcon_core.verb:set package 'livox_sdk_vendor' build argument 'cmake_clean_first' from command line to 'False'
[1.044s] Level 5:colcon.colcon_core.verb:set package 'livox_sdk_vendor' build argument 'cmake_force_configure' from command line to 'False'
[1.044s] Level 5:colcon.colcon_core.verb:set package 'livox_sdk_vendor' build argument 'ament_cmake_args' from command line to 'None'
[1.045s] Level 5:colcon.colcon_core.verb:set package 'livox_sdk_vendor' build argument 'catkin_cmake_args' from command line to 'None'
[1.045s] Level 5:colcon.colcon_core.verb:set package 'livox_sdk_vendor' build argument 'catkin_skip_building_tests' from command line to 'False'
[1.045s] DEBUG:colcon.colcon_core.verb:Building package 'livox_sdk_vendor' with the following arguments: {'ament_cmake_args': None, 'build_base': '/home/projects/sensor_ws/src/lidars/livox/build/livox_sdk_vendor', 'catkin_cmake_args': None, 'catkin_skip_building_tests': False, 'cmake_args': None, 'cmake_clean_cache': False, 'cmake_clean_first': False, 'cmake_force_configure': False, 'cmake_target': None, 'cmake_target_skip_unavailable': False, 'install_base': '/home/projects/sensor_ws/src/lidars/livox/install/livox_sdk_vendor', 'merge_install': False, 'path': '/home/projects/sensor_ws/src/lidars/livox/src/livox_ros2_driver/livox_sdk_vendor', 'symlink_install': False, 'test_result_base': None}
[1.052s] Level 5:colcon.colcon_core.verb:set package 'livox_ros2_driver' build argument 'cmake_args' from command line to 'None'
[1.052s] Level 5:colcon.colcon_core.verb:set package 'livox_ros2_driver' build argument 'cmake_target' from command line to 'None'
[1.052s] Level 5:colcon.colcon_core.verb:set package 'livox_ros2_driver' build argument 'cmake_target_skip_unavailable' from command line to 'False'
[1.052s] Level 5:colcon.colcon_core.verb:set package 'livox_ros2_driver' build argument 'cmake_clean_cache' from command line to 'False'
[1.052s] Level 5:colcon.colcon_core.verb:set package 'livox_ros2_driver' build argument 'cmake_clean_first' from command line to 'False'
[1.052s] Level 5:colcon.colcon_core.verb:set package 'livox_ros2_driver' build argument 'cmake_force_configure' from command line to 'False'
[1.054s] Level 5:colcon.colcon_core.verb:set package 'livox_ros2_driver' build argument 'ament_cmake_args' from command line to 'None'
[1.057s] Level 5:colcon.colcon_core.verb:set package 'livox_ros2_driver' build argument 'catkin_cmake_args' from command line to 'None'
[1.057s] Level 5:colcon.colcon_core.verb:set package 'livox_ros2_driver' build argument 'catkin_skip_building_tests' from command line to 'False'
[1.057s] DEBUG:colcon.colcon_core.verb:Building package 'livox_ros2_driver' with the following arguments: {'ament_cmake_args': None, 'build_base': '/home/projects/sensor_ws/src/lidars/livox/build/livox_ros2_driver', 'catkin_cmake_args': None, 'catkin_skip_building_tests': False, 'cmake_args': None, 'cmake_clean_cache': False, 'cmake_clean_first': False, 'cmake_force_configure': False, 'cmake_target': None, 'cmake_target_skip_unavailable': False, 'install_base': '/home/projects/sensor_ws/src/lidars/livox/install/livox_ros2_driver', 'merge_install': False, 'path': '/home/projects/sensor_ws/src/lidars/livox/src/livox_ros2_driver/livox_ros2_driver', 'symlink_install': False, 'test_result_base': None}
[1.058s] INFO:colcon.colcon_core.executor:Executing jobs using 'parallel' executor
[1.064s] DEBUG:colcon.colcon_parallel_executor.executor.parallel:run_until_complete
[1.065s] INFO:colcon.colcon_ros.task.ament_cmake.build:Building ROS package in '/home/projects/sensor_ws/src/lidars/livox/src/livox_ros2_driver/livox_interfaces' with build type 'ament_cmake'
[1.066s] INFO:colcon.colcon_cmake.task.cmake.build:Building CMake package in '/home/projects/sensor_ws/src/lidars/livox/src/livox_ros2_driver/livox_interfaces'
[1.075s] INFO:colcon.colcon_core.plugin_system:Skipping extension 'colcon_core.shell.bat': Not used on non-Windows systems
[1.076s] INFO:colcon.colcon_core.shell:Skip shell extension 'powershell' for command environment: Not usable outside of PowerShell
[1.076s] DEBUG:colcon.colcon_core.shell:Skip shell extension 'dsv' for command environment
[1.083s] DEBUG:colcon.colcon_core.shell:Ignoring prefix path '/opt/ros/foxy'
[1.090s] INFO:colcon.colcon_ros.task.ament_cmake.build:Building ROS package in '/home/projects/sensor_ws/src/lidars/livox/src/livox_ros2_driver/livox_sdk_vendor' with build type 'ament_cmake'
[1.091s] INFO:colcon.colcon_cmake.task.cmake.build:Building CMake package in '/home/projects/sensor_ws/src/lidars/livox/src/livox_ros2_driver/livox_sdk_vendor'
[1.094s] INFO:colcon.colcon_core.shell:Skip shell extension 'powershell' for command environment: Not usable outside of PowerShell
[1.095s] DEBUG:colcon.colcon_core.shell:Skip shell extension 'dsv' for command environment
[1.103s] DEBUG:colcon.colcon_core.shell:Ignoring prefix path '/opt/ros/foxy'
[1.126s] DEBUG:colcon.colcon_core.event_handler.log_command:Invoking command in '/home/projects/sensor_ws/src/lidars/livox/build/livox_interfaces': CMAKE_PREFIX_PATH=/opt/ros/foxy /usr/bin/cmake /home/projects/sensor_ws/src/lidars/livox/src/livox_ros2_driver/livox_interfaces -DCMAKE_INSTALL_PREFIX=/home/projects/sensor_ws/src/lidars/livox/install/livox_interfaces
[1.134s] DEBUG:colcon.colcon_core.event_handler.log_command:Invoking command in '/home/projects/sensor_ws/src/lidars/livox/build/livox_sdk_vendor': CMAKE_PREFIX_PATH=/opt/ros/foxy /usr/bin/cmake /home/projects/sensor_ws/src/lidars/livox/src/livox_ros2_driver/livox_sdk_vendor -DCMAKE_INSTALL_PREFIX=/home/projects/sensor_ws/src/lidars/livox/install/livox_sdk_vendor
[3.274s] DEBUG:colcon.colcon_core.event_handler.log_command:Invoked command in '/home/projects/sensor_ws/src/lidars/livox/build/livox_sdk_vendor' returned '0': CMAKE_PREFIX_PATH=/opt/ros/foxy /usr/bin/cmake /home/projects/sensor_ws/src/lidars/livox/src/livox_ros2_driver/livox_sdk_vendor -DCMAKE_INSTALL_PREFIX=/home/projects/sensor_ws/src/lidars/livox/install/livox_sdk_vendor
[3.281s] DEBUG:colcon.colcon_core.event_handler.log_command:Invoking command in '/home/projects/sensor_ws/src/lidars/livox/build/livox_sdk_vendor': CMAKE_PREFIX_PATH=/opt/ros/foxy /usr/bin/cmake --build /home/projects/sensor_ws/src/lidars/livox/build/livox_sdk_vendor -- -j8 -l8
[5.673s] DEBUG:colcon.colcon_core.event_handler.log_command:Invoked command in '/home/projects/sensor_ws/src/lidars/livox/build/livox_interfaces' returned '0': CMAKE_PREFIX_PATH=/opt/ros/foxy /usr/bin/cmake /home/projects/sensor_ws/src/lidars/livox/src/livox_ros2_driver/livox_interfaces -DCMAKE_INSTALL_PREFIX=/home/projects/sensor_ws/src/lidars/livox/install/livox_interfaces
[5.680s] DEBUG:colcon.colcon_core.event_handler.log_command:Invoking command in '/home/projects/sensor_ws/src/lidars/livox/build/livox_interfaces': CMAKE_PREFIX_PATH=/opt/ros/foxy /usr/bin/cmake --build /home/projects/sensor_ws/src/lidars/livox/build/livox_interfaces -- -j8 -l8
[21.753s] DEBUG:colcon.colcon_core.event_handler.log_command:Invoked command in '/home/projects/sensor_ws/src/lidars/livox/build/livox_interfaces' returned '0': CMAKE_PREFIX_PATH=/opt/ros/foxy /usr/bin/cmake --build /home/projects/sensor_ws/src/lidars/livox/build/livox_interfaces -- -j8 -l8
[22.613s] DEBUG:colcon.colcon_core.event_handler.log_command:Invoking command in '/home/projects/sensor_ws/src/lidars/livox/build/livox_interfaces': CMAKE_PREFIX_PATH=/opt/ros/foxy /usr/bin/cmake --install /home/projects/sensor_ws/src/lidars/livox/build/livox_interfaces
[22.836s] Level 1:colcon.colcon_core.environment:create_environment_scripts_only(livox_interfaces)
[22.840s] DEBUG:colcon.colcon_core.event_handler.log_command:Invoked command in '/home/projects/sensor_ws/src/lidars/livox/build/livox_interfaces' returned '0': CMAKE_PREFIX_PATH=/opt/ros/foxy /usr/bin/cmake --install /home/projects/sensor_ws/src/lidars/livox/build/livox_interfaces
[22.855s] Level 1:colcon.colcon_core.environment:checking '/home/projects/sensor_ws/src/lidars/livox/install/livox_interfaces' for CMake module files
[22.858s] Level 1:colcon.colcon_core.environment:checking '/home/projects/sensor_ws/src/lidars/livox/install/livox_interfaces' for CMake config files
[22.862s] Level 1:colcon.colcon_core.shell:create_environment_hook('livox_interfaces', 'cmake_prefix_path')
[22.864s] INFO:colcon.colcon_core.shell:Creating environment hook '/home/projects/sensor_ws/src/lidars/livox/install/livox_interfaces/share/livox_interfaces/hook/cmake_prefix_path.ps1'
[22.867s] INFO:colcon.colcon_core.shell:Creating environment descriptor '/home/projects/sensor_ws/src/lidars/livox/install/livox_interfaces/share/livox_interfaces/hook/cmake_prefix_path.dsv'
[22.869s] INFO:colcon.colcon_core.shell:Creating environment hook '/home/projects/sensor_ws/src/lidars/livox/install/livox_interfaces/share/livox_interfaces/hook/cmake_prefix_path.sh'
[22.873s] Level 1:colcon.colcon_core.environment:checking '/home/projects/sensor_ws/src/lidars/livox/install/livox_interfaces/lib'
[22.874s] Level 1:colcon.colcon_core.shell:create_environment_hook('livox_interfaces', 'ld_library_path_lib')
[22.877s] INFO:colcon.colcon_core.shell:Creating environment hook '/home/projects/sensor_ws/src/lidars/livox/install/livox_interfaces/share/livox_interfaces/hook/ld_library_path_lib.ps1'
[22.878s] INFO:colcon.colcon_core.shell:Creating environment descriptor '/home/projects/sensor_ws/src/lidars/livox/install/livox_interfaces/share/livox_interfaces/hook/ld_library_path_lib.dsv'
[22.880s] INFO:colcon.colcon_core.shell:Creating environment hook '/home/projects/sensor_ws/src/lidars/livox/install/livox_interfaces/share/livox_interfaces/hook/ld_library_path_lib.sh'
[22.881s] Level 1:colcon.colcon_core.environment:checking '/home/projects/sensor_ws/src/lidars/livox/install/livox_interfaces/bin'
[22.882s] Level 1:colcon.colcon_core.environment:checking '/home/projects/sensor_ws/src/lidars/livox/install/livox_interfaces/lib/pkgconfig/livox_interfaces.pc'
[22.882s] Level 1:colcon.colcon_core.environment:checking '/home/projects/sensor_ws/src/lidars/livox/install/livox_interfaces/lib/python3.8/site-packages'
[22.882s] Level 1:colcon.colcon_core.shell:create_environment_hook('livox_interfaces', 'pythonpath')
[22.885s] INFO:colcon.colcon_core.shell:Creating environment hook '/home/projects/sensor_ws/src/lidars/livox/install/livox_interfaces/share/livox_interfaces/hook/pythonpath.ps1'
[22.886s] INFO:colcon.colcon_core.shell:Creating environment descriptor '/home/projects/sensor_ws/src/lidars/livox/install/livox_interfaces/share/livox_interfaces/hook/pythonpath.dsv'
[22.888s] INFO:colcon.colcon_core.shell:Creating environment hook '/home/projects/sensor_ws/src/lidars/livox/install/livox_interfaces/share/livox_interfaces/hook/pythonpath.sh'
[22.892s] INFO:colcon.colcon_core.shell:Creating package script '/home/projects/sensor_ws/src/lidars/livox/install/livox_interfaces/share/livox_interfaces/package.ps1'
[22.895s] INFO:colcon.colcon_core.shell:Creating package descriptor '/home/projects/sensor_ws/src/lidars/livox/install/livox_interfaces/share/livox_interfaces/package.dsv'
[22.898s] INFO:colcon.colcon_core.shell:Creating package script '/home/projects/sensor_ws/src/lidars/livox/install/livox_interfaces/share/livox_interfaces/package.sh'
[22.901s] INFO:colcon.colcon_core.shell:Creating package script '/home/projects/sensor_ws/src/lidars/livox/install/livox_interfaces/share/livox_interfaces/package.bash'
[22.905s] INFO:colcon.colcon_core.shell:Creating package script '/home/projects/sensor_ws/src/lidars/livox/install/livox_interfaces/share/livox_interfaces/package.zsh'
[22.907s] Level 1:colcon.colcon_core.environment:create_file_with_runtime_dependencies(/home/projects/sensor_ws/src/lidars/livox/install/livox_interfaces/share/colcon-core/packages/livox_interfaces)
[23.082s] Level 1:colcon.colcon_core.environment:create_environment_scripts_only(livox_interfaces)
[23.086s] Level 1:colcon.colcon_core.environment:checking '/home/projects/sensor_ws/src/lidars/livox/install/livox_interfaces' for CMake module files
[23.090s] Level 1:colcon.colcon_core.environment:checking '/home/projects/sensor_ws/src/lidars/livox/install/livox_interfaces' for CMake config files
[23.093s] Level 1:colcon.colcon_core.shell:create_environment_hook('livox_interfaces', 'cmake_prefix_path')
[23.095s] INFO:colcon.colcon_core.shell:Creating environment hook '/home/projects/sensor_ws/src/lidars/livox/install/livox_interfaces/share/livox_interfaces/hook/cmake_prefix_path.ps1'
[23.098s] INFO:colcon.colcon_core.shell:Creating environment descriptor '/home/projects/sensor_ws/src/lidars/livox/install/livox_interfaces/share/livox_interfaces/hook/cmake_prefix_path.dsv'
[23.100s] INFO:colcon.colcon_core.shell:Creating environment hook '/home/projects/sensor_ws/src/lidars/livox/install/livox_interfaces/share/livox_interfaces/hook/cmake_prefix_path.sh'
[23.102s] Level 1:colcon.colcon_core.environment:checking '/home/projects/sensor_ws/src/lidars/livox/install/livox_interfaces/lib'
[23.103s] Level 1:colcon.colcon_core.shell:create_environment_hook('livox_interfaces', 'ld_library_path_lib')
[23.105s] INFO:colcon.colcon_core.shell:Creating environment hook '/home/projects/sensor_ws/src/lidars/livox/install/livox_interfaces/share/livox_interfaces/hook/ld_library_path_lib.ps1'
[23.107s] INFO:colcon.colcon_core.shell:Creating environment descriptor '/home/projects/sensor_ws/src/lidars/livox/install/livox_interfaces/share/livox_interfaces/hook/ld_library_path_lib.dsv'
[23.108s] INFO:colcon.colcon_core.shell:Creating environment hook '/home/projects/sensor_ws/src/lidars/livox/install/livox_interfaces/share/livox_interfaces/hook/ld_library_path_lib.sh'
[23.110s] Level 1:colcon.colcon_core.environment:checking '/home/projects/sensor_ws/src/lidars/livox/install/livox_interfaces/bin'
[23.111s] Level 1:colcon.colcon_core.environment:checking '/home/projects/sensor_ws/src/lidars/livox/install/livox_interfaces/lib/pkgconfig/livox_interfaces.pc'
[23.111s] Level 1:colcon.colcon_core.environment:checking '/home/projects/sensor_ws/src/lidars/livox/install/livox_interfaces/lib/python3.8/site-packages'
[23.111s] Level 1:colcon.colcon_core.shell:create_environment_hook('livox_interfaces', 'pythonpath')
[23.113s] INFO:colcon.colcon_core.shell:Creating environment hook '/home/projects/sensor_ws/src/lidars/livox/install/livox_interfaces/share/livox_interfaces/hook/pythonpath.ps1'
[23.115s] INFO:colcon.colcon_core.shell:Creating environment descriptor '/home/projects/sensor_ws/src/lidars/livox/install/livox_interfaces/share/livox_interfaces/hook/pythonpath.dsv'
[23.117s] INFO:colcon.colcon_core.shell:Creating environment hook '/home/projects/sensor_ws/src/lidars/livox/install/livox_interfaces/share/livox_interfaces/hook/pythonpath.sh'
[23.121s] INFO:colcon.colcon_core.shell:Creating package script '/home/projects/sensor_ws/src/lidars/livox/install/livox_interfaces/share/livox_interfaces/package.ps1'
[23.124s] INFO:colcon.colcon_core.shell:Creating package descriptor '/home/projects/sensor_ws/src/lidars/livox/install/livox_interfaces/share/livox_interfaces/package.dsv'
[23.126s] INFO:colcon.colcon_core.shell:Creating package script '/home/projects/sensor_ws/src/lidars/livox/install/livox_interfaces/share/livox_interfaces/package.sh'
[23.129s] INFO:colcon.colcon_core.shell:Creating package script '/home/projects/sensor_ws/src/lidars/livox/install/livox_interfaces/share/livox_interfaces/package.bash'
[23.131s] INFO:colcon.colcon_core.shell:Creating package script '/home/projects/sensor_ws/src/lidars/livox/install/livox_interfaces/share/livox_interfaces/package.zsh'
[23.132s] Level 1:colcon.colcon_core.environment:create_file_with_runtime_dependencies(/home/projects/sensor_ws/src/lidars/livox/install/livox_interfaces/share/colcon-core/packages/livox_interfaces)
[34.188s] DEBUG:colcon.colcon_core.event_handler.log_command:Invoked command in '/home/projects/sensor_ws/src/lidars/livox/build/livox_sdk_vendor' returned '0': CMAKE_PREFIX_PATH=/opt/ros/foxy /usr/bin/cmake --build /home/projects/sensor_ws/src/lidars/livox/build/livox_sdk_vendor -- -j8 -l8
[34.270s] DEBUG:colcon.colcon_core.event_handler.log_command:Invoking command in '/home/projects/sensor_ws/src/lidars/livox/build/livox_sdk_vendor': CMAKE_PREFIX_PATH=/opt/ros/foxy /usr/bin/cmake --install /home/projects/sensor_ws/src/lidars/livox/build/livox_sdk_vendor
[34.351s] Level 1:colcon.colcon_core.environment:create_environment_scripts_only(livox_sdk_vendor)
[34.355s] Level 1:colcon.colcon_core.environment:checking '/home/projects/sensor_ws/src/lidars/livox/install/livox_sdk_vendor' for CMake module files
[34.356s] DEBUG:colcon.colcon_core.event_handler.log_command:Invoked command in '/home/projects/sensor_ws/src/lidars/livox/build/livox_sdk_vendor' returned '0': CMAKE_PREFIX_PATH=/opt/ros/foxy /usr/bin/cmake --install /home/projects/sensor_ws/src/lidars/livox/build/livox_sdk_vendor
[34.357s] Level 1:colcon.colcon_core.environment:checking '/home/projects/sensor_ws/src/lidars/livox/install/livox_sdk_vendor' for CMake config files
[34.358s] Level 1:colcon.colcon_core.shell:create_environment_hook('livox_sdk_vendor', 'cmake_prefix_path')
[34.360s] INFO:colcon.colcon_core.shell:Creating environment hook '/home/projects/sensor_ws/src/lidars/livox/install/livox_sdk_vendor/share/livox_sdk_vendor/hook/cmake_prefix_path.ps1'
[34.362s] INFO:colcon.colcon_core.shell:Creating environment descriptor '/home/projects/sensor_ws/src/lidars/livox/install/livox_sdk_vendor/share/livox_sdk_vendor/hook/cmake_prefix_path.dsv'
[34.363s] INFO:colcon.colcon_core.shell:Creating environment hook '/home/projects/sensor_ws/src/lidars/livox/install/livox_sdk_vendor/share/livox_sdk_vendor/hook/cmake_prefix_path.sh'
[34.364s] Level 1:colcon.colcon_core.environment:checking '/home/projects/sensor_ws/src/lidars/livox/install/livox_sdk_vendor/lib'
[34.365s] Level 1:colcon.colcon_core.environment:checking '/home/projects/sensor_ws/src/lidars/livox/install/livox_sdk_vendor/bin'
[34.365s] Level 1:colcon.colcon_core.environment:checking '/home/projects/sensor_ws/src/lidars/livox/install/livox_sdk_vendor/lib/pkgconfig/livox_sdk_vendor.pc'
[34.365s] Level 1:colcon.colcon_core.environment:checking '/home/projects/sensor_ws/src/lidars/livox/install/livox_sdk_vendor/lib/python3.8/site-packages'
[34.367s] INFO:colcon.colcon_core.shell:Creating package script '/home/projects/sensor_ws/src/lidars/livox/install/livox_sdk_vendor/share/livox_sdk_vendor/package.ps1'
[34.368s] INFO:colcon.colcon_core.shell:Creating package descriptor '/home/projects/sensor_ws/src/lidars/livox/install/livox_sdk_vendor/share/livox_sdk_vendor/package.dsv'
[34.369s] INFO:colcon.colcon_core.shell:Creating package script '/home/projects/sensor_ws/src/lidars/livox/install/livox_sdk_vendor/share/livox_sdk_vendor/package.sh'
[34.370s] INFO:colcon.colcon_core.shell:Creating package script '/home/projects/sensor_ws/src/lidars/livox/install/livox_sdk_vendor/share/livox_sdk_vendor/package.bash'
[34.371s] INFO:colcon.colcon_core.shell:Creating package script '/home/projects/sensor_ws/src/lidars/livox/install/livox_sdk_vendor/share/livox_sdk_vendor/package.zsh'
[34.372s] Level 1:colcon.colcon_core.environment:create_file_with_runtime_dependencies(/home/projects/sensor_ws/src/lidars/livox/install/livox_sdk_vendor/share/colcon-core/packages/livox_sdk_vendor)
[34.445s] Level 1:colcon.colcon_core.environment:create_environment_scripts_only(livox_sdk_vendor)
[34.449s] Level 1:colcon.colcon_core.environment:checking '/home/projects/sensor_ws/src/lidars/livox/install/livox_sdk_vendor' for CMake module files
[34.451s] Level 1:colcon.colcon_core.environment:checking '/home/projects/sensor_ws/src/lidars/livox/install/livox_sdk_vendor' for CMake config files
[34.452s] Level 1:colcon.colcon_core.shell:create_environment_hook('livox_sdk_vendor', 'cmake_prefix_path')
[34.453s] INFO:colcon.colcon_core.shell:Creating environment hook '/home/projects/sensor_ws/src/lidars/livox/install/livox_sdk_vendor/share/livox_sdk_vendor/hook/cmake_prefix_path.ps1'
[34.455s] INFO:colcon.colcon_core.shell:Creating environment descriptor '/home/projects/sensor_ws/src/lidars/livox/install/livox_sdk_vendor/share/livox_sdk_vendor/hook/cmake_prefix_path.dsv'
[34.456s] INFO:colcon.colcon_core.shell:Creating environment hook '/home/projects/sensor_ws/src/lidars/livox/install/livox_sdk_vendor/share/livox_sdk_vendor/hook/cmake_prefix_path.sh'
[34.458s] Level 1:colcon.colcon_core.environment:checking '/home/projects/sensor_ws/src/lidars/livox/install/livox_sdk_vendor/lib'
[34.458s] Level 1:colcon.colcon_core.environment:checking '/home/projects/sensor_ws/src/lidars/livox/install/livox_sdk_vendor/bin'
[34.458s] Level 1:colcon.colcon_core.environment:checking '/home/projects/sensor_ws/src/lidars/livox/install/livox_sdk_vendor/lib/pkgconfig/livox_sdk_vendor.pc'
[34.459s] Level 1:colcon.colcon_core.environment:checking '/home/projects/sensor_ws/src/lidars/livox/install/livox_sdk_vendor/lib/python3.8/site-packages'
[34.460s] INFO:colcon.colcon_core.shell:Creating package script '/home/projects/sensor_ws/src/lidars/livox/install/livox_sdk_vendor/share/livox_sdk_vendor/package.ps1'
[34.462s] INFO:colcon.colcon_core.shell:Creating package descriptor '/home/projects/sensor_ws/src/lidars/livox/install/livox_sdk_vendor/share/livox_sdk_vendor/package.dsv'
[34.463s] INFO:colcon.colcon_core.shell:Creating package script '/home/projects/sensor_ws/src/lidars/livox/install/livox_sdk_vendor/share/livox_sdk_vendor/package.sh'
[34.464s] INFO:colcon.colcon_core.shell:Creating package script '/home/projects/sensor_ws/src/lidars/livox/install/livox_sdk_vendor/share/livox_sdk_vendor/package.bash'
[34.465s] INFO:colcon.colcon_core.shell:Creating package script '/home/projects/sensor_ws/src/lidars/livox/install/livox_sdk_vendor/share/livox_sdk_vendor/package.zsh'
[34.466s] Level 1:colcon.colcon_core.environment:create_file_with_runtime_dependencies(/home/projects/sensor_ws/src/lidars/livox/install/livox_sdk_vendor/share/colcon-core/packages/livox_sdk_vendor)
[34.467s] INFO:colcon.colcon_ros.task.ament_cmake.build:Building ROS package in '/home/projects/sensor_ws/src/lidars/livox/src/livox_ros2_driver/livox_ros2_driver' with build type 'ament_cmake'
[34.469s] INFO:colcon.colcon_cmake.task.cmake.build:Building CMake package in '/home/projects/sensor_ws/src/lidars/livox/src/livox_ros2_driver/livox_ros2_driver'
[34.470s] INFO:colcon.colcon_core.shell:Skip shell extension 'powershell' for command environment: Not usable outside of PowerShell
[34.471s] DEBUG:colcon.colcon_core.shell:Skip shell extension 'dsv' for command environment
[34.478s] DEBUG:colcon.colcon_core.shell:Ignoring prefix path '/opt/ros/foxy'
[34.512s] DEBUG:colcon.colcon_core.event_handler.log_command:Invoking command in '/home/projects/sensor_ws/src/lidars/livox/build/livox_ros2_driver': AMENT_PREFIX_PATH=/home/projects/sensor_ws/src/lidars/livox/install/livox_sdk_vendor:/home/projects/sensor_ws/src/lidars/livox/install/livox_interfaces:${AMENT_PREFIX_PATH} CMAKE_PREFIX_PATH=/home/projects/sensor_ws/src/lidars/livox/install/livox_sdk_vendor:/home/projects/sensor_ws/src/lidars/livox/install/livox_interfaces:/opt/ros/foxy LD_LIBRARY_PATH=/home/projects/sensor_ws/src/lidars/livox/install/livox_interfaces/lib:${LD_LIBRARY_PATH} PYTHONPATH=/home/projects/sensor_ws/src/lidars/livox/install/livox_interfaces/lib/python3.8/site-packages:${PYTHONPATH} /usr/bin/cmake /home/projects/sensor_ws/src/lidars/livox/src/livox_ros2_driver/livox_ros2_driver -DCMAKE_INSTALL_PREFIX=/home/projects/sensor_ws/src/lidars/livox/install/livox_ros2_driver
[41.136s] DEBUG:colcon.colcon_core.event_handler.log_command:Invoked command in '/home/projects/sensor_ws/src/lidars/livox/build/livox_ros2_driver' returned '0': AMENT_PREFIX_PATH=/home/projects/sensor_ws/src/lidars/livox/install/livox_sdk_vendor:/home/projects/sensor_ws/src/lidars/livox/install/livox_interfaces:${AMENT_PREFIX_PATH} CMAKE_PREFIX_PATH=/home/projects/sensor_ws/src/lidars/livox/install/livox_sdk_vendor:/home/projects/sensor_ws/src/lidars/livox/install/livox_interfaces:/opt/ros/foxy LD_LIBRARY_PATH=/home/projects/sensor_ws/src/lidars/livox/install/livox_interfaces/lib:${LD_LIBRARY_PATH} PYTHONPATH=/home/projects/sensor_ws/src/lidars/livox/install/livox_interfaces/lib/python3.8/site-packages:${PYTHONPATH} /usr/bin/cmake /home/projects/sensor_ws/src/lidars/livox/src/livox_ros2_driver/livox_ros2_driver -DCMAKE_INSTALL_PREFIX=/home/projects/sensor_ws/src/lidars/livox/install/livox_ros2_driver
[41.142s] DEBUG:colcon.colcon_core.event_handler.log_command:Invoking command in '/home/projects/sensor_ws/src/lidars/livox/build/livox_ros2_driver': AMENT_PREFIX_PATH=/home/projects/sensor_ws/src/lidars/livox/install/livox_sdk_vendor:/home/projects/sensor_ws/src/lidars/livox/install/livox_interfaces:${AMENT_PREFIX_PATH} CMAKE_PREFIX_PATH=/home/projects/sensor_ws/src/lidars/livox/install/livox_sdk_vendor:/home/projects/sensor_ws/src/lidars/livox/install/livox_interfaces:/opt/ros/foxy LD_LIBRARY_PATH=/home/projects/sensor_ws/src/lidars/livox/install/livox_interfaces/lib:${LD_LIBRARY_PATH} PYTHONPATH=/home/projects/sensor_ws/src/lidars/livox/install/livox_interfaces/lib/python3.8/site-packages:${PYTHONPATH} /usr/bin/cmake --build /home/projects/sensor_ws/src/lidars/livox/build/livox_ros2_driver -- -j8 -l8
[65.408s] DEBUG:colcon.colcon_core.event_handler.log_command:Invoked command in '/home/projects/sensor_ws/src/lidars/livox/build/livox_ros2_driver' returned '0': AMENT_PREFIX_PATH=/home/projects/sensor_ws/src/lidars/livox/install/livox_sdk_vendor:/home/projects/sensor_ws/src/lidars/livox/install/livox_interfaces:${AMENT_PREFIX_PATH} CMAKE_PREFIX_PATH=/home/projects/sensor_ws/src/lidars/livox/install/livox_sdk_vendor:/home/projects/sensor_ws/src/lidars/livox/install/livox_interfaces:/opt/ros/foxy LD_LIBRARY_PATH=/home/projects/sensor_ws/src/lidars/livox/install/livox_interfaces/lib:${LD_LIBRARY_PATH} PYTHONPATH=/home/projects/sensor_ws/src/lidars/livox/install/livox_interfaces/lib/python3.8/site-packages:${PYTHONPATH} /usr/bin/cmake --build /home/projects/sensor_ws/src/lidars/livox/build/livox_ros2_driver -- -j8 -l8
[65.647s] DEBUG:colcon.colcon_core.event_handler.log_command:Invoking command in '/home/projects/sensor_ws/src/lidars/livox/build/livox_ros2_driver': AMENT_PREFIX_PATH=/home/projects/sensor_ws/src/lidars/livox/install/livox_sdk_vendor:/home/projects/sensor_ws/src/lidars/livox/install/livox_interfaces:${AMENT_PREFIX_PATH} CMAKE_PREFIX_PATH=/home/projects/sensor_ws/src/lidars/livox/install/livox_sdk_vendor:/home/projects/sensor_ws/src/lidars/livox/install/livox_interfaces:/opt/ros/foxy LD_LIBRARY_PATH=/home/projects/sensor_ws/src/lidars/livox/install/livox_interfaces/lib:${LD_LIBRARY_PATH} PYTHONPATH=/home/projects/sensor_ws/src/lidars/livox/install/livox_interfaces/lib/python3.8/site-packages:${PYTHONPATH} /usr/bin/cmake --install /home/projects/sensor_ws/src/lidars/livox/build/livox_ros2_driver
[65.722s] Level 1:colcon.colcon_core.environment:create_environment_scripts_only(livox_ros2_driver)
[65.726s] Level 1:colcon.colcon_core.environment:checking '/home/projects/sensor_ws/src/lidars/livox/install/livox_ros2_driver' for CMake module files
[65.728s] DEBUG:colcon.colcon_core.event_handler.log_command:Invoked command in '/home/projects/sensor_ws/src/lidars/livox/build/livox_ros2_driver' returned '0': AMENT_PREFIX_PATH=/home/projects/sensor_ws/src/lidars/livox/install/livox_sdk_vendor:/home/projects/sensor_ws/src/lidars/livox/install/livox_interfaces:${AMENT_PREFIX_PATH} CMAKE_PREFIX_PATH=/home/projects/sensor_ws/src/lidars/livox/install/livox_sdk_vendor:/home/projects/sensor_ws/src/lidars/livox/install/livox_interfaces:/opt/ros/foxy LD_LIBRARY_PATH=/home/projects/sensor_ws/src/lidars/livox/install/livox_interfaces/lib:${LD_LIBRARY_PATH} PYTHONPATH=/home/projects/sensor_ws/src/lidars/livox/install/livox_interfaces/lib/python3.8/site-packages:${PYTHONPATH} /usr/bin/cmake --install /home/projects/sensor_ws/src/lidars/livox/build/livox_ros2_driver
[65.729s] Level 1:colcon.colcon_core.environment:checking '/home/projects/sensor_ws/src/lidars/livox/install/livox_ros2_driver' for CMake config files
[65.731s] Level 1:colcon.colcon_core.shell:create_environment_hook('livox_ros2_driver', 'cmake_prefix_path')
[65.733s] INFO:colcon.colcon_core.shell:Creating environment hook '/home/projects/sensor_ws/src/lidars/livox/install/livox_ros2_driver/share/livox_ros2_driver/hook/cmake_prefix_path.ps1'
[65.734s] INFO:colcon.colcon_core.shell:Creating environment descriptor '/home/projects/sensor_ws/src/lidars/livox/install/livox_ros2_driver/share/livox_ros2_driver/hook/cmake_prefix_path.dsv'
[65.735s] INFO:colcon.colcon_core.shell:Creating environment hook '/home/projects/sensor_ws/src/lidars/livox/install/livox_ros2_driver/share/livox_ros2_driver/hook/cmake_prefix_path.sh'
[65.737s] Level 1:colcon.colcon_core.environment:checking '/home/projects/sensor_ws/src/lidars/livox/install/livox_ros2_driver/lib'
[65.737s] Level 1:colcon.colcon_core.shell:create_environment_hook('livox_ros2_driver', 'ld_library_path_lib')
[65.738s] INFO:colcon.colcon_core.shell:Creating environment hook '/home/projects/sensor_ws/src/lidars/livox/install/livox_ros2_driver/share/livox_ros2_driver/hook/ld_library_path_lib.ps1'
[65.739s] INFO:colcon.colcon_core.shell:Creating environment descriptor '/home/projects/sensor_ws/src/lidars/livox/install/livox_ros2_driver/share/livox_ros2_driver/hook/ld_library_path_lib.dsv'
[65.740s] INFO:colcon.colcon_core.shell:Creating environment hook '/home/projects/sensor_ws/src/lidars/livox/install/livox_ros2_driver/share/livox_ros2_driver/hook/ld_library_path_lib.sh'
[65.741s] Level 1:colcon.colcon_core.environment:checking '/home/projects/sensor_ws/src/lidars/livox/install/livox_ros2_driver/bin'
[65.741s] Level 1:colcon.colcon_core.environment:checking '/home/projects/sensor_ws/src/lidars/livox/install/livox_ros2_driver/lib/pkgconfig/livox_ros2_driver.pc'
[65.741s] Level 1:colcon.colcon_core.environment:checking '/home/projects/sensor_ws/src/lidars/livox/install/livox_ros2_driver/lib/python3.8/site-packages'
[65.743s] INFO:colcon.colcon_core.shell:Creating package script '/home/projects/sensor_ws/src/lidars/livox/install/livox_ros2_driver/share/livox_ros2_driver/package.ps1'
[65.744s] INFO:colcon.colcon_core.shell:Creating package descriptor '/home/projects/sensor_ws/src/lidars/livox/install/livox_ros2_driver/share/livox_ros2_driver/package.dsv'
[65.745s] INFO:colcon.colcon_core.shell:Creating package script '/home/projects/sensor_ws/src/lidars/livox/install/livox_ros2_driver/share/livox_ros2_driver/package.sh'
[65.747s] INFO:colcon.colcon_core.shell:Creating package script '/home/projects/sensor_ws/src/lidars/livox/install/livox_ros2_driver/share/livox_ros2_driver/package.bash'
[65.747s] INFO:colcon.colcon_core.shell:Creating package script '/home/projects/sensor_ws/src/lidars/livox/install/livox_ros2_driver/share/livox_ros2_driver/package.zsh'
[65.748s] Level 1:colcon.colcon_core.environment:create_file_with_runtime_dependencies(/home/projects/sensor_ws/src/lidars/livox/install/livox_ros2_driver/share/colcon-core/packages/livox_ros2_driver)
[65.969s] Level 1:colcon.colcon_core.environment:create_environment_scripts_only(livox_ros2_driver)
[65.973s] Level 1:colcon.colcon_core.environment:checking '/home/projects/sensor_ws/src/lidars/livox/install/livox_ros2_driver' for CMake module files
[65.976s] Level 1:colcon.colcon_core.environment:checking '/home/projects/sensor_ws/src/lidars/livox/install/livox_ros2_driver' for CMake config files
[65.977s] Level 1:colcon.colcon_core.shell:create_environment_hook('livox_ros2_driver', 'cmake_prefix_path')
[65.978s] INFO:colcon.colcon_core.shell:Creating environment hook '/home/projects/sensor_ws/src/lidars/livox/install/livox_ros2_driver/share/livox_ros2_driver/hook/cmake_prefix_path.ps1'
[65.980s] INFO:colcon.colcon_core.shell:Creating environment descriptor '/home/projects/sensor_ws/src/lidars/livox/install/livox_ros2_driver/share/livox_ros2_driver/hook/cmake_prefix_path.dsv'
[65.981s] INFO:colcon.colcon_core.shell:Creating environment hook '/home/projects/sensor_ws/src/lidars/livox/install/livox_ros2_driver/share/livox_ros2_driver/hook/cmake_prefix_path.sh'
[65.983s] Level 1:colcon.colcon_core.environment:checking '/home/projects/sensor_ws/src/lidars/livox/install/livox_ros2_driver/lib'
[65.983s] Level 1:colcon.colcon_core.shell:create_environment_hook('livox_ros2_driver', 'ld_library_path_lib')
[65.984s] INFO:colcon.colcon_core.shell:Creating environment hook '/home/projects/sensor_ws/src/lidars/livox/install/livox_ros2_driver/share/livox_ros2_driver/hook/ld_library_path_lib.ps1'
[65.985s] INFO:colcon.colcon_core.shell:Creating environment descriptor '/home/projects/sensor_ws/src/lidars/livox/install/livox_ros2_driver/share/livox_ros2_driver/hook/ld_library_path_lib.dsv'
[65.986s] INFO:colcon.colcon_core.shell:Creating environment hook '/home/projects/sensor_ws/src/lidars/livox/install/livox_ros2_driver/share/livox_ros2_driver/hook/ld_library_path_lib.sh'
[65.987s] Level 1:colcon.colcon_core.environment:checking '/home/projects/sensor_ws/src/lidars/livox/install/livox_ros2_driver/bin'
[65.987s] Level 1:colcon.colcon_core.environment:checking '/home/projects/sensor_ws/src/lidars/livox/install/livox_ros2_driver/lib/pkgconfig/livox_ros2_driver.pc'
[65.987s] Level 1:colcon.colcon_core.environment:checking '/home/projects/sensor_ws/src/lidars/livox/install/livox_ros2_driver/lib/python3.8/site-packages'
[65.989s] INFO:colcon.colcon_core.shell:Creating package script '/home/projects/sensor_ws/src/lidars/livox/install/livox_ros2_driver/share/livox_ros2_driver/package.ps1'
[65.991s] INFO:colcon.colcon_core.shell:Creating package descriptor '/home/projects/sensor_ws/src/lidars/livox/install/livox_ros2_driver/share/livox_ros2_driver/package.dsv'
[65.992s] INFO:colcon.colcon_core.shell:Creating package script '/home/projects/sensor_ws/src/lidars/livox/install/livox_ros2_driver/share/livox_ros2_driver/package.sh'
[65.994s] INFO:colcon.colcon_core.shell:Creating package script '/home/projects/sensor_ws/src/lidars/livox/install/livox_ros2_driver/share/livox_ros2_driver/package.bash'
[65.995s] INFO:colcon.colcon_core.shell:Creating package script '/home/projects/sensor_ws/src/lidars/livox/install/livox_ros2_driver/share/livox_ros2_driver/package.zsh'
[65.996s] Level 1:colcon.colcon_core.environment:create_file_with_runtime_dependencies(/home/projects/sensor_ws/src/lidars/livox/install/livox_ros2_driver/share/colcon-core/packages/livox_ros2_driver)
[65.997s] DEBUG:colcon.colcon_parallel_executor.executor.parallel:closing loop
[65.998s] DEBUG:colcon.colcon_parallel_executor.executor.parallel:loop closed
[65.998s] DEBUG:colcon.colcon_parallel_executor.executor.parallel:run_until_complete finished with '0'
[65.998s] DEBUG:colcon.colcon_core.event_reactor:joining thread
[66.017s] INFO:colcon.colcon_core.plugin_system:Skipping extension 'colcon_notification.desktop_notification.notify_send': Could not find 'notify-send'
[66.018s] INFO:colcon.colcon_core.plugin_system:Skipping extension 'colcon_notification.desktop_notification.terminal_notifier': Not used on non-Darwin systems
[66.018s] INFO:colcon.colcon_core.plugin_system:Skipping extension 'colcon_notification.desktop_notification.win32': Not used on non-Windows systems
[66.018s] INFO:colcon.colcon_notification.desktop_notification:Sending desktop notification using 'notify2'
[66.018s] DEBUG:colcon.colcon_notification.desktop_notification.notify2:Failed to initialize notify2: org.freedesktop.DBus.Error.NotSupported: Unable to autolaunch a dbus-daemon without a $DISPLAY for X11
[66.018s] DEBUG:colcon.colcon_core.event_reactor:joined thread
[66.020s] INFO:colcon.colcon_core.shell:Creating prefix script '/home/projects/sensor_ws/src/lidars/livox/install/local_setup.ps1'
[66.023s] INFO:colcon.colcon_core.shell:Creating prefix util module '/home/projects/sensor_ws/src/lidars/livox/install/_local_setup_util_ps1.py'
[66.027s] INFO:colcon.colcon_core.shell:Creating prefix chain script '/home/projects/sensor_ws/src/lidars/livox/install/setup.ps1'
[66.034s] INFO:colcon.colcon_core.shell:Creating prefix script '/home/projects/sensor_ws/src/lidars/livox/install/local_setup.sh'
[66.035s] INFO:colcon.colcon_core.shell:Creating prefix util module '/home/projects/sensor_ws/src/lidars/livox/install/_local_setup_util_sh.py'
[66.037s] INFO:colcon.colcon_core.shell:Creating prefix chain script '/home/projects/sensor_ws/src/lidars/livox/install/setup.sh'
[66.042s] INFO:colcon.colcon_core.shell:Creating prefix script '/home/projects/sensor_ws/src/lidars/livox/install/local_setup.bash'
[66.043s] INFO:colcon.colcon_core.shell:Creating prefix chain script '/home/projects/sensor_ws/src/lidars/livox/install/setup.bash'
[66.049s] INFO:colcon.colcon_core.shell:Creating prefix script '/home/projects/sensor_ws/src/lidars/livox/install/local_setup.zsh'
[66.050s] INFO:colcon.colcon_core.shell:Creating prefix chain script '/home/projects/sensor_ws/src/lidars/livox/install/setup.zsh'
