[3.410s] Invoking command in '/home/projects/sensor2_ws/src/vesc/src/teleop_tools/joy_teleop': AMENT_PREFIX_PATH=/home/projects/sensor2_ws/src/vesc/install/teleop_tools_msgs:${AMENT_PREFIX_PATH} CMAKE_PREFIX_PATH=/home/projects/sensor2_ws/src/vesc/install/teleop_tools_msgs:${CMAKE_PREFIX_PATH} LD_LIBRARY_PATH=/home/projects/sensor2_ws/src/vesc/install/teleop_tools_msgs/lib:${LD_LIBRARY_PATH} PYTHONPATH=/home/projects/sensor2_ws/src/vesc/install/joy_teleop/lib/python3.8/site-packages:/home/projects/sensor2_ws/src/vesc/install/teleop_tools_msgs/lib/python3.8/site-packages:${PYTHONPATH} /usr/bin/python3 setup.py egg_info --egg-base ../../../build/joy_teleop build --build-base /home/projects/sensor2_ws/src/vesc/build/joy_teleop/build install --prefix /home/projects/sensor2_ws/src/vesc/install/joy_teleop --record /home/projects/sensor2_ws/src/vesc/build/joy_teleop/install.log --single-version-externally-managed
[4.601s] running egg_info
[4.604s] creating ../../../build/joy_teleop/joy_teleop.egg-info
[4.605s] writing ../../../build/joy_teleop/joy_teleop.egg-info/PKG-INFO
[4.606s] writing dependency_links to ../../../build/joy_teleop/joy_teleop.egg-info/dependency_links.txt
[4.607s] writing entry points to ../../../build/joy_teleop/joy_teleop.egg-info/entry_points.txt
[4.608s] writing requirements to ../../../build/joy_teleop/joy_teleop.egg-info/requires.txt
[4.609s] writing top-level names to ../../../build/joy_teleop/joy_teleop.egg-info/top_level.txt
[4.615s] writing manifest file '../../../build/joy_teleop/joy_teleop.egg-info/SOURCES.txt'
[4.779s] reading manifest file '../../../build/joy_teleop/joy_teleop.egg-info/SOURCES.txt'
[4.783s] writing manifest file '../../../build/joy_teleop/joy_teleop.egg-info/SOURCES.txt'
[4.786s] running build
[4.787s] running build_py
[4.787s] creating /home/projects/sensor2_ws/src/vesc/build/joy_teleop/build
[4.788s] creating /home/projects/sensor2_ws/src/vesc/build/joy_teleop/build/lib
[4.788s] creating /home/projects/sensor2_ws/src/vesc/build/joy_teleop/build/lib/joy_teleop
[4.789s] copying joy_teleop/incrementer_server.py -> /home/projects/sensor2_ws/src/vesc/build/joy_teleop/build/lib/joy_teleop
[4.789s] copying joy_teleop/joy_teleop.py -> /home/projects/sensor2_ws/src/vesc/build/joy_teleop/build/lib/joy_teleop
[4.791s] copying joy_teleop/__init__.py -> /home/projects/sensor2_ws/src/vesc/build/joy_teleop/build/lib/joy_teleop
[4.792s] running install
[4.796s] running install_lib
[4.801s] creating /home/projects/sensor2_ws/src/vesc/install/joy_teleop/lib/python3.8/site-packages/joy_teleop
[4.803s] copying /home/projects/sensor2_ws/src/vesc/build/joy_teleop/build/lib/joy_teleop/incrementer_server.py -> /home/projects/sensor2_ws/src/vesc/install/joy_teleop/lib/python3.8/site-packages/joy_teleop
[4.804s] copying /home/projects/sensor2_ws/src/vesc/build/joy_teleop/build/lib/joy_teleop/joy_teleop.py -> /home/projects/sensor2_ws/src/vesc/install/joy_teleop/lib/python3.8/site-packages/joy_teleop
[4.805s] copying /home/projects/sensor2_ws/src/vesc/build/joy_teleop/build/lib/joy_teleop/__init__.py -> /home/projects/sensor2_ws/src/vesc/install/joy_teleop/lib/python3.8/site-packages/joy_teleop
[4.808s] byte-compiling /home/projects/sensor2_ws/src/vesc/install/joy_teleop/lib/python3.8/site-packages/joy_teleop/incrementer_server.py to incrementer_server.cpython-38.pyc
[4.816s] byte-compiling /home/projects/sensor2_ws/src/vesc/install/joy_teleop/lib/python3.8/site-packages/joy_teleop/joy_teleop.py to joy_teleop.cpython-38.pyc
[4.827s] byte-compiling /home/projects/sensor2_ws/src/vesc/install/joy_teleop/lib/python3.8/site-packages/joy_teleop/__init__.py to __init__.cpython-38.pyc
[4.830s] running install_data
[4.834s] copying package.xml -> /home/projects/sensor2_ws/src/vesc/install/joy_teleop/share/joy_teleop
[4.835s] creating /home/projects/sensor2_ws/src/vesc/install/joy_teleop/share/joy_teleop/config
[4.836s] copying config/joy_teleop_example.yaml -> /home/projects/sensor2_ws/src/vesc/install/joy_teleop/share/joy_teleop/config
[4.837s] creating /home/projects/sensor2_ws/src/vesc/install/joy_teleop/share/joy_teleop/launch
[4.838s] copying launch/example.launch.py -> /home/projects/sensor2_ws/src/vesc/install/joy_teleop/share/joy_teleop/launch
[4.839s] creating /home/projects/sensor2_ws/src/vesc/install/joy_teleop/share/ament_index
[4.839s] creating /home/projects/sensor2_ws/src/vesc/install/joy_teleop/share/ament_index/resource_index
[4.840s] creating /home/projects/sensor2_ws/src/vesc/install/joy_teleop/share/ament_index/resource_index/packages
[4.842s] copying resource/joy_teleop -> /home/projects/sensor2_ws/src/vesc/install/joy_teleop/share/ament_index/resource_index/packages
[4.843s] running install_egg_info
[4.851s] Copying ../../../build/joy_teleop/joy_teleop.egg-info to /home/projects/sensor2_ws/src/vesc/install/joy_teleop/lib/python3.8/site-packages/joy_teleop-0.3.0-py3.8.egg-info
[4.856s] running install_scripts
[4.941s] Installing incrementer_server script to /home/projects/sensor2_ws/src/vesc/install/joy_teleop/lib/joy_teleop
[4.942s] Installing joy_teleop script to /home/projects/sensor2_ws/src/vesc/install/joy_teleop/lib/joy_teleop
[4.944s] writing list of installed files to '/home/projects/sensor2_ws/src/vesc/build/joy_teleop/install.log'
[5.055s] Invoked command in '/home/projects/sensor2_ws/src/vesc/src/teleop_tools/joy_teleop' returned '0': AMENT_PREFIX_PATH=/home/projects/sensor2_ws/src/vesc/install/teleop_tools_msgs:${AMENT_PREFIX_PATH} CMAKE_PREFIX_PATH=/home/projects/sensor2_ws/src/vesc/install/teleop_tools_msgs:${CMAKE_PREFIX_PATH} LD_LIBRARY_PATH=/home/projects/sensor2_ws/src/vesc/install/teleop_tools_msgs/lib:${LD_LIBRARY_PATH} PYTHONPATH=/home/projects/sensor2_ws/src/vesc/install/joy_teleop/lib/python3.8/site-packages:/home/projects/sensor2_ws/src/vesc/install/teleop_tools_msgs/lib/python3.8/site-packages:${PYTHONPATH} /usr/bin/python3 setup.py egg_info --egg-base ../../../build/joy_teleop build --build-base /home/projects/sensor2_ws/src/vesc/build/joy_teleop/build install --prefix /home/projects/sensor2_ws/src/vesc/install/joy_teleop --record /home/projects/sensor2_ws/src/vesc/build/joy_teleop/install.log --single-version-externally-managed
