[0.893s] DEBUG:colcon:Command line arguments: ['/usr/bin/colcon', 'build']
[0.893s] DEBUG:colcon:Parsed command line arguments: Namespace(ament_cmake_args=None, base_paths=['.'], build_base='build', catkin_cmake_args=None, catkin_skip_building_tests=False, cmake_args=None, cmake_clean_cache=False, cmake_clean_first=False, cmake_force_configure=False, cmake_target=None, cmake_target_skip_unavailable=False, continue_on_error=False, event_handlers=None, executor='parallel', ignore_user_meta=False, install_base='install', log_base=None, log_level=None, main=<bound method BuildVerb.main of <colcon_core.verb.build.BuildVerb object at 0x7f8f8cdc70>>, merge_install=False, metas=['./colcon.meta'], mixin=None, mixin_files=None, mixin_verb=('build',), packages_above=None, packages_above_and_dependencies=None, packages_above_depth=None, packages_end=None, packages_ignore=None, packages_ignore_regex=None, packages_select=None, packages_select_build_failed=False, packages_select_by_dep=None, packages_select_regex=None, packages_select_test_failures=False, packages_skip=None, packages_skip_build_finished=False, packages_skip_by_dep=None, packages_skip_regex=None, packages_skip_test_passed=False, packages_skip_up_to=None, packages_start=None, packages_up_to=None, packages_up_to_regex=None, parallel_workers=8, paths=None, symlink_install=False, test_result_base=None, verb_extension=<colcon_core.verb.build.BuildVerb object at 0x7f8f8cdc70>, verb_name='build', verb_parser=<colcon_mixin.mixin.mixin_argument.MixinArgumentDecorator object at 0x7f8f859280>)
[0.911s] Level 1:colcon.colcon_core.package_discovery:discover_packages(colcon_meta) check parameters
[0.913s] INFO:colcon.colcon_metadata.package_discovery.colcon_meta:Using configuration from '/root/.colcon/metadata/default/Gazebo.meta'
[0.915s] INFO:colcon.colcon_metadata.package_discovery.colcon_meta:Using configuration from '/root/.colcon/metadata/default/fastrtps.meta'
[0.915s] Level 1:colcon.colcon_core.package_discovery:discover_packages(recursive) check parameters
[0.915s] Level 1:colcon.colcon_core.package_discovery:discover_packages(ignore) check parameters
[0.915s] Level 1:colcon.colcon_core.package_discovery:discover_packages(path) check parameters
[0.915s] Level 1:colcon.colcon_core.package_discovery:discover_packages(colcon_meta) discover
[0.916s] Level 1:colcon.colcon_core.package_discovery:discover_packages(recursive) discover
[0.916s] INFO:colcon.colcon_core.package_discovery:Crawling recursively for packages in '/home/projects/sensor_ws/src/lidars/sicktim'
[0.916s] Level 1:colcon.colcon_core.package_identification:_identify(.) by extensions ['ignore', 'ignore_ament_install']
[0.916s] Level 1:colcon.colcon_core.package_identification:_identify(.) by extension 'ignore'
[0.917s] Level 1:colcon.colcon_core.package_identification:_identify(.) by extension 'ignore_ament_install'
[0.917s] Level 1:colcon.colcon_core.package_identification:_identify(.) by extensions ['colcon_pkg']
[0.917s] Level 1:colcon.colcon_core.package_identification:_identify(.) by extension 'colcon_pkg'
[0.917s] Level 1:colcon.colcon_core.package_identification:_identify(.) by extensions ['colcon_meta']
[0.917s] Level 1:colcon.colcon_core.package_identification:_identify(.) by extension 'colcon_meta'
[0.917s] Level 1:colcon.colcon_core.package_identification:_identify(.) by extensions ['ros']
[0.917s] Level 1:colcon.colcon_core.package_identification:_identify(.) by extension 'ros'
[0.961s] Level 1:colcon.colcon_core.package_identification:_identify(.) by extensions ['cmake', 'python']
[0.962s] Level 1:colcon.colcon_core.package_identification:_identify(.) by extension 'cmake'
[0.962s] Level 1:colcon.colcon_core.package_identification:_identify(.) by extension 'python'
[0.962s] Level 1:colcon.colcon_core.package_identification:_identify(.) by extensions ['python_setup_py']
[0.962s] Level 1:colcon.colcon_core.package_identification:_identify(.) by extension 'python_setup_py'
[0.962s] Level 1:colcon.colcon_core.package_identification:_identify(build) by extensions ['ignore', 'ignore_ament_install']
[0.963s] Level 1:colcon.colcon_core.package_identification:_identify(build) by extension 'ignore'
[0.963s] Level 1:colcon.colcon_core.package_identification:_identify(build) ignored
[0.963s] Level 1:colcon.colcon_core.package_identification:_identify(install) by extensions ['ignore', 'ignore_ament_install']
[0.964s] Level 1:colcon.colcon_core.package_identification:_identify(install) by extension 'ignore'
[0.964s] Level 1:colcon.colcon_core.package_identification:_identify(install) ignored
[0.964s] Level 1:colcon.colcon_core.package_identification:_identify(log) by extensions ['ignore', 'ignore_ament_install']
[0.965s] Level 1:colcon.colcon_core.package_identification:_identify(log) by extension 'ignore'
[0.965s] Level 1:colcon.colcon_core.package_identification:_identify(log) ignored
[0.965s] Level 1:colcon.colcon_core.package_identification:_identify(src) by extensions ['ignore', 'ignore_ament_install']
[0.965s] Level 1:colcon.colcon_core.package_identification:_identify(src) by extension 'ignore'
[0.965s] Level 1:colcon.colcon_core.package_identification:_identify(src) by extension 'ignore_ament_install'
[0.966s] Level 1:colcon.colcon_core.package_identification:_identify(src) by extensions ['colcon_pkg']
[0.966s] Level 1:colcon.colcon_core.package_identification:_identify(src) by extension 'colcon_pkg'
[0.966s] Level 1:colcon.colcon_core.package_identification:_identify(src) by extensions ['colcon_meta']
[0.966s] Level 1:colcon.colcon_core.package_identification:_identify(src) by extension 'colcon_meta'
[0.966s] Level 1:colcon.colcon_core.package_identification:_identify(src) by extensions ['ros']
[0.966s] Level 1:colcon.colcon_core.package_identification:_identify(src) by extension 'ros'
[0.967s] Level 1:colcon.colcon_core.package_identification:_identify(src) by extensions ['cmake', 'python']
[0.967s] Level 1:colcon.colcon_core.package_identification:_identify(src) by extension 'cmake'
[0.967s] Level 1:colcon.colcon_core.package_identification:_identify(src) by extension 'python'
[0.967s] Level 1:colcon.colcon_core.package_identification:_identify(src) by extensions ['python_setup_py']
[0.967s] Level 1:colcon.colcon_core.package_identification:_identify(src) by extension 'python_setup_py'
[0.968s] Level 1:colcon.colcon_core.package_identification:_identify(src/sick_scan2) by extensions ['ignore', 'ignore_ament_install']
[0.968s] Level 1:colcon.colcon_core.package_identification:_identify(src/sick_scan2) by extension 'ignore'
[0.968s] Level 1:colcon.colcon_core.package_identification:_identify(src/sick_scan2) by extension 'ignore_ament_install'
[0.968s] Level 1:colcon.colcon_core.package_identification:_identify(src/sick_scan2) by extensions ['colcon_pkg']
[0.968s] Level 1:colcon.colcon_core.package_identification:_identify(src/sick_scan2) by extension 'colcon_pkg'
[0.969s] Level 1:colcon.colcon_core.package_identification:_identify(src/sick_scan2) by extensions ['colcon_meta']
[0.969s] Level 1:colcon.colcon_core.package_identification:_identify(src/sick_scan2) by extension 'colcon_meta'
[0.969s] Level 1:colcon.colcon_core.package_identification:_identify(src/sick_scan2) by extensions ['ros']
[0.969s] Level 1:colcon.colcon_core.package_identification:_identify(src/sick_scan2) by extension 'ros'
[0.988s] DEBUG:colcon.colcon_core.package_identification:Package 'src/sick_scan2' with type 'ros.ament_cmake' and name 'sick_scan2'
[0.988s] Level 1:colcon.colcon_core.package_discovery:discover_packages(recursive) using defaults
[0.988s] Level 1:colcon.colcon_core.package_discovery:discover_packages(ignore) discover
[0.989s] Level 1:colcon.colcon_core.package_discovery:discover_packages(ignore) using defaults
[0.989s] Level 1:colcon.colcon_core.package_discovery:discover_packages(path) discover
[0.989s] Level 1:colcon.colcon_core.package_discovery:discover_packages(path) using defaults
[1.044s] Level 5:colcon.colcon_core.verb:set package 'sick_scan2' build argument 'cmake_args' from command line to 'None'
[1.045s] Level 5:colcon.colcon_core.verb:set package 'sick_scan2' build argument 'cmake_target' from command line to 'None'
[1.045s] Level 5:colcon.colcon_core.verb:set package 'sick_scan2' build argument 'cmake_target_skip_unavailable' from command line to 'False'
[1.045s] Level 5:colcon.colcon_core.verb:set package 'sick_scan2' build argument 'cmake_clean_cache' from command line to 'False'
[1.045s] Level 5:colcon.colcon_core.verb:set package 'sick_scan2' build argument 'cmake_clean_first' from command line to 'False'
[1.045s] Level 5:colcon.colcon_core.verb:set package 'sick_scan2' build argument 'cmake_force_configure' from command line to 'False'
[1.045s] Level 5:colcon.colcon_core.verb:set package 'sick_scan2' build argument 'ament_cmake_args' from command line to 'None'
[1.045s] Level 5:colcon.colcon_core.verb:set package 'sick_scan2' build argument 'catkin_cmake_args' from command line to 'None'
[1.045s] Level 5:colcon.colcon_core.verb:set package 'sick_scan2' build argument 'catkin_skip_building_tests' from command line to 'False'
[1.045s] DEBUG:colcon.colcon_core.verb:Building package 'sick_scan2' with the following arguments: {'ament_cmake_args': None, 'build_base': '/home/projects/sensor_ws/src/lidars/sicktim/build/sick_scan2', 'catkin_cmake_args': None, 'catkin_skip_building_tests': False, 'cmake_args': None, 'cmake_clean_cache': False, 'cmake_clean_first': False, 'cmake_force_configure': False, 'cmake_target': None, 'cmake_target_skip_unavailable': False, 'install_base': '/home/projects/sensor_ws/src/lidars/sicktim/install/sick_scan2', 'merge_install': False, 'path': '/home/projects/sensor_ws/src/lidars/sicktim/src/sick_scan2', 'symlink_install': False, 'test_result_base': None}
[1.046s] INFO:colcon.colcon_core.executor:Executing jobs using 'parallel' executor
[1.051s] DEBUG:colcon.colcon_parallel_executor.executor.parallel:run_until_complete
[1.052s] INFO:colcon.colcon_ros.task.ament_cmake.build:Building ROS package in '/home/projects/sensor_ws/src/lidars/sicktim/src/sick_scan2' with build type 'ament_cmake'
[1.053s] INFO:colcon.colcon_cmake.task.cmake.build:Building CMake package in '/home/projects/sensor_ws/src/lidars/sicktim/src/sick_scan2'
[1.063s] INFO:colcon.colcon_core.plugin_system:Skipping extension 'colcon_core.shell.bat': Not used on non-Windows systems
[1.063s] INFO:colcon.colcon_core.shell:Skip shell extension 'powershell' for command environment: Not usable outside of PowerShell
[1.063s] DEBUG:colcon.colcon_core.shell:Skip shell extension 'dsv' for command environment
[1.072s] DEBUG:colcon.colcon_core.shell:Ignoring prefix path '/opt/ros/foxy'
[1.092s] DEBUG:colcon.colcon_core.event_handler.log_command:Invoking command in '/home/projects/sensor_ws/src/lidars/sicktim/build/sick_scan2': CMAKE_PREFIX_PATH=/opt/ros/foxy /usr/bin/cmake /home/projects/sensor_ws/src/lidars/sicktim/src/sick_scan2 -DCMAKE_INSTALL_PREFIX=/home/projects/sensor_ws/src/lidars/sicktim/install/sick_scan2
[6.257s] DEBUG:colcon.colcon_core.event_handler.log_command:Invoked command in '/home/projects/sensor_ws/src/lidars/sicktim/build/sick_scan2' returned '0': CMAKE_PREFIX_PATH=/opt/ros/foxy /usr/bin/cmake /home/projects/sensor_ws/src/lidars/sicktim/src/sick_scan2 -DCMAKE_INSTALL_PREFIX=/home/projects/sensor_ws/src/lidars/sicktim/install/sick_scan2
[6.261s] DEBUG:colcon.colcon_core.event_handler.log_command:Invoking command in '/home/projects/sensor_ws/src/lidars/sicktim/build/sick_scan2': CMAKE_PREFIX_PATH=/opt/ros/foxy /usr/bin/cmake --build /home/projects/sensor_ws/src/lidars/sicktim/build/sick_scan2 -- -j8 -l8
[35.981s] DEBUG:colcon.colcon_core.event_handler.log_command:Invoked command in '/home/projects/sensor_ws/src/lidars/sicktim/build/sick_scan2' returned '0': CMAKE_PREFIX_PATH=/opt/ros/foxy /usr/bin/cmake --build /home/projects/sensor_ws/src/lidars/sicktim/build/sick_scan2 -- -j8 -l8
[36.270s] DEBUG:colcon.colcon_core.event_handler.log_command:Invoking command in '/home/projects/sensor_ws/src/lidars/sicktim/build/sick_scan2': CMAKE_PREFIX_PATH=/opt/ros/foxy /usr/bin/cmake --install /home/projects/sensor_ws/src/lidars/sicktim/build/sick_scan2
[36.348s] Level 1:colcon.colcon_core.environment:create_environment_scripts_only(sick_scan2)
[36.361s] DEBUG:colcon.colcon_core.event_handler.log_command:Invoked command in '/home/projects/sensor_ws/src/lidars/sicktim/build/sick_scan2' returned '0': CMAKE_PREFIX_PATH=/opt/ros/foxy /usr/bin/cmake --install /home/projects/sensor_ws/src/lidars/sicktim/build/sick_scan2
[36.368s] Level 1:colcon.colcon_core.environment:checking '/home/projects/sensor_ws/src/lidars/sicktim/install/sick_scan2' for CMake module files
[36.370s] Level 1:colcon.colcon_core.environment:checking '/home/projects/sensor_ws/src/lidars/sicktim/install/sick_scan2' for CMake config files
[36.371s] Level 1:colcon.colcon_core.shell:create_environment_hook('sick_scan2', 'cmake_prefix_path')
[36.373s] INFO:colcon.colcon_core.shell:Creating environment hook '/home/projects/sensor_ws/src/lidars/sicktim/install/sick_scan2/share/sick_scan2/hook/cmake_prefix_path.ps1'
[36.375s] INFO:colcon.colcon_core.shell:Creating environment descriptor '/home/projects/sensor_ws/src/lidars/sicktim/install/sick_scan2/share/sick_scan2/hook/cmake_prefix_path.dsv'
[36.376s] INFO:colcon.colcon_core.shell:Creating environment hook '/home/projects/sensor_ws/src/lidars/sicktim/install/sick_scan2/share/sick_scan2/hook/cmake_prefix_path.sh'
[36.379s] Level 1:colcon.colcon_core.environment:checking '/home/projects/sensor_ws/src/lidars/sicktim/install/sick_scan2/lib'
[36.380s] Level 1:colcon.colcon_core.environment:checking '/home/projects/sensor_ws/src/lidars/sicktim/install/sick_scan2/bin'
[36.380s] Level 1:colcon.colcon_core.environment:checking '/home/projects/sensor_ws/src/lidars/sicktim/install/sick_scan2/lib/pkgconfig/sick_scan2.pc'
[36.380s] Level 1:colcon.colcon_core.environment:checking '/home/projects/sensor_ws/src/lidars/sicktim/install/sick_scan2/lib/python3.8/site-packages'
[36.382s] INFO:colcon.colcon_core.shell:Creating package script '/home/projects/sensor_ws/src/lidars/sicktim/install/sick_scan2/share/sick_scan2/package.ps1'
[36.384s] INFO:colcon.colcon_core.shell:Creating package descriptor '/home/projects/sensor_ws/src/lidars/sicktim/install/sick_scan2/share/sick_scan2/package.dsv'
[36.386s] INFO:colcon.colcon_core.shell:Creating package script '/home/projects/sensor_ws/src/lidars/sicktim/install/sick_scan2/share/sick_scan2/package.sh'
[36.388s] INFO:colcon.colcon_core.shell:Creating package script '/home/projects/sensor_ws/src/lidars/sicktim/install/sick_scan2/share/sick_scan2/package.bash'
[36.390s] INFO:colcon.colcon_core.shell:Creating package script '/home/projects/sensor_ws/src/lidars/sicktim/install/sick_scan2/share/sick_scan2/package.zsh'
[36.392s] Level 1:colcon.colcon_core.environment:create_file_with_runtime_dependencies(/home/projects/sensor_ws/src/lidars/sicktim/install/sick_scan2/share/colcon-core/packages/sick_scan2)
[36.649s] Level 1:colcon.colcon_core.environment:create_environment_scripts_only(sick_scan2)
[36.653s] Level 1:colcon.colcon_core.environment:checking '/home/projects/sensor_ws/src/lidars/sicktim/install/sick_scan2' for CMake module files
[36.655s] Level 1:colcon.colcon_core.environment:checking '/home/projects/sensor_ws/src/lidars/sicktim/install/sick_scan2' for CMake config files
[36.656s] Level 1:colcon.colcon_core.shell:create_environment_hook('sick_scan2', 'cmake_prefix_path')
[36.658s] INFO:colcon.colcon_core.shell:Creating environment hook '/home/projects/sensor_ws/src/lidars/sicktim/install/sick_scan2/share/sick_scan2/hook/cmake_prefix_path.ps1'
[36.659s] INFO:colcon.colcon_core.shell:Creating environment descriptor '/home/projects/sensor_ws/src/lidars/sicktim/install/sick_scan2/share/sick_scan2/hook/cmake_prefix_path.dsv'
[36.660s] INFO:colcon.colcon_core.shell:Creating environment hook '/home/projects/sensor_ws/src/lidars/sicktim/install/sick_scan2/share/sick_scan2/hook/cmake_prefix_path.sh'
[36.662s] Level 1:colcon.colcon_core.environment:checking '/home/projects/sensor_ws/src/lidars/sicktim/install/sick_scan2/lib'
[36.662s] Level 1:colcon.colcon_core.environment:checking '/home/projects/sensor_ws/src/lidars/sicktim/install/sick_scan2/bin'
[36.662s] Level 1:colcon.colcon_core.environment:checking '/home/projects/sensor_ws/src/lidars/sicktim/install/sick_scan2/lib/pkgconfig/sick_scan2.pc'
[36.663s] Level 1:colcon.colcon_core.environment:checking '/home/projects/sensor_ws/src/lidars/sicktim/install/sick_scan2/lib/python3.8/site-packages'
[36.664s] INFO:colcon.colcon_core.shell:Creating package script '/home/projects/sensor_ws/src/lidars/sicktim/install/sick_scan2/share/sick_scan2/package.ps1'
[36.666s] INFO:colcon.colcon_core.shell:Creating package descriptor '/home/projects/sensor_ws/src/lidars/sicktim/install/sick_scan2/share/sick_scan2/package.dsv'
[36.667s] INFO:colcon.colcon_core.shell:Creating package script '/home/projects/sensor_ws/src/lidars/sicktim/install/sick_scan2/share/sick_scan2/package.sh'
[36.668s] INFO:colcon.colcon_core.shell:Creating package script '/home/projects/sensor_ws/src/lidars/sicktim/install/sick_scan2/share/sick_scan2/package.bash'
[36.669s] INFO:colcon.colcon_core.shell:Creating package script '/home/projects/sensor_ws/src/lidars/sicktim/install/sick_scan2/share/sick_scan2/package.zsh'
[36.671s] Level 1:colcon.colcon_core.environment:create_file_with_runtime_dependencies(/home/projects/sensor_ws/src/lidars/sicktim/install/sick_scan2/share/colcon-core/packages/sick_scan2)
[36.671s] DEBUG:colcon.colcon_parallel_executor.executor.parallel:closing loop
[36.674s] DEBUG:colcon.colcon_parallel_executor.executor.parallel:loop closed
[36.674s] DEBUG:colcon.colcon_parallel_executor.executor.parallel:run_until_complete finished with '0'
[36.674s] DEBUG:colcon.colcon_core.event_reactor:joining thread
[36.694s] INFO:colcon.colcon_core.plugin_system:Skipping extension 'colcon_notification.desktop_notification.notify_send': Could not find 'notify-send'
[36.694s] INFO:colcon.colcon_core.plugin_system:Skipping extension 'colcon_notification.desktop_notification.terminal_notifier': Not used on non-Darwin systems
[36.694s] INFO:colcon.colcon_core.plugin_system:Skipping extension 'colcon_notification.desktop_notification.win32': Not used on non-Windows systems
[36.694s] INFO:colcon.colcon_notification.desktop_notification:Sending desktop notification using 'notify2'
[36.694s] DEBUG:colcon.colcon_notification.desktop_notification.notify2:Failed to initialize notify2: org.freedesktop.DBus.Error.NotSupported: Unable to autolaunch a dbus-daemon without a $DISPLAY for X11
[36.695s] DEBUG:colcon.colcon_core.event_reactor:joined thread
[36.697s] INFO:colcon.colcon_core.shell:Creating prefix script '/home/projects/sensor_ws/src/lidars/sicktim/install/local_setup.ps1'
[36.699s] INFO:colcon.colcon_core.shell:Creating prefix util module '/home/projects/sensor_ws/src/lidars/sicktim/install/_local_setup_util_ps1.py'
[36.702s] INFO:colcon.colcon_core.shell:Creating prefix chain script '/home/projects/sensor_ws/src/lidars/sicktim/install/setup.ps1'
[36.708s] INFO:colcon.colcon_core.shell:Creating prefix script '/home/projects/sensor_ws/src/lidars/sicktim/install/local_setup.sh'
[36.709s] INFO:colcon.colcon_core.shell:Creating prefix util module '/home/projects/sensor_ws/src/lidars/sicktim/install/_local_setup_util_sh.py'
[36.710s] INFO:colcon.colcon_core.shell:Creating prefix chain script '/home/projects/sensor_ws/src/lidars/sicktim/install/setup.sh'
[36.716s] INFO:colcon.colcon_core.shell:Creating prefix script '/home/projects/sensor_ws/src/lidars/sicktim/install/local_setup.bash'
[36.717s] INFO:colcon.colcon_core.shell:Creating prefix chain script '/home/projects/sensor_ws/src/lidars/sicktim/install/setup.bash'
[36.722s] INFO:colcon.colcon_core.shell:Creating prefix script '/home/projects/sensor_ws/src/lidars/sicktim/install/local_setup.zsh'
[36.723s] INFO:colcon.colcon_core.shell:Creating prefix chain script '/home/projects/sensor_ws/src/lidars/sicktim/install/setup.zsh'
