running egg_info
creating ../../../build/ucsd_robocar_control2_pkg/ucsd_robocar_control2_pkg.egg-info
writing ../../../build/ucsd_robocar_control2_pkg/ucsd_robocar_control2_pkg.egg-info/PKG-INFO
writing dependency_links to ../../../build/ucsd_robocar_control2_pkg/ucsd_robocar_control2_pkg.egg-info/dependency_links.txt
writing entry points to ../../../build/ucsd_robocar_control2_pkg/ucsd_robocar_control2_pkg.egg-info/entry_points.txt
writing requirements to ../../../build/ucsd_robocar_control2_pkg/ucsd_robocar_control2_pkg.egg-info/requires.txt
writing top-level names to ../../../build/ucsd_robocar_control2_pkg/ucsd_robocar_control2_pkg.egg-info/top_level.txt
writing manifest file '../../../build/ucsd_robocar_control2_pkg/ucsd_robocar_control2_pkg.egg-info/SOURCES.txt'
reading manifest file '../../../build/ucsd_robocar_control2_pkg/ucsd_robocar_control2_pkg.egg-info/SOURCES.txt'
writing manifest file '../../../build/ucsd_robocar_control2_pkg/ucsd_robocar_control2_pkg.egg-info/SOURCES.txt'
running build
running build_py
creating /home/projects/ros2_ws/build/ucsd_robocar_control2_pkg/build
creating /home/projects/ros2_ws/build/ucsd_robocar_control2_pkg/build/lib
creating /home/projects/ros2_ws/build/ucsd_robocar_control2_pkg/build/lib/ucsd_robocar_control2_pkg
copying ucsd_robocar_control2_pkg/mpc_node.py -> /home/projects/ros2_ws/build/ucsd_robocar_control2_pkg/build/lib/ucsd_robocar_control2_pkg
copying ucsd_robocar_control2_pkg/__init__.py -> /home/projects/ros2_ws/build/ucsd_robocar_control2_pkg/build/lib/ucsd_robocar_control2_pkg
copying ucsd_robocar_control2_pkg/lqr_node.py -> /home/projects/ros2_ws/build/ucsd_robocar_control2_pkg/build/lib/ucsd_robocar_control2_pkg
copying ucsd_robocar_control2_pkg/lqg_node.py -> /home/projects/ros2_ws/build/ucsd_robocar_control2_pkg/build/lib/ucsd_robocar_control2_pkg
copying ucsd_robocar_control2_pkg/pid_node.py -> /home/projects/ros2_ws/build/ucsd_robocar_control2_pkg/build/lib/ucsd_robocar_control2_pkg
copying ucsd_robocar_control2_pkg/lqg_w_node.py -> /home/projects/ros2_ws/build/ucsd_robocar_control2_pkg/build/lib/ucsd_robocar_control2_pkg
creating /home/projects/ros2_ws/build/ucsd_robocar_control2_pkg/build/lib/ucsd_robocar_control2_pkg/controller_submodule
copying ucsd_robocar_control2_pkg/controller_submodule/__init__.py -> /home/projects/ros2_ws/build/ucsd_robocar_control2_pkg/build/lib/ucsd_robocar_control2_pkg/controller_submodule
copying ucsd_robocar_control2_pkg/controller_submodule/linear_kalman_filter.py -> /home/projects/ros2_ws/build/ucsd_robocar_control2_pkg/build/lib/ucsd_robocar_control2_pkg/controller_submodule
copying ucsd_robocar_control2_pkg/controller_submodule/throttle_schedule.py -> /home/projects/ros2_ws/build/ucsd_robocar_control2_pkg/build/lib/ucsd_robocar_control2_pkg/controller_submodule
copying ucsd_robocar_control2_pkg/controller_submodule/lqr_calculator.py -> /home/projects/ros2_ws/build/ucsd_robocar_control2_pkg/build/lib/ucsd_robocar_control2_pkg/controller_submodule
copying ucsd_robocar_control2_pkg/controller_submodule/mpc_calculator.py -> /home/projects/ros2_ws/build/ucsd_robocar_control2_pkg/build/lib/ucsd_robocar_control2_pkg/controller_submodule
copying ucsd_robocar_control2_pkg/controller_submodule/ss_simulation.py -> /home/projects/ros2_ws/build/ucsd_robocar_control2_pkg/build/lib/ucsd_robocar_control2_pkg/controller_submodule
copying ucsd_robocar_control2_pkg/controller_submodule/car_model.py -> /home/projects/ros2_ws/build/ucsd_robocar_control2_pkg/build/lib/ucsd_robocar_control2_pkg/controller_submodule
creating /home/projects/ros2_ws/build/ucsd_robocar_control2_pkg/build/lib/ucsd_robocar_control2_pkg/state_estimate_submodule
copying ucsd_robocar_control2_pkg/state_estimate_submodule/__init__.py -> /home/projects/ros2_ws/build/ucsd_robocar_control2_pkg/build/lib/ucsd_robocar_control2_pkg/state_estimate_submodule
copying ucsd_robocar_control2_pkg/state_estimate_submodule/extended_kalman_filter.py -> /home/projects/ros2_ws/build/ucsd_robocar_control2_pkg/build/lib/ucsd_robocar_control2_pkg/state_estimate_submodule
running install
running install_lib
creating /home/projects/ros2_ws/install/ucsd_robocar_control2_pkg/lib/python3.8/site-packages/ucsd_robocar_control2_pkg
creating /home/projects/ros2_ws/install/ucsd_robocar_control2_pkg/lib/python3.8/site-packages/ucsd_robocar_control2_pkg/state_estimate_submodule
copying /home/projects/ros2_ws/build/ucsd_robocar_control2_pkg/build/lib/ucsd_robocar_control2_pkg/state_estimate_submodule/__init__.py -> /home/projects/ros2_ws/install/ucsd_robocar_control2_pkg/lib/python3.8/site-packages/ucsd_robocar_control2_pkg/state_estimate_submodule
copying /home/projects/ros2_ws/build/ucsd_robocar_control2_pkg/build/lib/ucsd_robocar_control2_pkg/state_estimate_submodule/extended_kalman_filter.py -> /home/projects/ros2_ws/install/ucsd_robocar_control2_pkg/lib/python3.8/site-packages/ucsd_robocar_control2_pkg/state_estimate_submodule
copying /home/projects/ros2_ws/build/ucsd_robocar_control2_pkg/build/lib/ucsd_robocar_control2_pkg/mpc_node.py -> /home/projects/ros2_ws/install/ucsd_robocar_control2_pkg/lib/python3.8/site-packages/ucsd_robocar_control2_pkg
copying /home/projects/ros2_ws/build/ucsd_robocar_control2_pkg/build/lib/ucsd_robocar_control2_pkg/__init__.py -> /home/projects/ros2_ws/install/ucsd_robocar_control2_pkg/lib/python3.8/site-packages/ucsd_robocar_control2_pkg
copying /home/projects/ros2_ws/build/ucsd_robocar_control2_pkg/build/lib/ucsd_robocar_control2_pkg/lqr_node.py -> /home/projects/ros2_ws/install/ucsd_robocar_control2_pkg/lib/python3.8/site-packages/ucsd_robocar_control2_pkg
copying /home/projects/ros2_ws/build/ucsd_robocar_control2_pkg/build/lib/ucsd_robocar_control2_pkg/lqg_w_node.py -> /home/projects/ros2_ws/install/ucsd_robocar_control2_pkg/lib/python3.8/site-packages/ucsd_robocar_control2_pkg
copying /home/projects/ros2_ws/build/ucsd_robocar_control2_pkg/build/lib/ucsd_robocar_control2_pkg/lqg_node.py -> /home/projects/ros2_ws/install/ucsd_robocar_control2_pkg/lib/python3.8/site-packages/ucsd_robocar_control2_pkg
creating /home/projects/ros2_ws/install/ucsd_robocar_control2_pkg/lib/python3.8/site-packages/ucsd_robocar_control2_pkg/controller_submodule
copying /home/projects/ros2_ws/build/ucsd_robocar_control2_pkg/build/lib/ucsd_robocar_control2_pkg/controller_submodule/__init__.py -> /home/projects/ros2_ws/install/ucsd_robocar_control2_pkg/lib/python3.8/site-packages/ucsd_robocar_control2_pkg/controller_submodule
copying /home/projects/ros2_ws/build/ucsd_robocar_control2_pkg/build/lib/ucsd_robocar_control2_pkg/controller_submodule/linear_kalman_filter.py -> /home/projects/ros2_ws/install/ucsd_robocar_control2_pkg/lib/python3.8/site-packages/ucsd_robocar_control2_pkg/controller_submodule
copying /home/projects/ros2_ws/build/ucsd_robocar_control2_pkg/build/lib/ucsd_robocar_control2_pkg/controller_submodule/throttle_schedule.py -> /home/projects/ros2_ws/install/ucsd_robocar_control2_pkg/lib/python3.8/site-packages/ucsd_robocar_control2_pkg/controller_submodule
copying /home/projects/ros2_ws/build/ucsd_robocar_control2_pkg/build/lib/ucsd_robocar_control2_pkg/controller_submodule/lqr_calculator.py -> /home/projects/ros2_ws/install/ucsd_robocar_control2_pkg/lib/python3.8/site-packages/ucsd_robocar_control2_pkg/controller_submodule
copying /home/projects/ros2_ws/build/ucsd_robocar_control2_pkg/build/lib/ucsd_robocar_control2_pkg/controller_submodule/mpc_calculator.py -> /home/projects/ros2_ws/install/ucsd_robocar_control2_pkg/lib/python3.8/site-packages/ucsd_robocar_control2_pkg/controller_submodule
copying /home/projects/ros2_ws/build/ucsd_robocar_control2_pkg/build/lib/ucsd_robocar_control2_pkg/controller_submodule/ss_simulation.py -> /home/projects/ros2_ws/install/ucsd_robocar_control2_pkg/lib/python3.8/site-packages/ucsd_robocar_control2_pkg/controller_submodule
copying /home/projects/ros2_ws/build/ucsd_robocar_control2_pkg/build/lib/ucsd_robocar_control2_pkg/controller_submodule/car_model.py -> /home/projects/ros2_ws/install/ucsd_robocar_control2_pkg/lib/python3.8/site-packages/ucsd_robocar_control2_pkg/controller_submodule
copying /home/projects/ros2_ws/build/ucsd_robocar_control2_pkg/build/lib/ucsd_robocar_control2_pkg/pid_node.py -> /home/projects/ros2_ws/install/ucsd_robocar_control2_pkg/lib/python3.8/site-packages/ucsd_robocar_control2_pkg
byte-compiling /home/projects/ros2_ws/install/ucsd_robocar_control2_pkg/lib/python3.8/site-packages/ucsd_robocar_control2_pkg/state_estimate_submodule/__init__.py to __init__.cpython-38.pyc
byte-compiling /home/projects/ros2_ws/install/ucsd_robocar_control2_pkg/lib/python3.8/site-packages/ucsd_robocar_control2_pkg/state_estimate_submodule/extended_kalman_filter.py to extended_kalman_filter.cpython-38.pyc
byte-compiling /home/projects/ros2_ws/install/ucsd_robocar_control2_pkg/lib/python3.8/site-packages/ucsd_robocar_control2_pkg/mpc_node.py to mpc_node.cpython-38.pyc
byte-compiling /home/projects/ros2_ws/install/ucsd_robocar_control2_pkg/lib/python3.8/site-packages/ucsd_robocar_control2_pkg/__init__.py to __init__.cpython-38.pyc
byte-compiling /home/projects/ros2_ws/install/ucsd_robocar_control2_pkg/lib/python3.8/site-packages/ucsd_robocar_control2_pkg/lqr_node.py to lqr_node.cpython-38.pyc
byte-compiling /home/projects/ros2_ws/install/ucsd_robocar_control2_pkg/lib/python3.8/site-packages/ucsd_robocar_control2_pkg/lqg_w_node.py to lqg_w_node.cpython-38.pyc
byte-compiling /home/projects/ros2_ws/install/ucsd_robocar_control2_pkg/lib/python3.8/site-packages/ucsd_robocar_control2_pkg/lqg_node.py to lqg_node.cpython-38.pyc
byte-compiling /home/projects/ros2_ws/install/ucsd_robocar_control2_pkg/lib/python3.8/site-packages/ucsd_robocar_control2_pkg/controller_submodule/__init__.py to __init__.cpython-38.pyc
byte-compiling /home/projects/ros2_ws/install/ucsd_robocar_control2_pkg/lib/python3.8/site-packages/ucsd_robocar_control2_pkg/controller_submodule/linear_kalman_filter.py to linear_kalman_filter.cpython-38.pyc
byte-compiling /home/projects/ros2_ws/install/ucsd_robocar_control2_pkg/lib/python3.8/site-packages/ucsd_robocar_control2_pkg/controller_submodule/throttle_schedule.py to throttle_schedule.cpython-38.pyc
byte-compiling /home/projects/ros2_ws/install/ucsd_robocar_control2_pkg/lib/python3.8/site-packages/ucsd_robocar_control2_pkg/controller_submodule/lqr_calculator.py to lqr_calculator.cpython-38.pyc
byte-compiling /home/projects/ros2_ws/install/ucsd_robocar_control2_pkg/lib/python3.8/site-packages/ucsd_robocar_control2_pkg/controller_submodule/mpc_calculator.py to mpc_calculator.cpython-38.pyc
byte-compiling /home/projects/ros2_ws/install/ucsd_robocar_control2_pkg/lib/python3.8/site-packages/ucsd_robocar_control2_pkg/controller_submodule/ss_simulation.py to ss_simulation.cpython-38.pyc
byte-compiling /home/projects/ros2_ws/install/ucsd_robocar_control2_pkg/lib/python3.8/site-packages/ucsd_robocar_control2_pkg/controller_submodule/car_model.py to car_model.cpython-38.pyc
byte-compiling /home/projects/ros2_ws/install/ucsd_robocar_control2_pkg/lib/python3.8/site-packages/ucsd_robocar_control2_pkg/pid_node.py to pid_node.cpython-38.pyc
running install_data
creating /home/projects/ros2_ws/install/ucsd_robocar_control2_pkg/share/ament_index
creating /home/projects/ros2_ws/install/ucsd_robocar_control2_pkg/share/ament_index/resource_index
creating /home/projects/ros2_ws/install/ucsd_robocar_control2_pkg/share/ament_index/resource_index/packages
copying resource/ucsd_robocar_control2_pkg -> /home/projects/ros2_ws/install/ucsd_robocar_control2_pkg/share/ament_index/resource_index/packages
copying package.xml -> /home/projects/ros2_ws/install/ucsd_robocar_control2_pkg/share/ucsd_robocar_control2_pkg
creating /home/projects/ros2_ws/install/ucsd_robocar_control2_pkg/share/ucsd_robocar_control2_pkg/launch
copying launch/manual_joy_control_launch.launch.py -> /home/projects/ros2_ws/install/ucsd_robocar_control2_pkg/share/ucsd_robocar_control2_pkg/launch
copying launch/pid_launch.launch.py -> /home/projects/ros2_ws/install/ucsd_robocar_control2_pkg/share/ucsd_robocar_control2_pkg/launch
copying launch/lqg_launch.launch.py -> /home/projects/ros2_ws/install/ucsd_robocar_control2_pkg/share/ucsd_robocar_control2_pkg/launch
copying launch/f1tenth_vesc_joy_launch.launch.py -> /home/projects/ros2_ws/install/ucsd_robocar_control2_pkg/share/ucsd_robocar_control2_pkg/launch
copying launch/lqr_launch.launch.py -> /home/projects/ros2_ws/install/ucsd_robocar_control2_pkg/share/ucsd_robocar_control2_pkg/launch
copying launch/lqg_w_launch.launch.py -> /home/projects/ros2_ws/install/ucsd_robocar_control2_pkg/share/ucsd_robocar_control2_pkg/launch
creating /home/projects/ros2_ws/install/ucsd_robocar_control2_pkg/share/ucsd_robocar_control2_pkg/config
copying config/lqg_config.yaml -> /home/projects/ros2_ws/install/ucsd_robocar_control2_pkg/share/ucsd_robocar_control2_pkg/config
copying config/manual_joy_control_config.yaml -> /home/projects/ros2_ws/install/ucsd_robocar_control2_pkg/share/ucsd_robocar_control2_pkg/config
copying config/lqr_config.yaml -> /home/projects/ros2_ws/install/ucsd_robocar_control2_pkg/share/ucsd_robocar_control2_pkg/config
copying config/f1tenth_joy_teleop.yaml -> /home/projects/ros2_ws/install/ucsd_robocar_control2_pkg/share/ucsd_robocar_control2_pkg/config
copying config/pid_config.yaml -> /home/projects/ros2_ws/install/ucsd_robocar_control2_pkg/share/ucsd_robocar_control2_pkg/config
copying config/car_parameters.yaml -> /home/projects/ros2_ws/install/ucsd_robocar_control2_pkg/share/ucsd_robocar_control2_pkg/config
copying config/lqg_w_config.yaml -> /home/projects/ros2_ws/install/ucsd_robocar_control2_pkg/share/ucsd_robocar_control2_pkg/config
creating /home/projects/ros2_ws/install/ucsd_robocar_control2_pkg/share/ucsd_robocar_control2_pkg/controller_submodule
creating /home/projects/ros2_ws/install/ucsd_robocar_control2_pkg/share/ucsd_robocar_control2_pkg/state_estimate_submodule
creating /home/projects/ros2_ws/install/ucsd_robocar_control2_pkg/share/ucsd_robocar_control2_pkg/data
copying data/test.csv -> /home/projects/ros2_ws/install/ucsd_robocar_control2_pkg/share/ucsd_robocar_control2_pkg/data
copying data/test_2_05_20.csv -> /home/projects/ros2_ws/install/ucsd_robocar_control2_pkg/share/ucsd_robocar_control2_pkg/data
copying data/icra_d3_test.csv -> /home/projects/ros2_ws/install/ucsd_robocar_control2_pkg/share/ucsd_robocar_control2_pkg/data
copying data/lqg_w_test.csv -> /home/projects/ros2_ws/install/ucsd_robocar_control2_pkg/share/ucsd_robocar_control2_pkg/data
copying data/test_5_05_20.csv -> /home/projects/ros2_ws/install/ucsd_robocar_control2_pkg/share/ucsd_robocar_control2_pkg/data
copying data/lqg_w_test2.csv -> /home/projects/ros2_ws/install/ucsd_robocar_control2_pkg/share/ucsd_robocar_control2_pkg/data
copying data/test_1_05_19.csv -> /home/projects/ros2_ws/install/ucsd_robocar_control2_pkg/share/ucsd_robocar_control2_pkg/data
copying data/train_data.csv -> /home/projects/ros2_ws/install/ucsd_robocar_control2_pkg/share/ucsd_robocar_control2_pkg/data
copying data/test_11_05_20.csv -> /home/projects/ros2_ws/install/ucsd_robocar_control2_pkg/share/ucsd_robocar_control2_pkg/data
copying data/lqg_w_test3.csv -> /home/projects/ros2_ws/install/ucsd_robocar_control2_pkg/share/ucsd_robocar_control2_pkg/data
copying data/icra_day1_test1.csv -> /home/projects/ros2_ws/install/ucsd_robocar_control2_pkg/share/ucsd_robocar_control2_pkg/data
copying data/kalman_test2.csv -> /home/projects/ros2_ws/install/ucsd_robocar_control2_pkg/share/ucsd_robocar_control2_pkg/data
copying data/kalman_test5.csv -> /home/projects/ros2_ws/install/ucsd_robocar_control2_pkg/share/ucsd_robocar_control2_pkg/data
copying data/icra_sim_test2.csv -> /home/projects/ros2_ws/install/ucsd_robocar_control2_pkg/share/ucsd_robocar_control2_pkg/data
copying data/kalman_test.csv -> /home/projects/ros2_ws/install/ucsd_robocar_control2_pkg/share/ucsd_robocar_control2_pkg/data
copying data/test_12_05_20.csv -> /home/projects/ros2_ws/install/ucsd_robocar_control2_pkg/share/ucsd_robocar_control2_pkg/data
copying data/test_6_05_20.csv -> /home/projects/ros2_ws/install/ucsd_robocar_control2_pkg/share/ucsd_robocar_control2_pkg/data
copying data/test_4_05_20.csv -> /home/projects/ros2_ws/install/ucsd_robocar_control2_pkg/share/ucsd_robocar_control2_pkg/data
copying data/test_1_05_20.csv -> /home/projects/ros2_ws/install/ucsd_robocar_control2_pkg/share/ucsd_robocar_control2_pkg/data
copying data/physical_lqg_test.csv -> /home/projects/ros2_ws/install/ucsd_robocar_control2_pkg/share/ucsd_robocar_control2_pkg/data
copying data/kalman_test4.csv -> /home/projects/ros2_ws/install/ucsd_robocar_control2_pkg/share/ucsd_robocar_control2_pkg/data
copying data/pid_vs_lqg.csv -> /home/projects/ros2_ws/install/ucsd_robocar_control2_pkg/share/ucsd_robocar_control2_pkg/data
copying data/kalman_test3.csv -> /home/projects/ros2_ws/install/ucsd_robocar_control2_pkg/share/ucsd_robocar_control2_pkg/data
running install_egg_info
Copying ../../../build/ucsd_robocar_control2_pkg/ucsd_robocar_control2_pkg.egg-info to /home/projects/ros2_ws/install/ucsd_robocar_control2_pkg/lib/python3.8/site-packages/ucsd_robocar_control2_pkg-0.0.0-py3.8.egg-info
running install_scripts
Installing lqg_node script to /home/projects/ros2_ws/install/ucsd_robocar_control2_pkg/lib/ucsd_robocar_control2_pkg
Installing lqg_w_node script to /home/projects/ros2_ws/install/ucsd_robocar_control2_pkg/lib/ucsd_robocar_control2_pkg
Installing lqr_node script to /home/projects/ros2_ws/install/ucsd_robocar_control2_pkg/lib/ucsd_robocar_control2_pkg
Installing mpc_node script to /home/projects/ros2_ws/install/ucsd_robocar_control2_pkg/lib/ucsd_robocar_control2_pkg
Installing pid_node script to /home/projects/ros2_ws/install/ucsd_robocar_control2_pkg/lib/ucsd_robocar_control2_pkg
writing list of installed files to '/home/projects/ros2_ws/build/ucsd_robocar_control2_pkg/install.log'
