[1.044s] DEBUG:colcon:Command line arguments: ['/usr/bin/colcon', 'build']
[1.044s] DEBUG:colcon:Parsed command line arguments: Namespace(allow_overriding=[], ament_cmake_args=None, base_paths=['.'], build_base='build', catkin_cmake_args=None, catkin_skip_building_tests=False, cmake_args=None, cmake_clean_cache=False, cmake_clean_first=False, cmake_force_configure=False, cmake_target=None, cmake_target_skip_unavailable=False, continue_on_error=False, event_handlers=None, executor='parallel', ignore_user_meta=False, install_base='install', log_base=None, log_level=None, main=<bound method BuildVerb.main of <colcon_core.verb.build.BuildVerb object at 0x7f7f7ae8b0>>, merge_install=False, metas=['./colcon.meta'], mixin=None, mixin_files=None, mixin_verb=('build',), packages_above=None, packages_above_and_dependencies=None, packages_above_depth=None, packages_end=None, packages_ignore=None, packages_ignore_regex=None, packages_select=None, packages_select_build_failed=False, packages_select_by_dep=None, packages_select_regex=None, packages_select_test_failures=False, packages_skip=None, packages_skip_build_finished=False, packages_skip_by_dep=None, packages_skip_regex=None, packages_skip_test_passed=False, packages_skip_up_to=None, packages_start=None, packages_up_to=None, packages_up_to_regex=None, parallel_workers=2, paths=None, symlink_install=False, test_result_base=None, verb_extension=<colcon_core.verb.build.BuildVerb object at 0x7f7f7ae8b0>, verb_name='build', verb_parser=<colcon_mixin.mixin.mixin_argument.MixinArgumentDecorator object at 0x7f7f7aee80>)
[1.072s] Level 1:colcon.colcon_core.package_discovery:discover_packages(colcon_meta) check parameters
[1.076s] INFO:colcon.colcon_metadata.package_discovery.colcon_meta:Using configuration from '/root/.colcon/metadata/default/Gazebo.meta'
[1.080s] INFO:colcon.colcon_metadata.package_discovery.colcon_meta:Using configuration from '/root/.colcon/metadata/default/fastrtps.meta'
[1.080s] Level 1:colcon.colcon_core.package_discovery:discover_packages(recursive) check parameters
[1.080s] Level 1:colcon.colcon_core.package_discovery:discover_packages(ignore) check parameters
[1.081s] Level 1:colcon.colcon_core.package_discovery:discover_packages(path) check parameters
[1.081s] Level 1:colcon.colcon_core.package_discovery:discover_packages(colcon_meta) discover
[1.081s] Level 1:colcon.colcon_core.package_discovery:discover_packages(recursive) discover
[1.081s] INFO:colcon.colcon_core.package_discovery:Crawling recursively for packages in '/home/projects/sensor2_ws/src/imu/artemis_openlog'
[1.082s] Level 1:colcon.colcon_core.package_identification:_identify(.) by extensions ['ignore', 'ignore_ament_install']
[1.082s] Level 1:colcon.colcon_core.package_identification:_identify(.) by extension 'ignore'
[1.083s] Level 1:colcon.colcon_core.package_identification:_identify(.) by extension 'ignore_ament_install'
[1.083s] Level 1:colcon.colcon_core.package_identification:_identify(.) by extensions ['colcon_pkg']
[1.083s] Level 1:colcon.colcon_core.package_identification:_identify(.) by extension 'colcon_pkg'
[1.084s] Level 1:colcon.colcon_core.package_identification:_identify(.) by extensions ['colcon_meta']
[1.084s] Level 1:colcon.colcon_core.package_identification:_identify(.) by extension 'colcon_meta'
[1.084s] Level 1:colcon.colcon_core.package_identification:_identify(.) by extensions ['ros']
[1.084s] Level 1:colcon.colcon_core.package_identification:_identify(.) by extension 'ros'
[1.151s] Level 1:colcon.colcon_core.package_identification:_identify(.) by extensions ['cmake', 'python']
[1.151s] Level 1:colcon.colcon_core.package_identification:_identify(.) by extension 'cmake'
[1.152s] Level 1:colcon.colcon_core.package_identification:_identify(.) by extension 'python'
[1.152s] Level 1:colcon.colcon_core.package_identification:_identify(.) by extensions ['python_setup_py']
[1.152s] Level 1:colcon.colcon_core.package_identification:_identify(.) by extension 'python_setup_py'
[1.153s] Level 1:colcon.colcon_core.package_identification:_identify(build) by extensions ['ignore', 'ignore_ament_install']
[1.153s] Level 1:colcon.colcon_core.package_identification:_identify(build) by extension 'ignore'
[1.154s] Level 1:colcon.colcon_core.package_identification:_identify(build) ignored
[1.154s] Level 1:colcon.colcon_core.package_identification:_identify(install) by extensions ['ignore', 'ignore_ament_install']
[1.155s] Level 1:colcon.colcon_core.package_identification:_identify(install) by extension 'ignore'
[1.155s] Level 1:colcon.colcon_core.package_identification:_identify(install) ignored
[1.156s] Level 1:colcon.colcon_core.package_identification:_identify(log) by extensions ['ignore', 'ignore_ament_install']
[1.156s] Level 1:colcon.colcon_core.package_identification:_identify(log) by extension 'ignore'
[1.157s] Level 1:colcon.colcon_core.package_identification:_identify(log) ignored
[1.157s] Level 1:colcon.colcon_core.package_identification:_identify(src) by extensions ['ignore', 'ignore_ament_install']
[1.158s] Level 1:colcon.colcon_core.package_identification:_identify(src) by extension 'ignore'
[1.158s] Level 1:colcon.colcon_core.package_identification:_identify(src) by extension 'ignore_ament_install'
[1.158s] Level 1:colcon.colcon_core.package_identification:_identify(src) by extensions ['colcon_pkg']
[1.158s] Level 1:colcon.colcon_core.package_identification:_identify(src) by extension 'colcon_pkg'
[1.159s] Level 1:colcon.colcon_core.package_identification:_identify(src) by extensions ['colcon_meta']
[1.159s] Level 1:colcon.colcon_core.package_identification:_identify(src) by extension 'colcon_meta'
[1.159s] Level 1:colcon.colcon_core.package_identification:_identify(src) by extensions ['ros']
[1.160s] Level 1:colcon.colcon_core.package_identification:_identify(src) by extension 'ros'
[1.160s] Level 1:colcon.colcon_core.package_identification:_identify(src) by extensions ['cmake', 'python']
[1.160s] Level 1:colcon.colcon_core.package_identification:_identify(src) by extension 'cmake'
[1.161s] Level 1:colcon.colcon_core.package_identification:_identify(src) by extension 'python'
[1.161s] Level 1:colcon.colcon_core.package_identification:_identify(src) by extensions ['python_setup_py']
[1.161s] Level 1:colcon.colcon_core.package_identification:_identify(src) by extension 'python_setup_py'
[1.162s] Level 1:colcon.colcon_core.package_identification:_identify(src/razor_imu_9dof) by extensions ['ignore', 'ignore_ament_install']
[1.162s] Level 1:colcon.colcon_core.package_identification:_identify(src/razor_imu_9dof) by extension 'ignore'
[1.163s] Level 1:colcon.colcon_core.package_identification:_identify(src/razor_imu_9dof) by extension 'ignore_ament_install'
[1.163s] Level 1:colcon.colcon_core.package_identification:_identify(src/razor_imu_9dof) by extensions ['colcon_pkg']
[1.163s] Level 1:colcon.colcon_core.package_identification:_identify(src/razor_imu_9dof) by extension 'colcon_pkg'
[1.163s] Level 1:colcon.colcon_core.package_identification:_identify(src/razor_imu_9dof) by extensions ['colcon_meta']
[1.164s] Level 1:colcon.colcon_core.package_identification:_identify(src/razor_imu_9dof) by extension 'colcon_meta'
[1.164s] Level 1:colcon.colcon_core.package_identification:_identify(src/razor_imu_9dof) by extensions ['ros']
[1.164s] Level 1:colcon.colcon_core.package_identification:_identify(src/razor_imu_9dof) by extension 'ros'
[1.185s] DEBUG:colcon.colcon_core.package_identification:Package 'src/razor_imu_9dof' with type 'ros.ament_python' and name 'razor_imu_9dof'
[1.185s] Level 1:colcon.colcon_core.package_discovery:discover_packages(recursive) using defaults
[1.186s] Level 1:colcon.colcon_core.package_discovery:discover_packages(ignore) discover
[1.186s] Level 1:colcon.colcon_core.package_discovery:discover_packages(ignore) using defaults
[1.186s] Level 1:colcon.colcon_core.package_discovery:discover_packages(path) discover
[1.186s] Level 1:colcon.colcon_core.package_discovery:discover_packages(path) using defaults
[1.287s] Level 5:colcon.colcon_core.verb:set package 'razor_imu_9dof' build argument 'cmake_args' from command line to 'None'
[1.288s] Level 5:colcon.colcon_core.verb:set package 'razor_imu_9dof' build argument 'cmake_target' from command line to 'None'
[1.288s] Level 5:colcon.colcon_core.verb:set package 'razor_imu_9dof' build argument 'cmake_target_skip_unavailable' from command line to 'False'
[1.288s] Level 5:colcon.colcon_core.verb:set package 'razor_imu_9dof' build argument 'cmake_clean_cache' from command line to 'False'
[1.288s] Level 5:colcon.colcon_core.verb:set package 'razor_imu_9dof' build argument 'cmake_clean_first' from command line to 'False'
[1.288s] Level 5:colcon.colcon_core.verb:set package 'razor_imu_9dof' build argument 'cmake_force_configure' from command line to 'False'
[1.289s] Level 5:colcon.colcon_core.verb:set package 'razor_imu_9dof' build argument 'ament_cmake_args' from command line to 'None'
[1.289s] Level 5:colcon.colcon_core.verb:set package 'razor_imu_9dof' build argument 'catkin_cmake_args' from command line to 'None'
[1.289s] Level 5:colcon.colcon_core.verb:set package 'razor_imu_9dof' build argument 'catkin_skip_building_tests' from command line to 'False'
[1.289s] DEBUG:colcon.colcon_core.verb:Building package 'razor_imu_9dof' with the following arguments: {'ament_cmake_args': None, 'build_base': '/home/projects/sensor2_ws/src/imu/artemis_openlog/build/razor_imu_9dof', 'catkin_cmake_args': None, 'catkin_skip_building_tests': False, 'cmake_args': None, 'cmake_clean_cache': False, 'cmake_clean_first': False, 'cmake_force_configure': False, 'cmake_target': None, 'cmake_target_skip_unavailable': False, 'install_base': '/home/projects/sensor2_ws/src/imu/artemis_openlog/install/razor_imu_9dof', 'merge_install': False, 'path': '/home/projects/sensor2_ws/src/imu/artemis_openlog/src/razor_imu_9dof', 'symlink_install': False, 'test_result_base': None}
[1.296s] WARNING:colcon.colcon_ros.prefix_path.ament:The path '/home/projects/sensor2_ws/src/imu/artemis_openlog/install/razor_imu_9dof' in the environment variable AMENT_PREFIX_PATH doesn't exist
[1.316s] INFO:colcon.colcon_core.executor:Executing jobs using 'parallel' executor
[1.329s] DEBUG:colcon.colcon_parallel_executor.executor.parallel:run_until_complete
[1.330s] INFO:colcon.colcon_ros.task.ament_python.build:Building ROS package in '/home/projects/sensor2_ws/src/imu/artemis_openlog/src/razor_imu_9dof' with build type 'ament_python'
[1.331s] Level 1:colcon.colcon_core.shell:create_environment_hook('razor_imu_9dof', 'ament_prefix_path')
[1.352s] INFO:colcon.colcon_core.plugin_system:Skipping extension 'colcon_core.shell.bat': Not used on non-Windows systems
[1.353s] INFO:colcon.colcon_core.shell:Creating environment hook '/home/projects/sensor2_ws/src/imu/artemis_openlog/install/razor_imu_9dof/share/razor_imu_9dof/hook/ament_prefix_path.ps1'
[1.357s] INFO:colcon.colcon_core.shell:Creating environment descriptor '/home/projects/sensor2_ws/src/imu/artemis_openlog/install/razor_imu_9dof/share/razor_imu_9dof/hook/ament_prefix_path.dsv'
[1.359s] INFO:colcon.colcon_core.shell:Creating environment hook '/home/projects/sensor2_ws/src/imu/artemis_openlog/install/razor_imu_9dof/share/razor_imu_9dof/hook/ament_prefix_path.sh'
[1.366s] INFO:colcon.colcon_core.shell:Skip shell extension 'powershell' for command environment: Not usable outside of PowerShell
[1.366s] DEBUG:colcon.colcon_core.shell:Skip shell extension 'dsv' for command environment
[2.841s] INFO:colcon.colcon_core.task.python.build:Building Python package in '/home/projects/sensor2_ws/src/imu/artemis_openlog/src/razor_imu_9dof'
[2.845s] INFO:colcon.colcon_core.shell:Skip shell extension 'powershell' for command environment: Not usable outside of PowerShell
[2.845s] DEBUG:colcon.colcon_core.shell:Skip shell extension 'dsv' for command environment
[5.427s] DEBUG:colcon.colcon_core.event_handler.log_command:Invoking command in '/home/projects/sensor2_ws/src/imu/artemis_openlog/src/razor_imu_9dof': PYTHONPATH=/home/projects/sensor2_ws/src/imu/artemis_openlog/install/razor_imu_9dof/lib/python3.8/site-packages:${PYTHONPATH} /usr/bin/python3 setup.py egg_info --egg-base ../../build/razor_imu_9dof build --build-base /home/projects/sensor2_ws/src/imu/artemis_openlog/build/razor_imu_9dof/build install --prefix /home/projects/sensor2_ws/src/imu/artemis_openlog/install/razor_imu_9dof --record /home/projects/sensor2_ws/src/imu/artemis_openlog/build/razor_imu_9dof/install.log --single-version-externally-managed
[7.350s] DEBUG:colcon.colcon_core.event_handler.log_command:Invoked command in '/home/projects/sensor2_ws/src/imu/artemis_openlog/src/razor_imu_9dof' returned '0': PYTHONPATH=/home/projects/sensor2_ws/src/imu/artemis_openlog/install/razor_imu_9dof/lib/python3.8/site-packages:${PYTHONPATH} /usr/bin/python3 setup.py egg_info --egg-base ../../build/razor_imu_9dof build --build-base /home/projects/sensor2_ws/src/imu/artemis_openlog/build/razor_imu_9dof/build install --prefix /home/projects/sensor2_ws/src/imu/artemis_openlog/install/razor_imu_9dof --record /home/projects/sensor2_ws/src/imu/artemis_openlog/build/razor_imu_9dof/install.log --single-version-externally-managed
[7.373s] Level 1:colcon.colcon_core.environment:checking '/home/projects/sensor2_ws/src/imu/artemis_openlog/install/razor_imu_9dof' for CMake module files
[7.376s] Level 1:colcon.colcon_core.environment:checking '/home/projects/sensor2_ws/src/imu/artemis_openlog/install/razor_imu_9dof' for CMake config files
[7.381s] Level 1:colcon.colcon_core.environment:checking '/home/projects/sensor2_ws/src/imu/artemis_openlog/install/razor_imu_9dof/lib'
[7.382s] Level 1:colcon.colcon_core.environment:checking '/home/projects/sensor2_ws/src/imu/artemis_openlog/install/razor_imu_9dof/bin'
[7.382s] Level 1:colcon.colcon_core.environment:checking '/home/projects/sensor2_ws/src/imu/artemis_openlog/install/razor_imu_9dof/lib/pkgconfig/razor_imu_9dof.pc'
[7.383s] Level 1:colcon.colcon_core.environment:checking '/home/projects/sensor2_ws/src/imu/artemis_openlog/install/razor_imu_9dof/lib/python3.8/site-packages'
[7.383s] Level 1:colcon.colcon_core.shell:create_environment_hook('razor_imu_9dof', 'pythonpath')
[7.387s] INFO:colcon.colcon_core.shell:Creating environment hook '/home/projects/sensor2_ws/src/imu/artemis_openlog/install/razor_imu_9dof/share/razor_imu_9dof/hook/pythonpath.ps1'
[7.389s] INFO:colcon.colcon_core.shell:Creating environment descriptor '/home/projects/sensor2_ws/src/imu/artemis_openlog/install/razor_imu_9dof/share/razor_imu_9dof/hook/pythonpath.dsv'
[7.390s] INFO:colcon.colcon_core.shell:Creating environment hook '/home/projects/sensor2_ws/src/imu/artemis_openlog/install/razor_imu_9dof/share/razor_imu_9dof/hook/pythonpath.sh'
[7.392s] Level 1:colcon.colcon_core.environment:create_environment_scripts_only(razor_imu_9dof)
[7.396s] INFO:colcon.colcon_core.shell:Creating package script '/home/projects/sensor2_ws/src/imu/artemis_openlog/install/razor_imu_9dof/share/razor_imu_9dof/package.ps1'
[7.401s] INFO:colcon.colcon_core.shell:Creating package descriptor '/home/projects/sensor2_ws/src/imu/artemis_openlog/install/razor_imu_9dof/share/razor_imu_9dof/package.dsv'
[7.404s] INFO:colcon.colcon_core.shell:Creating package script '/home/projects/sensor2_ws/src/imu/artemis_openlog/install/razor_imu_9dof/share/razor_imu_9dof/package.sh'
[7.408s] INFO:colcon.colcon_core.shell:Creating package script '/home/projects/sensor2_ws/src/imu/artemis_openlog/install/razor_imu_9dof/share/razor_imu_9dof/package.bash'
[7.412s] INFO:colcon.colcon_core.shell:Creating package script '/home/projects/sensor2_ws/src/imu/artemis_openlog/install/razor_imu_9dof/share/razor_imu_9dof/package.zsh'
[7.416s] Level 1:colcon.colcon_core.environment:create_file_with_runtime_dependencies(/home/projects/sensor2_ws/src/imu/artemis_openlog/install/razor_imu_9dof/share/colcon-core/packages/razor_imu_9dof)
[7.418s] DEBUG:colcon.colcon_parallel_executor.executor.parallel:closing loop
[7.419s] DEBUG:colcon.colcon_parallel_executor.executor.parallel:loop closed
[7.420s] DEBUG:colcon.colcon_parallel_executor.executor.parallel:run_until_complete finished with '0'
[7.420s] DEBUG:colcon.colcon_core.event_reactor:joining thread
[7.456s] INFO:colcon.colcon_core.plugin_system:Skipping extension 'colcon_notification.desktop_notification.notify_send': Could not find 'notify-send'
[7.457s] INFO:colcon.colcon_core.plugin_system:Skipping extension 'colcon_notification.desktop_notification.terminal_notifier': Not used on non-Darwin systems
[7.457s] INFO:colcon.colcon_core.plugin_system:Skipping extension 'colcon_notification.desktop_notification.win32': Not used on non-Windows systems
[7.457s] INFO:colcon.colcon_notification.desktop_notification:Sending desktop notification using 'notify2'
[7.519s] DEBUG:colcon.colcon_notification.desktop_notification.notify2:Failed to initialize notify2: org.freedesktop.DBus.Error.ServiceUnknown: The name org.freedesktop.Notifications was not provided by any .service files
[7.576s] DEBUG:colcon.colcon_core.event_reactor:joined thread
[7.580s] INFO:colcon.colcon_core.shell:Creating prefix script '/home/projects/sensor2_ws/src/imu/artemis_openlog/install/local_setup.ps1'
[7.586s] INFO:colcon.colcon_core.shell:Creating prefix util module '/home/projects/sensor2_ws/src/imu/artemis_openlog/install/_local_setup_util_ps1.py'
[7.594s] INFO:colcon.colcon_core.shell:Creating prefix chain script '/home/projects/sensor2_ws/src/imu/artemis_openlog/install/setup.ps1'
[7.601s] INFO:colcon.colcon_core.shell:Creating prefix script '/home/projects/sensor2_ws/src/imu/artemis_openlog/install/local_setup.sh'
[7.604s] INFO:colcon.colcon_core.shell:Creating prefix util module '/home/projects/sensor2_ws/src/imu/artemis_openlog/install/_local_setup_util_sh.py'
[7.606s] INFO:colcon.colcon_core.shell:Creating prefix chain script '/home/projects/sensor2_ws/src/imu/artemis_openlog/install/setup.sh'
[7.613s] INFO:colcon.colcon_core.shell:Creating prefix script '/home/projects/sensor2_ws/src/imu/artemis_openlog/install/local_setup.bash'
[7.616s] INFO:colcon.colcon_core.shell:Creating prefix chain script '/home/projects/sensor2_ws/src/imu/artemis_openlog/install/setup.bash'
[7.622s] INFO:colcon.colcon_core.shell:Creating prefix script '/home/projects/sensor2_ws/src/imu/artemis_openlog/install/local_setup.zsh'
[7.624s] INFO:colcon.colcon_core.shell:Creating prefix chain script '/home/projects/sensor2_ws/src/imu/artemis_openlog/install/setup.zsh'
