[0.090s] Invoking command in '/home/projects/sensor2_ws/src/vesc/build/vesc': AMENT_PREFIX_PATH=/home/projects/sensor2_ws/src/vesc/install/vesc_driver:/home/projects/sensor2_ws/src/vesc/install/vesc_ackermann:/home/projects/sensor2_ws/src/vesc/install/vesc_msgs:${AMENT_PREFIX_PATH} CMAKE_PREFIX_PATH=/home/projects/sensor2_ws/src/vesc/install/vesc_driver:/home/projects/sensor2_ws/src/vesc/install/vesc_ackermann:/home/projects/sensor2_ws/src/vesc/install/vesc_msgs:/home/projects/sensor2_ws/src/lidars/ld06/ros2/install/ldlidar:/home/projects/ros2_ws/install/ucsd_robocar_sensor2_pkg:/home/projects/ros2_ws/install/ucsd_robocar_path2_pkg:/home/projects/ros2_ws/install/ucsd_robocar_nav2_pkg:/home/projects/ros2_ws/install/ucsd_robocar_lane_detection2_pkg:/home/projects/ros2_ws/install/ucsd_robocar_control2_pkg:/home/projects/ros2_ws/install/ucsd_robocar_actuator2_pkg:/home/projects/rosboard_ws/install/rosboard:/home/projects/sensor2_ws/src/imu/artemis_openlog/install/razor_imu_9dof:/opt/ros/foxy LD_LIBRARY_PATH=/home/projects/sensor2_ws/src/vesc/install/vesc_driver/lib:/home/projects/sensor2_ws/src/vesc/install/vesc_ackermann/lib:/home/projects/sensor2_ws/src/vesc/install/vesc_msgs/lib:${LD_LIBRARY_PATH} PYTHONPATH=/home/projects/sensor2_ws/src/vesc/install/vesc_msgs/lib/python3.8/site-packages:${PYTHONPATH} /usr/bin/cmake /home/projects/sensor2_ws/src/vesc/src/vesc/vesc -DCMAKE_INSTALL_PREFIX=/home/projects/sensor2_ws/src/vesc/install/vesc
[0.332s] -- The C compiler identification is GNU 9.3.0
[0.564s] -- The CXX compiler identification is GNU 9.3.0
[0.586s] -- Check for working C compiler: /usr/bin/cc
[0.871s] -- Check for working C compiler: /usr/bin/cc -- works
[0.875s] -- Detecting C compiler ABI info
[1.175s] -- Detecting C compiler ABI info - done
[1.234s] -- Detecting C compile features
[1.235s] -- Detecting C compile features - done
[1.246s] -- Check for working CXX compiler: /usr/bin/c++
[1.560s] -- Check for working CXX compiler: /usr/bin/c++ -- works
[1.564s] -- Detecting CXX compiler ABI info
[1.867s] -- Detecting CXX compiler ABI info - done
[1.920s] -- Detecting CXX compile features
[1.924s] -- Detecting CXX compile features - done
[1.942s] -- Found ament_cmake_auto: 0.9.9 (/opt/ros/foxy/share/ament_cmake_auto/cmake)
[2.082s] -- Found PythonInterp: /usr/bin/python3 (found suitable version "3.8.10", minimum required is "3") 
[2.082s] -- Using PYTHON_EXECUTABLE: /usr/bin/python3
[3.380s] -- Configuring done
[3.389s] -- Generating done
[3.393s] -- Build files have been written to: /home/projects/sensor2_ws/src/vesc/build/vesc
[3.413s] Invoked command in '/home/projects/sensor2_ws/src/vesc/build/vesc' returned '0': AMENT_PREFIX_PATH=/home/projects/sensor2_ws/src/vesc/install/vesc_driver:/home/projects/sensor2_ws/src/vesc/install/vesc_ackermann:/home/projects/sensor2_ws/src/vesc/install/vesc_msgs:${AMENT_PREFIX_PATH} CMAKE_PREFIX_PATH=/home/projects/sensor2_ws/src/vesc/install/vesc_driver:/home/projects/sensor2_ws/src/vesc/install/vesc_ackermann:/home/projects/sensor2_ws/src/vesc/install/vesc_msgs:/home/projects/sensor2_ws/src/lidars/ld06/ros2/install/ldlidar:/home/projects/ros2_ws/install/ucsd_robocar_sensor2_pkg:/home/projects/ros2_ws/install/ucsd_robocar_path2_pkg:/home/projects/ros2_ws/install/ucsd_robocar_nav2_pkg:/home/projects/ros2_ws/install/ucsd_robocar_lane_detection2_pkg:/home/projects/ros2_ws/install/ucsd_robocar_control2_pkg:/home/projects/ros2_ws/install/ucsd_robocar_actuator2_pkg:/home/projects/rosboard_ws/install/rosboard:/home/projects/sensor2_ws/src/imu/artemis_openlog/install/razor_imu_9dof:/opt/ros/foxy LD_LIBRARY_PATH=/home/projects/sensor2_ws/src/vesc/install/vesc_driver/lib:/home/projects/sensor2_ws/src/vesc/install/vesc_ackermann/lib:/home/projects/sensor2_ws/src/vesc/install/vesc_msgs/lib:${LD_LIBRARY_PATH} PYTHONPATH=/home/projects/sensor2_ws/src/vesc/install/vesc_msgs/lib/python3.8/site-packages:${PYTHONPATH} /usr/bin/cmake /home/projects/sensor2_ws/src/vesc/src/vesc/vesc -DCMAKE_INSTALL_PREFIX=/home/projects/sensor2_ws/src/vesc/install/vesc
[3.420s] Invoking command in '/home/projects/sensor2_ws/src/vesc/build/vesc': AMENT_PREFIX_PATH=/home/projects/sensor2_ws/src/vesc/install/vesc_driver:/home/projects/sensor2_ws/src/vesc/install/vesc_ackermann:/home/projects/sensor2_ws/src/vesc/install/vesc_msgs:${AMENT_PREFIX_PATH} CMAKE_PREFIX_PATH=/home/projects/sensor2_ws/src/vesc/install/vesc_driver:/home/projects/sensor2_ws/src/vesc/install/vesc_ackermann:/home/projects/sensor2_ws/src/vesc/install/vesc_msgs:/home/projects/sensor2_ws/src/lidars/ld06/ros2/install/ldlidar:/home/projects/ros2_ws/install/ucsd_robocar_sensor2_pkg:/home/projects/ros2_ws/install/ucsd_robocar_path2_pkg:/home/projects/ros2_ws/install/ucsd_robocar_nav2_pkg:/home/projects/ros2_ws/install/ucsd_robocar_lane_detection2_pkg:/home/projects/ros2_ws/install/ucsd_robocar_control2_pkg:/home/projects/ros2_ws/install/ucsd_robocar_actuator2_pkg:/home/projects/rosboard_ws/install/rosboard:/home/projects/sensor2_ws/src/imu/artemis_openlog/install/razor_imu_9dof:/opt/ros/foxy LD_LIBRARY_PATH=/home/projects/sensor2_ws/src/vesc/install/vesc_driver/lib:/home/projects/sensor2_ws/src/vesc/install/vesc_ackermann/lib:/home/projects/sensor2_ws/src/vesc/install/vesc_msgs/lib:${LD_LIBRARY_PATH} PYTHONPATH=/home/projects/sensor2_ws/src/vesc/install/vesc_msgs/lib/python3.8/site-packages:${PYTHONPATH} /usr/bin/cmake --build /home/projects/sensor2_ws/src/vesc/build/vesc -- -j6 -l6
[3.576s] Invoked command in '/home/projects/sensor2_ws/src/vesc/build/vesc' returned '0': AMENT_PREFIX_PATH=/home/projects/sensor2_ws/src/vesc/install/vesc_driver:/home/projects/sensor2_ws/src/vesc/install/vesc_ackermann:/home/projects/sensor2_ws/src/vesc/install/vesc_msgs:${AMENT_PREFIX_PATH} CMAKE_PREFIX_PATH=/home/projects/sensor2_ws/src/vesc/install/vesc_driver:/home/projects/sensor2_ws/src/vesc/install/vesc_ackermann:/home/projects/sensor2_ws/src/vesc/install/vesc_msgs:/home/projects/sensor2_ws/src/lidars/ld06/ros2/install/ldlidar:/home/projects/ros2_ws/install/ucsd_robocar_sensor2_pkg:/home/projects/ros2_ws/install/ucsd_robocar_path2_pkg:/home/projects/ros2_ws/install/ucsd_robocar_nav2_pkg:/home/projects/ros2_ws/install/ucsd_robocar_lane_detection2_pkg:/home/projects/ros2_ws/install/ucsd_robocar_control2_pkg:/home/projects/ros2_ws/install/ucsd_robocar_actuator2_pkg:/home/projects/rosboard_ws/install/rosboard:/home/projects/sensor2_ws/src/imu/artemis_openlog/install/razor_imu_9dof:/opt/ros/foxy LD_LIBRARY_PATH=/home/projects/sensor2_ws/src/vesc/install/vesc_driver/lib:/home/projects/sensor2_ws/src/vesc/install/vesc_ackermann/lib:/home/projects/sensor2_ws/src/vesc/install/vesc_msgs/lib:${LD_LIBRARY_PATH} PYTHONPATH=/home/projects/sensor2_ws/src/vesc/install/vesc_msgs/lib/python3.8/site-packages:${PYTHONPATH} /usr/bin/cmake --build /home/projects/sensor2_ws/src/vesc/build/vesc -- -j6 -l6
[3.673s] Invoking command in '/home/projects/sensor2_ws/src/vesc/build/vesc': AMENT_PREFIX_PATH=/home/projects/sensor2_ws/src/vesc/install/vesc_driver:/home/projects/sensor2_ws/src/vesc/install/vesc_ackermann:/home/projects/sensor2_ws/src/vesc/install/vesc_msgs:${AMENT_PREFIX_PATH} CMAKE_PREFIX_PATH=/home/projects/sensor2_ws/src/vesc/install/vesc_driver:/home/projects/sensor2_ws/src/vesc/install/vesc_ackermann:/home/projects/sensor2_ws/src/vesc/install/vesc_msgs:/home/projects/sensor2_ws/src/lidars/ld06/ros2/install/ldlidar:/home/projects/ros2_ws/install/ucsd_robocar_sensor2_pkg:/home/projects/ros2_ws/install/ucsd_robocar_path2_pkg:/home/projects/ros2_ws/install/ucsd_robocar_nav2_pkg:/home/projects/ros2_ws/install/ucsd_robocar_lane_detection2_pkg:/home/projects/ros2_ws/install/ucsd_robocar_control2_pkg:/home/projects/ros2_ws/install/ucsd_robocar_actuator2_pkg:/home/projects/rosboard_ws/install/rosboard:/home/projects/sensor2_ws/src/imu/artemis_openlog/install/razor_imu_9dof:/opt/ros/foxy LD_LIBRARY_PATH=/home/projects/sensor2_ws/src/vesc/install/vesc_driver/lib:/home/projects/sensor2_ws/src/vesc/install/vesc_ackermann/lib:/home/projects/sensor2_ws/src/vesc/install/vesc_msgs/lib:${LD_LIBRARY_PATH} PYTHONPATH=/home/projects/sensor2_ws/src/vesc/install/vesc_msgs/lib/python3.8/site-packages:${PYTHONPATH} /usr/bin/cmake --install /home/projects/sensor2_ws/src/vesc/build/vesc
[3.714s] -- Install configuration: ""
[3.715s] -- Installing: /home/projects/sensor2_ws/src/vesc/install/vesc/share/ament_index/resource_index/package_run_dependencies/vesc
[3.716s] -- Installing: /home/projects/sensor2_ws/src/vesc/install/vesc/share/ament_index/resource_index/parent_prefix_path/vesc
[3.717s] -- Installing: /home/projects/sensor2_ws/src/vesc/install/vesc/share/vesc/environment/ament_prefix_path.sh
[3.717s] -- Installing: /home/projects/sensor2_ws/src/vesc/install/vesc/share/vesc/environment/ament_prefix_path.dsv
[3.718s] -- Installing: /home/projects/sensor2_ws/src/vesc/install/vesc/share/vesc/environment/path.sh
[3.718s] -- Installing: /home/projects/sensor2_ws/src/vesc/install/vesc/share/vesc/environment/path.dsv
[3.719s] -- Installing: /home/projects/sensor2_ws/src/vesc/install/vesc/share/vesc/local_setup.bash
[3.720s] -- Installing: /home/projects/sensor2_ws/src/vesc/install/vesc/share/vesc/local_setup.sh
[3.721s] -- Installing: /home/projects/sensor2_ws/src/vesc/install/vesc/share/vesc/local_setup.zsh
[3.721s] -- Installing: /home/projects/sensor2_ws/src/vesc/install/vesc/share/vesc/local_setup.dsv
[3.723s] -- Installing: /home/projects/sensor2_ws/src/vesc/install/vesc/share/vesc/package.dsv
[3.725s] -- Installing: /home/projects/sensor2_ws/src/vesc/install/vesc/share/ament_index/resource_index/packages/vesc
[3.726s] -- Installing: /home/projects/sensor2_ws/src/vesc/install/vesc/share/vesc/cmake/vescConfig.cmake
[3.727s] -- Installing: /home/projects/sensor2_ws/src/vesc/install/vesc/share/vesc/cmake/vescConfig-version.cmake
[3.727s] -- Installing: /home/projects/sensor2_ws/src/vesc/install/vesc/share/vesc/package.xml
[3.740s] Invoked command in '/home/projects/sensor2_ws/src/vesc/build/vesc' returned '0': AMENT_PREFIX_PATH=/home/projects/sensor2_ws/src/vesc/install/vesc_driver:/home/projects/sensor2_ws/src/vesc/install/vesc_ackermann:/home/projects/sensor2_ws/src/vesc/install/vesc_msgs:${AMENT_PREFIX_PATH} CMAKE_PREFIX_PATH=/home/projects/sensor2_ws/src/vesc/install/vesc_driver:/home/projects/sensor2_ws/src/vesc/install/vesc_ackermann:/home/projects/sensor2_ws/src/vesc/install/vesc_msgs:/home/projects/sensor2_ws/src/lidars/ld06/ros2/install/ldlidar:/home/projects/ros2_ws/install/ucsd_robocar_sensor2_pkg:/home/projects/ros2_ws/install/ucsd_robocar_path2_pkg:/home/projects/ros2_ws/install/ucsd_robocar_nav2_pkg:/home/projects/ros2_ws/install/ucsd_robocar_lane_detection2_pkg:/home/projects/ros2_ws/install/ucsd_robocar_control2_pkg:/home/projects/ros2_ws/install/ucsd_robocar_actuator2_pkg:/home/projects/rosboard_ws/install/rosboard:/home/projects/sensor2_ws/src/imu/artemis_openlog/install/razor_imu_9dof:/opt/ros/foxy LD_LIBRARY_PATH=/home/projects/sensor2_ws/src/vesc/install/vesc_driver/lib:/home/projects/sensor2_ws/src/vesc/install/vesc_ackermann/lib:/home/projects/sensor2_ws/src/vesc/install/vesc_msgs/lib:${LD_LIBRARY_PATH} PYTHONPATH=/home/projects/sensor2_ws/src/vesc/install/vesc_msgs/lib/python3.8/site-packages:${PYTHONPATH} /usr/bin/cmake --install /home/projects/sensor2_ws/src/vesc/build/vesc
