[0.842s] DEBUG:colcon:Command line arguments: ['/usr/bin/colcon', 'build']
[0.843s] DEBUG:colcon:Parsed command line arguments: Namespace(ament_cmake_args=None, base_paths=['.'], build_base='build', catkin_cmake_args=None, catkin_skip_building_tests=False, cmake_args=None, cmake_clean_cache=False, cmake_clean_first=False, cmake_force_configure=False, cmake_target=None, cmake_target_skip_unavailable=False, continue_on_error=False, event_handlers=None, executor='parallel', ignore_user_meta=False, install_base='install', log_base=None, log_level=None, main=<bound method BuildVerb.main of <colcon_core.verb.build.BuildVerb object at 0x7f8705cc70>>, merge_install=False, metas=['./colcon.meta'], mixin=None, mixin_files=None, mixin_verb=('build',), packages_above=None, packages_above_and_dependencies=None, packages_above_depth=None, packages_end=None, packages_ignore=None, packages_ignore_regex=None, packages_select=None, packages_select_build_failed=False, packages_select_by_dep=None, packages_select_regex=None, packages_select_test_failures=False, packages_skip=None, packages_skip_build_finished=False, packages_skip_by_dep=None, packages_skip_regex=None, packages_skip_test_passed=False, packages_skip_up_to=None, packages_start=None, packages_up_to=None, packages_up_to_regex=None, parallel_workers=8, paths=None, symlink_install=False, test_result_base=None, verb_extension=<colcon_core.verb.build.BuildVerb object at 0x7f8705cc70>, verb_name='build', verb_parser=<colcon_mixin.mixin.mixin_argument.MixinArgumentDecorator object at 0x7f86fe8280>)
[0.858s] Level 1:colcon.colcon_core.package_discovery:discover_packages(colcon_meta) check parameters
[0.860s] INFO:colcon.colcon_metadata.package_discovery.colcon_meta:Using configuration from '/root/.colcon/metadata/default/Gazebo.meta'
[0.861s] INFO:colcon.colcon_metadata.package_discovery.colcon_meta:Using configuration from '/root/.colcon/metadata/default/fastrtps.meta'
[0.862s] Level 1:colcon.colcon_core.package_discovery:discover_packages(recursive) check parameters
[0.862s] Level 1:colcon.colcon_core.package_discovery:discover_packages(ignore) check parameters
[0.862s] Level 1:colcon.colcon_core.package_discovery:discover_packages(path) check parameters
[0.862s] Level 1:colcon.colcon_core.package_discovery:discover_packages(colcon_meta) discover
[0.862s] Level 1:colcon.colcon_core.package_discovery:discover_packages(recursive) discover
[0.862s] INFO:colcon.colcon_core.package_discovery:Crawling recursively for packages in '/home/projects/sensor_ws/src/gps/ublox'
[0.863s] Level 1:colcon.colcon_core.package_identification:_identify(.) by extensions ['ignore', 'ignore_ament_install']
[0.863s] Level 1:colcon.colcon_core.package_identification:_identify(.) by extension 'ignore'
[0.863s] Level 1:colcon.colcon_core.package_identification:_identify(.) by extension 'ignore_ament_install'
[0.863s] Level 1:colcon.colcon_core.package_identification:_identify(.) by extensions ['colcon_pkg']
[0.864s] Level 1:colcon.colcon_core.package_identification:_identify(.) by extension 'colcon_pkg'
[0.864s] Level 1:colcon.colcon_core.package_identification:_identify(.) by extensions ['colcon_meta']
[0.864s] Level 1:colcon.colcon_core.package_identification:_identify(.) by extension 'colcon_meta'
[0.864s] Level 1:colcon.colcon_core.package_identification:_identify(.) by extensions ['ros']
[0.864s] Level 1:colcon.colcon_core.package_identification:_identify(.) by extension 'ros'
[0.897s] Level 1:colcon.colcon_core.package_identification:_identify(.) by extensions ['cmake', 'python']
[0.898s] Level 1:colcon.colcon_core.package_identification:_identify(.) by extension 'cmake'
[0.898s] Level 1:colcon.colcon_core.package_identification:_identify(.) by extension 'python'
[0.898s] Level 1:colcon.colcon_core.package_identification:_identify(.) by extensions ['python_setup_py']
[0.898s] Level 1:colcon.colcon_core.package_identification:_identify(.) by extension 'python_setup_py'
[0.899s] Level 1:colcon.colcon_core.package_identification:_identify(build) by extensions ['ignore', 'ignore_ament_install']
[0.899s] Level 1:colcon.colcon_core.package_identification:_identify(build) by extension 'ignore'
[0.899s] Level 1:colcon.colcon_core.package_identification:_identify(build) ignored
[0.899s] Level 1:colcon.colcon_core.package_identification:_identify(install) by extensions ['ignore', 'ignore_ament_install']
[0.900s] Level 1:colcon.colcon_core.package_identification:_identify(install) by extension 'ignore'
[0.900s] Level 1:colcon.colcon_core.package_identification:_identify(install) ignored
[0.900s] Level 1:colcon.colcon_core.package_identification:_identify(log) by extensions ['ignore', 'ignore_ament_install']
[0.900s] Level 1:colcon.colcon_core.package_identification:_identify(log) by extension 'ignore'
[0.901s] Level 1:colcon.colcon_core.package_identification:_identify(log) ignored
[0.901s] Level 1:colcon.colcon_core.package_identification:_identify(src) by extensions ['ignore', 'ignore_ament_install']
[0.901s] Level 1:colcon.colcon_core.package_identification:_identify(src) by extension 'ignore'
[0.901s] Level 1:colcon.colcon_core.package_identification:_identify(src) by extension 'ignore_ament_install'
[0.901s] Level 1:colcon.colcon_core.package_identification:_identify(src) by extensions ['colcon_pkg']
[0.901s] Level 1:colcon.colcon_core.package_identification:_identify(src) by extension 'colcon_pkg'
[0.902s] Level 1:colcon.colcon_core.package_identification:_identify(src) by extensions ['colcon_meta']
[0.902s] Level 1:colcon.colcon_core.package_identification:_identify(src) by extension 'colcon_meta'
[0.902s] Level 1:colcon.colcon_core.package_identification:_identify(src) by extensions ['ros']
[0.902s] Level 1:colcon.colcon_core.package_identification:_identify(src) by extension 'ros'
[0.902s] Level 1:colcon.colcon_core.package_identification:_identify(src) by extensions ['cmake', 'python']
[0.902s] Level 1:colcon.colcon_core.package_identification:_identify(src) by extension 'cmake'
[0.902s] Level 1:colcon.colcon_core.package_identification:_identify(src) by extension 'python'
[0.903s] Level 1:colcon.colcon_core.package_identification:_identify(src) by extensions ['python_setup_py']
[0.903s] Level 1:colcon.colcon_core.package_identification:_identify(src) by extension 'python_setup_py'
[0.903s] Level 1:colcon.colcon_core.package_identification:_identify(src/ublox) by extensions ['ignore', 'ignore_ament_install']
[0.903s] Level 1:colcon.colcon_core.package_identification:_identify(src/ublox) by extension 'ignore'
[0.903s] Level 1:colcon.colcon_core.package_identification:_identify(src/ublox) by extension 'ignore_ament_install'
[0.903s] Level 1:colcon.colcon_core.package_identification:_identify(src/ublox) by extensions ['colcon_pkg']
[0.904s] Level 1:colcon.colcon_core.package_identification:_identify(src/ublox) by extension 'colcon_pkg'
[0.904s] Level 1:colcon.colcon_core.package_identification:_identify(src/ublox) by extensions ['colcon_meta']
[0.904s] Level 1:colcon.colcon_core.package_identification:_identify(src/ublox) by extension 'colcon_meta'
[0.904s] Level 1:colcon.colcon_core.package_identification:_identify(src/ublox) by extensions ['ros']
[0.904s] Level 1:colcon.colcon_core.package_identification:_identify(src/ublox) by extension 'ros'
[0.904s] Level 1:colcon.colcon_core.package_identification:_identify(src/ublox) by extensions ['cmake', 'python']
[0.904s] Level 1:colcon.colcon_core.package_identification:_identify(src/ublox) by extension 'cmake'
[0.905s] Level 1:colcon.colcon_core.package_identification:_identify(src/ublox) by extension 'python'
[0.905s] Level 1:colcon.colcon_core.package_identification:_identify(src/ublox) by extensions ['python_setup_py']
[0.905s] Level 1:colcon.colcon_core.package_identification:_identify(src/ublox) by extension 'python_setup_py'
[0.905s] Level 1:colcon.colcon_core.package_identification:_identify(src/ublox/ublox) by extensions ['ignore', 'ignore_ament_install']
[0.905s] Level 1:colcon.colcon_core.package_identification:_identify(src/ublox/ublox) by extension 'ignore'
[0.905s] Level 1:colcon.colcon_core.package_identification:_identify(src/ublox/ublox) by extension 'ignore_ament_install'
[0.906s] Level 1:colcon.colcon_core.package_identification:_identify(src/ublox/ublox) by extensions ['colcon_pkg']
[0.906s] Level 1:colcon.colcon_core.package_identification:_identify(src/ublox/ublox) by extension 'colcon_pkg'
[0.906s] Level 1:colcon.colcon_core.package_identification:_identify(src/ublox/ublox) by extensions ['colcon_meta']
[0.906s] Level 1:colcon.colcon_core.package_identification:_identify(src/ublox/ublox) by extension 'colcon_meta'
[0.906s] Level 1:colcon.colcon_core.package_identification:_identify(src/ublox/ublox) by extensions ['ros']
[0.906s] Level 1:colcon.colcon_core.package_identification:_identify(src/ublox/ublox) by extension 'ros'
[0.912s] DEBUG:colcon.colcon_core.package_identification:Package 'src/ublox/ublox' with type 'ros.ament_cmake' and name 'ublox'
[0.913s] Level 1:colcon.colcon_core.package_identification:_identify(src/ublox/ublox_gps) by extensions ['ignore', 'ignore_ament_install']
[0.913s] Level 1:colcon.colcon_core.package_identification:_identify(src/ublox/ublox_gps) by extension 'ignore'
[0.913s] Level 1:colcon.colcon_core.package_identification:_identify(src/ublox/ublox_gps) by extension 'ignore_ament_install'
[0.913s] Level 1:colcon.colcon_core.package_identification:_identify(src/ublox/ublox_gps) by extensions ['colcon_pkg']
[0.913s] Level 1:colcon.colcon_core.package_identification:_identify(src/ublox/ublox_gps) by extension 'colcon_pkg'
[0.914s] Level 1:colcon.colcon_core.package_identification:_identify(src/ublox/ublox_gps) by extensions ['colcon_meta']
[0.914s] Level 1:colcon.colcon_core.package_identification:_identify(src/ublox/ublox_gps) by extension 'colcon_meta'
[0.914s] Level 1:colcon.colcon_core.package_identification:_identify(src/ublox/ublox_gps) by extensions ['ros']
[0.914s] Level 1:colcon.colcon_core.package_identification:_identify(src/ublox/ublox_gps) by extension 'ros'
[0.919s] DEBUG:colcon.colcon_core.package_identification:Package 'src/ublox/ublox_gps' with type 'ros.ament_cmake' and name 'ublox_gps'
[0.919s] Level 1:colcon.colcon_core.package_identification:_identify(src/ublox/ublox_msgs) by extensions ['ignore', 'ignore_ament_install']
[0.919s] Level 1:colcon.colcon_core.package_identification:_identify(src/ublox/ublox_msgs) by extension 'ignore'
[0.919s] Level 1:colcon.colcon_core.package_identification:_identify(src/ublox/ublox_msgs) by extension 'ignore_ament_install'
[0.920s] Level 1:colcon.colcon_core.package_identification:_identify(src/ublox/ublox_msgs) by extensions ['colcon_pkg']
[0.920s] Level 1:colcon.colcon_core.package_identification:_identify(src/ublox/ublox_msgs) by extension 'colcon_pkg'
[0.920s] Level 1:colcon.colcon_core.package_identification:_identify(src/ublox/ublox_msgs) by extensions ['colcon_meta']
[0.920s] Level 1:colcon.colcon_core.package_identification:_identify(src/ublox/ublox_msgs) by extension 'colcon_meta'
[0.920s] Level 1:colcon.colcon_core.package_identification:_identify(src/ublox/ublox_msgs) by extensions ['ros']
[0.920s] Level 1:colcon.colcon_core.package_identification:_identify(src/ublox/ublox_msgs) by extension 'ros'
[0.922s] DEBUG:colcon.colcon_core.package_identification:Package 'src/ublox/ublox_msgs' with type 'ros.ament_cmake' and name 'ublox_msgs'
[0.922s] Level 1:colcon.colcon_core.package_identification:_identify(src/ublox/ublox_serialization) by extensions ['ignore', 'ignore_ament_install']
[0.923s] Level 1:colcon.colcon_core.package_identification:_identify(src/ublox/ublox_serialization) by extension 'ignore'
[0.923s] Level 1:colcon.colcon_core.package_identification:_identify(src/ublox/ublox_serialization) by extension 'ignore_ament_install'
[0.923s] Level 1:colcon.colcon_core.package_identification:_identify(src/ublox/ublox_serialization) by extensions ['colcon_pkg']
[0.923s] Level 1:colcon.colcon_core.package_identification:_identify(src/ublox/ublox_serialization) by extension 'colcon_pkg'
[0.923s] Level 1:colcon.colcon_core.package_identification:_identify(src/ublox/ublox_serialization) by extensions ['colcon_meta']
[0.923s] Level 1:colcon.colcon_core.package_identification:_identify(src/ublox/ublox_serialization) by extension 'colcon_meta'
[0.924s] Level 1:colcon.colcon_core.package_identification:_identify(src/ublox/ublox_serialization) by extensions ['ros']
[0.924s] Level 1:colcon.colcon_core.package_identification:_identify(src/ublox/ublox_serialization) by extension 'ros'
[0.925s] DEBUG:colcon.colcon_core.package_identification:Package 'src/ublox/ublox_serialization' with type 'ros.ament_cmake' and name 'ublox_serialization'
[0.925s] Level 1:colcon.colcon_core.package_discovery:discover_packages(recursive) using defaults
[0.925s] Level 1:colcon.colcon_core.package_discovery:discover_packages(ignore) discover
[0.925s] Level 1:colcon.colcon_core.package_discovery:discover_packages(ignore) using defaults
[0.925s] Level 1:colcon.colcon_core.package_discovery:discover_packages(path) discover
[0.925s] Level 1:colcon.colcon_core.package_discovery:discover_packages(path) using defaults
[0.977s] Level 5:colcon.colcon_core.verb:set package 'ublox_serialization' build argument 'cmake_args' from command line to 'None'
[0.977s] Level 5:colcon.colcon_core.verb:set package 'ublox_serialization' build argument 'cmake_target' from command line to 'None'
[0.977s] Level 5:colcon.colcon_core.verb:set package 'ublox_serialization' build argument 'cmake_target_skip_unavailable' from command line to 'False'
[0.978s] Level 5:colcon.colcon_core.verb:set package 'ublox_serialization' build argument 'cmake_clean_cache' from command line to 'False'
[0.978s] Level 5:colcon.colcon_core.verb:set package 'ublox_serialization' build argument 'cmake_clean_first' from command line to 'False'
[0.978s] Level 5:colcon.colcon_core.verb:set package 'ublox_serialization' build argument 'cmake_force_configure' from command line to 'False'
[0.978s] Level 5:colcon.colcon_core.verb:set package 'ublox_serialization' build argument 'ament_cmake_args' from command line to 'None'
[0.978s] Level 5:colcon.colcon_core.verb:set package 'ublox_serialization' build argument 'catkin_cmake_args' from command line to 'None'
[0.978s] Level 5:colcon.colcon_core.verb:set package 'ublox_serialization' build argument 'catkin_skip_building_tests' from command line to 'False'
[0.978s] DEBUG:colcon.colcon_core.verb:Building package 'ublox_serialization' with the following arguments: {'ament_cmake_args': None, 'build_base': '/home/projects/sensor_ws/src/gps/ublox/build/ublox_serialization', 'catkin_cmake_args': None, 'catkin_skip_building_tests': False, 'cmake_args': None, 'cmake_clean_cache': False, 'cmake_clean_first': False, 'cmake_force_configure': False, 'cmake_target': None, 'cmake_target_skip_unavailable': False, 'install_base': '/home/projects/sensor_ws/src/gps/ublox/install/ublox_serialization', 'merge_install': False, 'path': '/home/projects/sensor_ws/src/gps/ublox/src/ublox/ublox_serialization', 'symlink_install': False, 'test_result_base': None}
[0.985s] Level 5:colcon.colcon_core.verb:set package 'ublox_msgs' build argument 'cmake_args' from command line to 'None'
[0.985s] Level 5:colcon.colcon_core.verb:set package 'ublox_msgs' build argument 'cmake_target' from command line to 'None'
[0.985s] Level 5:colcon.colcon_core.verb:set package 'ublox_msgs' build argument 'cmake_target_skip_unavailable' from command line to 'False'
[0.985s] Level 5:colcon.colcon_core.verb:set package 'ublox_msgs' build argument 'cmake_clean_cache' from command line to 'False'
[0.985s] Level 5:colcon.colcon_core.verb:set package 'ublox_msgs' build argument 'cmake_clean_first' from command line to 'False'
[0.985s] Level 5:colcon.colcon_core.verb:set package 'ublox_msgs' build argument 'cmake_force_configure' from command line to 'False'
[0.986s] Level 5:colcon.colcon_core.verb:set package 'ublox_msgs' build argument 'ament_cmake_args' from command line to 'None'
[0.986s] Level 5:colcon.colcon_core.verb:set package 'ublox_msgs' build argument 'catkin_cmake_args' from command line to 'None'
[0.986s] Level 5:colcon.colcon_core.verb:set package 'ublox_msgs' build argument 'catkin_skip_building_tests' from command line to 'False'
[0.986s] DEBUG:colcon.colcon_core.verb:Building package 'ublox_msgs' with the following arguments: {'ament_cmake_args': None, 'build_base': '/home/projects/sensor_ws/src/gps/ublox/build/ublox_msgs', 'catkin_cmake_args': None, 'catkin_skip_building_tests': False, 'cmake_args': None, 'cmake_clean_cache': False, 'cmake_clean_first': False, 'cmake_force_configure': False, 'cmake_target': None, 'cmake_target_skip_unavailable': False, 'install_base': '/home/projects/sensor_ws/src/gps/ublox/install/ublox_msgs', 'merge_install': False, 'path': '/home/projects/sensor_ws/src/gps/ublox/src/ublox/ublox_msgs', 'symlink_install': False, 'test_result_base': None}
[0.993s] Level 5:colcon.colcon_core.verb:set package 'ublox_gps' build argument 'cmake_args' from command line to 'None'
[0.993s] Level 5:colcon.colcon_core.verb:set package 'ublox_gps' build argument 'cmake_target' from command line to 'None'
[0.993s] Level 5:colcon.colcon_core.verb:set package 'ublox_gps' build argument 'cmake_target_skip_unavailable' from command line to 'False'
[0.993s] Level 5:colcon.colcon_core.verb:set package 'ublox_gps' build argument 'cmake_clean_cache' from command line to 'False'
[0.993s] Level 5:colcon.colcon_core.verb:set package 'ublox_gps' build argument 'cmake_clean_first' from command line to 'False'
[0.993s] Level 5:colcon.colcon_core.verb:set package 'ublox_gps' build argument 'cmake_force_configure' from command line to 'False'
[0.993s] Level 5:colcon.colcon_core.verb:set package 'ublox_gps' build argument 'ament_cmake_args' from command line to 'None'
[0.993s] Level 5:colcon.colcon_core.verb:set package 'ublox_gps' build argument 'catkin_cmake_args' from command line to 'None'
[0.993s] Level 5:colcon.colcon_core.verb:set package 'ublox_gps' build argument 'catkin_skip_building_tests' from command line to 'False'
[0.993s] DEBUG:colcon.colcon_core.verb:Building package 'ublox_gps' with the following arguments: {'ament_cmake_args': None, 'build_base': '/home/projects/sensor_ws/src/gps/ublox/build/ublox_gps', 'catkin_cmake_args': None, 'catkin_skip_building_tests': False, 'cmake_args': None, 'cmake_clean_cache': False, 'cmake_clean_first': False, 'cmake_force_configure': False, 'cmake_target': None, 'cmake_target_skip_unavailable': False, 'install_base': '/home/projects/sensor_ws/src/gps/ublox/install/ublox_gps', 'merge_install': False, 'path': '/home/projects/sensor_ws/src/gps/ublox/src/ublox/ublox_gps', 'symlink_install': False, 'test_result_base': None}
[1.000s] Level 5:colcon.colcon_core.verb:set package 'ublox' build argument 'cmake_args' from command line to 'None'
[1.000s] Level 5:colcon.colcon_core.verb:set package 'ublox' build argument 'cmake_target' from command line to 'None'
[1.000s] Level 5:colcon.colcon_core.verb:set package 'ublox' build argument 'cmake_target_skip_unavailable' from command line to 'False'
[1.001s] Level 5:colcon.colcon_core.verb:set package 'ublox' build argument 'cmake_clean_cache' from command line to 'False'
[1.001s] Level 5:colcon.colcon_core.verb:set package 'ublox' build argument 'cmake_clean_first' from command line to 'False'
[1.001s] Level 5:colcon.colcon_core.verb:set package 'ublox' build argument 'cmake_force_configure' from command line to 'False'
[1.001s] Level 5:colcon.colcon_core.verb:set package 'ublox' build argument 'ament_cmake_args' from command line to 'None'
[1.001s] Level 5:colcon.colcon_core.verb:set package 'ublox' build argument 'catkin_cmake_args' from command line to 'None'
[1.001s] Level 5:colcon.colcon_core.verb:set package 'ublox' build argument 'catkin_skip_building_tests' from command line to 'False'
[1.001s] DEBUG:colcon.colcon_core.verb:Building package 'ublox' with the following arguments: {'ament_cmake_args': None, 'build_base': '/home/projects/sensor_ws/src/gps/ublox/build/ublox', 'catkin_cmake_args': None, 'catkin_skip_building_tests': False, 'cmake_args': None, 'cmake_clean_cache': False, 'cmake_clean_first': False, 'cmake_force_configure': False, 'cmake_target': None, 'cmake_target_skip_unavailable': False, 'install_base': '/home/projects/sensor_ws/src/gps/ublox/install/ublox', 'merge_install': False, 'path': '/home/projects/sensor_ws/src/gps/ublox/src/ublox/ublox', 'symlink_install': False, 'test_result_base': None}
[1.002s] INFO:colcon.colcon_core.executor:Executing jobs using 'parallel' executor
[1.007s] DEBUG:colcon.colcon_parallel_executor.executor.parallel:run_until_complete
[1.008s] INFO:colcon.colcon_ros.task.ament_cmake.build:Building ROS package in '/home/projects/sensor_ws/src/gps/ublox/src/ublox/ublox_serialization' with build type 'ament_cmake'
[1.009s] INFO:colcon.colcon_cmake.task.cmake.build:Building CMake package in '/home/projects/sensor_ws/src/gps/ublox/src/ublox/ublox_serialization'
[1.019s] INFO:colcon.colcon_core.plugin_system:Skipping extension 'colcon_core.shell.bat': Not used on non-Windows systems
[1.020s] INFO:colcon.colcon_core.shell:Skip shell extension 'powershell' for command environment: Not usable outside of PowerShell
[1.020s] DEBUG:colcon.colcon_core.shell:Skip shell extension 'dsv' for command environment
[1.027s] DEBUG:colcon.colcon_core.shell:Ignoring prefix path '/opt/ros/foxy'
[1.047s] DEBUG:colcon.colcon_core.event_handler.log_command:Invoking command in '/home/projects/sensor_ws/src/gps/ublox/build/ublox_serialization': CMAKE_PREFIX_PATH=/opt/ros/foxy /usr/bin/cmake /home/projects/sensor_ws/src/gps/ublox/src/ublox/ublox_serialization -DCMAKE_INSTALL_PREFIX=/home/projects/sensor_ws/src/gps/ublox/install/ublox_serialization
[2.924s] DEBUG:colcon.colcon_core.event_handler.log_command:Invoked command in '/home/projects/sensor_ws/src/gps/ublox/build/ublox_serialization' returned '0': CMAKE_PREFIX_PATH=/opt/ros/foxy /usr/bin/cmake /home/projects/sensor_ws/src/gps/ublox/src/ublox/ublox_serialization -DCMAKE_INSTALL_PREFIX=/home/projects/sensor_ws/src/gps/ublox/install/ublox_serialization
[2.929s] DEBUG:colcon.colcon_core.event_handler.log_command:Invoking command in '/home/projects/sensor_ws/src/gps/ublox/build/ublox_serialization': CMAKE_PREFIX_PATH=/opt/ros/foxy /usr/bin/cmake --build /home/projects/sensor_ws/src/gps/ublox/build/ublox_serialization -- -j8 -l8
[3.018s] DEBUG:colcon.colcon_core.event_handler.log_command:Invoked command in '/home/projects/sensor_ws/src/gps/ublox/build/ublox_serialization' returned '0': CMAKE_PREFIX_PATH=/opt/ros/foxy /usr/bin/cmake --build /home/projects/sensor_ws/src/gps/ublox/build/ublox_serialization -- -j8 -l8
[3.122s] DEBUG:colcon.colcon_core.event_handler.log_command:Invoking command in '/home/projects/sensor_ws/src/gps/ublox/build/ublox_serialization': CMAKE_PREFIX_PATH=/opt/ros/foxy /usr/bin/cmake --install /home/projects/sensor_ws/src/gps/ublox/build/ublox_serialization
[3.153s] Level 1:colcon.colcon_core.environment:create_environment_scripts_only(ublox_serialization)
[3.156s] DEBUG:colcon.colcon_core.event_handler.log_command:Invoked command in '/home/projects/sensor_ws/src/gps/ublox/build/ublox_serialization' returned '0': CMAKE_PREFIX_PATH=/opt/ros/foxy /usr/bin/cmake --install /home/projects/sensor_ws/src/gps/ublox/build/ublox_serialization
[3.170s] Level 1:colcon.colcon_core.environment:checking '/home/projects/sensor_ws/src/gps/ublox/install/ublox_serialization' for CMake module files
[3.172s] Level 1:colcon.colcon_core.environment:checking '/home/projects/sensor_ws/src/gps/ublox/install/ublox_serialization' for CMake config files
[3.173s] Level 1:colcon.colcon_core.shell:create_environment_hook('ublox_serialization', 'cmake_prefix_path')
[3.174s] INFO:colcon.colcon_core.shell:Creating environment hook '/home/projects/sensor_ws/src/gps/ublox/install/ublox_serialization/share/ublox_serialization/hook/cmake_prefix_path.ps1'
[3.176s] INFO:colcon.colcon_core.shell:Creating environment descriptor '/home/projects/sensor_ws/src/gps/ublox/install/ublox_serialization/share/ublox_serialization/hook/cmake_prefix_path.dsv'
[3.177s] INFO:colcon.colcon_core.shell:Creating environment hook '/home/projects/sensor_ws/src/gps/ublox/install/ublox_serialization/share/ublox_serialization/hook/cmake_prefix_path.sh'
[3.180s] Level 1:colcon.colcon_core.environment:checking '/home/projects/sensor_ws/src/gps/ublox/install/ublox_serialization/bin'
[3.181s] Level 1:colcon.colcon_core.environment:checking '/home/projects/sensor_ws/src/gps/ublox/install/ublox_serialization/lib/pkgconfig/ublox_serialization.pc'
[3.181s] Level 1:colcon.colcon_core.environment:checking '/home/projects/sensor_ws/src/gps/ublox/install/ublox_serialization/lib/python3.8/site-packages'
[3.184s] INFO:colcon.colcon_core.shell:Creating package script '/home/projects/sensor_ws/src/gps/ublox/install/ublox_serialization/share/ublox_serialization/package.ps1'
[3.186s] INFO:colcon.colcon_core.shell:Creating package descriptor '/home/projects/sensor_ws/src/gps/ublox/install/ublox_serialization/share/ublox_serialization/package.dsv'
[3.188s] INFO:colcon.colcon_core.shell:Creating package script '/home/projects/sensor_ws/src/gps/ublox/install/ublox_serialization/share/ublox_serialization/package.sh'
[3.189s] INFO:colcon.colcon_core.shell:Creating package script '/home/projects/sensor_ws/src/gps/ublox/install/ublox_serialization/share/ublox_serialization/package.bash'
[3.191s] INFO:colcon.colcon_core.shell:Creating package script '/home/projects/sensor_ws/src/gps/ublox/install/ublox_serialization/share/ublox_serialization/package.zsh'
[3.193s] Level 1:colcon.colcon_core.environment:create_file_with_runtime_dependencies(/home/projects/sensor_ws/src/gps/ublox/install/ublox_serialization/share/colcon-core/packages/ublox_serialization)
[3.252s] Level 1:colcon.colcon_core.environment:create_environment_scripts_only(ublox_serialization)
[3.255s] Level 1:colcon.colcon_core.environment:checking '/home/projects/sensor_ws/src/gps/ublox/install/ublox_serialization' for CMake module files
[3.257s] Level 1:colcon.colcon_core.environment:checking '/home/projects/sensor_ws/src/gps/ublox/install/ublox_serialization' for CMake config files
[3.258s] Level 1:colcon.colcon_core.shell:create_environment_hook('ublox_serialization', 'cmake_prefix_path')
[3.259s] INFO:colcon.colcon_core.shell:Creating environment hook '/home/projects/sensor_ws/src/gps/ublox/install/ublox_serialization/share/ublox_serialization/hook/cmake_prefix_path.ps1'
[3.261s] INFO:colcon.colcon_core.shell:Creating environment descriptor '/home/projects/sensor_ws/src/gps/ublox/install/ublox_serialization/share/ublox_serialization/hook/cmake_prefix_path.dsv'
[3.262s] INFO:colcon.colcon_core.shell:Creating environment hook '/home/projects/sensor_ws/src/gps/ublox/install/ublox_serialization/share/ublox_serialization/hook/cmake_prefix_path.sh'
[3.264s] Level 1:colcon.colcon_core.environment:checking '/home/projects/sensor_ws/src/gps/ublox/install/ublox_serialization/bin'
[3.264s] Level 1:colcon.colcon_core.environment:checking '/home/projects/sensor_ws/src/gps/ublox/install/ublox_serialization/lib/pkgconfig/ublox_serialization.pc'
[3.264s] Level 1:colcon.colcon_core.environment:checking '/home/projects/sensor_ws/src/gps/ublox/install/ublox_serialization/lib/python3.8/site-packages'
[3.266s] INFO:colcon.colcon_core.shell:Creating package script '/home/projects/sensor_ws/src/gps/ublox/install/ublox_serialization/share/ublox_serialization/package.ps1'
[3.267s] INFO:colcon.colcon_core.shell:Creating package descriptor '/home/projects/sensor_ws/src/gps/ublox/install/ublox_serialization/share/ublox_serialization/package.dsv'
[3.269s] INFO:colcon.colcon_core.shell:Creating package script '/home/projects/sensor_ws/src/gps/ublox/install/ublox_serialization/share/ublox_serialization/package.sh'
[3.270s] INFO:colcon.colcon_core.shell:Creating package script '/home/projects/sensor_ws/src/gps/ublox/install/ublox_serialization/share/ublox_serialization/package.bash'
[3.271s] INFO:colcon.colcon_core.shell:Creating package script '/home/projects/sensor_ws/src/gps/ublox/install/ublox_serialization/share/ublox_serialization/package.zsh'
[3.272s] Level 1:colcon.colcon_core.environment:create_file_with_runtime_dependencies(/home/projects/sensor_ws/src/gps/ublox/install/ublox_serialization/share/colcon-core/packages/ublox_serialization)
[3.273s] INFO:colcon.colcon_ros.task.ament_cmake.build:Building ROS package in '/home/projects/sensor_ws/src/gps/ublox/src/ublox/ublox_msgs' with build type 'ament_cmake'
[3.275s] INFO:colcon.colcon_cmake.task.cmake.build:Building CMake package in '/home/projects/sensor_ws/src/gps/ublox/src/ublox/ublox_msgs'
[3.276s] INFO:colcon.colcon_core.shell:Skip shell extension 'powershell' for command environment: Not usable outside of PowerShell
[3.277s] DEBUG:colcon.colcon_core.shell:Skip shell extension 'dsv' for command environment
[3.281s] DEBUG:colcon.colcon_core.shell:Ignoring prefix path '/opt/ros/foxy'
[3.304s] DEBUG:colcon.colcon_core.event_handler.log_command:Invoking command in '/home/projects/sensor_ws/src/gps/ublox/build/ublox_msgs': AMENT_PREFIX_PATH=/home/projects/sensor_ws/src/gps/ublox/install/ublox_serialization:${AMENT_PREFIX_PATH} CMAKE_PREFIX_PATH=/home/projects/sensor_ws/src/gps/ublox/install/ublox_serialization:/opt/ros/foxy /usr/bin/cmake /home/projects/sensor_ws/src/gps/ublox/src/ublox/ublox_msgs -DCMAKE_INSTALL_PREFIX=/home/projects/sensor_ws/src/gps/ublox/install/ublox_msgs
[10.816s] DEBUG:colcon.colcon_core.event_handler.log_command:Invoked command in '/home/projects/sensor_ws/src/gps/ublox/build/ublox_msgs' returned '0': AMENT_PREFIX_PATH=/home/projects/sensor_ws/src/gps/ublox/install/ublox_serialization:${AMENT_PREFIX_PATH} CMAKE_PREFIX_PATH=/home/projects/sensor_ws/src/gps/ublox/install/ublox_serialization:/opt/ros/foxy /usr/bin/cmake /home/projects/sensor_ws/src/gps/ublox/src/ublox/ublox_msgs -DCMAKE_INSTALL_PREFIX=/home/projects/sensor_ws/src/gps/ublox/install/ublox_msgs
[10.821s] DEBUG:colcon.colcon_core.event_handler.log_command:Invoking command in '/home/projects/sensor_ws/src/gps/ublox/build/ublox_msgs': AMENT_PREFIX_PATH=/home/projects/sensor_ws/src/gps/ublox/install/ublox_serialization:${AMENT_PREFIX_PATH} CMAKE_PREFIX_PATH=/home/projects/sensor_ws/src/gps/ublox/install/ublox_serialization:/opt/ros/foxy /usr/bin/cmake --build /home/projects/sensor_ws/src/gps/ublox/build/ublox_msgs -- -j8 -l8
[236.048s] DEBUG:colcon.colcon_core.event_handler.log_command:Invoked command in '/home/projects/sensor_ws/src/gps/ublox/build/ublox_msgs' returned '0': AMENT_PREFIX_PATH=/home/projects/sensor_ws/src/gps/ublox/install/ublox_serialization:${AMENT_PREFIX_PATH} CMAKE_PREFIX_PATH=/home/projects/sensor_ws/src/gps/ublox/install/ublox_serialization:/opt/ros/foxy /usr/bin/cmake --build /home/projects/sensor_ws/src/gps/ublox/build/ublox_msgs -- -j8 -l8
[243.144s] DEBUG:colcon.colcon_core.event_handler.log_command:Invoking command in '/home/projects/sensor_ws/src/gps/ublox/build/ublox_msgs': AMENT_PREFIX_PATH=/home/projects/sensor_ws/src/gps/ublox/install/ublox_serialization:${AMENT_PREFIX_PATH} CMAKE_PREFIX_PATH=/home/projects/sensor_ws/src/gps/ublox/install/ublox_serialization:/opt/ros/foxy /usr/bin/cmake --install /home/projects/sensor_ws/src/gps/ublox/build/ublox_msgs
[243.771s] Level 1:colcon.colcon_core.environment:create_environment_scripts_only(ublox_msgs)
[243.776s] Level 1:colcon.colcon_core.environment:checking '/home/projects/sensor_ws/src/gps/ublox/install/ublox_msgs' for CMake module files
[243.776s] DEBUG:colcon.colcon_core.event_handler.log_command:Invoked command in '/home/projects/sensor_ws/src/gps/ublox/build/ublox_msgs' returned '0': AMENT_PREFIX_PATH=/home/projects/sensor_ws/src/gps/ublox/install/ublox_serialization:${AMENT_PREFIX_PATH} CMAKE_PREFIX_PATH=/home/projects/sensor_ws/src/gps/ublox/install/ublox_serialization:/opt/ros/foxy /usr/bin/cmake --install /home/projects/sensor_ws/src/gps/ublox/build/ublox_msgs
[243.779s] Level 1:colcon.colcon_core.environment:checking '/home/projects/sensor_ws/src/gps/ublox/install/ublox_msgs' for CMake config files
[243.784s] Level 1:colcon.colcon_core.shell:create_environment_hook('ublox_msgs', 'cmake_prefix_path')
[243.786s] INFO:colcon.colcon_core.shell:Creating environment hook '/home/projects/sensor_ws/src/gps/ublox/install/ublox_msgs/share/ublox_msgs/hook/cmake_prefix_path.ps1'
[243.788s] INFO:colcon.colcon_core.shell:Creating environment descriptor '/home/projects/sensor_ws/src/gps/ublox/install/ublox_msgs/share/ublox_msgs/hook/cmake_prefix_path.dsv'
[243.789s] INFO:colcon.colcon_core.shell:Creating environment hook '/home/projects/sensor_ws/src/gps/ublox/install/ublox_msgs/share/ublox_msgs/hook/cmake_prefix_path.sh'
[243.791s] Level 1:colcon.colcon_core.environment:checking '/home/projects/sensor_ws/src/gps/ublox/install/ublox_msgs/lib'
[243.792s] Level 1:colcon.colcon_core.shell:create_environment_hook('ublox_msgs', 'ld_library_path_lib')
[243.793s] INFO:colcon.colcon_core.shell:Creating environment hook '/home/projects/sensor_ws/src/gps/ublox/install/ublox_msgs/share/ublox_msgs/hook/ld_library_path_lib.ps1'
[243.794s] INFO:colcon.colcon_core.shell:Creating environment descriptor '/home/projects/sensor_ws/src/gps/ublox/install/ublox_msgs/share/ublox_msgs/hook/ld_library_path_lib.dsv'
[243.795s] INFO:colcon.colcon_core.shell:Creating environment hook '/home/projects/sensor_ws/src/gps/ublox/install/ublox_msgs/share/ublox_msgs/hook/ld_library_path_lib.sh'
[243.796s] Level 1:colcon.colcon_core.environment:checking '/home/projects/sensor_ws/src/gps/ublox/install/ublox_msgs/bin'
[243.797s] Level 1:colcon.colcon_core.environment:checking '/home/projects/sensor_ws/src/gps/ublox/install/ublox_msgs/lib/pkgconfig/ublox_msgs.pc'
[243.797s] Level 1:colcon.colcon_core.environment:checking '/home/projects/sensor_ws/src/gps/ublox/install/ublox_msgs/lib/python3.8/site-packages'
[243.797s] Level 1:colcon.colcon_core.shell:create_environment_hook('ublox_msgs', 'pythonpath')
[243.798s] INFO:colcon.colcon_core.shell:Creating environment hook '/home/projects/sensor_ws/src/gps/ublox/install/ublox_msgs/share/ublox_msgs/hook/pythonpath.ps1'
[243.799s] INFO:colcon.colcon_core.shell:Creating environment descriptor '/home/projects/sensor_ws/src/gps/ublox/install/ublox_msgs/share/ublox_msgs/hook/pythonpath.dsv'
[243.800s] INFO:colcon.colcon_core.shell:Creating environment hook '/home/projects/sensor_ws/src/gps/ublox/install/ublox_msgs/share/ublox_msgs/hook/pythonpath.sh'
[243.803s] INFO:colcon.colcon_core.shell:Creating package script '/home/projects/sensor_ws/src/gps/ublox/install/ublox_msgs/share/ublox_msgs/package.ps1'
[243.805s] INFO:colcon.colcon_core.shell:Creating package descriptor '/home/projects/sensor_ws/src/gps/ublox/install/ublox_msgs/share/ublox_msgs/package.dsv'
[243.806s] INFO:colcon.colcon_core.shell:Creating package script '/home/projects/sensor_ws/src/gps/ublox/install/ublox_msgs/share/ublox_msgs/package.sh'
[243.807s] INFO:colcon.colcon_core.shell:Creating package script '/home/projects/sensor_ws/src/gps/ublox/install/ublox_msgs/share/ublox_msgs/package.bash'
[243.808s] INFO:colcon.colcon_core.shell:Creating package script '/home/projects/sensor_ws/src/gps/ublox/install/ublox_msgs/share/ublox_msgs/package.zsh'
[243.809s] Level 1:colcon.colcon_core.environment:create_file_with_runtime_dependencies(/home/projects/sensor_ws/src/gps/ublox/install/ublox_msgs/share/colcon-core/packages/ublox_msgs)
[250.733s] Level 1:colcon.colcon_core.environment:create_environment_scripts_only(ublox_msgs)
[250.736s] Level 1:colcon.colcon_core.environment:checking '/home/projects/sensor_ws/src/gps/ublox/install/ublox_msgs' for CMake module files
[250.738s] Level 1:colcon.colcon_core.environment:checking '/home/projects/sensor_ws/src/gps/ublox/install/ublox_msgs' for CMake config files
[250.746s] Level 1:colcon.colcon_core.shell:create_environment_hook('ublox_msgs', 'cmake_prefix_path')
[250.748s] INFO:colcon.colcon_core.shell:Creating environment hook '/home/projects/sensor_ws/src/gps/ublox/install/ublox_msgs/share/ublox_msgs/hook/cmake_prefix_path.ps1'
[250.749s] INFO:colcon.colcon_core.shell:Creating environment descriptor '/home/projects/sensor_ws/src/gps/ublox/install/ublox_msgs/share/ublox_msgs/hook/cmake_prefix_path.dsv'
[250.750s] INFO:colcon.colcon_core.shell:Creating environment hook '/home/projects/sensor_ws/src/gps/ublox/install/ublox_msgs/share/ublox_msgs/hook/cmake_prefix_path.sh'
[250.752s] Level 1:colcon.colcon_core.environment:checking '/home/projects/sensor_ws/src/gps/ublox/install/ublox_msgs/lib'
[250.753s] Level 1:colcon.colcon_core.shell:create_environment_hook('ublox_msgs', 'ld_library_path_lib')
[250.754s] INFO:colcon.colcon_core.shell:Creating environment hook '/home/projects/sensor_ws/src/gps/ublox/install/ublox_msgs/share/ublox_msgs/hook/ld_library_path_lib.ps1'
[250.756s] INFO:colcon.colcon_core.shell:Creating environment descriptor '/home/projects/sensor_ws/src/gps/ublox/install/ublox_msgs/share/ublox_msgs/hook/ld_library_path_lib.dsv'
[250.759s] INFO:colcon.colcon_core.shell:Creating environment hook '/home/projects/sensor_ws/src/gps/ublox/install/ublox_msgs/share/ublox_msgs/hook/ld_library_path_lib.sh'
[250.761s] Level 1:colcon.colcon_core.environment:checking '/home/projects/sensor_ws/src/gps/ublox/install/ublox_msgs/bin'
[250.761s] Level 1:colcon.colcon_core.environment:checking '/home/projects/sensor_ws/src/gps/ublox/install/ublox_msgs/lib/pkgconfig/ublox_msgs.pc'
[250.761s] Level 1:colcon.colcon_core.environment:checking '/home/projects/sensor_ws/src/gps/ublox/install/ublox_msgs/lib/python3.8/site-packages'
[250.761s] Level 1:colcon.colcon_core.shell:create_environment_hook('ublox_msgs', 'pythonpath')
[250.763s] INFO:colcon.colcon_core.shell:Creating environment hook '/home/projects/sensor_ws/src/gps/ublox/install/ublox_msgs/share/ublox_msgs/hook/pythonpath.ps1'
[250.764s] INFO:colcon.colcon_core.shell:Creating environment descriptor '/home/projects/sensor_ws/src/gps/ublox/install/ublox_msgs/share/ublox_msgs/hook/pythonpath.dsv'
[250.765s] INFO:colcon.colcon_core.shell:Creating environment hook '/home/projects/sensor_ws/src/gps/ublox/install/ublox_msgs/share/ublox_msgs/hook/pythonpath.sh'
[250.771s] INFO:colcon.colcon_core.shell:Creating package script '/home/projects/sensor_ws/src/gps/ublox/install/ublox_msgs/share/ublox_msgs/package.ps1'
[250.773s] INFO:colcon.colcon_core.shell:Creating package descriptor '/home/projects/sensor_ws/src/gps/ublox/install/ublox_msgs/share/ublox_msgs/package.dsv'
[250.775s] INFO:colcon.colcon_core.shell:Creating package script '/home/projects/sensor_ws/src/gps/ublox/install/ublox_msgs/share/ublox_msgs/package.sh'
[250.776s] INFO:colcon.colcon_core.shell:Creating package script '/home/projects/sensor_ws/src/gps/ublox/install/ublox_msgs/share/ublox_msgs/package.bash'
[250.778s] INFO:colcon.colcon_core.shell:Creating package script '/home/projects/sensor_ws/src/gps/ublox/install/ublox_msgs/share/ublox_msgs/package.zsh'
[250.779s] Level 1:colcon.colcon_core.environment:create_file_with_runtime_dependencies(/home/projects/sensor_ws/src/gps/ublox/install/ublox_msgs/share/colcon-core/packages/ublox_msgs)
[250.780s] INFO:colcon.colcon_ros.task.ament_cmake.build:Building ROS package in '/home/projects/sensor_ws/src/gps/ublox/src/ublox/ublox_gps' with build type 'ament_cmake'
[250.781s] INFO:colcon.colcon_cmake.task.cmake.build:Building CMake package in '/home/projects/sensor_ws/src/gps/ublox/src/ublox/ublox_gps'
[250.785s] INFO:colcon.colcon_core.shell:Skip shell extension 'powershell' for command environment: Not usable outside of PowerShell
[250.787s] DEBUG:colcon.colcon_core.shell:Skip shell extension 'dsv' for command environment
[250.792s] DEBUG:colcon.colcon_core.shell:Ignoring prefix path '/opt/ros/foxy'
[250.829s] DEBUG:colcon.colcon_core.event_handler.log_command:Invoking command in '/home/projects/sensor_ws/src/gps/ublox/build/ublox_gps': AMENT_PREFIX_PATH=/home/projects/sensor_ws/src/gps/ublox/install/ublox_msgs:/home/projects/sensor_ws/src/gps/ublox/install/ublox_serialization:${AMENT_PREFIX_PATH} CMAKE_PREFIX_PATH=/home/projects/sensor_ws/src/gps/ublox/install/ublox_msgs:/home/projects/sensor_ws/src/gps/ublox/install/ublox_serialization:/opt/ros/foxy LD_LIBRARY_PATH=/home/projects/sensor_ws/src/gps/ublox/install/ublox_msgs/lib:${LD_LIBRARY_PATH} PYTHONPATH=/home/projects/sensor_ws/src/gps/ublox/install/ublox_msgs/lib/python3.8/site-packages:${PYTHONPATH} /usr/bin/cmake /home/projects/sensor_ws/src/gps/ublox/src/ublox/ublox_gps -DCMAKE_INSTALL_PREFIX=/home/projects/sensor_ws/src/gps/ublox/install/ublox_gps
[255.704s] DEBUG:colcon.colcon_core.event_handler.log_command:Invoked command in '/home/projects/sensor_ws/src/gps/ublox/build/ublox_gps' returned '0': AMENT_PREFIX_PATH=/home/projects/sensor_ws/src/gps/ublox/install/ublox_msgs:/home/projects/sensor_ws/src/gps/ublox/install/ublox_serialization:${AMENT_PREFIX_PATH} CMAKE_PREFIX_PATH=/home/projects/sensor_ws/src/gps/ublox/install/ublox_msgs:/home/projects/sensor_ws/src/gps/ublox/install/ublox_serialization:/opt/ros/foxy LD_LIBRARY_PATH=/home/projects/sensor_ws/src/gps/ublox/install/ublox_msgs/lib:${LD_LIBRARY_PATH} PYTHONPATH=/home/projects/sensor_ws/src/gps/ublox/install/ublox_msgs/lib/python3.8/site-packages:${PYTHONPATH} /usr/bin/cmake /home/projects/sensor_ws/src/gps/ublox/src/ublox/ublox_gps -DCMAKE_INSTALL_PREFIX=/home/projects/sensor_ws/src/gps/ublox/install/ublox_gps
[255.707s] DEBUG:colcon.colcon_core.event_handler.log_command:Invoking command in '/home/projects/sensor_ws/src/gps/ublox/build/ublox_gps': AMENT_PREFIX_PATH=/home/projects/sensor_ws/src/gps/ublox/install/ublox_msgs:/home/projects/sensor_ws/src/gps/ublox/install/ublox_serialization:${AMENT_PREFIX_PATH} CMAKE_PREFIX_PATH=/home/projects/sensor_ws/src/gps/ublox/install/ublox_msgs:/home/projects/sensor_ws/src/gps/ublox/install/ublox_serialization:/opt/ros/foxy LD_LIBRARY_PATH=/home/projects/sensor_ws/src/gps/ublox/install/ublox_msgs/lib:${LD_LIBRARY_PATH} PYTHONPATH=/home/projects/sensor_ws/src/gps/ublox/install/ublox_msgs/lib/python3.8/site-packages:${PYTHONPATH} /usr/bin/cmake --build /home/projects/sensor_ws/src/gps/ublox/build/ublox_gps -- -j8 -l8
[314.222s] DEBUG:colcon.colcon_core.event_handler.log_command:Invoked command in '/home/projects/sensor_ws/src/gps/ublox/build/ublox_gps' returned '0': AMENT_PREFIX_PATH=/home/projects/sensor_ws/src/gps/ublox/install/ublox_msgs:/home/projects/sensor_ws/src/gps/ublox/install/ublox_serialization:${AMENT_PREFIX_PATH} CMAKE_PREFIX_PATH=/home/projects/sensor_ws/src/gps/ublox/install/ublox_msgs:/home/projects/sensor_ws/src/gps/ublox/install/ublox_serialization:/opt/ros/foxy LD_LIBRARY_PATH=/home/projects/sensor_ws/src/gps/ublox/install/ublox_msgs/lib:${LD_LIBRARY_PATH} PYTHONPATH=/home/projects/sensor_ws/src/gps/ublox/install/ublox_msgs/lib/python3.8/site-packages:${PYTHONPATH} /usr/bin/cmake --build /home/projects/sensor_ws/src/gps/ublox/build/ublox_gps -- -j8 -l8
[314.496s] DEBUG:colcon.colcon_core.event_handler.log_command:Invoking command in '/home/projects/sensor_ws/src/gps/ublox/build/ublox_gps': AMENT_PREFIX_PATH=/home/projects/sensor_ws/src/gps/ublox/install/ublox_msgs:/home/projects/sensor_ws/src/gps/ublox/install/ublox_serialization:${AMENT_PREFIX_PATH} CMAKE_PREFIX_PATH=/home/projects/sensor_ws/src/gps/ublox/install/ublox_msgs:/home/projects/sensor_ws/src/gps/ublox/install/ublox_serialization:/opt/ros/foxy LD_LIBRARY_PATH=/home/projects/sensor_ws/src/gps/ublox/install/ublox_msgs/lib:${LD_LIBRARY_PATH} PYTHONPATH=/home/projects/sensor_ws/src/gps/ublox/install/ublox_msgs/lib/python3.8/site-packages:${PYTHONPATH} /usr/bin/cmake --install /home/projects/sensor_ws/src/gps/ublox/build/ublox_gps
[314.628s] Level 1:colcon.colcon_core.environment:create_environment_scripts_only(ublox_gps)
[314.632s] Level 1:colcon.colcon_core.environment:checking '/home/projects/sensor_ws/src/gps/ublox/install/ublox_gps' for CMake module files
[314.634s] DEBUG:colcon.colcon_core.event_handler.log_command:Invoked command in '/home/projects/sensor_ws/src/gps/ublox/build/ublox_gps' returned '0': AMENT_PREFIX_PATH=/home/projects/sensor_ws/src/gps/ublox/install/ublox_msgs:/home/projects/sensor_ws/src/gps/ublox/install/ublox_serialization:${AMENT_PREFIX_PATH} CMAKE_PREFIX_PATH=/home/projects/sensor_ws/src/gps/ublox/install/ublox_msgs:/home/projects/sensor_ws/src/gps/ublox/install/ublox_serialization:/opt/ros/foxy LD_LIBRARY_PATH=/home/projects/sensor_ws/src/gps/ublox/install/ublox_msgs/lib:${LD_LIBRARY_PATH} PYTHONPATH=/home/projects/sensor_ws/src/gps/ublox/install/ublox_msgs/lib/python3.8/site-packages:${PYTHONPATH} /usr/bin/cmake --install /home/projects/sensor_ws/src/gps/ublox/build/ublox_gps
[314.635s] Level 1:colcon.colcon_core.environment:checking '/home/projects/sensor_ws/src/gps/ublox/install/ublox_gps' for CMake config files
[314.637s] Level 1:colcon.colcon_core.shell:create_environment_hook('ublox_gps', 'cmake_prefix_path')
[314.638s] INFO:colcon.colcon_core.shell:Creating environment hook '/home/projects/sensor_ws/src/gps/ublox/install/ublox_gps/share/ublox_gps/hook/cmake_prefix_path.ps1'
[314.640s] INFO:colcon.colcon_core.shell:Creating environment descriptor '/home/projects/sensor_ws/src/gps/ublox/install/ublox_gps/share/ublox_gps/hook/cmake_prefix_path.dsv'
[314.641s] INFO:colcon.colcon_core.shell:Creating environment hook '/home/projects/sensor_ws/src/gps/ublox/install/ublox_gps/share/ublox_gps/hook/cmake_prefix_path.sh'
[314.643s] Level 1:colcon.colcon_core.environment:checking '/home/projects/sensor_ws/src/gps/ublox/install/ublox_gps/lib'
[314.643s] Level 1:colcon.colcon_core.shell:create_environment_hook('ublox_gps', 'ld_library_path_lib')
[314.645s] INFO:colcon.colcon_core.shell:Creating environment hook '/home/projects/sensor_ws/src/gps/ublox/install/ublox_gps/share/ublox_gps/hook/ld_library_path_lib.ps1'
[314.646s] INFO:colcon.colcon_core.shell:Creating environment descriptor '/home/projects/sensor_ws/src/gps/ublox/install/ublox_gps/share/ublox_gps/hook/ld_library_path_lib.dsv'
[314.646s] INFO:colcon.colcon_core.shell:Creating environment hook '/home/projects/sensor_ws/src/gps/ublox/install/ublox_gps/share/ublox_gps/hook/ld_library_path_lib.sh'
[314.647s] Level 1:colcon.colcon_core.environment:checking '/home/projects/sensor_ws/src/gps/ublox/install/ublox_gps/bin'
[314.648s] Level 1:colcon.colcon_core.environment:checking '/home/projects/sensor_ws/src/gps/ublox/install/ublox_gps/lib/pkgconfig/ublox_gps.pc'
[314.648s] Level 1:colcon.colcon_core.environment:checking '/home/projects/sensor_ws/src/gps/ublox/install/ublox_gps/lib/python3.8/site-packages'
[314.650s] INFO:colcon.colcon_core.shell:Creating package script '/home/projects/sensor_ws/src/gps/ublox/install/ublox_gps/share/ublox_gps/package.ps1'
[314.651s] INFO:colcon.colcon_core.shell:Creating package descriptor '/home/projects/sensor_ws/src/gps/ublox/install/ublox_gps/share/ublox_gps/package.dsv'
[314.652s] INFO:colcon.colcon_core.shell:Creating package script '/home/projects/sensor_ws/src/gps/ublox/install/ublox_gps/share/ublox_gps/package.sh'
[314.654s] INFO:colcon.colcon_core.shell:Creating package script '/home/projects/sensor_ws/src/gps/ublox/install/ublox_gps/share/ublox_gps/package.bash'
[314.654s] INFO:colcon.colcon_core.shell:Creating package script '/home/projects/sensor_ws/src/gps/ublox/install/ublox_gps/share/ublox_gps/package.zsh'
[314.655s] Level 1:colcon.colcon_core.environment:create_file_with_runtime_dependencies(/home/projects/sensor_ws/src/gps/ublox/install/ublox_gps/share/colcon-core/packages/ublox_gps)
[314.915s] Level 1:colcon.colcon_core.environment:create_environment_scripts_only(ublox_gps)
[314.919s] Level 1:colcon.colcon_core.environment:checking '/home/projects/sensor_ws/src/gps/ublox/install/ublox_gps' for CMake module files
[314.922s] Level 1:colcon.colcon_core.environment:checking '/home/projects/sensor_ws/src/gps/ublox/install/ublox_gps' for CMake config files
[314.923s] Level 1:colcon.colcon_core.shell:create_environment_hook('ublox_gps', 'cmake_prefix_path')
[314.925s] INFO:colcon.colcon_core.shell:Creating environment hook '/home/projects/sensor_ws/src/gps/ublox/install/ublox_gps/share/ublox_gps/hook/cmake_prefix_path.ps1'
[314.926s] INFO:colcon.colcon_core.shell:Creating environment descriptor '/home/projects/sensor_ws/src/gps/ublox/install/ublox_gps/share/ublox_gps/hook/cmake_prefix_path.dsv'
[314.927s] INFO:colcon.colcon_core.shell:Creating environment hook '/home/projects/sensor_ws/src/gps/ublox/install/ublox_gps/share/ublox_gps/hook/cmake_prefix_path.sh'
[314.929s] Level 1:colcon.colcon_core.environment:checking '/home/projects/sensor_ws/src/gps/ublox/install/ublox_gps/lib'
[314.929s] Level 1:colcon.colcon_core.shell:create_environment_hook('ublox_gps', 'ld_library_path_lib')
[314.932s] INFO:colcon.colcon_core.shell:Creating environment hook '/home/projects/sensor_ws/src/gps/ublox/install/ublox_gps/share/ublox_gps/hook/ld_library_path_lib.ps1'
[314.936s] INFO:colcon.colcon_core.shell:Creating environment descriptor '/home/projects/sensor_ws/src/gps/ublox/install/ublox_gps/share/ublox_gps/hook/ld_library_path_lib.dsv'
[314.938s] INFO:colcon.colcon_core.shell:Creating environment hook '/home/projects/sensor_ws/src/gps/ublox/install/ublox_gps/share/ublox_gps/hook/ld_library_path_lib.sh'
[314.940s] Level 1:colcon.colcon_core.environment:checking '/home/projects/sensor_ws/src/gps/ublox/install/ublox_gps/bin'
[314.940s] Level 1:colcon.colcon_core.environment:checking '/home/projects/sensor_ws/src/gps/ublox/install/ublox_gps/lib/pkgconfig/ublox_gps.pc'
[314.940s] Level 1:colcon.colcon_core.environment:checking '/home/projects/sensor_ws/src/gps/ublox/install/ublox_gps/lib/python3.8/site-packages'
[314.942s] INFO:colcon.colcon_core.shell:Creating package script '/home/projects/sensor_ws/src/gps/ublox/install/ublox_gps/share/ublox_gps/package.ps1'
[314.944s] INFO:colcon.colcon_core.shell:Creating package descriptor '/home/projects/sensor_ws/src/gps/ublox/install/ublox_gps/share/ublox_gps/package.dsv'
[314.945s] INFO:colcon.colcon_core.shell:Creating package script '/home/projects/sensor_ws/src/gps/ublox/install/ublox_gps/share/ublox_gps/package.sh'
[314.947s] INFO:colcon.colcon_core.shell:Creating package script '/home/projects/sensor_ws/src/gps/ublox/install/ublox_gps/share/ublox_gps/package.bash'
[314.948s] INFO:colcon.colcon_core.shell:Creating package script '/home/projects/sensor_ws/src/gps/ublox/install/ublox_gps/share/ublox_gps/package.zsh'
[314.949s] Level 1:colcon.colcon_core.environment:create_file_with_runtime_dependencies(/home/projects/sensor_ws/src/gps/ublox/install/ublox_gps/share/colcon-core/packages/ublox_gps)
[314.950s] INFO:colcon.colcon_ros.task.ament_cmake.build:Building ROS package in '/home/projects/sensor_ws/src/gps/ublox/src/ublox/ublox' with build type 'ament_cmake'
[314.957s] INFO:colcon.colcon_cmake.task.cmake.build:Building CMake package in '/home/projects/sensor_ws/src/gps/ublox/src/ublox/ublox'
[314.959s] INFO:colcon.colcon_core.shell:Skip shell extension 'powershell' for command environment: Not usable outside of PowerShell
[314.959s] DEBUG:colcon.colcon_core.shell:Skip shell extension 'dsv' for command environment
[314.964s] DEBUG:colcon.colcon_core.shell:Ignoring prefix path '/opt/ros/foxy'
[314.998s] DEBUG:colcon.colcon_core.event_handler.log_command:Invoking command in '/home/projects/sensor_ws/src/gps/ublox/build/ublox': AMENT_PREFIX_PATH=/home/projects/sensor_ws/src/gps/ublox/install/ublox_gps:/home/projects/sensor_ws/src/gps/ublox/install/ublox_msgs:/home/projects/sensor_ws/src/gps/ublox/install/ublox_serialization:${AMENT_PREFIX_PATH} CMAKE_PREFIX_PATH=/home/projects/sensor_ws/src/gps/ublox/install/ublox_gps:/home/projects/sensor_ws/src/gps/ublox/install/ublox_msgs:/home/projects/sensor_ws/src/gps/ublox/install/ublox_serialization:/opt/ros/foxy LD_LIBRARY_PATH=/home/projects/sensor_ws/src/gps/ublox/install/ublox_gps/lib:/home/projects/sensor_ws/src/gps/ublox/install/ublox_msgs/lib:${LD_LIBRARY_PATH} PYTHONPATH=/home/projects/sensor_ws/src/gps/ublox/install/ublox_msgs/lib/python3.8/site-packages:${PYTHONPATH} /usr/bin/cmake /home/projects/sensor_ws/src/gps/ublox/src/ublox/ublox -DCMAKE_INSTALL_PREFIX=/home/projects/sensor_ws/src/gps/ublox/install/ublox
[316.891s] DEBUG:colcon.colcon_core.event_handler.log_command:Invoked command in '/home/projects/sensor_ws/src/gps/ublox/build/ublox' returned '0': AMENT_PREFIX_PATH=/home/projects/sensor_ws/src/gps/ublox/install/ublox_gps:/home/projects/sensor_ws/src/gps/ublox/install/ublox_msgs:/home/projects/sensor_ws/src/gps/ublox/install/ublox_serialization:${AMENT_PREFIX_PATH} CMAKE_PREFIX_PATH=/home/projects/sensor_ws/src/gps/ublox/install/ublox_gps:/home/projects/sensor_ws/src/gps/ublox/install/ublox_msgs:/home/projects/sensor_ws/src/gps/ublox/install/ublox_serialization:/opt/ros/foxy LD_LIBRARY_PATH=/home/projects/sensor_ws/src/gps/ublox/install/ublox_gps/lib:/home/projects/sensor_ws/src/gps/ublox/install/ublox_msgs/lib:${LD_LIBRARY_PATH} PYTHONPATH=/home/projects/sensor_ws/src/gps/ublox/install/ublox_msgs/lib/python3.8/site-packages:${PYTHONPATH} /usr/bin/cmake /home/projects/sensor_ws/src/gps/ublox/src/ublox/ublox -DCMAKE_INSTALL_PREFIX=/home/projects/sensor_ws/src/gps/ublox/install/ublox
[316.892s] DEBUG:colcon.colcon_core.event_handler.log_command:Invoking command in '/home/projects/sensor_ws/src/gps/ublox/build/ublox': AMENT_PREFIX_PATH=/home/projects/sensor_ws/src/gps/ublox/install/ublox_gps:/home/projects/sensor_ws/src/gps/ublox/install/ublox_msgs:/home/projects/sensor_ws/src/gps/ublox/install/ublox_serialization:${AMENT_PREFIX_PATH} CMAKE_PREFIX_PATH=/home/projects/sensor_ws/src/gps/ublox/install/ublox_gps:/home/projects/sensor_ws/src/gps/ublox/install/ublox_msgs:/home/projects/sensor_ws/src/gps/ublox/install/ublox_serialization:/opt/ros/foxy LD_LIBRARY_PATH=/home/projects/sensor_ws/src/gps/ublox/install/ublox_gps/lib:/home/projects/sensor_ws/src/gps/ublox/install/ublox_msgs/lib:${LD_LIBRARY_PATH} PYTHONPATH=/home/projects/sensor_ws/src/gps/ublox/install/ublox_msgs/lib/python3.8/site-packages:${PYTHONPATH} /usr/bin/cmake --build /home/projects/sensor_ws/src/gps/ublox/build/ublox -- -j8 -l8
[316.976s] DEBUG:colcon.colcon_core.event_handler.log_command:Invoked command in '/home/projects/sensor_ws/src/gps/ublox/build/ublox' returned '0': AMENT_PREFIX_PATH=/home/projects/sensor_ws/src/gps/ublox/install/ublox_gps:/home/projects/sensor_ws/src/gps/ublox/install/ublox_msgs:/home/projects/sensor_ws/src/gps/ublox/install/ublox_serialization:${AMENT_PREFIX_PATH} CMAKE_PREFIX_PATH=/home/projects/sensor_ws/src/gps/ublox/install/ublox_gps:/home/projects/sensor_ws/src/gps/ublox/install/ublox_msgs:/home/projects/sensor_ws/src/gps/ublox/install/ublox_serialization:/opt/ros/foxy LD_LIBRARY_PATH=/home/projects/sensor_ws/src/gps/ublox/install/ublox_gps/lib:/home/projects/sensor_ws/src/gps/ublox/install/ublox_msgs/lib:${LD_LIBRARY_PATH} PYTHONPATH=/home/projects/sensor_ws/src/gps/ublox/install/ublox_msgs/lib/python3.8/site-packages:${PYTHONPATH} /usr/bin/cmake --build /home/projects/sensor_ws/src/gps/ublox/build/ublox -- -j8 -l8
[317.039s] DEBUG:colcon.colcon_core.event_handler.log_command:Invoking command in '/home/projects/sensor_ws/src/gps/ublox/build/ublox': AMENT_PREFIX_PATH=/home/projects/sensor_ws/src/gps/ublox/install/ublox_gps:/home/projects/sensor_ws/src/gps/ublox/install/ublox_msgs:/home/projects/sensor_ws/src/gps/ublox/install/ublox_serialization:${AMENT_PREFIX_PATH} CMAKE_PREFIX_PATH=/home/projects/sensor_ws/src/gps/ublox/install/ublox_gps:/home/projects/sensor_ws/src/gps/ublox/install/ublox_msgs:/home/projects/sensor_ws/src/gps/ublox/install/ublox_serialization:/opt/ros/foxy LD_LIBRARY_PATH=/home/projects/sensor_ws/src/gps/ublox/install/ublox_gps/lib:/home/projects/sensor_ws/src/gps/ublox/install/ublox_msgs/lib:${LD_LIBRARY_PATH} PYTHONPATH=/home/projects/sensor_ws/src/gps/ublox/install/ublox_msgs/lib/python3.8/site-packages:${PYTHONPATH} /usr/bin/cmake --install /home/projects/sensor_ws/src/gps/ublox/build/ublox
[317.074s] Level 1:colcon.colcon_core.environment:create_environment_scripts_only(ublox)
[317.077s] Level 1:colcon.colcon_core.environment:checking '/home/projects/sensor_ws/src/gps/ublox/install/ublox' for CMake module files
[317.078s] DEBUG:colcon.colcon_core.event_handler.log_command:Invoked command in '/home/projects/sensor_ws/src/gps/ublox/build/ublox' returned '0': AMENT_PREFIX_PATH=/home/projects/sensor_ws/src/gps/ublox/install/ublox_gps:/home/projects/sensor_ws/src/gps/ublox/install/ublox_msgs:/home/projects/sensor_ws/src/gps/ublox/install/ublox_serialization:${AMENT_PREFIX_PATH} CMAKE_PREFIX_PATH=/home/projects/sensor_ws/src/gps/ublox/install/ublox_gps:/home/projects/sensor_ws/src/gps/ublox/install/ublox_msgs:/home/projects/sensor_ws/src/gps/ublox/install/ublox_serialization:/opt/ros/foxy LD_LIBRARY_PATH=/home/projects/sensor_ws/src/gps/ublox/install/ublox_gps/lib:/home/projects/sensor_ws/src/gps/ublox/install/ublox_msgs/lib:${LD_LIBRARY_PATH} PYTHONPATH=/home/projects/sensor_ws/src/gps/ublox/install/ublox_msgs/lib/python3.8/site-packages:${PYTHONPATH} /usr/bin/cmake --install /home/projects/sensor_ws/src/gps/ublox/build/ublox
[317.080s] Level 1:colcon.colcon_core.environment:checking '/home/projects/sensor_ws/src/gps/ublox/install/ublox' for CMake config files
[317.080s] Level 1:colcon.colcon_core.shell:create_environment_hook('ublox', 'cmake_prefix_path')
[317.082s] INFO:colcon.colcon_core.shell:Creating environment hook '/home/projects/sensor_ws/src/gps/ublox/install/ublox/share/ublox/hook/cmake_prefix_path.ps1'
[317.083s] INFO:colcon.colcon_core.shell:Creating environment descriptor '/home/projects/sensor_ws/src/gps/ublox/install/ublox/share/ublox/hook/cmake_prefix_path.dsv'
[317.084s] INFO:colcon.colcon_core.shell:Creating environment hook '/home/projects/sensor_ws/src/gps/ublox/install/ublox/share/ublox/hook/cmake_prefix_path.sh'
[317.085s] Level 1:colcon.colcon_core.environment:checking '/home/projects/sensor_ws/src/gps/ublox/install/ublox/bin'
[317.086s] Level 1:colcon.colcon_core.environment:checking '/home/projects/sensor_ws/src/gps/ublox/install/ublox/lib/pkgconfig/ublox.pc'
[317.086s] Level 1:colcon.colcon_core.environment:checking '/home/projects/sensor_ws/src/gps/ublox/install/ublox/lib/python3.8/site-packages'
[317.088s] INFO:colcon.colcon_core.shell:Creating package script '/home/projects/sensor_ws/src/gps/ublox/install/ublox/share/ublox/package.ps1'
[317.089s] INFO:colcon.colcon_core.shell:Creating package descriptor '/home/projects/sensor_ws/src/gps/ublox/install/ublox/share/ublox/package.dsv'
[317.090s] INFO:colcon.colcon_core.shell:Creating package script '/home/projects/sensor_ws/src/gps/ublox/install/ublox/share/ublox/package.sh'
[317.091s] INFO:colcon.colcon_core.shell:Creating package script '/home/projects/sensor_ws/src/gps/ublox/install/ublox/share/ublox/package.bash'
[317.092s] INFO:colcon.colcon_core.shell:Creating package script '/home/projects/sensor_ws/src/gps/ublox/install/ublox/share/ublox/package.zsh'
[317.092s] Level 1:colcon.colcon_core.environment:create_file_with_runtime_dependencies(/home/projects/sensor_ws/src/gps/ublox/install/ublox/share/colcon-core/packages/ublox)
[317.148s] Level 1:colcon.colcon_core.environment:create_environment_scripts_only(ublox)
[317.152s] Level 1:colcon.colcon_core.environment:checking '/home/projects/sensor_ws/src/gps/ublox/install/ublox' for CMake module files
[317.154s] Level 1:colcon.colcon_core.environment:checking '/home/projects/sensor_ws/src/gps/ublox/install/ublox' for CMake config files
[317.154s] Level 1:colcon.colcon_core.shell:create_environment_hook('ublox', 'cmake_prefix_path')
[317.156s] INFO:colcon.colcon_core.shell:Creating environment hook '/home/projects/sensor_ws/src/gps/ublox/install/ublox/share/ublox/hook/cmake_prefix_path.ps1'
[317.157s] INFO:colcon.colcon_core.shell:Creating environment descriptor '/home/projects/sensor_ws/src/gps/ublox/install/ublox/share/ublox/hook/cmake_prefix_path.dsv'
[317.158s] INFO:colcon.colcon_core.shell:Creating environment hook '/home/projects/sensor_ws/src/gps/ublox/install/ublox/share/ublox/hook/cmake_prefix_path.sh'
[317.160s] Level 1:colcon.colcon_core.environment:checking '/home/projects/sensor_ws/src/gps/ublox/install/ublox/bin'
[317.161s] Level 1:colcon.colcon_core.environment:checking '/home/projects/sensor_ws/src/gps/ublox/install/ublox/lib/pkgconfig/ublox.pc'
[317.161s] Level 1:colcon.colcon_core.environment:checking '/home/projects/sensor_ws/src/gps/ublox/install/ublox/lib/python3.8/site-packages'
[317.163s] INFO:colcon.colcon_core.shell:Creating package script '/home/projects/sensor_ws/src/gps/ublox/install/ublox/share/ublox/package.ps1'
[317.165s] INFO:colcon.colcon_core.shell:Creating package descriptor '/home/projects/sensor_ws/src/gps/ublox/install/ublox/share/ublox/package.dsv'
[317.166s] INFO:colcon.colcon_core.shell:Creating package script '/home/projects/sensor_ws/src/gps/ublox/install/ublox/share/ublox/package.sh'
[317.168s] INFO:colcon.colcon_core.shell:Creating package script '/home/projects/sensor_ws/src/gps/ublox/install/ublox/share/ublox/package.bash'
[317.169s] INFO:colcon.colcon_core.shell:Creating package script '/home/projects/sensor_ws/src/gps/ublox/install/ublox/share/ublox/package.zsh'
[317.170s] Level 1:colcon.colcon_core.environment:create_file_with_runtime_dependencies(/home/projects/sensor_ws/src/gps/ublox/install/ublox/share/colcon-core/packages/ublox)
[317.171s] DEBUG:colcon.colcon_parallel_executor.executor.parallel:closing loop
[317.173s] DEBUG:colcon.colcon_parallel_executor.executor.parallel:loop closed
[317.173s] DEBUG:colcon.colcon_parallel_executor.executor.parallel:run_until_complete finished with '0'
[317.173s] DEBUG:colcon.colcon_core.event_reactor:joining thread
[317.192s] INFO:colcon.colcon_core.plugin_system:Skipping extension 'colcon_notification.desktop_notification.notify_send': Could not find 'notify-send'
[317.193s] INFO:colcon.colcon_core.plugin_system:Skipping extension 'colcon_notification.desktop_notification.terminal_notifier': Not used on non-Darwin systems
[317.193s] INFO:colcon.colcon_core.plugin_system:Skipping extension 'colcon_notification.desktop_notification.win32': Not used on non-Windows systems
[317.194s] INFO:colcon.colcon_notification.desktop_notification:Sending desktop notification using 'notify2'
[317.195s] DEBUG:colcon.colcon_notification.desktop_notification.notify2:Failed to initialize notify2: org.freedesktop.DBus.Error.NotSupported: Unable to autolaunch a dbus-daemon without a $DISPLAY for X11
[317.195s] DEBUG:colcon.colcon_core.event_reactor:joined thread
[317.198s] INFO:colcon.colcon_core.shell:Creating prefix script '/home/projects/sensor_ws/src/gps/ublox/install/local_setup.ps1'
[317.200s] INFO:colcon.colcon_core.shell:Creating prefix util module '/home/projects/sensor_ws/src/gps/ublox/install/_local_setup_util_ps1.py'
[317.203s] INFO:colcon.colcon_core.shell:Creating prefix chain script '/home/projects/sensor_ws/src/gps/ublox/install/setup.ps1'
[317.209s] INFO:colcon.colcon_core.shell:Creating prefix script '/home/projects/sensor_ws/src/gps/ublox/install/local_setup.sh'
[317.210s] INFO:colcon.colcon_core.shell:Creating prefix util module '/home/projects/sensor_ws/src/gps/ublox/install/_local_setup_util_sh.py'
[317.212s] INFO:colcon.colcon_core.shell:Creating prefix chain script '/home/projects/sensor_ws/src/gps/ublox/install/setup.sh'
[317.217s] INFO:colcon.colcon_core.shell:Creating prefix script '/home/projects/sensor_ws/src/gps/ublox/install/local_setup.bash'
[317.218s] INFO:colcon.colcon_core.shell:Creating prefix chain script '/home/projects/sensor_ws/src/gps/ublox/install/setup.bash'
[317.223s] INFO:colcon.colcon_core.shell:Creating prefix script '/home/projects/sensor_ws/src/gps/ublox/install/local_setup.zsh'
[317.224s] INFO:colcon.colcon_core.shell:Creating prefix chain script '/home/projects/sensor_ws/src/gps/ublox/install/setup.zsh'
