[0.753s] DEBUG:colcon:Command line arguments: ['/usr/bin/colcon', 'build', '--packages-ignore', 'range_lib', '--allow-overriding', 'robot_localization']
[0.753s] DEBUG:colcon:Parsed command line arguments: Namespace(allow_overriding=['robot_localization'], ament_cmake_args=None, base_paths=['.'], build_base='build', catkin_cmake_args=None, catkin_skip_building_tests=False, cmake_args=None, cmake_clean_cache=False, cmake_clean_first=False, cmake_force_configure=False, cmake_target=None, cmake_target_skip_unavailable=False, continue_on_error=False, event_handlers=None, executor='parallel', ignore_user_meta=False, install_base='install', log_base=None, log_level=None, main=<bound method BuildVerb.main of <colcon_core.verb.build.BuildVerb object at 0x7fb12bdaf0>>, merge_install=False, metas=['./colcon.meta'], mixin=None, mixin_files=None, mixin_verb=('build',), packages_above=None, packages_above_and_dependencies=None, packages_above_depth=None, packages_end=None, packages_ignore=['range_lib'], packages_ignore_regex=None, packages_select=None, packages_select_build_failed=False, packages_select_by_dep=None, packages_select_regex=None, packages_select_test_failures=False, packages_skip=None, packages_skip_build_finished=False, packages_skip_by_dep=None, packages_skip_regex=None, packages_skip_test_passed=False, packages_skip_up_to=None, packages_start=None, packages_up_to=None, packages_up_to_regex=None, parallel_workers=6, paths=None, symlink_install=False, test_result_base=None, verb_extension=<colcon_core.verb.build.BuildVerb object at 0x7fb12bdaf0>, verb_name='build', verb_parser=<colcon_mixin.mixin.mixin_argument.MixinArgumentDecorator object at 0x7fb12c8100>)
[0.774s] Level 1:colcon.colcon_core.package_discovery:discover_packages(colcon_meta) check parameters
[0.776s] INFO:colcon.colcon_metadata.package_discovery.colcon_meta:Using configuration from '/root/.colcon/metadata/default/Gazebo.meta'
[0.778s] INFO:colcon.colcon_metadata.package_discovery.colcon_meta:Using configuration from '/root/.colcon/metadata/default/fastrtps.meta'
[0.779s] Level 1:colcon.colcon_core.package_discovery:discover_packages(recursive) check parameters
[0.779s] Level 1:colcon.colcon_core.package_discovery:discover_packages(ignore) check parameters
[0.779s] Level 1:colcon.colcon_core.package_discovery:discover_packages(path) check parameters
[0.779s] Level 1:colcon.colcon_core.package_discovery:discover_packages(colcon_meta) discover
[0.779s] Level 1:colcon.colcon_core.package_discovery:discover_packages(recursive) discover
[0.780s] INFO:colcon.colcon_core.package_discovery:Crawling recursively for packages in '/home/projects/localization2_ws'
[0.780s] Level 1:colcon.colcon_core.package_identification:_identify(.) by extensions ['ignore', 'ignore_ament_install']
[0.780s] Level 1:colcon.colcon_core.package_identification:_identify(.) by extension 'ignore'
[0.781s] Level 1:colcon.colcon_core.package_identification:_identify(.) by extension 'ignore_ament_install'
[0.781s] Level 1:colcon.colcon_core.package_identification:_identify(.) by extensions ['colcon_pkg']
[0.781s] Level 1:colcon.colcon_core.package_identification:_identify(.) by extension 'colcon_pkg'
[0.781s] Level 1:colcon.colcon_core.package_identification:_identify(.) by extensions ['colcon_meta']
[0.781s] Level 1:colcon.colcon_core.package_identification:_identify(.) by extension 'colcon_meta'
[0.782s] Level 1:colcon.colcon_core.package_identification:_identify(.) by extensions ['ros']
[0.782s] Level 1:colcon.colcon_core.package_identification:_identify(.) by extension 'ros'
[0.831s] Level 1:colcon.colcon_core.package_identification:_identify(.) by extensions ['cmake', 'python']
[0.831s] Level 1:colcon.colcon_core.package_identification:_identify(.) by extension 'cmake'
[0.831s] Level 1:colcon.colcon_core.package_identification:_identify(.) by extension 'python'
[0.832s] Level 1:colcon.colcon_core.package_identification:_identify(.) by extensions ['python_setup_py']
[0.832s] Level 1:colcon.colcon_core.package_identification:_identify(.) by extension 'python_setup_py'
[0.832s] Level 1:colcon.colcon_core.package_identification:_identify(build) by extensions ['ignore', 'ignore_ament_install']
[0.833s] Level 1:colcon.colcon_core.package_identification:_identify(build) by extension 'ignore'
[0.833s] Level 1:colcon.colcon_core.package_identification:_identify(build) ignored
[0.834s] Level 1:colcon.colcon_core.package_identification:_identify(install) by extensions ['ignore', 'ignore_ament_install']
[0.834s] Level 1:colcon.colcon_core.package_identification:_identify(install) by extension 'ignore'
[0.834s] Level 1:colcon.colcon_core.package_identification:_identify(install) ignored
[0.835s] Level 1:colcon.colcon_core.package_identification:_identify(log) by extensions ['ignore', 'ignore_ament_install']
[0.835s] Level 1:colcon.colcon_core.package_identification:_identify(log) by extension 'ignore'
[0.835s] Level 1:colcon.colcon_core.package_identification:_identify(log) ignored
[0.835s] Level 1:colcon.colcon_core.package_identification:_identify(src) by extensions ['ignore', 'ignore_ament_install']
[0.836s] Level 1:colcon.colcon_core.package_identification:_identify(src) by extension 'ignore'
[0.836s] Level 1:colcon.colcon_core.package_identification:_identify(src) by extension 'ignore_ament_install'
[0.836s] Level 1:colcon.colcon_core.package_identification:_identify(src) by extensions ['colcon_pkg']
[0.837s] Level 1:colcon.colcon_core.package_identification:_identify(src) by extension 'colcon_pkg'
[0.837s] Level 1:colcon.colcon_core.package_identification:_identify(src) by extensions ['colcon_meta']
[0.837s] Level 1:colcon.colcon_core.package_identification:_identify(src) by extension 'colcon_meta'
[0.837s] Level 1:colcon.colcon_core.package_identification:_identify(src) by extensions ['ros']
[0.837s] Level 1:colcon.colcon_core.package_identification:_identify(src) by extension 'ros'
[0.838s] Level 1:colcon.colcon_core.package_identification:_identify(src) by extensions ['cmake', 'python']
[0.838s] Level 1:colcon.colcon_core.package_identification:_identify(src) by extension 'cmake'
[0.838s] Level 1:colcon.colcon_core.package_identification:_identify(src) by extension 'python'
[0.838s] Level 1:colcon.colcon_core.package_identification:_identify(src) by extensions ['python_setup_py']
[0.838s] Level 1:colcon.colcon_core.package_identification:_identify(src) by extension 'python_setup_py'
[0.839s] Level 1:colcon.colcon_core.package_identification:_identify(src/particle_filter) by extensions ['ignore', 'ignore_ament_install']
[0.839s] Level 1:colcon.colcon_core.package_identification:_identify(src/particle_filter) by extension 'ignore'
[0.840s] Level 1:colcon.colcon_core.package_identification:_identify(src/particle_filter) by extension 'ignore_ament_install'
[0.840s] Level 1:colcon.colcon_core.package_identification:_identify(src/particle_filter) by extensions ['colcon_pkg']
[0.840s] Level 1:colcon.colcon_core.package_identification:_identify(src/particle_filter) by extension 'colcon_pkg'
[0.840s] Level 1:colcon.colcon_core.package_identification:_identify(src/particle_filter) by extensions ['colcon_meta']
[0.840s] Level 1:colcon.colcon_core.package_identification:_identify(src/particle_filter) by extension 'colcon_meta'
[0.841s] Level 1:colcon.colcon_core.package_identification:_identify(src/particle_filter) by extensions ['ros']
[0.841s] Level 1:colcon.colcon_core.package_identification:_identify(src/particle_filter) by extension 'ros'
[0.856s] DEBUG:colcon.colcon_core.package_identification:Package 'src/particle_filter' with type 'ros.ament_python' and name 'particle_filter'
[0.857s] Level 1:colcon.colcon_core.package_identification:_identify(src/range_libc) by extensions ['ignore', 'ignore_ament_install']
[0.857s] Level 1:colcon.colcon_core.package_identification:_identify(src/range_libc) by extension 'ignore'
[0.858s] Level 1:colcon.colcon_core.package_identification:_identify(src/range_libc) by extension 'ignore_ament_install'
[0.858s] Level 1:colcon.colcon_core.package_identification:_identify(src/range_libc) by extensions ['colcon_pkg']
[0.858s] Level 1:colcon.colcon_core.package_identification:_identify(src/range_libc) by extension 'colcon_pkg'
[0.858s] Level 1:colcon.colcon_core.package_identification:_identify(src/range_libc) by extensions ['colcon_meta']
[0.858s] Level 1:colcon.colcon_core.package_identification:_identify(src/range_libc) by extension 'colcon_meta'
[0.859s] Level 1:colcon.colcon_core.package_identification:_identify(src/range_libc) by extensions ['ros']
[0.859s] Level 1:colcon.colcon_core.package_identification:_identify(src/range_libc) by extension 'ros'
[0.859s] Level 1:colcon.colcon_core.package_identification:_identify(src/range_libc) by extensions ['cmake', 'python']
[0.859s] Level 1:colcon.colcon_core.package_identification:_identify(src/range_libc) by extension 'cmake'
[0.885s] Level 1:colcon.colcon_core.package_identification:_identify(src/range_libc) by extension 'python'
[0.885s] DEBUG:colcon.colcon_core.package_identification:Package 'src/range_libc' with type 'cmake' and name 'range_lib'
[0.886s] Level 1:colcon.colcon_core.package_identification:_identify(src/robot_localization) by extensions ['ignore', 'ignore_ament_install']
[0.886s] Level 1:colcon.colcon_core.package_identification:_identify(src/robot_localization) by extension 'ignore'
[0.886s] Level 1:colcon.colcon_core.package_identification:_identify(src/robot_localization) by extension 'ignore_ament_install'
[0.886s] Level 1:colcon.colcon_core.package_identification:_identify(src/robot_localization) by extensions ['colcon_pkg']
[0.887s] Level 1:colcon.colcon_core.package_identification:_identify(src/robot_localization) by extension 'colcon_pkg'
[0.887s] Level 1:colcon.colcon_core.package_identification:_identify(src/robot_localization) by extensions ['colcon_meta']
[0.887s] Level 1:colcon.colcon_core.package_identification:_identify(src/robot_localization) by extension 'colcon_meta'
[0.887s] Level 1:colcon.colcon_core.package_identification:_identify(src/robot_localization) by extensions ['ros']
[0.887s] Level 1:colcon.colcon_core.package_identification:_identify(src/robot_localization) by extension 'ros'
[0.898s] DEBUG:colcon.colcon_core.package_identification:Package 'src/robot_localization' with type 'ros.ament_cmake' and name 'robot_localization'
[0.898s] Level 1:colcon.colcon_core.package_discovery:discover_packages(recursive) using defaults
[0.898s] Level 1:colcon.colcon_core.package_discovery:discover_packages(ignore) discover
[0.898s] Level 1:colcon.colcon_core.package_discovery:discover_packages(ignore) using defaults
[0.898s] Level 1:colcon.colcon_core.package_discovery:discover_packages(path) discover
[0.899s] Level 1:colcon.colcon_core.package_discovery:discover_packages(path) using defaults
[0.970s] Level 5:colcon.colcon_core.verb:set package 'particle_filter' build argument 'cmake_args' from command line to 'None'
[0.970s] Level 5:colcon.colcon_core.verb:set package 'particle_filter' build argument 'cmake_target' from command line to 'None'
[0.970s] Level 5:colcon.colcon_core.verb:set package 'particle_filter' build argument 'cmake_target_skip_unavailable' from command line to 'False'
[0.970s] Level 5:colcon.colcon_core.verb:set package 'particle_filter' build argument 'cmake_clean_cache' from command line to 'False'
[0.971s] Level 5:colcon.colcon_core.verb:set package 'particle_filter' build argument 'cmake_clean_first' from command line to 'False'
[0.971s] Level 5:colcon.colcon_core.verb:set package 'particle_filter' build argument 'cmake_force_configure' from command line to 'False'
[0.971s] Level 5:colcon.colcon_core.verb:set package 'particle_filter' build argument 'ament_cmake_args' from command line to 'None'
[0.971s] Level 5:colcon.colcon_core.verb:set package 'particle_filter' build argument 'catkin_cmake_args' from command line to 'None'
[0.971s] Level 5:colcon.colcon_core.verb:set package 'particle_filter' build argument 'catkin_skip_building_tests' from command line to 'False'
[0.971s] DEBUG:colcon.colcon_core.verb:Building package 'particle_filter' with the following arguments: {'ament_cmake_args': None, 'build_base': '/home/projects/localization2_ws/build/particle_filter', 'catkin_cmake_args': None, 'catkin_skip_building_tests': False, 'cmake_args': None, 'cmake_clean_cache': False, 'cmake_clean_first': False, 'cmake_force_configure': False, 'cmake_target': None, 'cmake_target_skip_unavailable': False, 'install_base': '/home/projects/localization2_ws/install/particle_filter', 'merge_install': False, 'path': '/home/projects/localization2_ws/src/particle_filter', 'symlink_install': False, 'test_result_base': None}
[0.975s] Level 5:colcon.colcon_core.verb:set package 'robot_localization' build argument 'cmake_args' from command line to 'None'
[0.975s] Level 5:colcon.colcon_core.verb:set package 'robot_localization' build argument 'cmake_target' from command line to 'None'
[0.975s] Level 5:colcon.colcon_core.verb:set package 'robot_localization' build argument 'cmake_target_skip_unavailable' from command line to 'False'
[0.975s] Level 5:colcon.colcon_core.verb:set package 'robot_localization' build argument 'cmake_clean_cache' from command line to 'False'
[0.976s] Level 5:colcon.colcon_core.verb:set package 'robot_localization' build argument 'cmake_clean_first' from command line to 'False'
[0.976s] Level 5:colcon.colcon_core.verb:set package 'robot_localization' build argument 'cmake_force_configure' from command line to 'False'
[0.976s] Level 5:colcon.colcon_core.verb:set package 'robot_localization' build argument 'ament_cmake_args' from command line to 'None'
[0.976s] Level 5:colcon.colcon_core.verb:set package 'robot_localization' build argument 'catkin_cmake_args' from command line to 'None'
[0.976s] Level 5:colcon.colcon_core.verb:set package 'robot_localization' build argument 'catkin_skip_building_tests' from command line to 'False'
[0.976s] DEBUG:colcon.colcon_core.verb:Building package 'robot_localization' with the following arguments: {'ament_cmake_args': None, 'build_base': '/home/projects/localization2_ws/build/robot_localization', 'catkin_cmake_args': None, 'catkin_skip_building_tests': False, 'cmake_args': None, 'cmake_clean_cache': False, 'cmake_clean_first': False, 'cmake_force_configure': False, 'cmake_target': None, 'cmake_target_skip_unavailable': False, 'install_base': '/home/projects/localization2_ws/install/robot_localization', 'merge_install': False, 'path': '/home/projects/localization2_ws/src/robot_localization', 'symlink_install': False, 'test_result_base': None}
[0.990s] INFO:colcon.colcon_core.executor:Executing jobs using 'parallel' executor
[0.999s] DEBUG:colcon.colcon_parallel_executor.executor.parallel:run_until_complete
[1.001s] INFO:colcon.colcon_ros.task.ament_python.build:Building ROS package in '/home/projects/localization2_ws/src/particle_filter' with build type 'ament_python'
[1.002s] Level 1:colcon.colcon_core.shell:create_environment_hook('particle_filter', 'ament_prefix_path')
[1.017s] INFO:colcon.colcon_core.plugin_system:Skipping extension 'colcon_core.shell.bat': Not used on non-Windows systems
[1.018s] INFO:colcon.colcon_core.shell:Creating environment hook '/home/projects/localization2_ws/install/particle_filter/share/particle_filter/hook/ament_prefix_path.ps1'
[1.021s] INFO:colcon.colcon_core.shell:Creating environment descriptor '/home/projects/localization2_ws/install/particle_filter/share/particle_filter/hook/ament_prefix_path.dsv'
[1.022s] INFO:colcon.colcon_core.shell:Creating environment hook '/home/projects/localization2_ws/install/particle_filter/share/particle_filter/hook/ament_prefix_path.sh'
[1.027s] INFO:colcon.colcon_core.shell:Skip shell extension 'powershell' for command environment: Not usable outside of PowerShell
[1.027s] DEBUG:colcon.colcon_core.shell:Skip shell extension 'dsv' for command environment
[1.045s] INFO:colcon.colcon_ros.task.ament_cmake.build:Building ROS package in '/home/projects/localization2_ws/src/robot_localization' with build type 'ament_cmake'
[1.047s] INFO:colcon.colcon_cmake.task.cmake.build:Building CMake package in '/home/projects/localization2_ws/src/robot_localization'
[1.053s] INFO:colcon.colcon_core.shell:Skip shell extension 'powershell' for command environment: Not usable outside of PowerShell
[1.054s] DEBUG:colcon.colcon_core.shell:Skip shell extension 'dsv' for command environment
[2.112s] INFO:colcon.colcon_core.task.python.build:Building Python package in '/home/projects/localization2_ws/src/particle_filter'
[2.117s] INFO:colcon.colcon_core.shell:Skip shell extension 'powershell' for command environment: Not usable outside of PowerShell
[2.118s] DEBUG:colcon.colcon_core.shell:Skip shell extension 'dsv' for command environment
[2.166s] DEBUG:colcon.colcon_core.event_handler.log_command:Invoking command in '/home/projects/localization2_ws/build/robot_localization': CMAKE_PREFIX_PATH=/opt/ros/foxy /usr/bin/cmake /home/projects/localization2_ws/src/robot_localization -DCMAKE_INSTALL_PREFIX=/home/projects/localization2_ws/install/robot_localization
[4.108s] DEBUG:colcon.colcon_core.event_handler.log_command:Invoking command in '/home/projects/localization2_ws/src/particle_filter': PYTHONPATH=/home/projects/localization2_ws/install/particle_filter/lib/python3.8/site-packages:${PYTHONPATH} /usr/bin/python3 setup.py egg_info --egg-base ../../build/particle_filter build --build-base /home/projects/localization2_ws/build/particle_filter/build install --prefix /home/projects/localization2_ws/install/particle_filter --record /home/projects/localization2_ws/build/particle_filter/install.log --single-version-externally-managed
[5.532s] DEBUG:colcon.colcon_core.event_handler.log_command:Invoked command in '/home/projects/localization2_ws/src/particle_filter' returned '0': PYTHONPATH=/home/projects/localization2_ws/install/particle_filter/lib/python3.8/site-packages:${PYTHONPATH} /usr/bin/python3 setup.py egg_info --egg-base ../../build/particle_filter build --build-base /home/projects/localization2_ws/build/particle_filter/build install --prefix /home/projects/localization2_ws/install/particle_filter --record /home/projects/localization2_ws/build/particle_filter/install.log --single-version-externally-managed
[5.547s] Level 1:colcon.colcon_core.environment:checking '/home/projects/localization2_ws/install/particle_filter' for CMake module files
[5.550s] Level 1:colcon.colcon_core.environment:checking '/home/projects/localization2_ws/install/particle_filter' for CMake config files
[5.559s] Level 1:colcon.colcon_core.environment:checking '/home/projects/localization2_ws/install/particle_filter/lib'
[5.563s] Level 1:colcon.colcon_core.environment:checking '/home/projects/localization2_ws/install/particle_filter/bin'
[5.564s] Level 1:colcon.colcon_core.environment:checking '/home/projects/localization2_ws/install/particle_filter/lib/pkgconfig/particle_filter.pc'
[5.564s] Level 1:colcon.colcon_core.environment:checking '/home/projects/localization2_ws/install/particle_filter/lib/python3.8/site-packages'
[5.565s] Level 1:colcon.colcon_core.shell:create_environment_hook('particle_filter', 'pythonpath')
[5.567s] INFO:colcon.colcon_core.shell:Creating environment hook '/home/projects/localization2_ws/install/particle_filter/share/particle_filter/hook/pythonpath.ps1'
[5.570s] INFO:colcon.colcon_core.shell:Creating environment descriptor '/home/projects/localization2_ws/install/particle_filter/share/particle_filter/hook/pythonpath.dsv'
[5.571s] INFO:colcon.colcon_core.shell:Creating environment hook '/home/projects/localization2_ws/install/particle_filter/share/particle_filter/hook/pythonpath.sh'
[5.578s] Level 1:colcon.colcon_core.environment:create_environment_scripts_only(particle_filter)
[5.581s] INFO:colcon.colcon_core.shell:Creating package script '/home/projects/localization2_ws/install/particle_filter/share/particle_filter/package.ps1'
[5.585s] INFO:colcon.colcon_core.shell:Creating package descriptor '/home/projects/localization2_ws/install/particle_filter/share/particle_filter/package.dsv'
[5.588s] INFO:colcon.colcon_core.shell:Creating package script '/home/projects/localization2_ws/install/particle_filter/share/particle_filter/package.sh'
[5.592s] INFO:colcon.colcon_core.shell:Creating package script '/home/projects/localization2_ws/install/particle_filter/share/particle_filter/package.bash'
[5.598s] INFO:colcon.colcon_core.shell:Creating package script '/home/projects/localization2_ws/install/particle_filter/share/particle_filter/package.zsh'
[5.601s] Level 1:colcon.colcon_core.environment:create_file_with_runtime_dependencies(/home/projects/localization2_ws/install/particle_filter/share/colcon-core/packages/particle_filter)
[17.432s] DEBUG:colcon.colcon_core.event_handler.log_command:Invoked command in '/home/projects/localization2_ws/build/robot_localization' returned '0': CMAKE_PREFIX_PATH=/opt/ros/foxy /usr/bin/cmake /home/projects/localization2_ws/src/robot_localization -DCMAKE_INSTALL_PREFIX=/home/projects/localization2_ws/install/robot_localization
[17.448s] DEBUG:colcon.colcon_core.event_handler.log_command:Invoking command in '/home/projects/localization2_ws/build/robot_localization': CMAKE_PREFIX_PATH=/opt/ros/foxy /usr/bin/cmake --build /home/projects/localization2_ws/build/robot_localization -- -j6 -l6
[477.352s] DEBUG:colcon.colcon_core.event_handler.log_command:Invoked command in '/home/projects/localization2_ws/build/robot_localization' returned '0': CMAKE_PREFIX_PATH=/opt/ros/foxy /usr/bin/cmake --build /home/projects/localization2_ws/build/robot_localization -- -j6 -l6
[478.293s] DEBUG:colcon.colcon_core.event_handler.log_command:Invoking command in '/home/projects/localization2_ws/build/robot_localization': CMAKE_PREFIX_PATH=/opt/ros/foxy /usr/bin/cmake --install /home/projects/localization2_ws/build/robot_localization
[479.934s] Level 1:colcon.colcon_core.environment:create_environment_scripts_only(robot_localization)
[479.949s] Level 1:colcon.colcon_core.environment:checking '/home/projects/localization2_ws/install/robot_localization' for CMake module files
[479.950s] DEBUG:colcon.colcon_core.event_handler.log_command:Invoked command in '/home/projects/localization2_ws/build/robot_localization' returned '0': CMAKE_PREFIX_PATH=/opt/ros/foxy /usr/bin/cmake --install /home/projects/localization2_ws/build/robot_localization
[479.954s] Level 1:colcon.colcon_core.environment:checking '/home/projects/localization2_ws/install/robot_localization' for CMake config files
[479.958s] Level 1:colcon.colcon_core.shell:create_environment_hook('robot_localization', 'cmake_prefix_path')
[479.961s] INFO:colcon.colcon_core.shell:Creating environment hook '/home/projects/localization2_ws/install/robot_localization/share/robot_localization/hook/cmake_prefix_path.ps1'
[479.964s] INFO:colcon.colcon_core.shell:Creating environment descriptor '/home/projects/localization2_ws/install/robot_localization/share/robot_localization/hook/cmake_prefix_path.dsv'
[479.966s] INFO:colcon.colcon_core.shell:Creating environment hook '/home/projects/localization2_ws/install/robot_localization/share/robot_localization/hook/cmake_prefix_path.sh'
[479.969s] Level 1:colcon.colcon_core.environment:checking '/home/projects/localization2_ws/install/robot_localization/lib'
[479.969s] Level 1:colcon.colcon_core.shell:create_environment_hook('robot_localization', 'ld_library_path_lib')
[479.972s] INFO:colcon.colcon_core.shell:Creating environment hook '/home/projects/localization2_ws/install/robot_localization/share/robot_localization/hook/ld_library_path_lib.ps1'
[479.973s] INFO:colcon.colcon_core.shell:Creating environment descriptor '/home/projects/localization2_ws/install/robot_localization/share/robot_localization/hook/ld_library_path_lib.dsv'
[479.975s] INFO:colcon.colcon_core.shell:Creating environment hook '/home/projects/localization2_ws/install/robot_localization/share/robot_localization/hook/ld_library_path_lib.sh'
[479.976s] Level 1:colcon.colcon_core.environment:checking '/home/projects/localization2_ws/install/robot_localization/bin'
[479.977s] Level 1:colcon.colcon_core.environment:checking '/home/projects/localization2_ws/install/robot_localization/lib/pkgconfig/robot_localization.pc'
[479.977s] Level 1:colcon.colcon_core.environment:checking '/home/projects/localization2_ws/install/robot_localization/lib/python3.8/site-packages'
[479.977s] Level 1:colcon.colcon_core.shell:create_environment_hook('robot_localization', 'pythonpath')
[479.980s] INFO:colcon.colcon_core.shell:Creating environment hook '/home/projects/localization2_ws/install/robot_localization/share/robot_localization/hook/pythonpath.ps1'
[479.981s] INFO:colcon.colcon_core.shell:Creating environment descriptor '/home/projects/localization2_ws/install/robot_localization/share/robot_localization/hook/pythonpath.dsv'
[479.983s] INFO:colcon.colcon_core.shell:Creating environment hook '/home/projects/localization2_ws/install/robot_localization/share/robot_localization/hook/pythonpath.sh'
[479.987s] INFO:colcon.colcon_core.shell:Creating package script '/home/projects/localization2_ws/install/robot_localization/share/robot_localization/package.ps1'
[479.989s] INFO:colcon.colcon_core.shell:Creating package descriptor '/home/projects/localization2_ws/install/robot_localization/share/robot_localization/package.dsv'
[479.992s] INFO:colcon.colcon_core.shell:Creating package script '/home/projects/localization2_ws/install/robot_localization/share/robot_localization/package.sh'
[479.994s] INFO:colcon.colcon_core.shell:Creating package script '/home/projects/localization2_ws/install/robot_localization/share/robot_localization/package.bash'
[479.995s] INFO:colcon.colcon_core.shell:Creating package script '/home/projects/localization2_ws/install/robot_localization/share/robot_localization/package.zsh'
[479.997s] Level 1:colcon.colcon_core.environment:create_file_with_runtime_dependencies(/home/projects/localization2_ws/install/robot_localization/share/colcon-core/packages/robot_localization)
[480.889s] Level 1:colcon.colcon_core.environment:create_environment_scripts_only(robot_localization)
[480.894s] Level 1:colcon.colcon_core.environment:checking '/home/projects/localization2_ws/install/robot_localization' for CMake module files
[480.897s] Level 1:colcon.colcon_core.environment:checking '/home/projects/localization2_ws/install/robot_localization' for CMake config files
[480.901s] Level 1:colcon.colcon_core.shell:create_environment_hook('robot_localization', 'cmake_prefix_path')
[480.905s] INFO:colcon.colcon_core.shell:Creating environment hook '/home/projects/localization2_ws/install/robot_localization/share/robot_localization/hook/cmake_prefix_path.ps1'
[480.911s] INFO:colcon.colcon_core.shell:Creating environment descriptor '/home/projects/localization2_ws/install/robot_localization/share/robot_localization/hook/cmake_prefix_path.dsv'
[480.914s] INFO:colcon.colcon_core.shell:Creating environment hook '/home/projects/localization2_ws/install/robot_localization/share/robot_localization/hook/cmake_prefix_path.sh'
[480.917s] Level 1:colcon.colcon_core.environment:checking '/home/projects/localization2_ws/install/robot_localization/lib'
[480.917s] Level 1:colcon.colcon_core.shell:create_environment_hook('robot_localization', 'ld_library_path_lib')
[480.919s] INFO:colcon.colcon_core.shell:Creating environment hook '/home/projects/localization2_ws/install/robot_localization/share/robot_localization/hook/ld_library_path_lib.ps1'
[480.921s] INFO:colcon.colcon_core.shell:Creating environment descriptor '/home/projects/localization2_ws/install/robot_localization/share/robot_localization/hook/ld_library_path_lib.dsv'
[480.922s] INFO:colcon.colcon_core.shell:Creating environment hook '/home/projects/localization2_ws/install/robot_localization/share/robot_localization/hook/ld_library_path_lib.sh'
[480.924s] Level 1:colcon.colcon_core.environment:checking '/home/projects/localization2_ws/install/robot_localization/bin'
[480.924s] Level 1:colcon.colcon_core.environment:checking '/home/projects/localization2_ws/install/robot_localization/lib/pkgconfig/robot_localization.pc'
[480.925s] Level 1:colcon.colcon_core.environment:checking '/home/projects/localization2_ws/install/robot_localization/lib/python3.8/site-packages'
[480.925s] Level 1:colcon.colcon_core.shell:create_environment_hook('robot_localization', 'pythonpath')
[480.927s] INFO:colcon.colcon_core.shell:Creating environment hook '/home/projects/localization2_ws/install/robot_localization/share/robot_localization/hook/pythonpath.ps1'
[480.929s] INFO:colcon.colcon_core.shell:Creating environment descriptor '/home/projects/localization2_ws/install/robot_localization/share/robot_localization/hook/pythonpath.dsv'
[480.930s] INFO:colcon.colcon_core.shell:Creating environment hook '/home/projects/localization2_ws/install/robot_localization/share/robot_localization/hook/pythonpath.sh'
[480.995s] INFO:colcon.colcon_core.shell:Creating package script '/home/projects/localization2_ws/install/robot_localization/share/robot_localization/package.ps1'
[480.998s] INFO:colcon.colcon_core.shell:Creating package descriptor '/home/projects/localization2_ws/install/robot_localization/share/robot_localization/package.dsv'
[481.001s] INFO:colcon.colcon_core.shell:Creating package script '/home/projects/localization2_ws/install/robot_localization/share/robot_localization/package.sh'
[481.004s] INFO:colcon.colcon_core.shell:Creating package script '/home/projects/localization2_ws/install/robot_localization/share/robot_localization/package.bash'
[481.005s] INFO:colcon.colcon_core.shell:Creating package script '/home/projects/localization2_ws/install/robot_localization/share/robot_localization/package.zsh'
[481.007s] Level 1:colcon.colcon_core.environment:create_file_with_runtime_dependencies(/home/projects/localization2_ws/install/robot_localization/share/colcon-core/packages/robot_localization)
[481.008s] DEBUG:colcon.colcon_parallel_executor.executor.parallel:closing loop
[481.009s] DEBUG:colcon.colcon_parallel_executor.executor.parallel:loop closed
[481.010s] DEBUG:colcon.colcon_parallel_executor.executor.parallel:run_until_complete finished with '0'
[481.010s] DEBUG:colcon.colcon_core.event_reactor:joining thread
[481.038s] INFO:colcon.colcon_core.plugin_system:Skipping extension 'colcon_notification.desktop_notification.notify_send': Could not find 'notify-send'
[481.039s] INFO:colcon.colcon_core.plugin_system:Skipping extension 'colcon_notification.desktop_notification.terminal_notifier': Not used on non-Darwin systems
[481.039s] INFO:colcon.colcon_core.plugin_system:Skipping extension 'colcon_notification.desktop_notification.win32': Not used on non-Windows systems
[481.039s] INFO:colcon.colcon_notification.desktop_notification:Sending desktop notification using 'notify2'
[481.158s] DEBUG:colcon.colcon_notification.desktop_notification.notify2:Failed to initialize notify2: org.freedesktop.DBus.Error.ServiceUnknown: The name org.freedesktop.Notifications was not provided by any .service files
[481.160s] DEBUG:colcon.colcon_core.event_reactor:joined thread
[481.170s] INFO:colcon.colcon_core.shell:Creating prefix script '/home/projects/localization2_ws/install/local_setup.ps1'
[481.176s] INFO:colcon.colcon_core.shell:Creating prefix util module '/home/projects/localization2_ws/install/_local_setup_util_ps1.py'
[481.184s] INFO:colcon.colcon_core.shell:Creating prefix chain script '/home/projects/localization2_ws/install/setup.ps1'
[481.189s] INFO:colcon.colcon_core.shell:Creating prefix script '/home/projects/localization2_ws/install/local_setup.sh'
[481.191s] INFO:colcon.colcon_core.shell:Creating prefix util module '/home/projects/localization2_ws/install/_local_setup_util_sh.py'
[481.193s] INFO:colcon.colcon_core.shell:Creating prefix chain script '/home/projects/localization2_ws/install/setup.sh'
[481.198s] INFO:colcon.colcon_core.shell:Creating prefix script '/home/projects/localization2_ws/install/local_setup.bash'
[481.199s] INFO:colcon.colcon_core.shell:Creating prefix chain script '/home/projects/localization2_ws/install/setup.bash'
[481.203s] INFO:colcon.colcon_core.shell:Creating prefix script '/home/projects/localization2_ws/install/local_setup.zsh'
[481.205s] INFO:colcon.colcon_core.shell:Creating prefix chain script '/home/projects/localization2_ws/install/setup.zsh'
