[0.091s] Invoking command in '/home/projects/sensor2_ws/src/vesc/build/vesc_ackermann': AMENT_PREFIX_PATH=/home/projects/sensor2_ws/src/vesc/install/vesc_msgs:${AMENT_PREFIX_PATH} CMAKE_PREFIX_PATH=/home/projects/sensor2_ws/src/vesc/install/vesc_msgs:/home/projects/sensor2_ws/src/lidars/ld06/ros2/install/ldlidar:/home/projects/ros2_ws/install/ucsd_robocar_sensor2_pkg:/home/projects/ros2_ws/install/ucsd_robocar_path2_pkg:/home/projects/ros2_ws/install/ucsd_robocar_nav2_pkg:/home/projects/ros2_ws/install/ucsd_robocar_lane_detection2_pkg:/home/projects/ros2_ws/install/ucsd_robocar_control2_pkg:/home/projects/ros2_ws/install/ucsd_robocar_actuator2_pkg:/home/projects/rosboard_ws/install/rosboard:/home/projects/sensor2_ws/src/imu/artemis_openlog/install/razor_imu_9dof:/opt/ros/foxy LD_LIBRARY_PATH=/home/projects/sensor2_ws/src/vesc/install/vesc_msgs/lib:${LD_LIBRARY_PATH} PYTHONPATH=/home/projects/sensor2_ws/src/vesc/install/vesc_msgs/lib/python3.8/site-packages:${PYTHONPATH} /usr/bin/cmake /home/projects/sensor2_ws/src/vesc/src/vesc/vesc_ackermann -DCMAKE_INSTALL_PREFIX=/home/projects/sensor2_ws/src/vesc/install/vesc_ackermann
[0.372s] -- The C compiler identification is GNU 9.3.0
[0.657s] -- The CXX compiler identification is GNU 9.3.0
[0.683s] -- Check for working C compiler: /usr/bin/cc
[0.998s] -- Check for working C compiler: /usr/bin/cc -- works
[1.003s] -- Detecting C compiler ABI info
[1.448s] -- Detecting C compiler ABI info - done
[1.511s] -- Detecting C compile features
[1.513s] -- Detecting C compile features - done
[1.525s] -- Check for working CXX compiler: /usr/bin/c++
[1.863s] -- Check for working CXX compiler: /usr/bin/c++ -- works
[1.868s] -- Detecting CXX compiler ABI info
[2.203s] -- Detecting CXX compiler ABI info - done
[2.264s] -- Detecting CXX compile features
[2.266s] -- Detecting CXX compile features - done
[2.360s] -- Found ament_cmake_auto: 0.9.9 (/opt/ros/foxy/share/ament_cmake_auto/cmake)
[2.432s] -- Found PythonInterp: /usr/bin/python3 (found suitable version "3.8.10", minimum required is "3") 
[2.433s] -- Using PYTHON_EXECUTABLE: /usr/bin/python3
[4.021s] -- Using all available rosidl_typesupport_c: rosidl_typesupport_fastrtps_c;rosidl_typesupport_introspection_c
[4.067s] -- Found rosidl_adapter: 1.2.1 (/opt/ros/foxy/share/rosidl_adapter/cmake)
[4.456s] -- Found OpenSSL: /usr/lib/aarch64-linux-gnu/libcrypto.so (found version "1.1.1f")  
[4.599s] -- Found FastRTPS: /opt/ros/foxy/include  
[5.006s] -- Using all available rosidl_typesupport_cpp: rosidl_typesupport_fastrtps_cpp;rosidl_typesupport_introspection_cpp
[6.131s] -- Found rmw_implementation_cmake: 1.0.3 (/opt/ros/foxy/share/rmw_implementation_cmake/cmake)
[6.143s] -- Using RMW implementation 'rmw_fastrtps_cpp' as default
[6.145s] -- Looking for pthread.h
[6.446s] -- Looking for pthread.h - found
[6.449s] -- Performing Test CMAKE_HAVE_LIBC_PTHREAD
[6.757s] -- Performing Test CMAKE_HAVE_LIBC_PTHREAD - Failed
[6.758s] -- Looking for pthread_create in pthreads
[6.993s] -- Looking for pthread_create in pthreads - not found
[6.994s] -- Looking for pthread_create in pthread
[7.272s] -- Looking for pthread_create in pthread - found
[7.285s] -- Found Threads: TRUE  
[9.838s] -- Found ament_lint_auto: 0.9.6 (/opt/ros/foxy/share/ament_lint_auto/cmake)
[9.978s] -- Added test 'copyright' to check source files copyright and LICENSE
[9.983s] -- Added test 'cppcheck' to perform static code analysis on C / C++ code
[9.984s] -- Configured cppcheck include dirs: /home/projects/sensor2_ws/src/vesc/src/vesc/vesc_ackermann/include
[9.985s] -- Configured cppcheck exclude dirs and/or files: 
[9.990s] -- Added test 'cpplint' to check C / C++ code against the Google style
[9.990s] -- Configured cpplint exclude dirs and/or files: 
[9.994s] -- Added test 'lint_cmake' to check CMake code style
[10.001s] -- Added test 'uncrustify' to check C / C++ code style
[10.001s] -- Configured uncrustify additional arguments: 
[10.002s] -- Added test 'xmllint' to check XML markup files
[10.024s] -- Configuring done
[10.129s] -- Generating done
[10.139s] -- Build files have been written to: /home/projects/sensor2_ws/src/vesc/build/vesc_ackermann
[10.173s] Invoked command in '/home/projects/sensor2_ws/src/vesc/build/vesc_ackermann' returned '0': AMENT_PREFIX_PATH=/home/projects/sensor2_ws/src/vesc/install/vesc_msgs:${AMENT_PREFIX_PATH} CMAKE_PREFIX_PATH=/home/projects/sensor2_ws/src/vesc/install/vesc_msgs:/home/projects/sensor2_ws/src/lidars/ld06/ros2/install/ldlidar:/home/projects/ros2_ws/install/ucsd_robocar_sensor2_pkg:/home/projects/ros2_ws/install/ucsd_robocar_path2_pkg:/home/projects/ros2_ws/install/ucsd_robocar_nav2_pkg:/home/projects/ros2_ws/install/ucsd_robocar_lane_detection2_pkg:/home/projects/ros2_ws/install/ucsd_robocar_control2_pkg:/home/projects/ros2_ws/install/ucsd_robocar_actuator2_pkg:/home/projects/rosboard_ws/install/rosboard:/home/projects/sensor2_ws/src/imu/artemis_openlog/install/razor_imu_9dof:/opt/ros/foxy LD_LIBRARY_PATH=/home/projects/sensor2_ws/src/vesc/install/vesc_msgs/lib:${LD_LIBRARY_PATH} PYTHONPATH=/home/projects/sensor2_ws/src/vesc/install/vesc_msgs/lib/python3.8/site-packages:${PYTHONPATH} /usr/bin/cmake /home/projects/sensor2_ws/src/vesc/src/vesc/vesc_ackermann -DCMAKE_INSTALL_PREFIX=/home/projects/sensor2_ws/src/vesc/install/vesc_ackermann
[10.183s] Invoking command in '/home/projects/sensor2_ws/src/vesc/build/vesc_ackermann': AMENT_PREFIX_PATH=/home/projects/sensor2_ws/src/vesc/install/vesc_msgs:${AMENT_PREFIX_PATH} CMAKE_PREFIX_PATH=/home/projects/sensor2_ws/src/vesc/install/vesc_msgs:/home/projects/sensor2_ws/src/lidars/ld06/ros2/install/ldlidar:/home/projects/ros2_ws/install/ucsd_robocar_sensor2_pkg:/home/projects/ros2_ws/install/ucsd_robocar_path2_pkg:/home/projects/ros2_ws/install/ucsd_robocar_nav2_pkg:/home/projects/ros2_ws/install/ucsd_robocar_lane_detection2_pkg:/home/projects/ros2_ws/install/ucsd_robocar_control2_pkg:/home/projects/ros2_ws/install/ucsd_robocar_actuator2_pkg:/home/projects/rosboard_ws/install/rosboard:/home/projects/sensor2_ws/src/imu/artemis_openlog/install/razor_imu_9dof:/opt/ros/foxy LD_LIBRARY_PATH=/home/projects/sensor2_ws/src/vesc/install/vesc_msgs/lib:${LD_LIBRARY_PATH} PYTHONPATH=/home/projects/sensor2_ws/src/vesc/install/vesc_msgs/lib/python3.8/site-packages:${PYTHONPATH} /usr/bin/cmake --build /home/projects/sensor2_ws/src/vesc/build/vesc_ackermann -- -j6 -l6
[10.344s] [35m[1mScanning dependencies of target ackermann_to_vesc_node[0m
[10.347s] [35m[1mScanning dependencies of target vesc_to_odom_node[0m
[10.356s] [35m[1mScanning dependencies of target vesc_ackermann[0m
[10.552s] [ 14%] [32mBuilding CXX object CMakeFiles/vesc_to_odom_node.dir/rclcpp_components/node_main_vesc_to_odom_node.cpp.o[0m
[10.553s] [ 28%] [32mBuilding CXX object CMakeFiles/ackermann_to_vesc_node.dir/rclcpp_components/node_main_ackermann_to_vesc_node.cpp.o[0m
[10.618s] [ 42%] [32mBuilding CXX object CMakeFiles/vesc_ackermann.dir/src/ackermann_to_vesc.cpp.o[0m
[10.650s] [ 57%] [32mBuilding CXX object CMakeFiles/vesc_ackermann.dir/src/vesc_to_odom.cpp.o[0m
[25.335s] [ 71%] [32m[1mLinking CXX executable vesc_to_odom_node[0m
[26.016s] [ 71%] Built target vesc_to_odom_node
[26.761s] [ 85%] [32m[1mLinking CXX executable ackermann_to_vesc_node[0m
[27.253s] [ 85%] Built target ackermann_to_vesc_node
[47.188s] [100%] [32m[1mLinking CXX shared library libvesc_ackermann.so[0m
[49.347s] [100%] Built target vesc_ackermann
[49.400s] Invoked command in '/home/projects/sensor2_ws/src/vesc/build/vesc_ackermann' returned '0': AMENT_PREFIX_PATH=/home/projects/sensor2_ws/src/vesc/install/vesc_msgs:${AMENT_PREFIX_PATH} CMAKE_PREFIX_PATH=/home/projects/sensor2_ws/src/vesc/install/vesc_msgs:/home/projects/sensor2_ws/src/lidars/ld06/ros2/install/ldlidar:/home/projects/ros2_ws/install/ucsd_robocar_sensor2_pkg:/home/projects/ros2_ws/install/ucsd_robocar_path2_pkg:/home/projects/ros2_ws/install/ucsd_robocar_nav2_pkg:/home/projects/ros2_ws/install/ucsd_robocar_lane_detection2_pkg:/home/projects/ros2_ws/install/ucsd_robocar_control2_pkg:/home/projects/ros2_ws/install/ucsd_robocar_actuator2_pkg:/home/projects/rosboard_ws/install/rosboard:/home/projects/sensor2_ws/src/imu/artemis_openlog/install/razor_imu_9dof:/opt/ros/foxy LD_LIBRARY_PATH=/home/projects/sensor2_ws/src/vesc/install/vesc_msgs/lib:${LD_LIBRARY_PATH} PYTHONPATH=/home/projects/sensor2_ws/src/vesc/install/vesc_msgs/lib/python3.8/site-packages:${PYTHONPATH} /usr/bin/cmake --build /home/projects/sensor2_ws/src/vesc/build/vesc_ackermann -- -j6 -l6
[49.519s] Invoking command in '/home/projects/sensor2_ws/src/vesc/build/vesc_ackermann': AMENT_PREFIX_PATH=/home/projects/sensor2_ws/src/vesc/install/vesc_msgs:${AMENT_PREFIX_PATH} CMAKE_PREFIX_PATH=/home/projects/sensor2_ws/src/vesc/install/vesc_msgs:/home/projects/sensor2_ws/src/lidars/ld06/ros2/install/ldlidar:/home/projects/ros2_ws/install/ucsd_robocar_sensor2_pkg:/home/projects/ros2_ws/install/ucsd_robocar_path2_pkg:/home/projects/ros2_ws/install/ucsd_robocar_nav2_pkg:/home/projects/ros2_ws/install/ucsd_robocar_lane_detection2_pkg:/home/projects/ros2_ws/install/ucsd_robocar_control2_pkg:/home/projects/ros2_ws/install/ucsd_robocar_actuator2_pkg:/home/projects/rosboard_ws/install/rosboard:/home/projects/sensor2_ws/src/imu/artemis_openlog/install/razor_imu_9dof:/opt/ros/foxy LD_LIBRARY_PATH=/home/projects/sensor2_ws/src/vesc/install/vesc_msgs/lib:${LD_LIBRARY_PATH} PYTHONPATH=/home/projects/sensor2_ws/src/vesc/install/vesc_msgs/lib/python3.8/site-packages:${PYTHONPATH} /usr/bin/cmake --install /home/projects/sensor2_ws/src/vesc/build/vesc_ackermann
[49.549s] -- Install configuration: ""
[49.550s] -- Installing: /home/projects/sensor2_ws/src/vesc/install/vesc_ackermann/lib/vesc_ackermann/ackermann_to_vesc_node
[49.553s] -- Set runtime path of "/home/projects/sensor2_ws/src/vesc/install/vesc_ackermann/lib/vesc_ackermann/ackermann_to_vesc_node" to ""
[49.554s] -- Installing: /home/projects/sensor2_ws/src/vesc/install/vesc_ackermann/lib/vesc_ackermann/vesc_to_odom_node
[49.557s] -- Set runtime path of "/home/projects/sensor2_ws/src/vesc/install/vesc_ackermann/lib/vesc_ackermann/vesc_to_odom_node" to ""
[49.558s] -- Installing: /home/projects/sensor2_ws/src/vesc/install/vesc_ackermann/include
[49.558s] -- Installing: /home/projects/sensor2_ws/src/vesc/install/vesc_ackermann/include/vesc_ackermann
[49.559s] -- Installing: /home/projects/sensor2_ws/src/vesc/install/vesc_ackermann/include/vesc_ackermann/ackermann_to_vesc.hpp
[49.559s] -- Installing: /home/projects/sensor2_ws/src/vesc/install/vesc_ackermann/include/vesc_ackermann/vesc_to_odom.hpp
[49.560s] -- Installing: /home/projects/sensor2_ws/src/vesc/install/vesc_ackermann/share/vesc_ackermann/environment/library_path.sh
[49.561s] -- Installing: /home/projects/sensor2_ws/src/vesc/install/vesc_ackermann/share/vesc_ackermann/environment/library_path.dsv
[49.561s] -- Installing: /home/projects/sensor2_ws/src/vesc/install/vesc_ackermann/lib/libvesc_ackermann.so
[49.603s] -- Set runtime path of "/home/projects/sensor2_ws/src/vesc/install/vesc_ackermann/lib/libvesc_ackermann.so" to ""
[49.604s] -- Installing: /home/projects/sensor2_ws/src/vesc/install/vesc_ackermann/share/vesc_ackermann/launch
[49.605s] -- Installing: /home/projects/sensor2_ws/src/vesc/install/vesc_ackermann/share/vesc_ackermann/launch/vesc_to_odom_node.launch.xml
[49.605s] -- Installing: /home/projects/sensor2_ws/src/vesc/install/vesc_ackermann/share/vesc_ackermann/launch/ackermann_to_vesc_node.launch.xml
[49.606s] -- Installing: /home/projects/sensor2_ws/src/vesc/install/vesc_ackermann/share/ament_index/resource_index/package_run_dependencies/vesc_ackermann
[49.606s] -- Installing: /home/projects/sensor2_ws/src/vesc/install/vesc_ackermann/share/ament_index/resource_index/parent_prefix_path/vesc_ackermann
[49.608s] -- Installing: /home/projects/sensor2_ws/src/vesc/install/vesc_ackermann/share/vesc_ackermann/environment/ament_prefix_path.sh
[49.608s] -- Installing: /home/projects/sensor2_ws/src/vesc/install/vesc_ackermann/share/vesc_ackermann/environment/ament_prefix_path.dsv
[49.609s] -- Installing: /home/projects/sensor2_ws/src/vesc/install/vesc_ackermann/share/vesc_ackermann/environment/path.sh
[49.610s] -- Installing: /home/projects/sensor2_ws/src/vesc/install/vesc_ackermann/share/vesc_ackermann/environment/path.dsv
[49.610s] -- Installing: /home/projects/sensor2_ws/src/vesc/install/vesc_ackermann/share/vesc_ackermann/local_setup.bash
[49.611s] -- Installing: /home/projects/sensor2_ws/src/vesc/install/vesc_ackermann/share/vesc_ackermann/local_setup.sh
[49.612s] -- Installing: /home/projects/sensor2_ws/src/vesc/install/vesc_ackermann/share/vesc_ackermann/local_setup.zsh
[49.613s] -- Installing: /home/projects/sensor2_ws/src/vesc/install/vesc_ackermann/share/vesc_ackermann/local_setup.dsv
[49.613s] -- Installing: /home/projects/sensor2_ws/src/vesc/install/vesc_ackermann/share/vesc_ackermann/package.dsv
[49.614s] -- Installing: /home/projects/sensor2_ws/src/vesc/install/vesc_ackermann/share/ament_index/resource_index/packages/vesc_ackermann
[49.614s] -- Installing: /home/projects/sensor2_ws/src/vesc/install/vesc_ackermann/share/ament_index/resource_index/rclcpp_components/vesc_ackermann
[49.616s] -- Installing: /home/projects/sensor2_ws/src/vesc/install/vesc_ackermann/share/vesc_ackermann/cmake/ament_cmake_export_dependencies-extras.cmake
[49.616s] -- Installing: /home/projects/sensor2_ws/src/vesc/install/vesc_ackermann/share/vesc_ackermann/cmake/ament_cmake_export_include_directories-extras.cmake
[49.617s] -- Installing: /home/projects/sensor2_ws/src/vesc/install/vesc_ackermann/share/vesc_ackermann/cmake/ament_cmake_export_libraries-extras.cmake
[49.617s] -- Installing: /home/projects/sensor2_ws/src/vesc/install/vesc_ackermann/share/vesc_ackermann/cmake/vesc_ackermannConfig.cmake
[49.618s] -- Installing: /home/projects/sensor2_ws/src/vesc/install/vesc_ackermann/share/vesc_ackermann/cmake/vesc_ackermannConfig-version.cmake
[49.618s] -- Installing: /home/projects/sensor2_ws/src/vesc/install/vesc_ackermann/share/vesc_ackermann/package.xml
[49.636s] Invoked command in '/home/projects/sensor2_ws/src/vesc/build/vesc_ackermann' returned '0': AMENT_PREFIX_PATH=/home/projects/sensor2_ws/src/vesc/install/vesc_msgs:${AMENT_PREFIX_PATH} CMAKE_PREFIX_PATH=/home/projects/sensor2_ws/src/vesc/install/vesc_msgs:/home/projects/sensor2_ws/src/lidars/ld06/ros2/install/ldlidar:/home/projects/ros2_ws/install/ucsd_robocar_sensor2_pkg:/home/projects/ros2_ws/install/ucsd_robocar_path2_pkg:/home/projects/ros2_ws/install/ucsd_robocar_nav2_pkg:/home/projects/ros2_ws/install/ucsd_robocar_lane_detection2_pkg:/home/projects/ros2_ws/install/ucsd_robocar_control2_pkg:/home/projects/ros2_ws/install/ucsd_robocar_actuator2_pkg:/home/projects/rosboard_ws/install/rosboard:/home/projects/sensor2_ws/src/imu/artemis_openlog/install/razor_imu_9dof:/opt/ros/foxy LD_LIBRARY_PATH=/home/projects/sensor2_ws/src/vesc/install/vesc_msgs/lib:${LD_LIBRARY_PATH} PYTHONPATH=/home/projects/sensor2_ws/src/vesc/install/vesc_msgs/lib/python3.8/site-packages:${PYTHONPATH} /usr/bin/cmake --install /home/projects/sensor2_ws/src/vesc/build/vesc_ackermann
