[0.303s] Invoking command in '/home/projects/sensor2_ws/src/vesc/build/vesc_msgs': CMAKE_PREFIX_PATH=${CMAKE_PREFIX_PATH}:/home/projects/ros2_ws/install/ucsd_robocar_sensor2_pkg:/home/projects/ros2_ws/install/ucsd_robocar_path2_pkg:/home/projects/ros2_ws/install/ucsd_robocar_nav2_pkg:/home/projects/ros2_ws/install/ucsd_robocar_lane_detection2_pkg:/home/projects/ros2_ws/install/ucsd_robocar_control2_pkg:/home/projects/ros2_ws/install/ucsd_robocar_actuator2_pkg:/home/projects/rosboard_ws/install/rosboard:/home/projects/sensor2_ws/src/imu/artemis_openlog/install/razor_imu_9dof:/opt/ros/foxy /usr/bin/cmake /home/projects/sensor2_ws/src/vesc/src/vesc/vesc_msgs -DCMAKE_INSTALL_PREFIX=/home/projects/sensor2_ws/src/vesc/install/vesc_msgs
[2.770s] -- The C compiler identification is GNU 9.3.0
[2.770s] -- The CXX compiler identification is GNU 9.3.0
[2.772s] -- Check for working C compiler: /usr/bin/cc
[2.773s] -- Check for working C compiler: /usr/bin/cc -- works
[2.774s] -- Detecting C compiler ABI info
[2.774s] -- Detecting C compiler ABI info - done
[2.774s] -- Detecting C compile features
[2.777s] -- Detecting C compile features - done
[2.777s] -- Check for working CXX compiler: /usr/bin/c++
[2.778s] -- Check for working CXX compiler: /usr/bin/c++ -- works
[2.778s] -- Detecting CXX compiler ABI info
[2.778s] -- Detecting CXX compiler ABI info - done
[2.779s] -- Detecting CXX compile features
[2.780s] -- Detecting CXX compile features - done
[2.780s] -- Found ament_cmake_auto: 0.9.9 (/opt/ros/foxy/share/ament_cmake_auto/cmake)
[2.780s] -- Found PythonInterp: /usr/bin/python3 (found suitable version "3.8.10", minimum required is "3") 
[2.781s] -- Using PYTHON_EXECUTABLE: /usr/bin/python3
[3.862s] -- Using all available rosidl_typesupport_c: rosidl_typesupport_fastrtps_c;rosidl_typesupport_introspection_c
[3.912s] -- Found rosidl_adapter: 1.2.1 (/opt/ros/foxy/share/rosidl_adapter/cmake)
[4.434s] -- Found OpenSSL: /usr/lib/aarch64-linux-gnu/libcrypto.so (found version "1.1.1f")  
[4.609s] -- Found FastRTPS: /opt/ros/foxy/include  
[5.115s] -- Using all available rosidl_typesupport_cpp: rosidl_typesupport_fastrtps_cpp;rosidl_typesupport_introspection_cpp
[5.761s] -- Found PythonInterp: /usr/bin/python3 (found version "3.8.10") 
[6.558s] -- Found ament_cmake_ros: 0.9.2 (/opt/ros/foxy/share/ament_cmake_ros/cmake)
[7.871s] -- Using all available rosidl_typesupport_c: rosidl_typesupport_fastrtps_c;rosidl_typesupport_introspection_c
[8.439s] -- Using all available rosidl_typesupport_cpp: rosidl_typesupport_fastrtps_cpp;rosidl_typesupport_introspection_cpp
[8.566s] -- Found PythonInterp: /usr/bin/python3 (found suitable version "3.8.10", minimum required is "3.5") 
[8.578s] -- Found python_cmake_module: 0.8.1 (/opt/ros/foxy/share/python_cmake_module/cmake)
[8.700s] -- Found PythonLibs: /usr/lib/aarch64-linux-gnu/libpython3.8.so (found suitable version "3.8.10", minimum required is "3.5") 
[8.701s] -- Using PYTHON_EXECUTABLE: /usr/bin/python3
[8.702s] -- Using PYTHON_INCLUDE_DIRS: /usr/include/python3.8
[8.702s] -- Using PYTHON_LIBRARIES: /usr/lib/aarch64-linux-gnu/libpython3.8.so
[8.812s] -- Found PythonExtra: .so  
[9.217s] -- Found ament_lint_auto: 0.9.6 (/opt/ros/foxy/share/ament_lint_auto/cmake)
[9.355s] -- Added test 'copyright' to check source files copyright and LICENSE
[9.362s] -- Added test 'lint_cmake' to check CMake code style
[9.367s] -- Added test 'xmllint' to check XML markup files
[9.387s] -- Configuring done
[9.699s] -- Generating done
[9.714s] -- Build files have been written to: /home/projects/sensor2_ws/src/vesc/build/vesc_msgs
[9.750s] Invoked command in '/home/projects/sensor2_ws/src/vesc/build/vesc_msgs' returned '0': CMAKE_PREFIX_PATH=${CMAKE_PREFIX_PATH}:/home/projects/ros2_ws/install/ucsd_robocar_sensor2_pkg:/home/projects/ros2_ws/install/ucsd_robocar_path2_pkg:/home/projects/ros2_ws/install/ucsd_robocar_nav2_pkg:/home/projects/ros2_ws/install/ucsd_robocar_lane_detection2_pkg:/home/projects/ros2_ws/install/ucsd_robocar_control2_pkg:/home/projects/ros2_ws/install/ucsd_robocar_actuator2_pkg:/home/projects/rosboard_ws/install/rosboard:/home/projects/sensor2_ws/src/imu/artemis_openlog/install/razor_imu_9dof:/opt/ros/foxy /usr/bin/cmake /home/projects/sensor2_ws/src/vesc/src/vesc/vesc_msgs -DCMAKE_INSTALL_PREFIX=/home/projects/sensor2_ws/src/vesc/install/vesc_msgs
[9.761s] Invoking command in '/home/projects/sensor2_ws/src/vesc/build/vesc_msgs': CMAKE_PREFIX_PATH=${CMAKE_PREFIX_PATH}:/home/projects/ros2_ws/install/ucsd_robocar_sensor2_pkg:/home/projects/ros2_ws/install/ucsd_robocar_path2_pkg:/home/projects/ros2_ws/install/ucsd_robocar_nav2_pkg:/home/projects/ros2_ws/install/ucsd_robocar_lane_detection2_pkg:/home/projects/ros2_ws/install/ucsd_robocar_control2_pkg:/home/projects/ros2_ws/install/ucsd_robocar_actuator2_pkg:/home/projects/rosboard_ws/install/rosboard:/home/projects/sensor2_ws/src/imu/artemis_openlog/install/razor_imu_9dof:/opt/ros/foxy /usr/bin/cmake --build /home/projects/sensor2_ws/src/vesc/build/vesc_msgs -- -j6 -l6
[10.070s] [35m[1mScanning dependencies of target vesc_msgs__cpp[0m
[10.108s] [  1%] [34m[1mGenerating C code for ROS interfaces[0m
[10.125s] [  3%] [34m[1mGenerating C++ code for ROS interfaces[0m
[13.336s] [  3%] Built target vesc_msgs__cpp
[13.468s] [  5%] [34m[1mGenerating C++ type support for eProsima Fast-RTPS[0m
[13.486s] [  7%] [34m[1mGenerating C++ type support dispatch for ROS interfaces[0m
[13.498s] [  9%] [34m[1mGenerating C++ introspection for ROS interfaces[0m
[14.469s] [35m[1mScanning dependencies of target vesc_msgs__rosidl_generator_c[0m
[14.643s] [ 10%] [32mBuilding C object CMakeFiles/vesc_msgs__rosidl_generator_c.dir/rosidl_generator_c/vesc_msgs/msg/detail/vesc_state__functions.c.o[0m
[14.707s] [ 12%] [32mBuilding C object CMakeFiles/vesc_msgs__rosidl_generator_c.dir/rosidl_generator_c/vesc_msgs/msg/detail/vesc_state_stamped__functions.c.o[0m
[14.735s] [ 14%] [32mBuilding C object CMakeFiles/vesc_msgs__rosidl_generator_c.dir/rosidl_generator_c/vesc_msgs/msg/detail/vesc_imu__functions.c.o[0m
[15.145s] [ 16%] [32mBuilding C object CMakeFiles/vesc_msgs__rosidl_generator_c.dir/rosidl_generator_c/vesc_msgs/msg/detail/vesc_imu_stamped__functions.c.o[0m
[15.511s] [ 18%] [32m[1mLinking C shared library libvesc_msgs__rosidl_generator_c.so[0m
[15.917s] [ 18%] Built target vesc_msgs__rosidl_generator_c
[16.045s] [ 20%] [34m[1mGenerating C type support dispatch for ROS interfaces[0m
[16.139s] [ 21%] [34m[1mGenerating C introspection for ROS interfaces[0m
[17.790s] [35m[1mScanning dependencies of target vesc_msgs__rosidl_typesupport_cpp[0m
[17.932s] [ 23%] [32mBuilding CXX object CMakeFiles/vesc_msgs__rosidl_typesupport_cpp.dir/rosidl_typesupport_cpp/vesc_msgs/msg/vesc_state__type_support.cpp.o[0m
[17.956s] [ 25%] [32mBuilding CXX object CMakeFiles/vesc_msgs__rosidl_typesupport_cpp.dir/rosidl_typesupport_cpp/vesc_msgs/msg/vesc_state_stamped__type_support.cpp.o[0m
[18.053s] [35m[1mScanning dependencies of target vesc_msgs__rosidl_typesupport_fastrtps_cpp[0m
[18.255s] [ 27%] [32mBuilding CXX object CMakeFiles/vesc_msgs__rosidl_typesupport_fastrtps_cpp.dir/rosidl_typesupport_fastrtps_cpp/vesc_msgs/msg/detail/dds_fastrtps/vesc_state__type_support.cpp.o[0m
[18.387s] [35m[1mScanning dependencies of target vesc_msgs__rosidl_typesupport_introspection_cpp[0m
[18.581s] [ 29%] [32mBuilding CXX object CMakeFiles/vesc_msgs__rosidl_typesupport_introspection_cpp.dir/rosidl_typesupport_introspection_cpp/vesc_msgs/msg/detail/vesc_state__type_support.cpp.o[0m
[19.847s] [35m[1mScanning dependencies of target vesc_msgs__rosidl_typesupport_c[0m
[19.977s] [ 30%] [32mBuilding CXX object CMakeFiles/vesc_msgs__rosidl_typesupport_c.dir/rosidl_typesupport_c/vesc_msgs/msg/vesc_state__type_support.cpp.o[0m
[20.344s] [ 32%] [32mBuilding CXX object CMakeFiles/vesc_msgs__rosidl_typesupport_c.dir/rosidl_typesupport_c/vesc_msgs/msg/vesc_state_stamped__type_support.cpp.o[0m
[20.462s] [35m[1mScanning dependencies of target vesc_msgs__rosidl_typesupport_introspection_c[0m
[20.596s] [ 34%] [32mBuilding CXX object CMakeFiles/vesc_msgs__rosidl_typesupport_cpp.dir/rosidl_typesupport_cpp/vesc_msgs/msg/vesc_imu__type_support.cpp.o[0m
[20.615s] [ 36%] [32mBuilding CXX object CMakeFiles/vesc_msgs__rosidl_typesupport_cpp.dir/rosidl_typesupport_cpp/vesc_msgs/msg/vesc_imu_stamped__type_support.cpp.o[0m
[20.634s] [ 38%] [32mBuilding C object CMakeFiles/vesc_msgs__rosidl_typesupport_introspection_c.dir/rosidl_typesupport_introspection_c/vesc_msgs/msg/detail/vesc_state__type_support.c.o[0m
[20.754s] [ 40%] [32mBuilding CXX object CMakeFiles/vesc_msgs__rosidl_typesupport_c.dir/rosidl_typesupport_c/vesc_msgs/msg/vesc_imu__type_support.cpp.o[0m
[21.059s] [ 41%] [32mBuilding C object CMakeFiles/vesc_msgs__rosidl_typesupport_introspection_c.dir/rosidl_typesupport_introspection_c/vesc_msgs/msg/detail/vesc_state_stamped__type_support.c.o[0m
[21.129s] [ 43%] [32mBuilding CXX object CMakeFiles/vesc_msgs__rosidl_typesupport_c.dir/rosidl_typesupport_c/vesc_msgs/msg/vesc_imu_stamped__type_support.cpp.o[0m
[21.439s] [ 45%] [32mBuilding C object CMakeFiles/vesc_msgs__rosidl_typesupport_introspection_c.dir/rosidl_typesupport_introspection_c/vesc_msgs/msg/detail/vesc_imu__type_support.c.o[0m
[21.472s] [ 47%] [32m[1mLinking CXX shared library libvesc_msgs__rosidl_typesupport_c.so[0m
[21.596s] [ 49%] [32mBuilding CXX object CMakeFiles/vesc_msgs__rosidl_typesupport_introspection_cpp.dir/rosidl_typesupport_introspection_cpp/vesc_msgs/msg/detail/vesc_state_stamped__type_support.cpp.o[0m
[21.779s] [ 50%] [32mBuilding C object CMakeFiles/vesc_msgs__rosidl_typesupport_introspection_c.dir/rosidl_typesupport_introspection_c/vesc_msgs/msg/detail/vesc_imu_stamped__type_support.c.o[0m
[21.878s] [ 50%] Built target vesc_msgs__rosidl_typesupport_c
[21.973s] [ 52%] [32mBuilding CXX object CMakeFiles/vesc_msgs__rosidl_typesupport_introspection_cpp.dir/rosidl_typesupport_introspection_cpp/vesc_msgs/msg/detail/vesc_imu__type_support.cpp.o[0m
[22.100s] [ 54%] [32mBuilding CXX object CMakeFiles/vesc_msgs__rosidl_typesupport_fastrtps_cpp.dir/rosidl_typesupport_fastrtps_cpp/vesc_msgs/msg/detail/dds_fastrtps/vesc_state_stamped__type_support.cpp.o[0m
[22.115s] [ 56%] [32m[1mLinking C shared library libvesc_msgs__rosidl_typesupport_introspection_c.so[0m
[22.523s] [ 56%] Built target vesc_msgs__rosidl_typesupport_introspection_c
[22.634s] [ 58%] [32mBuilding CXX object CMakeFiles/vesc_msgs__rosidl_typesupport_introspection_cpp.dir/rosidl_typesupport_introspection_cpp/vesc_msgs/msg/detail/vesc_imu_stamped__type_support.cpp.o[0m
[23.333s] [ 60%] [32mBuilding CXX object CMakeFiles/vesc_msgs__rosidl_typesupport_fastrtps_cpp.dir/rosidl_typesupport_fastrtps_cpp/vesc_msgs/msg/detail/dds_fastrtps/vesc_imu__type_support.cpp.o[0m
[23.364s] [ 61%] [32m[1mLinking CXX shared library libvesc_msgs__rosidl_typesupport_cpp.so[0m
[23.788s] [ 61%] Built target vesc_msgs__rosidl_typesupport_cpp
[23.860s] [ 63%] [32mBuilding CXX object CMakeFiles/vesc_msgs__rosidl_typesupport_fastrtps_cpp.dir/rosidl_typesupport_fastrtps_cpp/vesc_msgs/msg/detail/dds_fastrtps/vesc_imu_stamped__type_support.cpp.o[0m
[25.456s] [ 65%] [32m[1mLinking CXX shared library libvesc_msgs__rosidl_typesupport_introspection_cpp.so[0m
[25.909s] [ 65%] Built target vesc_msgs__rosidl_typesupport_introspection_cpp
[26.393s] [ 67%] [32m[1mLinking CXX shared library libvesc_msgs__rosidl_typesupport_fastrtps_cpp.so[0m
[26.748s] [ 67%] Built target vesc_msgs__rosidl_typesupport_fastrtps_cpp
[26.790s] [ 69%] [34m[1mGenerating C type support for eProsima Fast-RTPS[0m
[29.069s] [35m[1mScanning dependencies of target vesc_msgs__rosidl_typesupport_fastrtps_c[0m
[29.158s] [ 70%] [32mBuilding CXX object CMakeFiles/vesc_msgs__rosidl_typesupport_fastrtps_c.dir/rosidl_typesupport_fastrtps_c/vesc_msgs/msg/detail/vesc_state__type_support_c.cpp.o[0m
[29.172s] [ 72%] [32mBuilding CXX object CMakeFiles/vesc_msgs__rosidl_typesupport_fastrtps_c.dir/rosidl_typesupport_fastrtps_c/vesc_msgs/msg/detail/vesc_state_stamped__type_support_c.cpp.o[0m
[29.201s] [ 74%] [32mBuilding CXX object CMakeFiles/vesc_msgs__rosidl_typesupport_fastrtps_c.dir/rosidl_typesupport_fastrtps_c/vesc_msgs/msg/detail/vesc_imu_stamped__type_support_c.cpp.o[0m
[29.205s] [ 76%] [32mBuilding CXX object CMakeFiles/vesc_msgs__rosidl_typesupport_fastrtps_c.dir/rosidl_typesupport_fastrtps_c/vesc_msgs/msg/detail/vesc_imu__type_support_c.cpp.o[0m
[31.736s] [ 78%] [32m[1mLinking CXX shared library libvesc_msgs__rosidl_typesupport_fastrtps_c.so[0m
[32.159s] [ 78%] Built target vesc_msgs__rosidl_typesupport_fastrtps_c
[32.204s] [35m[1mScanning dependencies of target vesc_msgs[0m
[32.259s] [ 78%] Built target vesc_msgs
[32.304s] [35m[1mScanning dependencies of target vesc_msgs__py[0m
[32.362s] [ 80%] [34m[1mGenerating Python code for ROS interfaces[0m
[36.862s] [ 80%] Built target vesc_msgs__py
[36.902s] [35m[1mScanning dependencies of target vesc_msgs__python[0m
[37.027s] [ 81%] [32mBuilding C object CMakeFiles/vesc_msgs__python.dir/rosidl_generator_py/vesc_msgs/msg/_vesc_state_s.c.o[0m
[37.037s] [ 83%] [32mBuilding C object CMakeFiles/vesc_msgs__python.dir/rosidl_generator_py/vesc_msgs/msg/_vesc_imu_s.c.o[0m
[37.052s] [ 85%] [32mBuilding C object CMakeFiles/vesc_msgs__python.dir/rosidl_generator_py/vesc_msgs/msg/_vesc_state_stamped_s.c.o[0m
[37.074s] [ 87%] [32mBuilding C object CMakeFiles/vesc_msgs__python.dir/rosidl_generator_py/vesc_msgs/msg/_vesc_imu_stamped_s.c.o[0m
[37.758s] [ 89%] [32m[1mLinking C shared library rosidl_generator_py/vesc_msgs/libvesc_msgs__python.so[0m
[37.935s] [ 89%] Built target vesc_msgs__python
[37.976s] [35m[1mScanning dependencies of target vesc_msgs__rosidl_typesupport_introspection_c__pyext[0m
[37.981s] [35m[1mScanning dependencies of target vesc_msgs__rosidl_typesupport_c__pyext[0m
[37.998s] [35m[1mScanning dependencies of target vesc_msgs__rosidl_typesupport_fastrtps_c__pyext[0m
[38.087s] [ 90%] [32mBuilding C object CMakeFiles/vesc_msgs__rosidl_typesupport_introspection_c__pyext.dir/rosidl_generator_py/vesc_msgs/_vesc_msgs_s.ep.rosidl_typesupport_introspection_c.c.o[0m
[38.137s] [ 92%] [32mBuilding C object CMakeFiles/vesc_msgs__rosidl_typesupport_fastrtps_c__pyext.dir/rosidl_generator_py/vesc_msgs/_vesc_msgs_s.ep.rosidl_typesupport_fastrtps_c.c.o[0m
[38.140s] [ 94%] [32mBuilding C object CMakeFiles/vesc_msgs__rosidl_typesupport_c__pyext.dir/rosidl_generator_py/vesc_msgs/_vesc_msgs_s.ep.rosidl_typesupport_c.c.o[0m
[38.621s] [ 96%] [32m[1mLinking C shared library rosidl_generator_py/vesc_msgs/vesc_msgs_s__rosidl_typesupport_introspection_c.cpython-38-aarch64-linux-gnu.so[0m
[38.639s] [ 98%] [32m[1mLinking C shared library rosidl_generator_py/vesc_msgs/vesc_msgs_s__rosidl_typesupport_c.cpython-38-aarch64-linux-gnu.so[0m
[38.743s] [100%] [32m[1mLinking CXX shared library rosidl_generator_py/vesc_msgs/vesc_msgs_s__rosidl_typesupport_fastrtps_c.cpython-38-aarch64-linux-gnu.so[0m
[38.834s] [100%] Built target vesc_msgs__rosidl_typesupport_c__pyext
[38.842s] [100%] Built target vesc_msgs__rosidl_typesupport_introspection_c__pyext
[39.042s] [100%] Built target vesc_msgs__rosidl_typesupport_fastrtps_c__pyext
[39.086s] Invoked command in '/home/projects/sensor2_ws/src/vesc/build/vesc_msgs' returned '0': CMAKE_PREFIX_PATH=${CMAKE_PREFIX_PATH}:/home/projects/ros2_ws/install/ucsd_robocar_sensor2_pkg:/home/projects/ros2_ws/install/ucsd_robocar_path2_pkg:/home/projects/ros2_ws/install/ucsd_robocar_nav2_pkg:/home/projects/ros2_ws/install/ucsd_robocar_lane_detection2_pkg:/home/projects/ros2_ws/install/ucsd_robocar_control2_pkg:/home/projects/ros2_ws/install/ucsd_robocar_actuator2_pkg:/home/projects/rosboard_ws/install/rosboard:/home/projects/sensor2_ws/src/imu/artemis_openlog/install/razor_imu_9dof:/opt/ros/foxy /usr/bin/cmake --build /home/projects/sensor2_ws/src/vesc/build/vesc_msgs -- -j6 -l6
[39.430s] Invoking command in '/home/projects/sensor2_ws/src/vesc/build/vesc_msgs': CMAKE_PREFIX_PATH=${CMAKE_PREFIX_PATH}:/home/projects/ros2_ws/install/ucsd_robocar_sensor2_pkg:/home/projects/ros2_ws/install/ucsd_robocar_path2_pkg:/home/projects/ros2_ws/install/ucsd_robocar_nav2_pkg:/home/projects/ros2_ws/install/ucsd_robocar_lane_detection2_pkg:/home/projects/ros2_ws/install/ucsd_robocar_control2_pkg:/home/projects/ros2_ws/install/ucsd_robocar_actuator2_pkg:/home/projects/rosboard_ws/install/rosboard:/home/projects/sensor2_ws/src/imu/artemis_openlog/install/razor_imu_9dof:/opt/ros/foxy /usr/bin/cmake --install /home/projects/sensor2_ws/src/vesc/build/vesc_msgs
[39.462s] -- Install configuration: ""
[39.465s] -- Installing: /home/projects/sensor2_ws/src/vesc/install/vesc_msgs/share/ament_index/resource_index/rosidl_interfaces/vesc_msgs
[39.466s] -- Installing: /home/projects/sensor2_ws/src/vesc/install/vesc_msgs/include/vesc_msgs
[39.467s] -- Installing: /home/projects/sensor2_ws/src/vesc/install/vesc_msgs/include/vesc_msgs/msg
[39.467s] -- Installing: /home/projects/sensor2_ws/src/vesc/install/vesc_msgs/include/vesc_msgs/msg/detail
[39.468s] -- Installing: /home/projects/sensor2_ws/src/vesc/install/vesc_msgs/include/vesc_msgs/msg/detail/vesc_imu__type_support.h
[39.468s] -- Installing: /home/projects/sensor2_ws/src/vesc/install/vesc_msgs/include/vesc_msgs/msg/detail/vesc_state_stamped__struct.h
[39.469s] -- Installing: /home/projects/sensor2_ws/src/vesc/install/vesc_msgs/include/vesc_msgs/msg/detail/vesc_state__type_support.h
[39.469s] -- Installing: /home/projects/sensor2_ws/src/vesc/install/vesc_msgs/include/vesc_msgs/msg/detail/vesc_imu_stamped__type_support.h
[39.470s] -- Installing: /home/projects/sensor2_ws/src/vesc/install/vesc_msgs/include/vesc_msgs/msg/detail/vesc_imu_stamped__functions.h
[39.470s] -- Installing: /home/projects/sensor2_ws/src/vesc/install/vesc_msgs/include/vesc_msgs/msg/detail/vesc_imu__functions.h
[39.471s] -- Installing: /home/projects/sensor2_ws/src/vesc/install/vesc_msgs/include/vesc_msgs/msg/detail/vesc_state__functions.c
[39.472s] -- Installing: /home/projects/sensor2_ws/src/vesc/install/vesc_msgs/include/vesc_msgs/msg/detail/vesc_imu_stamped__struct.h
[39.472s] -- Installing: /home/projects/sensor2_ws/src/vesc/install/vesc_msgs/include/vesc_msgs/msg/detail/vesc_imu__functions.c
[39.472s] -- Installing: /home/projects/sensor2_ws/src/vesc/install/vesc_msgs/include/vesc_msgs/msg/detail/vesc_state_stamped__functions.h
[39.473s] -- Installing: /home/projects/sensor2_ws/src/vesc/install/vesc_msgs/include/vesc_msgs/msg/detail/vesc_state_stamped__functions.c
[39.473s] -- Installing: /home/projects/sensor2_ws/src/vesc/install/vesc_msgs/include/vesc_msgs/msg/detail/vesc_state__struct.h
[39.474s] -- Installing: /home/projects/sensor2_ws/src/vesc/install/vesc_msgs/include/vesc_msgs/msg/detail/vesc_imu__struct.h
[39.475s] -- Installing: /home/projects/sensor2_ws/src/vesc/install/vesc_msgs/include/vesc_msgs/msg/detail/vesc_state_stamped__type_support.h
[39.475s] -- Installing: /home/projects/sensor2_ws/src/vesc/install/vesc_msgs/include/vesc_msgs/msg/detail/vesc_imu_stamped__functions.c
[39.475s] -- Installing: /home/projects/sensor2_ws/src/vesc/install/vesc_msgs/include/vesc_msgs/msg/detail/vesc_state__functions.h
[39.476s] -- Installing: /home/projects/sensor2_ws/src/vesc/install/vesc_msgs/include/vesc_msgs/msg/rosidl_generator_c__visibility_control.h
[39.476s] -- Installing: /home/projects/sensor2_ws/src/vesc/install/vesc_msgs/include/vesc_msgs/msg/vesc_imu_stamped.h
[39.477s] -- Installing: /home/projects/sensor2_ws/src/vesc/install/vesc_msgs/include/vesc_msgs/msg/vesc_state.h
[39.477s] -- Installing: /home/projects/sensor2_ws/src/vesc/install/vesc_msgs/include/vesc_msgs/msg/vesc_state_stamped.h
[39.478s] -- Installing: /home/projects/sensor2_ws/src/vesc/install/vesc_msgs/include/vesc_msgs/msg/vesc_imu.h
[39.478s] -- Installing: /home/projects/sensor2_ws/src/vesc/install/vesc_msgs/share/vesc_msgs/environment/library_path.sh
[39.479s] -- Installing: /home/projects/sensor2_ws/src/vesc/install/vesc_msgs/share/vesc_msgs/environment/library_path.dsv
[39.479s] -- Installing: /home/projects/sensor2_ws/src/vesc/install/vesc_msgs/lib/libvesc_msgs__rosidl_generator_c.so
[39.480s] -- Set runtime path of "/home/projects/sensor2_ws/src/vesc/install/vesc_msgs/lib/libvesc_msgs__rosidl_generator_c.so" to ""
[39.480s] -- Up-to-date: /home/projects/sensor2_ws/src/vesc/install/vesc_msgs/include/vesc_msgs
[39.481s] -- Up-to-date: /home/projects/sensor2_ws/src/vesc/install/vesc_msgs/include/vesc_msgs/msg
[39.482s] -- Up-to-date: /home/projects/sensor2_ws/src/vesc/install/vesc_msgs/include/vesc_msgs/msg/detail
[39.482s] -- Installing: /home/projects/sensor2_ws/src/vesc/install/vesc_msgs/include/vesc_msgs/msg/detail/vesc_state_stamped__rosidl_typesupport_fastrtps_c.h
[39.483s] -- Installing: /home/projects/sensor2_ws/src/vesc/install/vesc_msgs/include/vesc_msgs/msg/detail/vesc_imu__rosidl_typesupport_fastrtps_c.h
[39.483s] -- Installing: /home/projects/sensor2_ws/src/vesc/install/vesc_msgs/include/vesc_msgs/msg/detail/vesc_state__rosidl_typesupport_fastrtps_c.h
[39.484s] -- Installing: /home/projects/sensor2_ws/src/vesc/install/vesc_msgs/include/vesc_msgs/msg/detail/vesc_imu_stamped__rosidl_typesupport_fastrtps_c.h
[39.484s] -- Installing: /home/projects/sensor2_ws/src/vesc/install/vesc_msgs/include/vesc_msgs/msg/rosidl_typesupport_fastrtps_c__visibility_control.h
[39.485s] -- Installing: /home/projects/sensor2_ws/src/vesc/install/vesc_msgs/lib/libvesc_msgs__rosidl_typesupport_fastrtps_c.so
[39.486s] -- Set runtime path of "/home/projects/sensor2_ws/src/vesc/install/vesc_msgs/lib/libvesc_msgs__rosidl_typesupport_fastrtps_c.so" to ""
[39.486s] -- Up-to-date: /home/projects/sensor2_ws/src/vesc/install/vesc_msgs/include/vesc_msgs
[39.487s] -- Up-to-date: /home/projects/sensor2_ws/src/vesc/install/vesc_msgs/include/vesc_msgs/msg
[39.487s] -- Up-to-date: /home/projects/sensor2_ws/src/vesc/install/vesc_msgs/include/vesc_msgs/msg/detail
[39.488s] -- Installing: /home/projects/sensor2_ws/src/vesc/install/vesc_msgs/include/vesc_msgs/msg/detail/vesc_state_stamped__rosidl_typesupport_fastrtps_cpp.hpp
[39.488s] -- Installing: /home/projects/sensor2_ws/src/vesc/install/vesc_msgs/include/vesc_msgs/msg/detail/vesc_imu__rosidl_typesupport_fastrtps_cpp.hpp
[39.489s] -- Installing: /home/projects/sensor2_ws/src/vesc/install/vesc_msgs/include/vesc_msgs/msg/detail/dds_fastrtps
[39.489s] -- Installing: /home/projects/sensor2_ws/src/vesc/install/vesc_msgs/include/vesc_msgs/msg/detail/vesc_imu_stamped__rosidl_typesupport_fastrtps_cpp.hpp
[39.490s] -- Installing: /home/projects/sensor2_ws/src/vesc/install/vesc_msgs/include/vesc_msgs/msg/detail/vesc_state__rosidl_typesupport_fastrtps_cpp.hpp
[39.490s] -- Installing: /home/projects/sensor2_ws/src/vesc/install/vesc_msgs/include/vesc_msgs/msg/rosidl_typesupport_fastrtps_cpp__visibility_control.h
[39.490s] -- Installing: /home/projects/sensor2_ws/src/vesc/install/vesc_msgs/lib/libvesc_msgs__rosidl_typesupport_fastrtps_cpp.so
[39.491s] -- Set runtime path of "/home/projects/sensor2_ws/src/vesc/install/vesc_msgs/lib/libvesc_msgs__rosidl_typesupport_fastrtps_cpp.so" to ""
[39.492s] -- Up-to-date: /home/projects/sensor2_ws/src/vesc/install/vesc_msgs/include/vesc_msgs
[39.493s] -- Up-to-date: /home/projects/sensor2_ws/src/vesc/install/vesc_msgs/include/vesc_msgs/msg
[39.493s] -- Up-to-date: /home/projects/sensor2_ws/src/vesc/install/vesc_msgs/include/vesc_msgs/msg/detail
[39.494s] -- Installing: /home/projects/sensor2_ws/src/vesc/install/vesc_msgs/include/vesc_msgs/msg/detail/vesc_state__type_support.c
[39.495s] -- Installing: /home/projects/sensor2_ws/src/vesc/install/vesc_msgs/include/vesc_msgs/msg/detail/vesc_imu__rosidl_typesupport_introspection_c.h
[39.495s] -- Installing: /home/projects/sensor2_ws/src/vesc/install/vesc_msgs/include/vesc_msgs/msg/detail/vesc_imu__type_support.c
[39.496s] -- Installing: /home/projects/sensor2_ws/src/vesc/install/vesc_msgs/include/vesc_msgs/msg/detail/vesc_imu_stamped__type_support.c
[39.496s] -- Installing: /home/projects/sensor2_ws/src/vesc/install/vesc_msgs/include/vesc_msgs/msg/detail/vesc_state_stamped__rosidl_typesupport_introspection_c.h
[39.497s] -- Installing: /home/projects/sensor2_ws/src/vesc/install/vesc_msgs/include/vesc_msgs/msg/detail/vesc_state_stamped__type_support.c
[39.497s] -- Installing: /home/projects/sensor2_ws/src/vesc/install/vesc_msgs/include/vesc_msgs/msg/detail/vesc_state__rosidl_typesupport_introspection_c.h
[39.498s] -- Installing: /home/projects/sensor2_ws/src/vesc/install/vesc_msgs/include/vesc_msgs/msg/detail/vesc_imu_stamped__rosidl_typesupport_introspection_c.h
[39.498s] -- Installing: /home/projects/sensor2_ws/src/vesc/install/vesc_msgs/include/vesc_msgs/msg/rosidl_typesupport_introspection_c__visibility_control.h
[39.498s] -- Installing: /home/projects/sensor2_ws/src/vesc/install/vesc_msgs/lib/libvesc_msgs__rosidl_typesupport_introspection_c.so
[39.499s] -- Set runtime path of "/home/projects/sensor2_ws/src/vesc/install/vesc_msgs/lib/libvesc_msgs__rosidl_typesupport_introspection_c.so" to ""
[39.500s] -- Installing: /home/projects/sensor2_ws/src/vesc/install/vesc_msgs/lib/libvesc_msgs__rosidl_typesupport_c.so
[39.501s] -- Set runtime path of "/home/projects/sensor2_ws/src/vesc/install/vesc_msgs/lib/libvesc_msgs__rosidl_typesupport_c.so" to ""
[39.502s] -- Up-to-date: /home/projects/sensor2_ws/src/vesc/install/vesc_msgs/include/vesc_msgs
[39.502s] -- Up-to-date: /home/projects/sensor2_ws/src/vesc/install/vesc_msgs/include/vesc_msgs/msg
[39.502s] -- Up-to-date: /home/projects/sensor2_ws/src/vesc/install/vesc_msgs/include/vesc_msgs/msg/detail
[39.503s] -- Installing: /home/projects/sensor2_ws/src/vesc/install/vesc_msgs/include/vesc_msgs/msg/detail/vesc_imu_stamped__builder.hpp
[39.504s] -- Installing: /home/projects/sensor2_ws/src/vesc/install/vesc_msgs/include/vesc_msgs/msg/detail/vesc_imu__builder.hpp
[39.504s] -- Installing: /home/projects/sensor2_ws/src/vesc/install/vesc_msgs/include/vesc_msgs/msg/detail/vesc_state__struct.hpp
[39.505s] -- Installing: /home/projects/sensor2_ws/src/vesc/install/vesc_msgs/include/vesc_msgs/msg/detail/vesc_state_stamped__builder.hpp
[39.505s] -- Installing: /home/projects/sensor2_ws/src/vesc/install/vesc_msgs/include/vesc_msgs/msg/detail/vesc_imu__struct.hpp
[39.507s] -- Installing: /home/projects/sensor2_ws/src/vesc/install/vesc_msgs/include/vesc_msgs/msg/detail/vesc_imu_stamped__struct.hpp
[39.508s] -- Installing: /home/projects/sensor2_ws/src/vesc/install/vesc_msgs/include/vesc_msgs/msg/detail/vesc_imu__traits.hpp
[39.508s] -- Installing: /home/projects/sensor2_ws/src/vesc/install/vesc_msgs/include/vesc_msgs/msg/detail/vesc_imu_stamped__traits.hpp
[39.510s] -- Installing: /home/projects/sensor2_ws/src/vesc/install/vesc_msgs/include/vesc_msgs/msg/detail/vesc_state__traits.hpp
[39.510s] -- Installing: /home/projects/sensor2_ws/src/vesc/install/vesc_msgs/include/vesc_msgs/msg/detail/vesc_state__builder.hpp
[39.513s] -- Installing: /home/projects/sensor2_ws/src/vesc/install/vesc_msgs/include/vesc_msgs/msg/detail/vesc_state_stamped__struct.hpp
[39.514s] -- Installing: /home/projects/sensor2_ws/src/vesc/install/vesc_msgs/include/vesc_msgs/msg/detail/vesc_state_stamped__traits.hpp
[39.514s] -- Installing: /home/projects/sensor2_ws/src/vesc/install/vesc_msgs/include/vesc_msgs/msg/vesc_state_stamped.hpp
[39.514s] -- Installing: /home/projects/sensor2_ws/src/vesc/install/vesc_msgs/include/vesc_msgs/msg/vesc_state.hpp
[39.516s] -- Installing: /home/projects/sensor2_ws/src/vesc/install/vesc_msgs/include/vesc_msgs/msg/vesc_imu.hpp
[39.516s] -- Installing: /home/projects/sensor2_ws/src/vesc/install/vesc_msgs/include/vesc_msgs/msg/vesc_imu_stamped.hpp
[39.516s] -- Up-to-date: /home/projects/sensor2_ws/src/vesc/install/vesc_msgs/include/vesc_msgs
[39.517s] -- Up-to-date: /home/projects/sensor2_ws/src/vesc/install/vesc_msgs/include/vesc_msgs/msg
[39.517s] -- Up-to-date: /home/projects/sensor2_ws/src/vesc/install/vesc_msgs/include/vesc_msgs/msg/detail
[39.518s] -- Installing: /home/projects/sensor2_ws/src/vesc/install/vesc_msgs/include/vesc_msgs/msg/detail/vesc_state__rosidl_typesupport_introspection_cpp.hpp
[39.518s] -- Installing: /home/projects/sensor2_ws/src/vesc/install/vesc_msgs/include/vesc_msgs/msg/detail/vesc_state_stamped__type_support.cpp
[39.518s] -- Installing: /home/projects/sensor2_ws/src/vesc/install/vesc_msgs/include/vesc_msgs/msg/detail/vesc_imu_stamped__type_support.cpp
[39.519s] -- Installing: /home/projects/sensor2_ws/src/vesc/install/vesc_msgs/include/vesc_msgs/msg/detail/vesc_imu__type_support.cpp
[39.520s] -- Installing: /home/projects/sensor2_ws/src/vesc/install/vesc_msgs/include/vesc_msgs/msg/detail/vesc_imu__rosidl_typesupport_introspection_cpp.hpp
[39.520s] -- Installing: /home/projects/sensor2_ws/src/vesc/install/vesc_msgs/include/vesc_msgs/msg/detail/vesc_state_stamped__rosidl_typesupport_introspection_cpp.hpp
[39.520s] -- Installing: /home/projects/sensor2_ws/src/vesc/install/vesc_msgs/include/vesc_msgs/msg/detail/vesc_state__type_support.cpp
[39.521s] -- Installing: /home/projects/sensor2_ws/src/vesc/install/vesc_msgs/include/vesc_msgs/msg/detail/vesc_imu_stamped__rosidl_typesupport_introspection_cpp.hpp
[39.521s] -- Installing: /home/projects/sensor2_ws/src/vesc/install/vesc_msgs/lib/libvesc_msgs__rosidl_typesupport_introspection_cpp.so
[39.522s] -- Set runtime path of "/home/projects/sensor2_ws/src/vesc/install/vesc_msgs/lib/libvesc_msgs__rosidl_typesupport_introspection_cpp.so" to ""
[39.522s] -- Installing: /home/projects/sensor2_ws/src/vesc/install/vesc_msgs/lib/libvesc_msgs__rosidl_typesupport_cpp.so
[39.522s] -- Set runtime path of "/home/projects/sensor2_ws/src/vesc/install/vesc_msgs/lib/libvesc_msgs__rosidl_typesupport_cpp.so" to ""
[39.523s] -- Installing: /home/projects/sensor2_ws/src/vesc/install/vesc_msgs/share/vesc_msgs/environment/pythonpath.sh
[39.523s] -- Installing: /home/projects/sensor2_ws/src/vesc/install/vesc_msgs/share/vesc_msgs/environment/pythonpath.dsv
[39.523s] -- Installing: /home/projects/sensor2_ws/src/vesc/install/vesc_msgs/lib/python3.8/site-packages/vesc_msgs/__init__.py
[39.679s] Compiling '/home/projects/sensor2_ws/src/vesc/install/vesc_msgs/lib/python3.8/site-packages/vesc_msgs/__init__.py'...
[39.698s] -- Installing: /home/projects/sensor2_ws/src/vesc/install/vesc_msgs/lib/python3.8/site-packages/vesc_msgs/msg
[39.698s] -- Installing: /home/projects/sensor2_ws/src/vesc/install/vesc_msgs/lib/python3.8/site-packages/vesc_msgs/msg/_vesc_state_stamped_s.c
[39.699s] -- Installing: /home/projects/sensor2_ws/src/vesc/install/vesc_msgs/lib/python3.8/site-packages/vesc_msgs/msg/_vesc_state_stamped.py
[39.707s] -- Installing: /home/projects/sensor2_ws/src/vesc/install/vesc_msgs/lib/python3.8/site-packages/vesc_msgs/msg/_vesc_state.py
[39.708s] -- Installing: /home/projects/sensor2_ws/src/vesc/install/vesc_msgs/lib/python3.8/site-packages/vesc_msgs/msg/_vesc_imu_stamped.py
[39.709s] -- Installing: /home/projects/sensor2_ws/src/vesc/install/vesc_msgs/lib/python3.8/site-packages/vesc_msgs/msg/__init__.py
[39.710s] -- Installing: /home/projects/sensor2_ws/src/vesc/install/vesc_msgs/lib/python3.8/site-packages/vesc_msgs/msg/_vesc_state_s.c
[39.710s] -- Installing: /home/projects/sensor2_ws/src/vesc/install/vesc_msgs/lib/python3.8/site-packages/vesc_msgs/msg/_vesc_imu_stamped_s.c
[39.711s] -- Installing: /home/projects/sensor2_ws/src/vesc/install/vesc_msgs/lib/python3.8/site-packages/vesc_msgs/msg/_vesc_imu.py
[39.711s] -- Installing: /home/projects/sensor2_ws/src/vesc/install/vesc_msgs/lib/python3.8/site-packages/vesc_msgs/msg/_vesc_imu_s.c
[39.712s] -- Installing: /home/projects/sensor2_ws/src/vesc/install/vesc_msgs/lib/python3.8/site-packages/vesc_msgs/vesc_msgs_s__rosidl_typesupport_fastrtps_c.cpython-38-aarch64-linux-gnu.so
[39.713s] -- Set runtime path of "/home/projects/sensor2_ws/src/vesc/install/vesc_msgs/lib/python3.8/site-packages/vesc_msgs/vesc_msgs_s__rosidl_typesupport_fastrtps_c.cpython-38-aarch64-linux-gnu.so" to ""
[39.713s] -- Installing: /home/projects/sensor2_ws/src/vesc/install/vesc_msgs/lib/python3.8/site-packages/vesc_msgs/vesc_msgs_s__rosidl_typesupport_introspection_c.cpython-38-aarch64-linux-gnu.so
[39.714s] -- Set runtime path of "/home/projects/sensor2_ws/src/vesc/install/vesc_msgs/lib/python3.8/site-packages/vesc_msgs/vesc_msgs_s__rosidl_typesupport_introspection_c.cpython-38-aarch64-linux-gnu.so" to ""
[39.715s] -- Installing: /home/projects/sensor2_ws/src/vesc/install/vesc_msgs/lib/python3.8/site-packages/vesc_msgs/vesc_msgs_s__rosidl_typesupport_c.cpython-38-aarch64-linux-gnu.so
[39.716s] -- Set runtime path of "/home/projects/sensor2_ws/src/vesc/install/vesc_msgs/lib/python3.8/site-packages/vesc_msgs/vesc_msgs_s__rosidl_typesupport_c.cpython-38-aarch64-linux-gnu.so" to ""
[39.717s] -- Installing: /home/projects/sensor2_ws/src/vesc/install/vesc_msgs/lib/libvesc_msgs__python.so
[39.718s] -- Set runtime path of "/home/projects/sensor2_ws/src/vesc/install/vesc_msgs/lib/libvesc_msgs__python.so" to ""
[39.719s] -- Installing: /home/projects/sensor2_ws/src/vesc/install/vesc_msgs/share/vesc_msgs/msg/VescState.idl
[39.720s] -- Installing: /home/projects/sensor2_ws/src/vesc/install/vesc_msgs/share/vesc_msgs/msg/VescStateStamped.idl
[39.721s] -- Installing: /home/projects/sensor2_ws/src/vesc/install/vesc_msgs/share/vesc_msgs/msg/VescImu.idl
[39.722s] -- Installing: /home/projects/sensor2_ws/src/vesc/install/vesc_msgs/share/vesc_msgs/msg/VescImuStamped.idl
[39.723s] -- Installing: /home/projects/sensor2_ws/src/vesc/install/vesc_msgs/share/vesc_msgs/msg/VescState.msg
[39.724s] -- Installing: /home/projects/sensor2_ws/src/vesc/install/vesc_msgs/share/vesc_msgs/msg/VescStateStamped.msg
[39.725s] -- Installing: /home/projects/sensor2_ws/src/vesc/install/vesc_msgs/share/vesc_msgs/msg/VescImu.msg
[39.725s] -- Installing: /home/projects/sensor2_ws/src/vesc/install/vesc_msgs/share/vesc_msgs/msg/VescImuStamped.msg
[39.726s] -- Installing: /home/projects/sensor2_ws/src/vesc/install/vesc_msgs/share/ament_index/resource_index/package_run_dependencies/vesc_msgs
[39.727s] -- Installing: /home/projects/sensor2_ws/src/vesc/install/vesc_msgs/share/ament_index/resource_index/parent_prefix_path/vesc_msgs
[39.728s] -- Installing: /home/projects/sensor2_ws/src/vesc/install/vesc_msgs/share/vesc_msgs/environment/ament_prefix_path.sh
[39.729s] -- Installing: /home/projects/sensor2_ws/src/vesc/install/vesc_msgs/share/vesc_msgs/environment/ament_prefix_path.dsv
[39.729s] -- Installing: /home/projects/sensor2_ws/src/vesc/install/vesc_msgs/share/vesc_msgs/environment/path.sh
[39.730s] -- Installing: /home/projects/sensor2_ws/src/vesc/install/vesc_msgs/share/vesc_msgs/environment/path.dsv
[39.731s] -- Installing: /home/projects/sensor2_ws/src/vesc/install/vesc_msgs/share/vesc_msgs/local_setup.bash
[39.731s] -- Installing: /home/projects/sensor2_ws/src/vesc/install/vesc_msgs/share/vesc_msgs/local_setup.sh
[39.732s] -- Installing: /home/projects/sensor2_ws/src/vesc/install/vesc_msgs/share/vesc_msgs/local_setup.zsh
[39.733s] -- Installing: /home/projects/sensor2_ws/src/vesc/install/vesc_msgs/share/vesc_msgs/local_setup.dsv
[39.733s] -- Installing: /home/projects/sensor2_ws/src/vesc/install/vesc_msgs/share/vesc_msgs/package.dsv
[39.734s] -- Installing: /home/projects/sensor2_ws/src/vesc/install/vesc_msgs/share/ament_index/resource_index/packages/vesc_msgs
[39.735s] -- Installing: /home/projects/sensor2_ws/src/vesc/install/vesc_msgs/share/vesc_msgs/cmake/vesc_msgs__rosidl_generator_cExport.cmake
[39.736s] -- Installing: /home/projects/sensor2_ws/src/vesc/install/vesc_msgs/share/vesc_msgs/cmake/vesc_msgs__rosidl_generator_cExport-noconfig.cmake
[39.737s] -- Installing: /home/projects/sensor2_ws/src/vesc/install/vesc_msgs/share/vesc_msgs/cmake/vesc_msgs__rosidl_typesupport_introspection_cExport.cmake
[39.737s] -- Installing: /home/projects/sensor2_ws/src/vesc/install/vesc_msgs/share/vesc_msgs/cmake/vesc_msgs__rosidl_typesupport_introspection_cExport-noconfig.cmake
[39.738s] -- Installing: /home/projects/sensor2_ws/src/vesc/install/vesc_msgs/share/vesc_msgs/cmake/vesc_msgs__rosidl_typesupport_cExport.cmake
[39.739s] -- Installing: /home/projects/sensor2_ws/src/vesc/install/vesc_msgs/share/vesc_msgs/cmake/vesc_msgs__rosidl_typesupport_cExport-noconfig.cmake
[39.740s] -- Installing: /home/projects/sensor2_ws/src/vesc/install/vesc_msgs/share/vesc_msgs/cmake/vesc_msgs__rosidl_generator_cppExport.cmake
[39.741s] -- Installing: /home/projects/sensor2_ws/src/vesc/install/vesc_msgs/share/vesc_msgs/cmake/vesc_msgs__rosidl_typesupport_introspection_cppExport.cmake
[39.741s] -- Installing: /home/projects/sensor2_ws/src/vesc/install/vesc_msgs/share/vesc_msgs/cmake/vesc_msgs__rosidl_typesupport_introspection_cppExport-noconfig.cmake
[39.742s] -- Installing: /home/projects/sensor2_ws/src/vesc/install/vesc_msgs/share/vesc_msgs/cmake/vesc_msgs__rosidl_typesupport_cppExport.cmake
[39.743s] -- Installing: /home/projects/sensor2_ws/src/vesc/install/vesc_msgs/share/vesc_msgs/cmake/vesc_msgs__rosidl_typesupport_cppExport-noconfig.cmake
[39.744s] -- Installing: /home/projects/sensor2_ws/src/vesc/install/vesc_msgs/share/vesc_msgs/cmake/rosidl_cmake-extras.cmake
[39.744s] -- Installing: /home/projects/sensor2_ws/src/vesc/install/vesc_msgs/share/vesc_msgs/cmake/ament_cmake_export_dependencies-extras.cmake
[39.745s] -- Installing: /home/projects/sensor2_ws/src/vesc/install/vesc_msgs/share/vesc_msgs/cmake/ament_cmake_export_libraries-extras.cmake
[39.745s] -- Installing: /home/projects/sensor2_ws/src/vesc/install/vesc_msgs/share/vesc_msgs/cmake/ament_cmake_export_targets-extras.cmake
[39.746s] -- Installing: /home/projects/sensor2_ws/src/vesc/install/vesc_msgs/share/vesc_msgs/cmake/ament_cmake_export_include_directories-extras.cmake
[39.747s] -- Installing: /home/projects/sensor2_ws/src/vesc/install/vesc_msgs/share/vesc_msgs/cmake/rosidl_cmake_export_typesupport_libraries-extras.cmake
[39.748s] -- Installing: /home/projects/sensor2_ws/src/vesc/install/vesc_msgs/share/vesc_msgs/cmake/rosidl_cmake_export_typesupport_targets-extras.cmake
[39.748s] -- Installing: /home/projects/sensor2_ws/src/vesc/install/vesc_msgs/share/vesc_msgs/cmake/vesc_msgsConfig.cmake
[39.749s] -- Installing: /home/projects/sensor2_ws/src/vesc/install/vesc_msgs/share/vesc_msgs/cmake/vesc_msgsConfig-version.cmake
[39.749s] -- Installing: /home/projects/sensor2_ws/src/vesc/install/vesc_msgs/share/vesc_msgs/package.xml
[39.772s] Invoked command in '/home/projects/sensor2_ws/src/vesc/build/vesc_msgs' returned '0': CMAKE_PREFIX_PATH=${CMAKE_PREFIX_PATH}:/home/projects/ros2_ws/install/ucsd_robocar_sensor2_pkg:/home/projects/ros2_ws/install/ucsd_robocar_path2_pkg:/home/projects/ros2_ws/install/ucsd_robocar_nav2_pkg:/home/projects/ros2_ws/install/ucsd_robocar_lane_detection2_pkg:/home/projects/ros2_ws/install/ucsd_robocar_control2_pkg:/home/projects/ros2_ws/install/ucsd_robocar_actuator2_pkg:/home/projects/rosboard_ws/install/rosboard:/home/projects/sensor2_ws/src/imu/artemis_openlog/install/razor_imu_9dof:/opt/ros/foxy /usr/bin/cmake --install /home/projects/sensor2_ws/src/vesc/build/vesc_msgs
