[6.507s] Invoking command in '/home/projects/ros2_ws/src/ucsd_robocar_hub2/ucsd_robocar_sensor2_pkg': PYTHONPATH=/home/projects/ros2_ws/install/ucsd_robocar_sensor2_pkg/lib/python3.8/site-packages:${PYTHONPATH} /usr/bin/python3 setup.py egg_info --egg-base ../../../build/ucsd_robocar_sensor2_pkg build --build-base /home/projects/ros2_ws/build/ucsd_robocar_sensor2_pkg/build install --prefix /home/projects/ros2_ws/install/ucsd_robocar_sensor2_pkg --record /home/projects/ros2_ws/build/ucsd_robocar_sensor2_pkg/install.log --single-version-externally-managed
[7.905s] running egg_info
[7.907s] creating ../../../build/ucsd_robocar_sensor2_pkg/ucsd_robocar_sensor2_pkg.egg-info
[7.909s] writing ../../../build/ucsd_robocar_sensor2_pkg/ucsd_robocar_sensor2_pkg.egg-info/PKG-INFO
[7.913s] writing dependency_links to ../../../build/ucsd_robocar_sensor2_pkg/ucsd_robocar_sensor2_pkg.egg-info/dependency_links.txt
[7.913s] writing entry points to ../../../build/ucsd_robocar_sensor2_pkg/ucsd_robocar_sensor2_pkg.egg-info/entry_points.txt
[7.913s] writing requirements to ../../../build/ucsd_robocar_sensor2_pkg/ucsd_robocar_sensor2_pkg.egg-info/requires.txt
[7.914s] writing top-level names to ../../../build/ucsd_robocar_sensor2_pkg/ucsd_robocar_sensor2_pkg.egg-info/top_level.txt
[7.919s] writing manifest file '../../../build/ucsd_robocar_sensor2_pkg/ucsd_robocar_sensor2_pkg.egg-info/SOURCES.txt'
[8.103s] reading manifest file '../../../build/ucsd_robocar_sensor2_pkg/ucsd_robocar_sensor2_pkg.egg-info/SOURCES.txt'
[8.103s] writing manifest file '../../../build/ucsd_robocar_sensor2_pkg/ucsd_robocar_sensor2_pkg.egg-info/SOURCES.txt'
[8.104s] running build
[8.105s] running build_py
[8.105s] creating /home/projects/ros2_ws/build/ucsd_robocar_sensor2_pkg/build
[8.105s] creating /home/projects/ros2_ws/build/ucsd_robocar_sensor2_pkg/build/lib
[8.106s] creating /home/projects/ros2_ws/build/ucsd_robocar_sensor2_pkg/build/lib/ucsd_robocar_sensor2_pkg
[8.106s] copying ucsd_robocar_sensor2_pkg/__init__.py -> /home/projects/ros2_ws/build/ucsd_robocar_sensor2_pkg/build/lib/ucsd_robocar_sensor2_pkg
[8.107s] copying ucsd_robocar_sensor2_pkg/webcam_node.py -> /home/projects/ros2_ws/build/ucsd_robocar_sensor2_pkg/build/lib/ucsd_robocar_sensor2_pkg
[8.107s] running install
[8.108s] running install_lib
[8.108s] creating /home/projects/ros2_ws/install/ucsd_robocar_sensor2_pkg/lib/python3.8/site-packages/ucsd_robocar_sensor2_pkg
[8.109s] copying /home/projects/ros2_ws/build/ucsd_robocar_sensor2_pkg/build/lib/ucsd_robocar_sensor2_pkg/__init__.py -> /home/projects/ros2_ws/install/ucsd_robocar_sensor2_pkg/lib/python3.8/site-packages/ucsd_robocar_sensor2_pkg
[8.109s] copying /home/projects/ros2_ws/build/ucsd_robocar_sensor2_pkg/build/lib/ucsd_robocar_sensor2_pkg/webcam_node.py -> /home/projects/ros2_ws/install/ucsd_robocar_sensor2_pkg/lib/python3.8/site-packages/ucsd_robocar_sensor2_pkg
[8.111s] byte-compiling /home/projects/ros2_ws/install/ucsd_robocar_sensor2_pkg/lib/python3.8/site-packages/ucsd_robocar_sensor2_pkg/__init__.py to __init__.cpython-38.pyc
[8.119s] byte-compiling /home/projects/ros2_ws/install/ucsd_robocar_sensor2_pkg/lib/python3.8/site-packages/ucsd_robocar_sensor2_pkg/webcam_node.py to webcam_node.cpython-38.pyc
[8.120s] running install_data
[8.124s] creating /home/projects/ros2_ws/install/ucsd_robocar_sensor2_pkg/share/ament_index
[8.125s] creating /home/projects/ros2_ws/install/ucsd_robocar_sensor2_pkg/share/ament_index/resource_index
[8.126s] creating /home/projects/ros2_ws/install/ucsd_robocar_sensor2_pkg/share/ament_index/resource_index/packages
[8.127s] copying resource/ucsd_robocar_sensor2_pkg -> /home/projects/ros2_ws/install/ucsd_robocar_sensor2_pkg/share/ament_index/resource_index/packages
[8.128s] copying package.xml -> /home/projects/ros2_ws/install/ucsd_robocar_sensor2_pkg/share/ucsd_robocar_sensor2_pkg
[8.128s] creating /home/projects/ros2_ws/install/ucsd_robocar_sensor2_pkg/share/ucsd_robocar_sensor2_pkg/launch
[8.129s] copying launch/lidar_rp.launch.py -> /home/projects/ros2_ws/install/ucsd_robocar_sensor2_pkg/share/ucsd_robocar_sensor2_pkg/launch
[8.131s] copying launch/lidar_bpearl.launch.py -> /home/projects/ros2_ws/install/ucsd_robocar_sensor2_pkg/share/ucsd_robocar_sensor2_pkg/launch
[8.131s] copying launch/imu_artemis.launch.py -> /home/projects/ros2_ws/install/ucsd_robocar_sensor2_pkg/share/ucsd_robocar_sensor2_pkg/launch
[8.143s] copying launch/lidar_ld06.launch.py -> /home/projects/ros2_ws/install/ucsd_robocar_sensor2_pkg/share/ucsd_robocar_sensor2_pkg/launch
[8.147s] copying launch/lidar_livox.launch.py -> /home/projects/ros2_ws/install/ucsd_robocar_sensor2_pkg/share/ucsd_robocar_sensor2_pkg/launch
[8.148s] copying launch/lidar_sicktim.launch.py -> /home/projects/ros2_ws/install/ucsd_robocar_sensor2_pkg/share/ucsd_robocar_sensor2_pkg/launch
[8.149s] copying launch/camera_webcam.launch.py -> /home/projects/ros2_ws/install/ucsd_robocar_sensor2_pkg/share/ucsd_robocar_sensor2_pkg/launch
[8.149s] copying launch/camera_oakd.launch.py -> /home/projects/ros2_ws/install/ucsd_robocar_sensor2_pkg/share/ucsd_robocar_sensor2_pkg/launch
[8.165s] copying launch/camera_intel.launch.py -> /home/projects/ros2_ws/install/ucsd_robocar_sensor2_pkg/share/ucsd_robocar_sensor2_pkg/launch
[8.169s] creating /home/projects/ros2_ws/install/ucsd_robocar_sensor2_pkg/share/ucsd_robocar_sensor2_pkg/config
[8.170s] copying config/my_razor.yaml -> /home/projects/ros2_ws/install/ucsd_robocar_sensor2_pkg/share/ucsd_robocar_sensor2_pkg/config
[8.172s] copying config/ld06.yaml -> /home/projects/ros2_ws/install/ucsd_robocar_sensor2_pkg/share/ucsd_robocar_sensor2_pkg/config
[8.183s] copying config/rp_lidar.yaml -> /home/projects/ros2_ws/install/ucsd_robocar_sensor2_pkg/share/ucsd_robocar_sensor2_pkg/config
[8.184s] copying config/sick_tim_5xx.yaml -> /home/projects/ros2_ws/install/ucsd_robocar_sensor2_pkg/share/ucsd_robocar_sensor2_pkg/config
[8.185s] running install_egg_info
[8.185s] Copying ../../../build/ucsd_robocar_sensor2_pkg/ucsd_robocar_sensor2_pkg.egg-info to /home/projects/ros2_ws/install/ucsd_robocar_sensor2_pkg/lib/python3.8/site-packages/ucsd_robocar_sensor2_pkg-0.0.0-py3.8.egg-info
[8.186s] running install_scripts
[8.243s] Installing webcam_node script to /home/projects/ros2_ws/install/ucsd_robocar_sensor2_pkg/lib/ucsd_robocar_sensor2_pkg
[8.245s] writing list of installed files to '/home/projects/ros2_ws/build/ucsd_robocar_sensor2_pkg/install.log'
[8.354s] Invoked command in '/home/projects/ros2_ws/src/ucsd_robocar_hub2/ucsd_robocar_sensor2_pkg' returned '0': PYTHONPATH=/home/projects/ros2_ws/install/ucsd_robocar_sensor2_pkg/lib/python3.8/site-packages:${PYTHONPATH} /usr/bin/python3 setup.py egg_info --egg-base ../../../build/ucsd_robocar_sensor2_pkg build --build-base /home/projects/ros2_ws/build/ucsd_robocar_sensor2_pkg/build install --prefix /home/projects/ros2_ws/install/ucsd_robocar_sensor2_pkg --record /home/projects/ros2_ws/build/ucsd_robocar_sensor2_pkg/install.log --single-version-externally-managed
