[8.025s] Invoking command in '/home/projects/ros2_ws/src/ucsd_robocar_hub2/ucsd_robocar_actuator2_pkg': PYTHONPATH=/home/projects/ros2_ws/install/ucsd_robocar_actuator2_pkg/lib/python3.8/site-packages:${PYTHONPATH} /usr/bin/python3 setup.py egg_info --egg-base ../../../build/ucsd_robocar_actuator2_pkg build --build-base /home/projects/ros2_ws/build/ucsd_robocar_actuator2_pkg/build install --prefix /home/projects/ros2_ws/install/ucsd_robocar_actuator2_pkg --record /home/projects/ros2_ws/build/ucsd_robocar_actuator2_pkg/install.log --single-version-externally-managed
[9.764s] running egg_info
[9.766s] creating ../../../build/ucsd_robocar_actuator2_pkg/ucsd_robocar_actuator2_pkg.egg-info
[9.769s] writing ../../../build/ucsd_robocar_actuator2_pkg/ucsd_robocar_actuator2_pkg.egg-info/PKG-INFO
[9.773s] writing dependency_links to ../../../build/ucsd_robocar_actuator2_pkg/ucsd_robocar_actuator2_pkg.egg-info/dependency_links.txt
[9.774s] writing entry points to ../../../build/ucsd_robocar_actuator2_pkg/ucsd_robocar_actuator2_pkg.egg-info/entry_points.txt
[9.775s] writing requirements to ../../../build/ucsd_robocar_actuator2_pkg/ucsd_robocar_actuator2_pkg.egg-info/requires.txt
[9.775s] writing top-level names to ../../../build/ucsd_robocar_actuator2_pkg/ucsd_robocar_actuator2_pkg.egg-info/top_level.txt
[9.782s] writing manifest file '../../../build/ucsd_robocar_actuator2_pkg/ucsd_robocar_actuator2_pkg.egg-info/SOURCES.txt'
[9.976s] reading manifest file '../../../build/ucsd_robocar_actuator2_pkg/ucsd_robocar_actuator2_pkg.egg-info/SOURCES.txt'
[9.982s] writing manifest file '../../../build/ucsd_robocar_actuator2_pkg/ucsd_robocar_actuator2_pkg.egg-info/SOURCES.txt'
[9.982s] running build
[9.983s] running build_py
[9.984s] creating /home/projects/ros2_ws/build/ucsd_robocar_actuator2_pkg/build
[9.985s] creating /home/projects/ros2_ws/build/ucsd_robocar_actuator2_pkg/build/lib
[9.985s] creating /home/projects/ros2_ws/build/ucsd_robocar_actuator2_pkg/build/lib/ucsd_robocar_actuator2_pkg
[9.985s] copying ucsd_robocar_actuator2_pkg/adafruit_twist_node.py -> /home/projects/ros2_ws/build/ucsd_robocar_actuator2_pkg/build/lib/ucsd_robocar_actuator2_pkg
[9.987s] copying ucsd_robocar_actuator2_pkg/__init__.py -> /home/projects/ros2_ws/build/ucsd_robocar_actuator2_pkg/build/lib/ucsd_robocar_actuator2_pkg
[10.033s] copying ucsd_robocar_actuator2_pkg/vesc_odom_node.py -> /home/projects/ros2_ws/build/ucsd_robocar_actuator2_pkg/build/lib/ucsd_robocar_actuator2_pkg
[10.038s] copying ucsd_robocar_actuator2_pkg/vesc_twist_node.py -> /home/projects/ros2_ws/build/ucsd_robocar_actuator2_pkg/build/lib/ucsd_robocar_actuator2_pkg
[10.045s] copying ucsd_robocar_actuator2_pkg/adafruit_servo_node.py -> /home/projects/ros2_ws/build/ucsd_robocar_actuator2_pkg/build/lib/ucsd_robocar_actuator2_pkg
[10.053s] copying ucsd_robocar_actuator2_pkg/adafruit_continuous_servo_node.py -> /home/projects/ros2_ws/build/ucsd_robocar_actuator2_pkg/build/lib/ucsd_robocar_actuator2_pkg
[10.063s] creating /home/projects/ros2_ws/build/ucsd_robocar_actuator2_pkg/build/lib/ucsd_robocar_actuator2_pkg/vesc_submodule
[10.065s] copying ucsd_robocar_actuator2_pkg/vesc_submodule/vesc_client.py -> /home/projects/ros2_ws/build/ucsd_robocar_actuator2_pkg/build/lib/ucsd_robocar_actuator2_pkg/vesc_submodule
[10.068s] copying ucsd_robocar_actuator2_pkg/vesc_submodule/__init__.py -> /home/projects/ros2_ws/build/ucsd_robocar_actuator2_pkg/build/lib/ucsd_robocar_actuator2_pkg/vesc_submodule
[10.086s] running install
[10.088s] running install_lib
[10.091s] creating /home/projects/ros2_ws/install/ucsd_robocar_actuator2_pkg/lib/python3.8/site-packages/ucsd_robocar_actuator2_pkg
[10.091s] copying /home/projects/ros2_ws/build/ucsd_robocar_actuator2_pkg/build/lib/ucsd_robocar_actuator2_pkg/adafruit_twist_node.py -> /home/projects/ros2_ws/install/ucsd_robocar_actuator2_pkg/lib/python3.8/site-packages/ucsd_robocar_actuator2_pkg
[10.093s] copying /home/projects/ros2_ws/build/ucsd_robocar_actuator2_pkg/build/lib/ucsd_robocar_actuator2_pkg/__init__.py -> /home/projects/ros2_ws/install/ucsd_robocar_actuator2_pkg/lib/python3.8/site-packages/ucsd_robocar_actuator2_pkg
[10.094s] copying /home/projects/ros2_ws/build/ucsd_robocar_actuator2_pkg/build/lib/ucsd_robocar_actuator2_pkg/vesc_odom_node.py -> /home/projects/ros2_ws/install/ucsd_robocar_actuator2_pkg/lib/python3.8/site-packages/ucsd_robocar_actuator2_pkg
[10.094s] creating /home/projects/ros2_ws/install/ucsd_robocar_actuator2_pkg/lib/python3.8/site-packages/ucsd_robocar_actuator2_pkg/vesc_submodule
[10.095s] copying /home/projects/ros2_ws/build/ucsd_robocar_actuator2_pkg/build/lib/ucsd_robocar_actuator2_pkg/vesc_submodule/vesc_client.py -> /home/projects/ros2_ws/install/ucsd_robocar_actuator2_pkg/lib/python3.8/site-packages/ucsd_robocar_actuator2_pkg/vesc_submodule
[10.095s] copying /home/projects/ros2_ws/build/ucsd_robocar_actuator2_pkg/build/lib/ucsd_robocar_actuator2_pkg/vesc_submodule/__init__.py -> /home/projects/ros2_ws/install/ucsd_robocar_actuator2_pkg/lib/python3.8/site-packages/ucsd_robocar_actuator2_pkg/vesc_submodule
[10.096s] copying /home/projects/ros2_ws/build/ucsd_robocar_actuator2_pkg/build/lib/ucsd_robocar_actuator2_pkg/vesc_twist_node.py -> /home/projects/ros2_ws/install/ucsd_robocar_actuator2_pkg/lib/python3.8/site-packages/ucsd_robocar_actuator2_pkg
[10.110s] copying /home/projects/ros2_ws/build/ucsd_robocar_actuator2_pkg/build/lib/ucsd_robocar_actuator2_pkg/adafruit_servo_node.py -> /home/projects/ros2_ws/install/ucsd_robocar_actuator2_pkg/lib/python3.8/site-packages/ucsd_robocar_actuator2_pkg
[10.111s] copying /home/projects/ros2_ws/build/ucsd_robocar_actuator2_pkg/build/lib/ucsd_robocar_actuator2_pkg/adafruit_continuous_servo_node.py -> /home/projects/ros2_ws/install/ucsd_robocar_actuator2_pkg/lib/python3.8/site-packages/ucsd_robocar_actuator2_pkg
[10.112s] byte-compiling /home/projects/ros2_ws/install/ucsd_robocar_actuator2_pkg/lib/python3.8/site-packages/ucsd_robocar_actuator2_pkg/adafruit_twist_node.py to adafruit_twist_node.cpython-38.pyc
[10.117s] byte-compiling /home/projects/ros2_ws/install/ucsd_robocar_actuator2_pkg/lib/python3.8/site-packages/ucsd_robocar_actuator2_pkg/__init__.py to __init__.cpython-38.pyc
[10.118s] byte-compiling /home/projects/ros2_ws/install/ucsd_robocar_actuator2_pkg/lib/python3.8/site-packages/ucsd_robocar_actuator2_pkg/vesc_odom_node.py to vesc_odom_node.cpython-38.pyc
[10.119s] byte-compiling /home/projects/ros2_ws/install/ucsd_robocar_actuator2_pkg/lib/python3.8/site-packages/ucsd_robocar_actuator2_pkg/vesc_submodule/vesc_client.py to vesc_client.cpython-38.pyc
[10.121s] byte-compiling /home/projects/ros2_ws/install/ucsd_robocar_actuator2_pkg/lib/python3.8/site-packages/ucsd_robocar_actuator2_pkg/vesc_submodule/__init__.py to __init__.cpython-38.pyc
[10.121s] byte-compiling /home/projects/ros2_ws/install/ucsd_robocar_actuator2_pkg/lib/python3.8/site-packages/ucsd_robocar_actuator2_pkg/vesc_twist_node.py to vesc_twist_node.cpython-38.pyc
[10.121s] byte-compiling /home/projects/ros2_ws/install/ucsd_robocar_actuator2_pkg/lib/python3.8/site-packages/ucsd_robocar_actuator2_pkg/adafruit_servo_node.py to adafruit_servo_node.cpython-38.pyc
[10.122s] byte-compiling /home/projects/ros2_ws/install/ucsd_robocar_actuator2_pkg/lib/python3.8/site-packages/ucsd_robocar_actuator2_pkg/adafruit_continuous_servo_node.py to adafruit_continuous_servo_node.cpython-38.pyc
[10.123s] running install_data
[10.148s] creating /home/projects/ros2_ws/install/ucsd_robocar_actuator2_pkg/share/ament_index
[10.149s] creating /home/projects/ros2_ws/install/ucsd_robocar_actuator2_pkg/share/ament_index/resource_index
[10.149s] creating /home/projects/ros2_ws/install/ucsd_robocar_actuator2_pkg/share/ament_index/resource_index/packages
[10.150s] copying resource/ucsd_robocar_actuator2_pkg -> /home/projects/ros2_ws/install/ucsd_robocar_actuator2_pkg/share/ament_index/resource_index/packages
[10.150s] copying package.xml -> /home/projects/ros2_ws/install/ucsd_robocar_actuator2_pkg/share/ucsd_robocar_actuator2_pkg
[10.151s] creating /home/projects/ros2_ws/install/ucsd_robocar_actuator2_pkg/share/ucsd_robocar_actuator2_pkg/launch
[10.151s] copying launch/adafruit_continuous_servo.launch.py -> /home/projects/ros2_ws/install/ucsd_robocar_actuator2_pkg/share/ucsd_robocar_actuator2_pkg/launch
[10.156s] copying launch/adafruit_servo.launch.py -> /home/projects/ros2_ws/install/ucsd_robocar_actuator2_pkg/share/ucsd_robocar_actuator2_pkg/launch
[10.157s] copying launch/adafruit_twist.launch.py -> /home/projects/ros2_ws/install/ucsd_robocar_actuator2_pkg/share/ucsd_robocar_actuator2_pkg/launch
[10.157s] copying launch/vesc_odom.launch.py -> /home/projects/ros2_ws/install/ucsd_robocar_actuator2_pkg/share/ucsd_robocar_actuator2_pkg/launch
[10.158s] copying launch/vesc_twist.launch.py -> /home/projects/ros2_ws/install/ucsd_robocar_actuator2_pkg/share/ucsd_robocar_actuator2_pkg/launch
[10.158s] creating /home/projects/ros2_ws/install/ucsd_robocar_actuator2_pkg/share/ucsd_robocar_actuator2_pkg/config
[10.159s] copying config/ekf_odom.yaml -> /home/projects/ros2_ws/install/ucsd_robocar_actuator2_pkg/share/ucsd_robocar_actuator2_pkg/config
[10.160s] copying config/vesc_odom.yaml -> /home/projects/ros2_ws/install/ucsd_robocar_actuator2_pkg/share/ucsd_robocar_actuator2_pkg/config
[10.161s] copying config/adafruit_servo_calibration.yaml -> /home/projects/ros2_ws/install/ucsd_robocar_actuator2_pkg/share/ucsd_robocar_actuator2_pkg/config
[10.161s] copying config/vesc_twsit_calibration.yaml -> /home/projects/ros2_ws/install/ucsd_robocar_actuator2_pkg/share/ucsd_robocar_actuator2_pkg/config
[10.161s] copying config/vesc_mux.yaml -> /home/projects/ros2_ws/install/ucsd_robocar_actuator2_pkg/share/ucsd_robocar_actuator2_pkg/config
[10.162s] copying config/adafruit_continuous_servo_calibration.yaml -> /home/projects/ros2_ws/install/ucsd_robocar_actuator2_pkg/share/ucsd_robocar_actuator2_pkg/config
[10.162s] copying config/adafruit_twist_calibration.yaml -> /home/projects/ros2_ws/install/ucsd_robocar_actuator2_pkg/share/ucsd_robocar_actuator2_pkg/config
[10.176s] running install_egg_info
[10.181s] Copying ../../../build/ucsd_robocar_actuator2_pkg/ucsd_robocar_actuator2_pkg.egg-info to /home/projects/ros2_ws/install/ucsd_robocar_actuator2_pkg/lib/python3.8/site-packages/ucsd_robocar_actuator2_pkg-0.0.0-py3.8.egg-info
[10.182s] running install_scripts
[10.253s] Installing adafruit_continuous_servo_node script to /home/projects/ros2_ws/install/ucsd_robocar_actuator2_pkg/lib/ucsd_robocar_actuator2_pkg
[10.298s] Installing adafruit_servo_node script to /home/projects/ros2_ws/install/ucsd_robocar_actuator2_pkg/lib/ucsd_robocar_actuator2_pkg
[10.298s] Installing adafruit_twist_node script to /home/projects/ros2_ws/install/ucsd_robocar_actuator2_pkg/lib/ucsd_robocar_actuator2_pkg
[10.299s] Installing vesc_odom_node script to /home/projects/ros2_ws/install/ucsd_robocar_actuator2_pkg/lib/ucsd_robocar_actuator2_pkg
[10.300s] Installing vesc_twist_node script to /home/projects/ros2_ws/install/ucsd_robocar_actuator2_pkg/lib/ucsd_robocar_actuator2_pkg
[10.301s] writing list of installed files to '/home/projects/ros2_ws/build/ucsd_robocar_actuator2_pkg/install.log'
[10.517s] Invoked command in '/home/projects/ros2_ws/src/ucsd_robocar_hub2/ucsd_robocar_actuator2_pkg' returned '0': PYTHONPATH=/home/projects/ros2_ws/install/ucsd_robocar_actuator2_pkg/lib/python3.8/site-packages:${PYTHONPATH} /usr/bin/python3 setup.py egg_info --egg-base ../../../build/ucsd_robocar_actuator2_pkg build --build-base /home/projects/ros2_ws/build/ucsd_robocar_actuator2_pkg/build install --prefix /home/projects/ros2_ws/install/ucsd_robocar_actuator2_pkg --record /home/projects/ros2_ws/build/ucsd_robocar_actuator2_pkg/install.log --single-version-externally-managed
