[1.427s] DEBUG:colcon:Command line arguments: ['/usr/bin/colcon', 'build']
[1.428s] DEBUG:colcon:Parsed command line arguments: Namespace(allow_overriding=[], ament_cmake_args=None, base_paths=['.'], build_base='build', catkin_cmake_args=None, catkin_skip_building_tests=False, cmake_args=None, cmake_clean_cache=False, cmake_clean_first=False, cmake_force_configure=False, cmake_target=None, cmake_target_skip_unavailable=False, continue_on_error=False, event_handlers=None, executor='parallel', ignore_user_meta=False, install_base='install', log_base=None, log_level=None, main=<bound method BuildVerb.main of <colcon_core.verb.build.BuildVerb object at 0x7f7b5eacd0>>, merge_install=False, metas=['./colcon.meta'], mixin=None, mixin_files=None, mixin_verb=('build',), packages_above=None, packages_above_and_dependencies=None, packages_above_depth=None, packages_end=None, packages_ignore=None, packages_ignore_regex=None, packages_select=None, packages_select_build_failed=False, packages_select_by_dep=None, packages_select_regex=None, packages_select_test_failures=False, packages_skip=None, packages_skip_build_finished=False, packages_skip_by_dep=None, packages_skip_regex=None, packages_skip_test_passed=False, packages_skip_up_to=None, packages_start=None, packages_up_to=None, packages_up_to_regex=None, parallel_workers=2, paths=None, symlink_install=False, test_result_base=None, verb_extension=<colcon_core.verb.build.BuildVerb object at 0x7f7b5eacd0>, verb_name='build', verb_parser=<colcon_mixin.mixin.mixin_argument.MixinArgumentDecorator object at 0x7f7b5f22e0>)
[1.473s] Level 1:colcon.colcon_core.package_discovery:discover_packages(colcon_meta) check parameters
[1.479s] INFO:colcon.colcon_metadata.package_discovery.colcon_meta:Using configuration from '/root/.colcon/metadata/default/Gazebo.meta'
[1.484s] INFO:colcon.colcon_metadata.package_discovery.colcon_meta:Using configuration from '/root/.colcon/metadata/default/fastrtps.meta'
[1.485s] Level 1:colcon.colcon_core.package_discovery:discover_packages(recursive) check parameters
[1.485s] Level 1:colcon.colcon_core.package_discovery:discover_packages(ignore) check parameters
[1.485s] Level 1:colcon.colcon_core.package_discovery:discover_packages(path) check parameters
[1.485s] Level 1:colcon.colcon_core.package_discovery:discover_packages(colcon_meta) discover
[1.486s] Level 1:colcon.colcon_core.package_discovery:discover_packages(recursive) discover
[1.486s] INFO:colcon.colcon_core.package_discovery:Crawling recursively for packages in '/home/projects/rosboard_ws'
[1.487s] Level 1:colcon.colcon_core.package_identification:_identify(.) by extensions ['ignore', 'ignore_ament_install']
[1.487s] Level 1:colcon.colcon_core.package_identification:_identify(.) by extension 'ignore'
[1.488s] Level 1:colcon.colcon_core.package_identification:_identify(.) by extension 'ignore_ament_install'
[1.489s] Level 1:colcon.colcon_core.package_identification:_identify(.) by extensions ['colcon_pkg']
[1.489s] Level 1:colcon.colcon_core.package_identification:_identify(.) by extension 'colcon_pkg'
[1.489s] Level 1:colcon.colcon_core.package_identification:_identify(.) by extensions ['colcon_meta']
[1.489s] Level 1:colcon.colcon_core.package_identification:_identify(.) by extension 'colcon_meta'
[1.490s] Level 1:colcon.colcon_core.package_identification:_identify(.) by extensions ['ros']
[1.490s] Level 1:colcon.colcon_core.package_identification:_identify(.) by extension 'ros'
[1.574s] Level 1:colcon.colcon_core.package_identification:_identify(.) by extensions ['cmake', 'python']
[1.575s] Level 1:colcon.colcon_core.package_identification:_identify(.) by extension 'cmake'
[1.575s] Level 1:colcon.colcon_core.package_identification:_identify(.) by extension 'python'
[1.575s] Level 1:colcon.colcon_core.package_identification:_identify(.) by extensions ['python_setup_py']
[1.576s] Level 1:colcon.colcon_core.package_identification:_identify(.) by extension 'python_setup_py'
[1.576s] Level 1:colcon.colcon_core.package_identification:_identify(build) by extensions ['ignore', 'ignore_ament_install']
[1.577s] Level 1:colcon.colcon_core.package_identification:_identify(build) by extension 'ignore'
[1.577s] Level 1:colcon.colcon_core.package_identification:_identify(build) ignored
[1.578s] Level 1:colcon.colcon_core.package_identification:_identify(install) by extensions ['ignore', 'ignore_ament_install']
[1.578s] Level 1:colcon.colcon_core.package_identification:_identify(install) by extension 'ignore'
[1.579s] Level 1:colcon.colcon_core.package_identification:_identify(install) ignored
[1.579s] Level 1:colcon.colcon_core.package_identification:_identify(log) by extensions ['ignore', 'ignore_ament_install']
[1.580s] Level 1:colcon.colcon_core.package_identification:_identify(log) by extension 'ignore'
[1.580s] Level 1:colcon.colcon_core.package_identification:_identify(log) ignored
[1.581s] Level 1:colcon.colcon_core.package_identification:_identify(src) by extensions ['ignore', 'ignore_ament_install']
[1.581s] Level 1:colcon.colcon_core.package_identification:_identify(src) by extension 'ignore'
[1.581s] Level 1:colcon.colcon_core.package_identification:_identify(src) by extension 'ignore_ament_install'
[1.582s] Level 1:colcon.colcon_core.package_identification:_identify(src) by extensions ['colcon_pkg']
[1.582s] Level 1:colcon.colcon_core.package_identification:_identify(src) by extension 'colcon_pkg'
[1.582s] Level 1:colcon.colcon_core.package_identification:_identify(src) by extensions ['colcon_meta']
[1.583s] Level 1:colcon.colcon_core.package_identification:_identify(src) by extension 'colcon_meta'
[1.583s] Level 1:colcon.colcon_core.package_identification:_identify(src) by extensions ['ros']
[1.583s] Level 1:colcon.colcon_core.package_identification:_identify(src) by extension 'ros'
[1.584s] Level 1:colcon.colcon_core.package_identification:_identify(src) by extensions ['cmake', 'python']
[1.584s] Level 1:colcon.colcon_core.package_identification:_identify(src) by extension 'cmake'
[1.584s] Level 1:colcon.colcon_core.package_identification:_identify(src) by extension 'python'
[1.585s] Level 1:colcon.colcon_core.package_identification:_identify(src) by extensions ['python_setup_py']
[1.585s] Level 1:colcon.colcon_core.package_identification:_identify(src) by extension 'python_setup_py'
[1.586s] Level 1:colcon.colcon_core.package_identification:_identify(src/rosboard) by extensions ['ignore', 'ignore_ament_install']
[1.586s] Level 1:colcon.colcon_core.package_identification:_identify(src/rosboard) by extension 'ignore'
[1.586s] Level 1:colcon.colcon_core.package_identification:_identify(src/rosboard) by extension 'ignore_ament_install'
[1.587s] Level 1:colcon.colcon_core.package_identification:_identify(src/rosboard) by extensions ['colcon_pkg']
[1.587s] Level 1:colcon.colcon_core.package_identification:_identify(src/rosboard) by extension 'colcon_pkg'
[1.587s] Level 1:colcon.colcon_core.package_identification:_identify(src/rosboard) by extensions ['colcon_meta']
[1.588s] Level 1:colcon.colcon_core.package_identification:_identify(src/rosboard) by extension 'colcon_meta'
[1.588s] Level 1:colcon.colcon_core.package_identification:_identify(src/rosboard) by extensions ['ros']
[1.589s] Level 1:colcon.colcon_core.package_identification:_identify(src/rosboard) by extension 'ros'
[1.626s] DEBUG:colcon.colcon_core.package_identification:Package 'src/rosboard' with type 'ros.ament_python' and name 'rosboard'
[1.627s] Level 1:colcon.colcon_core.package_discovery:discover_packages(recursive) using defaults
[1.627s] Level 1:colcon.colcon_core.package_discovery:discover_packages(ignore) discover
[1.628s] Level 1:colcon.colcon_core.package_discovery:discover_packages(ignore) using defaults
[1.628s] Level 1:colcon.colcon_core.package_discovery:discover_packages(path) discover
[1.628s] Level 1:colcon.colcon_core.package_discovery:discover_packages(path) using defaults
[1.766s] Level 5:colcon.colcon_core.verb:set package 'rosboard' build argument 'cmake_args' from command line to 'None'
[1.766s] Level 5:colcon.colcon_core.verb:set package 'rosboard' build argument 'cmake_target' from command line to 'None'
[1.766s] Level 5:colcon.colcon_core.verb:set package 'rosboard' build argument 'cmake_target_skip_unavailable' from command line to 'False'
[1.767s] Level 5:colcon.colcon_core.verb:set package 'rosboard' build argument 'cmake_clean_cache' from command line to 'False'
[1.767s] Level 5:colcon.colcon_core.verb:set package 'rosboard' build argument 'cmake_clean_first' from command line to 'False'
[1.767s] Level 5:colcon.colcon_core.verb:set package 'rosboard' build argument 'cmake_force_configure' from command line to 'False'
[1.767s] Level 5:colcon.colcon_core.verb:set package 'rosboard' build argument 'ament_cmake_args' from command line to 'None'
[1.768s] Level 5:colcon.colcon_core.verb:set package 'rosboard' build argument 'catkin_cmake_args' from command line to 'None'
[1.768s] Level 5:colcon.colcon_core.verb:set package 'rosboard' build argument 'catkin_skip_building_tests' from command line to 'False'
[1.768s] DEBUG:colcon.colcon_core.verb:Building package 'rosboard' with the following arguments: {'ament_cmake_args': None, 'build_base': '/home/projects/rosboard_ws/build/rosboard', 'catkin_cmake_args': None, 'catkin_skip_building_tests': False, 'cmake_args': None, 'cmake_clean_cache': False, 'cmake_clean_first': False, 'cmake_force_configure': False, 'cmake_target': None, 'cmake_target_skip_unavailable': False, 'install_base': '/home/projects/rosboard_ws/install/rosboard', 'merge_install': False, 'path': '/home/projects/rosboard_ws/src/rosboard', 'symlink_install': False, 'test_result_base': None}
[1.798s] INFO:colcon.colcon_core.executor:Executing jobs using 'parallel' executor
[1.810s] DEBUG:colcon.colcon_parallel_executor.executor.parallel:run_until_complete
[1.811s] INFO:colcon.colcon_ros.task.ament_python.build:Building ROS package in '/home/projects/rosboard_ws/src/rosboard' with build type 'ament_python'
[1.812s] Level 1:colcon.colcon_core.shell:create_environment_hook('rosboard', 'ament_prefix_path')
[1.851s] INFO:colcon.colcon_core.plugin_system:Skipping extension 'colcon_core.shell.bat': Not used on non-Windows systems
[1.852s] INFO:colcon.colcon_core.shell:Creating environment hook '/home/projects/rosboard_ws/install/rosboard/share/rosboard/hook/ament_prefix_path.ps1'
[1.858s] INFO:colcon.colcon_core.shell:Creating environment descriptor '/home/projects/rosboard_ws/install/rosboard/share/rosboard/hook/ament_prefix_path.dsv'
[1.861s] INFO:colcon.colcon_core.shell:Creating environment hook '/home/projects/rosboard_ws/install/rosboard/share/rosboard/hook/ament_prefix_path.sh'
[1.869s] INFO:colcon.colcon_core.shell:Skip shell extension 'powershell' for command environment: Not usable outside of PowerShell
[1.869s] DEBUG:colcon.colcon_core.shell:Skip shell extension 'dsv' for command environment
[3.396s] WARNING:colcon.colcon_ros.task.ament_python.build:Package 'rosboard' doesn't explicitly install a marker in the package index (colcon-ros currently does it implicitly but that fallback will be removed in the future)
[3.398s] INFO:colcon.colcon_core.task.python.build:Building Python package in '/home/projects/rosboard_ws/src/rosboard'
[3.402s] INFO:colcon.colcon_core.shell:Skip shell extension 'powershell' for command environment: Not usable outside of PowerShell
[3.403s] DEBUG:colcon.colcon_core.shell:Skip shell extension 'dsv' for command environment
[6.425s] DEBUG:colcon.colcon_core.event_handler.log_command:Invoking command in '/home/projects/rosboard_ws/src/rosboard': PYTHONPATH=/home/projects/rosboard_ws/install/rosboard/lib/python3.8/site-packages:${PYTHONPATH} /usr/bin/python3 setup.py egg_info --egg-base ../../build/rosboard build --build-base /home/projects/rosboard_ws/build/rosboard/build install --prefix /home/projects/rosboard_ws/install/rosboard --record /home/projects/rosboard_ws/build/rosboard/install.log --single-version-externally-managed
[8.746s] DEBUG:colcon.colcon_core.event_handler.log_command:Invoked command in '/home/projects/rosboard_ws/src/rosboard' returned '0': PYTHONPATH=/home/projects/rosboard_ws/install/rosboard/lib/python3.8/site-packages:${PYTHONPATH} /usr/bin/python3 setup.py egg_info --egg-base ../../build/rosboard build --build-base /home/projects/rosboard_ws/build/rosboard/build install --prefix /home/projects/rosboard_ws/install/rosboard --record /home/projects/rosboard_ws/build/rosboard/install.log --single-version-externally-managed
[8.780s] Level 1:colcon.colcon_core.environment:checking '/home/projects/rosboard_ws/install/rosboard' for CMake module files
[8.784s] Level 1:colcon.colcon_core.environment:checking '/home/projects/rosboard_ws/install/rosboard' for CMake config files
[8.795s] Level 1:colcon.colcon_core.environment:checking '/home/projects/rosboard_ws/install/rosboard/lib'
[8.797s] Level 1:colcon.colcon_core.environment:checking '/home/projects/rosboard_ws/install/rosboard/bin'
[8.798s] Level 1:colcon.colcon_core.environment:checking '/home/projects/rosboard_ws/install/rosboard/lib/pkgconfig/rosboard.pc'
[8.798s] Level 1:colcon.colcon_core.environment:checking '/home/projects/rosboard_ws/install/rosboard/lib/python3.8/site-packages'
[8.799s] Level 1:colcon.colcon_core.shell:create_environment_hook('rosboard', 'pythonpath')
[8.802s] INFO:colcon.colcon_core.shell:Creating environment hook '/home/projects/rosboard_ws/install/rosboard/share/rosboard/hook/pythonpath.ps1'
[8.805s] INFO:colcon.colcon_core.shell:Creating environment descriptor '/home/projects/rosboard_ws/install/rosboard/share/rosboard/hook/pythonpath.dsv'
[8.807s] INFO:colcon.colcon_core.shell:Creating environment hook '/home/projects/rosboard_ws/install/rosboard/share/rosboard/hook/pythonpath.sh'
[8.809s] Level 1:colcon.colcon_core.environment:create_environment_scripts_only(rosboard)
[8.813s] INFO:colcon.colcon_core.shell:Creating package script '/home/projects/rosboard_ws/install/rosboard/share/rosboard/package.ps1'
[8.820s] INFO:colcon.colcon_core.shell:Creating package descriptor '/home/projects/rosboard_ws/install/rosboard/share/rosboard/package.dsv'
[8.824s] INFO:colcon.colcon_core.shell:Creating package script '/home/projects/rosboard_ws/install/rosboard/share/rosboard/package.sh'
[8.831s] INFO:colcon.colcon_core.shell:Creating package script '/home/projects/rosboard_ws/install/rosboard/share/rosboard/package.bash'
[8.836s] INFO:colcon.colcon_core.shell:Creating package script '/home/projects/rosboard_ws/install/rosboard/share/rosboard/package.zsh'
[8.842s] Level 1:colcon.colcon_core.environment:create_file_with_runtime_dependencies(/home/projects/rosboard_ws/install/rosboard/share/colcon-core/packages/rosboard)
[8.844s] DEBUG:colcon.colcon_parallel_executor.executor.parallel:closing loop
[8.846s] DEBUG:colcon.colcon_parallel_executor.executor.parallel:loop closed
[8.846s] DEBUG:colcon.colcon_parallel_executor.executor.parallel:run_until_complete finished with '0'
[8.847s] DEBUG:colcon.colcon_core.event_reactor:joining thread
[8.962s] INFO:colcon.colcon_core.plugin_system:Skipping extension 'colcon_notification.desktop_notification.notify_send': Could not find 'notify-send'
[8.963s] INFO:colcon.colcon_core.plugin_system:Skipping extension 'colcon_notification.desktop_notification.terminal_notifier': Not used on non-Darwin systems
[8.963s] INFO:colcon.colcon_core.plugin_system:Skipping extension 'colcon_notification.desktop_notification.win32': Not used on non-Windows systems
[8.964s] INFO:colcon.colcon_notification.desktop_notification:Sending desktop notification using 'notify2'
[9.029s] DEBUG:colcon.colcon_notification.desktop_notification.notify2:Failed to initialize notify2: org.freedesktop.DBus.Error.Spawn.ExecFailed: /usr/bin/dbus-launch terminated abnormally with the following error: No protocol specified
Autolaunch error: X11 initialization failed.

[9.030s] DEBUG:colcon.colcon_core.event_reactor:joined thread
[9.035s] INFO:colcon.colcon_core.shell:Creating prefix script '/home/projects/rosboard_ws/install/local_setup.ps1'
[9.042s] INFO:colcon.colcon_core.shell:Creating prefix util module '/home/projects/rosboard_ws/install/_local_setup_util_ps1.py'
[9.054s] INFO:colcon.colcon_core.shell:Creating prefix chain script '/home/projects/rosboard_ws/install/setup.ps1'
[9.062s] INFO:colcon.colcon_core.shell:Creating prefix script '/home/projects/rosboard_ws/install/local_setup.sh'
[9.065s] INFO:colcon.colcon_core.shell:Creating prefix util module '/home/projects/rosboard_ws/install/_local_setup_util_sh.py'
[9.068s] INFO:colcon.colcon_core.shell:Creating prefix chain script '/home/projects/rosboard_ws/install/setup.sh'
[9.075s] INFO:colcon.colcon_core.shell:Creating prefix script '/home/projects/rosboard_ws/install/local_setup.bash'
[9.079s] INFO:colcon.colcon_core.shell:Creating prefix chain script '/home/projects/rosboard_ws/install/setup.bash'
[9.085s] INFO:colcon.colcon_core.shell:Creating prefix script '/home/projects/rosboard_ws/install/local_setup.zsh'
[9.089s] INFO:colcon.colcon_core.shell:Creating prefix chain script '/home/projects/rosboard_ws/install/setup.zsh'
