[1.059s] DEBUG:colcon:Command line arguments: ['/usr/bin/colcon', 'build']
[1.059s] DEBUG:colcon:Parsed command line arguments: Namespace(ament_cmake_args=None, base_paths=['.'], build_base='build', catkin_cmake_args=None, catkin_skip_building_tests=False, cmake_args=None, cmake_clean_cache=False, cmake_clean_first=False, cmake_force_configure=False, cmake_target=None, cmake_target_skip_unavailable=False, continue_on_error=False, event_handlers=None, executor='parallel', ignore_user_meta=False, install_base='install', log_base=None, log_level=None, main=<bound method BuildVerb.main of <colcon_core.verb.build.BuildVerb object at 0x7fb1e95c10>>, merge_install=False, metas=['./colcon.meta'], mixin=None, mixin_files=None, mixin_verb=('build',), packages_above=None, packages_above_and_dependencies=None, packages_above_depth=None, packages_end=None, packages_ignore=None, packages_ignore_regex=None, packages_select=None, packages_select_build_failed=False, packages_select_by_dep=None, packages_select_regex=None, packages_select_test_failures=False, packages_skip=None, packages_skip_build_finished=False, packages_skip_by_dep=None, packages_skip_regex=None, packages_skip_test_passed=False, packages_skip_up_to=None, packages_start=None, packages_up_to=None, packages_up_to_regex=None, parallel_workers=8, paths=None, symlink_install=False, test_result_base=None, verb_extension=<colcon_core.verb.build.BuildVerb object at 0x7fb1e95c10>, verb_name='build', verb_parser=<colcon_mixin.mixin.mixin_argument.MixinArgumentDecorator object at 0x7fb1e21220>)
[1.079s] Level 1:colcon.colcon_core.package_discovery:discover_packages(colcon_meta) check parameters
[1.081s] INFO:colcon.colcon_metadata.package_discovery.colcon_meta:Using configuration from '/root/.colcon/metadata/default/Gazebo.meta'
[1.083s] INFO:colcon.colcon_metadata.package_discovery.colcon_meta:Using configuration from '/root/.colcon/metadata/default/fastrtps.meta'
[1.083s] Level 1:colcon.colcon_core.package_discovery:discover_packages(recursive) check parameters
[1.083s] Level 1:colcon.colcon_core.package_discovery:discover_packages(ignore) check parameters
[1.083s] Level 1:colcon.colcon_core.package_discovery:discover_packages(path) check parameters
[1.083s] Level 1:colcon.colcon_core.package_discovery:discover_packages(colcon_meta) discover
[1.084s] Level 1:colcon.colcon_core.package_discovery:discover_packages(recursive) discover
[1.084s] INFO:colcon.colcon_core.package_discovery:Crawling recursively for packages in '/home/projects/sensor_ws/src/lidars/rplidar'
[1.084s] Level 1:colcon.colcon_core.package_identification:_identify(.) by extensions ['ignore', 'ignore_ament_install']
[1.084s] Level 1:colcon.colcon_core.package_identification:_identify(.) by extension 'ignore'
[1.085s] Level 1:colcon.colcon_core.package_identification:_identify(.) by extension 'ignore_ament_install'
[1.085s] Level 1:colcon.colcon_core.package_identification:_identify(.) by extensions ['colcon_pkg']
[1.085s] Level 1:colcon.colcon_core.package_identification:_identify(.) by extension 'colcon_pkg'
[1.085s] Level 1:colcon.colcon_core.package_identification:_identify(.) by extensions ['colcon_meta']
[1.085s] Level 1:colcon.colcon_core.package_identification:_identify(.) by extension 'colcon_meta'
[1.085s] Level 1:colcon.colcon_core.package_identification:_identify(.) by extensions ['ros']
[1.085s] Level 1:colcon.colcon_core.package_identification:_identify(.) by extension 'ros'
[1.122s] Level 1:colcon.colcon_core.package_identification:_identify(.) by extensions ['cmake', 'python']
[1.122s] Level 1:colcon.colcon_core.package_identification:_identify(.) by extension 'cmake'
[1.122s] Level 1:colcon.colcon_core.package_identification:_identify(.) by extension 'python'
[1.122s] Level 1:colcon.colcon_core.package_identification:_identify(.) by extensions ['python_setup_py']
[1.123s] Level 1:colcon.colcon_core.package_identification:_identify(.) by extension 'python_setup_py'
[1.123s] Level 1:colcon.colcon_core.package_identification:_identify(build) by extensions ['ignore', 'ignore_ament_install']
[1.123s] Level 1:colcon.colcon_core.package_identification:_identify(build) by extension 'ignore'
[1.123s] Level 1:colcon.colcon_core.package_identification:_identify(build) ignored
[1.124s] Level 1:colcon.colcon_core.package_identification:_identify(install) by extensions ['ignore', 'ignore_ament_install']
[1.124s] Level 1:colcon.colcon_core.package_identification:_identify(install) by extension 'ignore'
[1.124s] Level 1:colcon.colcon_core.package_identification:_identify(install) ignored
[1.124s] Level 1:colcon.colcon_core.package_identification:_identify(log) by extensions ['ignore', 'ignore_ament_install']
[1.125s] Level 1:colcon.colcon_core.package_identification:_identify(log) by extension 'ignore'
[1.125s] Level 1:colcon.colcon_core.package_identification:_identify(log) ignored
[1.125s] Level 1:colcon.colcon_core.package_identification:_identify(src) by extensions ['ignore', 'ignore_ament_install']
[1.125s] Level 1:colcon.colcon_core.package_identification:_identify(src) by extension 'ignore'
[1.125s] Level 1:colcon.colcon_core.package_identification:_identify(src) by extension 'ignore_ament_install'
[1.126s] Level 1:colcon.colcon_core.package_identification:_identify(src) by extensions ['colcon_pkg']
[1.126s] Level 1:colcon.colcon_core.package_identification:_identify(src) by extension 'colcon_pkg'
[1.126s] Level 1:colcon.colcon_core.package_identification:_identify(src) by extensions ['colcon_meta']
[1.126s] Level 1:colcon.colcon_core.package_identification:_identify(src) by extension 'colcon_meta'
[1.126s] Level 1:colcon.colcon_core.package_identification:_identify(src) by extensions ['ros']
[1.126s] Level 1:colcon.colcon_core.package_identification:_identify(src) by extension 'ros'
[1.126s] Level 1:colcon.colcon_core.package_identification:_identify(src) by extensions ['cmake', 'python']
[1.127s] Level 1:colcon.colcon_core.package_identification:_identify(src) by extension 'cmake'
[1.127s] Level 1:colcon.colcon_core.package_identification:_identify(src) by extension 'python'
[1.127s] Level 1:colcon.colcon_core.package_identification:_identify(src) by extensions ['python_setup_py']
[1.127s] Level 1:colcon.colcon_core.package_identification:_identify(src) by extension 'python_setup_py'
[1.127s] Level 1:colcon.colcon_core.package_identification:_identify(src/rplidar_ros2) by extensions ['ignore', 'ignore_ament_install']
[1.128s] Level 1:colcon.colcon_core.package_identification:_identify(src/rplidar_ros2) by extension 'ignore'
[1.128s] Level 1:colcon.colcon_core.package_identification:_identify(src/rplidar_ros2) by extension 'ignore_ament_install'
[1.128s] Level 1:colcon.colcon_core.package_identification:_identify(src/rplidar_ros2) by extensions ['colcon_pkg']
[1.128s] Level 1:colcon.colcon_core.package_identification:_identify(src/rplidar_ros2) by extension 'colcon_pkg'
[1.128s] Level 1:colcon.colcon_core.package_identification:_identify(src/rplidar_ros2) by extensions ['colcon_meta']
[1.128s] Level 1:colcon.colcon_core.package_identification:_identify(src/rplidar_ros2) by extension 'colcon_meta'
[1.128s] Level 1:colcon.colcon_core.package_identification:_identify(src/rplidar_ros2) by extensions ['ros']
[1.128s] Level 1:colcon.colcon_core.package_identification:_identify(src/rplidar_ros2) by extension 'ros'
[1.135s] DEBUG:colcon.colcon_core.package_identification:Package 'src/rplidar_ros2' with type 'ros.ament_cmake' and name 'rplidar_ros'
[1.135s] Level 1:colcon.colcon_core.package_discovery:discover_packages(recursive) using defaults
[1.136s] Level 1:colcon.colcon_core.package_discovery:discover_packages(ignore) discover
[1.136s] Level 1:colcon.colcon_core.package_discovery:discover_packages(ignore) using defaults
[1.136s] Level 1:colcon.colcon_core.package_discovery:discover_packages(path) discover
[1.136s] Level 1:colcon.colcon_core.package_discovery:discover_packages(path) using defaults
[1.201s] Level 5:colcon.colcon_core.verb:set package 'rplidar_ros' build argument 'cmake_args' from command line to 'None'
[1.202s] Level 5:colcon.colcon_core.verb:set package 'rplidar_ros' build argument 'cmake_target' from command line to 'None'
[1.202s] Level 5:colcon.colcon_core.verb:set package 'rplidar_ros' build argument 'cmake_target_skip_unavailable' from command line to 'False'
[1.202s] Level 5:colcon.colcon_core.verb:set package 'rplidar_ros' build argument 'cmake_clean_cache' from command line to 'False'
[1.202s] Level 5:colcon.colcon_core.verb:set package 'rplidar_ros' build argument 'cmake_clean_first' from command line to 'False'
[1.202s] Level 5:colcon.colcon_core.verb:set package 'rplidar_ros' build argument 'cmake_force_configure' from command line to 'False'
[1.202s] Level 5:colcon.colcon_core.verb:set package 'rplidar_ros' build argument 'ament_cmake_args' from command line to 'None'
[1.202s] Level 5:colcon.colcon_core.verb:set package 'rplidar_ros' build argument 'catkin_cmake_args' from command line to 'None'
[1.202s] Level 5:colcon.colcon_core.verb:set package 'rplidar_ros' build argument 'catkin_skip_building_tests' from command line to 'False'
[1.203s] DEBUG:colcon.colcon_core.verb:Building package 'rplidar_ros' with the following arguments: {'ament_cmake_args': None, 'build_base': '/home/projects/sensor_ws/src/lidars/rplidar/build/rplidar_ros', 'catkin_cmake_args': None, 'catkin_skip_building_tests': False, 'cmake_args': None, 'cmake_clean_cache': False, 'cmake_clean_first': False, 'cmake_force_configure': False, 'cmake_target': None, 'cmake_target_skip_unavailable': False, 'install_base': '/home/projects/sensor_ws/src/lidars/rplidar/install/rplidar_ros', 'merge_install': False, 'path': '/home/projects/sensor_ws/src/lidars/rplidar/src/rplidar_ros2', 'symlink_install': False, 'test_result_base': None}
[1.203s] INFO:colcon.colcon_core.executor:Executing jobs using 'parallel' executor
[1.209s] DEBUG:colcon.colcon_parallel_executor.executor.parallel:run_until_complete
[1.209s] INFO:colcon.colcon_ros.task.ament_cmake.build:Building ROS package in '/home/projects/sensor_ws/src/lidars/rplidar/src/rplidar_ros2' with build type 'ament_cmake'
[1.210s] INFO:colcon.colcon_cmake.task.cmake.build:Building CMake package in '/home/projects/sensor_ws/src/lidars/rplidar/src/rplidar_ros2'
[1.223s] INFO:colcon.colcon_core.plugin_system:Skipping extension 'colcon_core.shell.bat': Not used on non-Windows systems
[1.224s] INFO:colcon.colcon_core.shell:Skip shell extension 'powershell' for command environment: Not usable outside of PowerShell
[1.224s] DEBUG:colcon.colcon_core.shell:Skip shell extension 'dsv' for command environment
[1.231s] DEBUG:colcon.colcon_core.shell:Ignoring prefix path '/opt/ros/foxy'
[1.251s] DEBUG:colcon.colcon_core.event_handler.log_command:Invoking command in '/home/projects/sensor_ws/src/lidars/rplidar/build/rplidar_ros': CMAKE_PREFIX_PATH=/opt/ros/foxy /usr/bin/cmake /home/projects/sensor_ws/src/lidars/rplidar/src/rplidar_ros2 -DCMAKE_INSTALL_PREFIX=/home/projects/sensor_ws/src/lidars/rplidar/install/rplidar_ros
[6.281s] DEBUG:colcon.colcon_core.event_handler.log_command:Invoked command in '/home/projects/sensor_ws/src/lidars/rplidar/build/rplidar_ros' returned '0': CMAKE_PREFIX_PATH=/opt/ros/foxy /usr/bin/cmake /home/projects/sensor_ws/src/lidars/rplidar/src/rplidar_ros2 -DCMAKE_INSTALL_PREFIX=/home/projects/sensor_ws/src/lidars/rplidar/install/rplidar_ros
[6.283s] DEBUG:colcon.colcon_core.event_handler.log_command:Invoking command in '/home/projects/sensor_ws/src/lidars/rplidar/build/rplidar_ros': CMAKE_PREFIX_PATH=/opt/ros/foxy /usr/bin/cmake --build /home/projects/sensor_ws/src/lidars/rplidar/build/rplidar_ros -- -j8 -l8
[25.515s] DEBUG:colcon.colcon_core.event_handler.log_command:Invoked command in '/home/projects/sensor_ws/src/lidars/rplidar/build/rplidar_ros' returned '0': CMAKE_PREFIX_PATH=/opt/ros/foxy /usr/bin/cmake --build /home/projects/sensor_ws/src/lidars/rplidar/build/rplidar_ros -- -j8 -l8
[25.698s] DEBUG:colcon.colcon_core.event_handler.log_command:Invoking command in '/home/projects/sensor_ws/src/lidars/rplidar/build/rplidar_ros': CMAKE_PREFIX_PATH=/opt/ros/foxy /usr/bin/cmake --install /home/projects/sensor_ws/src/lidars/rplidar/build/rplidar_ros
[25.769s] Level 1:colcon.colcon_core.environment:create_environment_scripts_only(rplidar_ros)
[25.772s] DEBUG:colcon.colcon_core.event_handler.log_command:Invoked command in '/home/projects/sensor_ws/src/lidars/rplidar/build/rplidar_ros' returned '0': CMAKE_PREFIX_PATH=/opt/ros/foxy /usr/bin/cmake --install /home/projects/sensor_ws/src/lidars/rplidar/build/rplidar_ros
[25.785s] Level 1:colcon.colcon_core.environment:checking '/home/projects/sensor_ws/src/lidars/rplidar/install/rplidar_ros' for CMake module files
[25.787s] Level 1:colcon.colcon_core.environment:checking '/home/projects/sensor_ws/src/lidars/rplidar/install/rplidar_ros' for CMake config files
[25.788s] Level 1:colcon.colcon_core.shell:create_environment_hook('rplidar_ros', 'cmake_prefix_path')
[25.790s] INFO:colcon.colcon_core.shell:Creating environment hook '/home/projects/sensor_ws/src/lidars/rplidar/install/rplidar_ros/share/rplidar_ros/hook/cmake_prefix_path.ps1'
[25.792s] INFO:colcon.colcon_core.shell:Creating environment descriptor '/home/projects/sensor_ws/src/lidars/rplidar/install/rplidar_ros/share/rplidar_ros/hook/cmake_prefix_path.dsv'
[25.793s] INFO:colcon.colcon_core.shell:Creating environment hook '/home/projects/sensor_ws/src/lidars/rplidar/install/rplidar_ros/share/rplidar_ros/hook/cmake_prefix_path.sh'
[25.797s] Level 1:colcon.colcon_core.environment:checking '/home/projects/sensor_ws/src/lidars/rplidar/install/rplidar_ros/lib'
[25.797s] Level 1:colcon.colcon_core.shell:create_environment_hook('rplidar_ros', 'ld_library_path_lib')
[25.798s] INFO:colcon.colcon_core.shell:Creating environment hook '/home/projects/sensor_ws/src/lidars/rplidar/install/rplidar_ros/share/rplidar_ros/hook/ld_library_path_lib.ps1'
[25.799s] INFO:colcon.colcon_core.shell:Creating environment descriptor '/home/projects/sensor_ws/src/lidars/rplidar/install/rplidar_ros/share/rplidar_ros/hook/ld_library_path_lib.dsv'
[25.800s] INFO:colcon.colcon_core.shell:Creating environment hook '/home/projects/sensor_ws/src/lidars/rplidar/install/rplidar_ros/share/rplidar_ros/hook/ld_library_path_lib.sh'
[25.801s] Level 1:colcon.colcon_core.environment:checking '/home/projects/sensor_ws/src/lidars/rplidar/install/rplidar_ros/bin'
[25.801s] Level 1:colcon.colcon_core.environment:checking '/home/projects/sensor_ws/src/lidars/rplidar/install/rplidar_ros/lib/pkgconfig/rplidar_ros.pc'
[25.802s] Level 1:colcon.colcon_core.environment:checking '/home/projects/sensor_ws/src/lidars/rplidar/install/rplidar_ros/lib/python3.8/site-packages'
[25.803s] INFO:colcon.colcon_core.shell:Creating package script '/home/projects/sensor_ws/src/lidars/rplidar/install/rplidar_ros/share/rplidar_ros/package.ps1'
[25.806s] INFO:colcon.colcon_core.shell:Creating package descriptor '/home/projects/sensor_ws/src/lidars/rplidar/install/rplidar_ros/share/rplidar_ros/package.dsv'
[25.807s] INFO:colcon.colcon_core.shell:Creating package script '/home/projects/sensor_ws/src/lidars/rplidar/install/rplidar_ros/share/rplidar_ros/package.sh'
[25.810s] INFO:colcon.colcon_core.shell:Creating package script '/home/projects/sensor_ws/src/lidars/rplidar/install/rplidar_ros/share/rplidar_ros/package.bash'
[25.812s] INFO:colcon.colcon_core.shell:Creating package script '/home/projects/sensor_ws/src/lidars/rplidar/install/rplidar_ros/share/rplidar_ros/package.zsh'
[25.814s] Level 1:colcon.colcon_core.environment:create_file_with_runtime_dependencies(/home/projects/sensor_ws/src/lidars/rplidar/install/rplidar_ros/share/colcon-core/packages/rplidar_ros)
[25.980s] Level 1:colcon.colcon_core.environment:create_environment_scripts_only(rplidar_ros)
[25.984s] Level 1:colcon.colcon_core.environment:checking '/home/projects/sensor_ws/src/lidars/rplidar/install/rplidar_ros' for CMake module files
[25.987s] Level 1:colcon.colcon_core.environment:checking '/home/projects/sensor_ws/src/lidars/rplidar/install/rplidar_ros' for CMake config files
[25.988s] Level 1:colcon.colcon_core.shell:create_environment_hook('rplidar_ros', 'cmake_prefix_path')
[25.990s] INFO:colcon.colcon_core.shell:Creating environment hook '/home/projects/sensor_ws/src/lidars/rplidar/install/rplidar_ros/share/rplidar_ros/hook/cmake_prefix_path.ps1'
[25.991s] INFO:colcon.colcon_core.shell:Creating environment descriptor '/home/projects/sensor_ws/src/lidars/rplidar/install/rplidar_ros/share/rplidar_ros/hook/cmake_prefix_path.dsv'
[25.992s] INFO:colcon.colcon_core.shell:Creating environment hook '/home/projects/sensor_ws/src/lidars/rplidar/install/rplidar_ros/share/rplidar_ros/hook/cmake_prefix_path.sh'
[25.994s] Level 1:colcon.colcon_core.environment:checking '/home/projects/sensor_ws/src/lidars/rplidar/install/rplidar_ros/lib'
[25.994s] Level 1:colcon.colcon_core.shell:create_environment_hook('rplidar_ros', 'ld_library_path_lib')
[25.996s] INFO:colcon.colcon_core.shell:Creating environment hook '/home/projects/sensor_ws/src/lidars/rplidar/install/rplidar_ros/share/rplidar_ros/hook/ld_library_path_lib.ps1'
[26.000s] INFO:colcon.colcon_core.shell:Creating environment descriptor '/home/projects/sensor_ws/src/lidars/rplidar/install/rplidar_ros/share/rplidar_ros/hook/ld_library_path_lib.dsv'
[26.002s] INFO:colcon.colcon_core.shell:Creating environment hook '/home/projects/sensor_ws/src/lidars/rplidar/install/rplidar_ros/share/rplidar_ros/hook/ld_library_path_lib.sh'
[26.003s] Level 1:colcon.colcon_core.environment:checking '/home/projects/sensor_ws/src/lidars/rplidar/install/rplidar_ros/bin'
[26.004s] Level 1:colcon.colcon_core.environment:checking '/home/projects/sensor_ws/src/lidars/rplidar/install/rplidar_ros/lib/pkgconfig/rplidar_ros.pc'
[26.004s] Level 1:colcon.colcon_core.environment:checking '/home/projects/sensor_ws/src/lidars/rplidar/install/rplidar_ros/lib/python3.8/site-packages'
[26.006s] INFO:colcon.colcon_core.shell:Creating package script '/home/projects/sensor_ws/src/lidars/rplidar/install/rplidar_ros/share/rplidar_ros/package.ps1'
[26.008s] INFO:colcon.colcon_core.shell:Creating package descriptor '/home/projects/sensor_ws/src/lidars/rplidar/install/rplidar_ros/share/rplidar_ros/package.dsv'
[26.009s] INFO:colcon.colcon_core.shell:Creating package script '/home/projects/sensor_ws/src/lidars/rplidar/install/rplidar_ros/share/rplidar_ros/package.sh'
[26.011s] INFO:colcon.colcon_core.shell:Creating package script '/home/projects/sensor_ws/src/lidars/rplidar/install/rplidar_ros/share/rplidar_ros/package.bash'
[26.012s] INFO:colcon.colcon_core.shell:Creating package script '/home/projects/sensor_ws/src/lidars/rplidar/install/rplidar_ros/share/rplidar_ros/package.zsh'
[26.013s] Level 1:colcon.colcon_core.environment:create_file_with_runtime_dependencies(/home/projects/sensor_ws/src/lidars/rplidar/install/rplidar_ros/share/colcon-core/packages/rplidar_ros)
[26.014s] DEBUG:colcon.colcon_parallel_executor.executor.parallel:closing loop
[26.016s] DEBUG:colcon.colcon_parallel_executor.executor.parallel:loop closed
[26.017s] DEBUG:colcon.colcon_parallel_executor.executor.parallel:run_until_complete finished with '0'
[26.017s] DEBUG:colcon.colcon_core.event_reactor:joining thread
[26.042s] INFO:colcon.colcon_core.plugin_system:Skipping extension 'colcon_notification.desktop_notification.notify_send': Could not find 'notify-send'
[26.042s] INFO:colcon.colcon_core.plugin_system:Skipping extension 'colcon_notification.desktop_notification.terminal_notifier': Not used on non-Darwin systems
[26.042s] INFO:colcon.colcon_core.plugin_system:Skipping extension 'colcon_notification.desktop_notification.win32': Not used on non-Windows systems
[26.043s] INFO:colcon.colcon_notification.desktop_notification:Sending desktop notification using 'notify2'
[26.043s] DEBUG:colcon.colcon_notification.desktop_notification.notify2:Failed to initialize notify2: org.freedesktop.DBus.Error.NotSupported: Unable to autolaunch a dbus-daemon without a $DISPLAY for X11
[26.043s] DEBUG:colcon.colcon_core.event_reactor:joined thread
[26.045s] INFO:colcon.colcon_core.shell:Creating prefix script '/home/projects/sensor_ws/src/lidars/rplidar/install/local_setup.ps1'
[26.048s] INFO:colcon.colcon_core.shell:Creating prefix util module '/home/projects/sensor_ws/src/lidars/rplidar/install/_local_setup_util_ps1.py'
[26.051s] INFO:colcon.colcon_core.shell:Creating prefix chain script '/home/projects/sensor_ws/src/lidars/rplidar/install/setup.ps1'
[26.057s] INFO:colcon.colcon_core.shell:Creating prefix script '/home/projects/sensor_ws/src/lidars/rplidar/install/local_setup.sh'
[26.059s] INFO:colcon.colcon_core.shell:Creating prefix util module '/home/projects/sensor_ws/src/lidars/rplidar/install/_local_setup_util_sh.py'
[26.060s] INFO:colcon.colcon_core.shell:Creating prefix chain script '/home/projects/sensor_ws/src/lidars/rplidar/install/setup.sh'
[26.067s] INFO:colcon.colcon_core.shell:Creating prefix script '/home/projects/sensor_ws/src/lidars/rplidar/install/local_setup.bash'
[26.069s] INFO:colcon.colcon_core.shell:Creating prefix chain script '/home/projects/sensor_ws/src/lidars/rplidar/install/setup.bash'
[26.075s] INFO:colcon.colcon_core.shell:Creating prefix script '/home/projects/sensor_ws/src/lidars/rplidar/install/local_setup.zsh'
[26.076s] INFO:colcon.colcon_core.shell:Creating prefix chain script '/home/projects/sensor_ws/src/lidars/rplidar/install/setup.zsh'
