/home/projects/ros2_ws/install/ucsd_robocar_control2_pkg/lib/python3.8/site-packages/ucsd_robocar_control2_pkg/mpc_node.py
/home/projects/ros2_ws/install/ucsd_robocar_control2_pkg/lib/python3.8/site-packages/ucsd_robocar_control2_pkg/__init__.py
/home/projects/ros2_ws/install/ucsd_robocar_control2_pkg/lib/python3.8/site-packages/ucsd_robocar_control2_pkg/lqr_node.py
/home/projects/ros2_ws/install/ucsd_robocar_control2_pkg/lib/python3.8/site-packages/ucsd_robocar_control2_pkg/lqg_node.py
/home/projects/ros2_ws/install/ucsd_robocar_control2_pkg/lib/python3.8/site-packages/ucsd_robocar_control2_pkg/pid_node.py
/home/projects/ros2_ws/install/ucsd_robocar_control2_pkg/lib/python3.8/site-packages/ucsd_robocar_control2_pkg/lqg_w_node.py
/home/projects/ros2_ws/install/ucsd_robocar_control2_pkg/lib/python3.8/site-packages/ucsd_robocar_control2_pkg/controller_submodule/__init__.py
/home/projects/ros2_ws/install/ucsd_robocar_control2_pkg/lib/python3.8/site-packages/ucsd_robocar_control2_pkg/controller_submodule/linear_kalman_filter.py
/home/projects/ros2_ws/install/ucsd_robocar_control2_pkg/lib/python3.8/site-packages/ucsd_robocar_control2_pkg/controller_submodule/throttle_schedule.py
/home/projects/ros2_ws/install/ucsd_robocar_control2_pkg/lib/python3.8/site-packages/ucsd_robocar_control2_pkg/controller_submodule/lqr_calculator.py
/home/projects/ros2_ws/install/ucsd_robocar_control2_pkg/lib/python3.8/site-packages/ucsd_robocar_control2_pkg/controller_submodule/mpc_calculator.py
/home/projects/ros2_ws/install/ucsd_robocar_control2_pkg/lib/python3.8/site-packages/ucsd_robocar_control2_pkg/controller_submodule/ss_simulation.py
/home/projects/ros2_ws/install/ucsd_robocar_control2_pkg/lib/python3.8/site-packages/ucsd_robocar_control2_pkg/controller_submodule/car_model.py
/home/projects/ros2_ws/install/ucsd_robocar_control2_pkg/lib/python3.8/site-packages/ucsd_robocar_control2_pkg/state_estimate_submodule/__init__.py
/home/projects/ros2_ws/install/ucsd_robocar_control2_pkg/lib/python3.8/site-packages/ucsd_robocar_control2_pkg/state_estimate_submodule/extended_kalman_filter.py
/home/projects/ros2_ws/install/ucsd_robocar_control2_pkg/lib/python3.8/site-packages/ucsd_robocar_control2_pkg/__pycache__/mpc_node.cpython-38.pyc
/home/projects/ros2_ws/install/ucsd_robocar_control2_pkg/lib/python3.8/site-packages/ucsd_robocar_control2_pkg/__pycache__/__init__.cpython-38.pyc
/home/projects/ros2_ws/install/ucsd_robocar_control2_pkg/lib/python3.8/site-packages/ucsd_robocar_control2_pkg/__pycache__/lqr_node.cpython-38.pyc
/home/projects/ros2_ws/install/ucsd_robocar_control2_pkg/lib/python3.8/site-packages/ucsd_robocar_control2_pkg/__pycache__/lqg_node.cpython-38.pyc
/home/projects/ros2_ws/install/ucsd_robocar_control2_pkg/lib/python3.8/site-packages/ucsd_robocar_control2_pkg/__pycache__/pid_node.cpython-38.pyc
/home/projects/ros2_ws/install/ucsd_robocar_control2_pkg/lib/python3.8/site-packages/ucsd_robocar_control2_pkg/__pycache__/lqg_w_node.cpython-38.pyc
/home/projects/ros2_ws/install/ucsd_robocar_control2_pkg/lib/python3.8/site-packages/ucsd_robocar_control2_pkg/controller_submodule/__pycache__/__init__.cpython-38.pyc
/home/projects/ros2_ws/install/ucsd_robocar_control2_pkg/lib/python3.8/site-packages/ucsd_robocar_control2_pkg/controller_submodule/__pycache__/linear_kalman_filter.cpython-38.pyc
/home/projects/ros2_ws/install/ucsd_robocar_control2_pkg/lib/python3.8/site-packages/ucsd_robocar_control2_pkg/controller_submodule/__pycache__/throttle_schedule.cpython-38.pyc
/home/projects/ros2_ws/install/ucsd_robocar_control2_pkg/lib/python3.8/site-packages/ucsd_robocar_control2_pkg/controller_submodule/__pycache__/lqr_calculator.cpython-38.pyc
/home/projects/ros2_ws/install/ucsd_robocar_control2_pkg/lib/python3.8/site-packages/ucsd_robocar_control2_pkg/controller_submodule/__pycache__/mpc_calculator.cpython-38.pyc
/home/projects/ros2_ws/install/ucsd_robocar_control2_pkg/lib/python3.8/site-packages/ucsd_robocar_control2_pkg/controller_submodule/__pycache__/ss_simulation.cpython-38.pyc
/home/projects/ros2_ws/install/ucsd_robocar_control2_pkg/lib/python3.8/site-packages/ucsd_robocar_control2_pkg/controller_submodule/__pycache__/car_model.cpython-38.pyc
/home/projects/ros2_ws/install/ucsd_robocar_control2_pkg/lib/python3.8/site-packages/ucsd_robocar_control2_pkg/state_estimate_submodule/__pycache__/__init__.cpython-38.pyc
/home/projects/ros2_ws/install/ucsd_robocar_control2_pkg/lib/python3.8/site-packages/ucsd_robocar_control2_pkg/state_estimate_submodule/__pycache__/extended_kalman_filter.cpython-38.pyc
/home/projects/ros2_ws/install/ucsd_robocar_control2_pkg/share/ament_index/resource_index/packages/ucsd_robocar_control2_pkg
/home/projects/ros2_ws/install/ucsd_robocar_control2_pkg/share/ucsd_robocar_control2_pkg/package.xml
/home/projects/ros2_ws/install/ucsd_robocar_control2_pkg/share/ucsd_robocar_control2_pkg/launch/manual_joy_control_launch.launch.py
/home/projects/ros2_ws/install/ucsd_robocar_control2_pkg/share/ucsd_robocar_control2_pkg/launch/pid_launch.launch.py
/home/projects/ros2_ws/install/ucsd_robocar_control2_pkg/share/ucsd_robocar_control2_pkg/launch/lqg_launch.launch.py
/home/projects/ros2_ws/install/ucsd_robocar_control2_pkg/share/ucsd_robocar_control2_pkg/launch/f1tenth_vesc_joy_launch.launch.py
/home/projects/ros2_ws/install/ucsd_robocar_control2_pkg/share/ucsd_robocar_control2_pkg/launch/lqr_launch.launch.py
/home/projects/ros2_ws/install/ucsd_robocar_control2_pkg/share/ucsd_robocar_control2_pkg/launch/lqg_w_launch.launch.py
/home/projects/ros2_ws/install/ucsd_robocar_control2_pkg/share/ucsd_robocar_control2_pkg/config/lqg_config.yaml
/home/projects/ros2_ws/install/ucsd_robocar_control2_pkg/share/ucsd_robocar_control2_pkg/config/manual_joy_control_config.yaml
/home/projects/ros2_ws/install/ucsd_robocar_control2_pkg/share/ucsd_robocar_control2_pkg/config/lqr_config.yaml
/home/projects/ros2_ws/install/ucsd_robocar_control2_pkg/share/ucsd_robocar_control2_pkg/config/f1tenth_joy_teleop.yaml
/home/projects/ros2_ws/install/ucsd_robocar_control2_pkg/share/ucsd_robocar_control2_pkg/config/pid_config.yaml
/home/projects/ros2_ws/install/ucsd_robocar_control2_pkg/share/ucsd_robocar_control2_pkg/config/car_parameters.yaml
/home/projects/ros2_ws/install/ucsd_robocar_control2_pkg/share/ucsd_robocar_control2_pkg/config/lqg_w_config.yaml
/home/projects/ros2_ws/install/ucsd_robocar_control2_pkg/share/ucsd_robocar_control2_pkg/controller_submodule
/home/projects/ros2_ws/install/ucsd_robocar_control2_pkg/share/ucsd_robocar_control2_pkg/state_estimate_submodule
/home/projects/ros2_ws/install/ucsd_robocar_control2_pkg/share/ucsd_robocar_control2_pkg/data/test.csv
/home/projects/ros2_ws/install/ucsd_robocar_control2_pkg/share/ucsd_robocar_control2_pkg/data/test_2_05_20.csv
/home/projects/ros2_ws/install/ucsd_robocar_control2_pkg/share/ucsd_robocar_control2_pkg/data/icra_d3_test.csv
/home/projects/ros2_ws/install/ucsd_robocar_control2_pkg/share/ucsd_robocar_control2_pkg/data/lqg_w_test.csv
/home/projects/ros2_ws/install/ucsd_robocar_control2_pkg/share/ucsd_robocar_control2_pkg/data/test_5_05_20.csv
/home/projects/ros2_ws/install/ucsd_robocar_control2_pkg/share/ucsd_robocar_control2_pkg/data/lqg_w_test2.csv
/home/projects/ros2_ws/install/ucsd_robocar_control2_pkg/share/ucsd_robocar_control2_pkg/data/test_1_05_19.csv
/home/projects/ros2_ws/install/ucsd_robocar_control2_pkg/share/ucsd_robocar_control2_pkg/data/train_data.csv
/home/projects/ros2_ws/install/ucsd_robocar_control2_pkg/share/ucsd_robocar_control2_pkg/data/test_11_05_20.csv
/home/projects/ros2_ws/install/ucsd_robocar_control2_pkg/share/ucsd_robocar_control2_pkg/data/lqg_w_test3.csv
/home/projects/ros2_ws/install/ucsd_robocar_control2_pkg/share/ucsd_robocar_control2_pkg/data/icra_day1_test1.csv
/home/projects/ros2_ws/install/ucsd_robocar_control2_pkg/share/ucsd_robocar_control2_pkg/data/kalman_test2.csv
/home/projects/ros2_ws/install/ucsd_robocar_control2_pkg/share/ucsd_robocar_control2_pkg/data/kalman_test5.csv
/home/projects/ros2_ws/install/ucsd_robocar_control2_pkg/share/ucsd_robocar_control2_pkg/data/icra_sim_test2.csv
/home/projects/ros2_ws/install/ucsd_robocar_control2_pkg/share/ucsd_robocar_control2_pkg/data/kalman_test.csv
/home/projects/ros2_ws/install/ucsd_robocar_control2_pkg/share/ucsd_robocar_control2_pkg/data/test_12_05_20.csv
/home/projects/ros2_ws/install/ucsd_robocar_control2_pkg/share/ucsd_robocar_control2_pkg/data/test_6_05_20.csv
/home/projects/ros2_ws/install/ucsd_robocar_control2_pkg/share/ucsd_robocar_control2_pkg/data/test_4_05_20.csv
/home/projects/ros2_ws/install/ucsd_robocar_control2_pkg/share/ucsd_robocar_control2_pkg/data/test_1_05_20.csv
/home/projects/ros2_ws/install/ucsd_robocar_control2_pkg/share/ucsd_robocar_control2_pkg/data/physical_lqg_test.csv
/home/projects/ros2_ws/install/ucsd_robocar_control2_pkg/share/ucsd_robocar_control2_pkg/data/kalman_test4.csv
/home/projects/ros2_ws/install/ucsd_robocar_control2_pkg/share/ucsd_robocar_control2_pkg/data/pid_vs_lqg.csv
/home/projects/ros2_ws/install/ucsd_robocar_control2_pkg/share/ucsd_robocar_control2_pkg/data/kalman_test3.csv
/home/projects/ros2_ws/install/ucsd_robocar_control2_pkg/lib/python3.8/site-packages/ucsd_robocar_control2_pkg-0.0.0-py3.8.egg-info/PKG-INFO
/home/projects/ros2_ws/install/ucsd_robocar_control2_pkg/lib/python3.8/site-packages/ucsd_robocar_control2_pkg-0.0.0-py3.8.egg-info/top_level.txt
/home/projects/ros2_ws/install/ucsd_robocar_control2_pkg/lib/python3.8/site-packages/ucsd_robocar_control2_pkg-0.0.0-py3.8.egg-info/SOURCES.txt
/home/projects/ros2_ws/install/ucsd_robocar_control2_pkg/lib/python3.8/site-packages/ucsd_robocar_control2_pkg-0.0.0-py3.8.egg-info/zip-safe
/home/projects/ros2_ws/install/ucsd_robocar_control2_pkg/lib/python3.8/site-packages/ucsd_robocar_control2_pkg-0.0.0-py3.8.egg-info/requires.txt
/home/projects/ros2_ws/install/ucsd_robocar_control2_pkg/lib/python3.8/site-packages/ucsd_robocar_control2_pkg-0.0.0-py3.8.egg-info/entry_points.txt
/home/projects/ros2_ws/install/ucsd_robocar_control2_pkg/lib/python3.8/site-packages/ucsd_robocar_control2_pkg-0.0.0-py3.8.egg-info/dependency_links.txt
/home/projects/ros2_ws/install/ucsd_robocar_control2_pkg/lib/ucsd_robocar_control2_pkg/lqg_node
/home/projects/ros2_ws/install/ucsd_robocar_control2_pkg/lib/ucsd_robocar_control2_pkg/lqg_w_node
/home/projects/ros2_ws/install/ucsd_robocar_control2_pkg/lib/ucsd_robocar_control2_pkg/lqr_node
/home/projects/ros2_ws/install/ucsd_robocar_control2_pkg/lib/ucsd_robocar_control2_pkg/mpc_node
/home/projects/ros2_ws/install/ucsd_robocar_control2_pkg/lib/ucsd_robocar_control2_pkg/pid_node
